running egg_info
creating ../../build/sim/sim.egg-info
writing ../../build/sim/sim.egg-info/PKG-INFO
writing dependency_links to ../../build/sim/sim.egg-info/dependency_links.txt
writing entry points to ../../build/sim/sim.egg-info/entry_points.txt
writing requirements to ../../build/sim/sim.egg-info/requires.txt
writing top-level names to ../../build/sim/sim.egg-info/top_level.txt
writing manifest file '../../build/sim/sim.egg-info/SOURCES.txt'
reading manifest file '../../build/sim/sim.egg-info/SOURCES.txt'
adding license file 'LICENSE'
writing manifest file '../../build/sim/sim.egg-info/SOURCES.txt'
running build
running build_py
creating /home/arepo/vsss_sim/bullet_ws/build/sim/build
creating /home/arepo/vsss_sim/bullet_ws/build/sim/build/lib
creating /home/arepo/vsss_sim/bullet_ws/build/sim/build/lib/sim
copying sim/sim.py -> /home/arepo/vsss_sim/bullet_ws/build/sim/build/lib/sim
copying sim/strat.py -> /home/arepo/vsss_sim/bullet_ws/build/sim/build/lib/sim
copying sim/vision.py -> /home/arepo/vsss_sim/bullet_ws/build/sim/build/lib/sim
copying sim/__init__.py -> /home/arepo/vsss_sim/bullet_ws/build/sim/build/lib/sim
copying sim/comms.py -> /home/arepo/vsss_sim/bullet_ws/build/sim/build/lib/sim
running install
running install_lib
copying /home/arepo/vsss_sim/bullet_ws/build/sim/build/lib/sim/comms.py -> /home/arepo/vsss_sim/bullet_ws/install/sim/lib/python3.10/site-packages/sim
byte-compiling /home/arepo/vsss_sim/bullet_ws/install/sim/lib/python3.10/site-packages/sim/comms.py to comms.cpython-310.pyc
running install_data
running install_egg_info
removing '/home/arepo/vsss_sim/bullet_ws/install/sim/lib/python3.10/site-packages/sim-0.0.0-py3.10.egg-info' (and everything under it)
Copying ../../build/sim/sim.egg-info to /home/arepo/vsss_sim/bullet_ws/install/sim/lib/python3.10/site-packages/sim-0.0.0-py3.10.egg-info
running install_scripts
Installing comms script to /home/arepo/vsss_sim/bullet_ws/install/sim/lib/sim
Installing sim script to /home/arepo/vsss_sim/bullet_ws/install/sim/lib/sim
Installing strat script to /home/arepo/vsss_sim/bullet_ws/install/sim/lib/sim
Installing vision script to /home/arepo/vsss_sim/bullet_ws/install/sim/lib/sim
writing list of installed files to '/home/arepo/vsss_sim/bullet_ws/build/sim/install.log'
