[0.797s] Invoking command in '/home/arepo/vsss_sim/bullet_ws/src/sim': PS1=\[\e]0;\u@\h: \w\a\]${debian_chroot:+($debian_chroot)}\[\033[01;32m\]\u@\h\[\033[00m\]:\[\033[01;34m\]\w\[\033[00m\]\$ PYTHONPATH=/home/arepo/vsss_sim/bullet_ws/build/sim/prefix_override:/usr/lib/python3/dist-packages/colcon_core/task/python/colcon_distutils_commands:/home/arepo/vsss_sim/bullet_ws/install/sim/lib/python3.10/site-packages:${PYTHONPATH} /usr/bin/python3 -W ignore:setup.py install is deprecated -W ignore:easy_install command is deprecated setup.py egg_info --egg-base ../../build/sim build --build-base /home/arepo/vsss_sim/bullet_ws/build/sim/build install --record /home/arepo/vsss_sim/bullet_ws/build/sim/install.log --single-version-externally-managed install_data
[0.976s] running egg_info
[0.989s] writing ../../build/sim/sim.egg-info/PKG-INFO
[0.989s] writing dependency_links to ../../build/sim/sim.egg-info/dependency_links.txt
[0.990s] writing entry points to ../../build/sim/sim.egg-info/entry_points.txt
[0.990s] writing requirements to ../../build/sim/sim.egg-info/requires.txt
[0.990s] writing top-level names to ../../build/sim/sim.egg-info/top_level.txt
[1.019s] reading manifest file '../../build/sim/sim.egg-info/SOURCES.txt'
[1.019s] adding license file 'LICENSE'
[1.020s] writing manifest file '../../build/sim/sim.egg-info/SOURCES.txt'
[1.020s] running build
[1.020s] running build_py
[1.021s] copying sim/comms.py -> /home/arepo/vsss_sim/bullet_ws/build/sim/build/lib/sim
[1.021s] running install
[1.025s] running install_lib
[1.040s] copying /home/arepo/vsss_sim/bullet_ws/build/sim/build/lib/sim/comms.py -> /home/arepo/vsss_sim/bullet_ws/install/sim/lib/python3.10/site-packages/sim
[1.040s] byte-compiling /home/arepo/vsss_sim/bullet_ws/install/sim/lib/python3.10/site-packages/sim/comms.py to comms.cpython-310.pyc
[1.041s] running install_data
[1.041s] running install_egg_info
[1.057s] removing '/home/arepo/vsss_sim/bullet_ws/install/sim/lib/python3.10/site-packages/sim-0.0.0-py3.10.egg-info' (and everything under it)
[1.057s] Copying ../../build/sim/sim.egg-info to /home/arepo/vsss_sim/bullet_ws/install/sim/lib/python3.10/site-packages/sim-0.0.0-py3.10.egg-info
[1.058s] running install_scripts
[1.208s] Installing comms script to /home/arepo/vsss_sim/bullet_ws/install/sim/lib/sim
[1.209s] Installing sim script to /home/arepo/vsss_sim/bullet_ws/install/sim/lib/sim
[1.209s] Installing strat script to /home/arepo/vsss_sim/bullet_ws/install/sim/lib/sim
[1.209s] Installing tests script to /home/arepo/vsss_sim/bullet_ws/install/sim/lib/sim
[1.209s] Installing vision script to /home/arepo/vsss_sim/bullet_ws/install/sim/lib/sim
[1.209s] writing list of installed files to '/home/arepo/vsss_sim/bullet_ws/build/sim/install.log'
[1.243s] Invoked command in '/home/arepo/vsss_sim/bullet_ws/src/sim' returned '0': PS1=\[\e]0;\u@\h: \w\a\]${debian_chroot:+($debian_chroot)}\[\033[01;32m\]\u@\h\[\033[00m\]:\[\033[01;34m\]\w\[\033[00m\]\$ PYTHONPATH=/home/arepo/vsss_sim/bullet_ws/build/sim/prefix_override:/usr/lib/python3/dist-packages/colcon_core/task/python/colcon_distutils_commands:/home/arepo/vsss_sim/bullet_ws/install/sim/lib/python3.10/site-packages:${PYTHONPATH} /usr/bin/python3 -W ignore:setup.py install is deprecated -W ignore:easy_install command is deprecated setup.py egg_info --egg-base ../../build/sim build --build-base /home/arepo/vsss_sim/bullet_ws/build/sim/build install --record /home/arepo/vsss_sim/bullet_ws/build/sim/install.log --single-version-externally-managed install_data
