[0.948s] Invoking command in '/home/arepo/vsss_sim/bullet_ws/src/sim': AMENT_PREFIX_PATH=/home/arepo/vsss_sim/bullet_ws/install/sim_msgs:${AMENT_PREFIX_PATH} CMAKE_PREFIX_PATH=/home/arepo/vsss_sim/bullet_ws/install/sim_msgs LD_LIBRARY_PATH=/home/arepo/vsss_sim/bullet_ws/install/sim_msgs/lib:${LD_LIBRARY_PATH} PYTHONPATH=/home/arepo/vsss_sim/bullet_ws/build/sim/prefix_override:/usr/lib/python3/dist-packages/colcon_core/task/python/colcon_distutils_commands:/home/arepo/vsss_sim/bullet_ws/install/sim/lib/python3.10/site-packages:/home/arepo/vsss_sim/bullet_ws/install/sim_msgs/local/lib/python3.10/dist-packages:${PYTHONPATH} /usr/bin/python3 -W ignore:setup.py install is deprecated -W ignore:easy_install command is deprecated setup.py egg_info --egg-base ../../build/sim build --build-base /home/arepo/vsss_sim/bullet_ws/build/sim/build install --record /home/arepo/vsss_sim/bullet_ws/build/sim/install.log --single-version-externally-managed install_data
[1.162s] running egg_info
[1.176s] writing ../../build/sim/sim.egg-info/PKG-INFO
[1.176s] writing dependency_links to ../../build/sim/sim.egg-info/dependency_links.txt
[1.177s] writing entry points to ../../build/sim/sim.egg-info/entry_points.txt
[1.177s] writing requirements to ../../build/sim/sim.egg-info/requires.txt
[1.177s] writing top-level names to ../../build/sim/sim.egg-info/top_level.txt
[1.206s] reading manifest file '../../build/sim/sim.egg-info/SOURCES.txt'
[1.207s] adding license file 'LICENSE'
[1.208s] writing manifest file '../../build/sim/sim.egg-info/SOURCES.txt'
[1.208s] running build
[1.208s] running build_py
[1.208s] copying sim/vision.py -> /home/arepo/vsss_sim/bullet_ws/build/sim/build/lib/sim
[1.208s] running install
[1.212s] running install_lib
[1.227s] copying /home/arepo/vsss_sim/bullet_ws/build/sim/build/lib/sim/vision.py -> /home/arepo/vsss_sim/bullet_ws/install/sim/lib/python3.10/site-packages/sim
[1.228s] byte-compiling /home/arepo/vsss_sim/bullet_ws/install/sim/lib/python3.10/site-packages/sim/vision.py to vision.cpython-310.pyc
[1.232s] running install_data
[1.232s] running install_egg_info
[1.248s] removing '/home/arepo/vsss_sim/bullet_ws/install/sim/lib/python3.10/site-packages/sim-0.0.0-py3.10.egg-info' (and everything under it)
[1.248s] Copying ../../build/sim/sim.egg-info to /home/arepo/vsss_sim/bullet_ws/install/sim/lib/python3.10/site-packages/sim-0.0.0-py3.10.egg-info
[1.249s] running install_scripts
[1.399s] Installing comms script to /home/arepo/vsss_sim/bullet_ws/install/sim/lib/sim
[1.399s] Installing sim script to /home/arepo/vsss_sim/bullet_ws/install/sim/lib/sim
[1.399s] Installing strat script to /home/arepo/vsss_sim/bullet_ws/install/sim/lib/sim
[1.400s] Installing tests script to /home/arepo/vsss_sim/bullet_ws/install/sim/lib/sim
[1.400s] Installing vision script to /home/arepo/vsss_sim/bullet_ws/install/sim/lib/sim
[1.400s] Installing yolo script to /home/arepo/vsss_sim/bullet_ws/install/sim/lib/sim
[1.400s] writing list of installed files to '/home/arepo/vsss_sim/bullet_ws/build/sim/install.log'
[1.423s] Invoked command in '/home/arepo/vsss_sim/bullet_ws/src/sim' returned '0': AMENT_PREFIX_PATH=/home/arepo/vsss_sim/bullet_ws/install/sim_msgs:${AMENT_PREFIX_PATH} CMAKE_PREFIX_PATH=/home/arepo/vsss_sim/bullet_ws/install/sim_msgs LD_LIBRARY_PATH=/home/arepo/vsss_sim/bullet_ws/install/sim_msgs/lib:${LD_LIBRARY_PATH} PYTHONPATH=/home/arepo/vsss_sim/bullet_ws/build/sim/prefix_override:/usr/lib/python3/dist-packages/colcon_core/task/python/colcon_distutils_commands:/home/arepo/vsss_sim/bullet_ws/install/sim/lib/python3.10/site-packages:/home/arepo/vsss_sim/bullet_ws/install/sim_msgs/local/lib/python3.10/dist-packages:${PYTHONPATH} /usr/bin/python3 -W ignore:setup.py install is deprecated -W ignore:easy_install command is deprecated setup.py egg_info --egg-base ../../build/sim build --build-base /home/arepo/vsss_sim/bullet_ws/build/sim/build install --record /home/arepo/vsss_sim/bullet_ws/build/sim/install.log --single-version-externally-managed install_data
