[0.655s] Invoking command in '/home/arepo/vsss_sim/bullet_ws/src/sim': PS1=\[\e]0;\u@\h: \w\a\]${debian_chroot:+($debian_chroot)}\[\033[01;32m\]\u@\h\[\033[00m\]:\[\033[01;34m\]\w\[\033[00m\]\$ PYTHONPATH=/home/arepo/vsss_sim/bullet_ws/build/sim/prefix_override:/usr/lib/python3/dist-packages/colcon_core/task/python/colcon_distutils_commands:/home/arepo/vsss_sim/bullet_ws/install/sim/lib/python3.10/site-packages:${PYTHONPATH} /usr/bin/python3 -W ignore:setup.py install is deprecated -W ignore:easy_install command is deprecated setup.py egg_info --egg-base ../../build/sim build --build-base /home/arepo/vsss_sim/bullet_ws/build/sim/build install --record /home/arepo/vsss_sim/bullet_ws/build/sim/install.log --single-version-externally-managed install_data
[0.834s] running egg_info
[0.848s] writing ../../build/sim/sim.egg-info/PKG-INFO
[0.848s] writing dependency_links to ../../build/sim/sim.egg-info/dependency_links.txt
[0.848s] writing entry points to ../../build/sim/sim.egg-info/entry_points.txt
[0.848s] writing requirements to ../../build/sim/sim.egg-info/requires.txt
[0.848s] writing top-level names to ../../build/sim/sim.egg-info/top_level.txt
[0.876s] reading manifest file '../../build/sim/sim.egg-info/SOURCES.txt'
[0.876s] adding license file 'LICENSE'
[0.877s] writing manifest file '../../build/sim/sim.egg-info/SOURCES.txt'
[0.877s] running build
[0.877s] running build_py
[0.877s] running install
[0.881s] running install_lib
[0.895s] running install_data
[0.895s] running install_egg_info
[0.909s] removing '/home/arepo/vsss_sim/bullet_ws/install/sim/lib/python3.10/site-packages/sim-0.0.0-py3.10.egg-info' (and everything under it)
[0.909s] Copying ../../build/sim/sim.egg-info to /home/arepo/vsss_sim/bullet_ws/install/sim/lib/python3.10/site-packages/sim-0.0.0-py3.10.egg-info
[0.910s] running install_scripts
[1.054s] Installing comms script to /home/arepo/vsss_sim/bullet_ws/install/sim/lib/sim
[1.055s] Installing sim script to /home/arepo/vsss_sim/bullet_ws/install/sim/lib/sim
[1.055s] Installing strat script to /home/arepo/vsss_sim/bullet_ws/install/sim/lib/sim
[1.055s] Installing tests script to /home/arepo/vsss_sim/bullet_ws/install/sim/lib/sim
[1.055s] Installing vision script to /home/arepo/vsss_sim/bullet_ws/install/sim/lib/sim
[1.055s] writing list of installed files to '/home/arepo/vsss_sim/bullet_ws/build/sim/install.log'
[1.075s] Invoked command in '/home/arepo/vsss_sim/bullet_ws/src/sim' returned '0': PS1=\[\e]0;\u@\h: \w\a\]${debian_chroot:+($debian_chroot)}\[\033[01;32m\]\u@\h\[\033[00m\]:\[\033[01;34m\]\w\[\033[00m\]\$ PYTHONPATH=/home/arepo/vsss_sim/bullet_ws/build/sim/prefix_override:/usr/lib/python3/dist-packages/colcon_core/task/python/colcon_distutils_commands:/home/arepo/vsss_sim/bullet_ws/install/sim/lib/python3.10/site-packages:${PYTHONPATH} /usr/bin/python3 -W ignore:setup.py install is deprecated -W ignore:easy_install command is deprecated setup.py egg_info --egg-base ../../build/sim build --build-base /home/arepo/vsss_sim/bullet_ws/build/sim/build install --record /home/arepo/vsss_sim/bullet_ws/build/sim/install.log --single-version-externally-managed install_data
