-- The C compiler identification is GNU 11.4.0
-- The CXX compiler identification is GNU 11.4.0
-- Detecting C compiler ABI info
-- Detecting C compiler ABI info - done
-- Check for working C compiler: /usr/bin/cc - skipped
-- Detecting C compile features
-- Detecting C compile features - done
-- Detecting CXX compiler ABI info
-- Detecting CXX compiler ABI info - done
-- Check for working CXX compiler: /usr/bin/c++ - skipped
-- Detecting CXX compile features
-- Detecting CXX compile features - done
-- Found ament_cmake: 1.3.12 (/opt/ros/humble/share/ament_cmake/cmake)
-- Found Python3: /usr/bin/python3 (found version "3.10.12") found components: Interpreter
-- Found rosidl_default_generators: 1.2.0 (/opt/ros/humble/share/rosidl_default_generators/cmake)
-- Using all available rosidl_typesupport_c: rosidl_typesupport_fastrtps_c;rosidl_typesupport_introspection_c
-- Found rosidl_adapter: 3.1.7 (/opt/ros/humble/share/rosidl_adapter/cmake)
-- Using all available rosidl_typesupport_cpp: rosidl_typesupport_fastrtps_cpp;rosidl_typesupport_introspection_cpp
-- Found ament_cmake_ros: 0.10.0 (/opt/ros/humble/share/ament_cmake_ros/cmake)
-- Using all available rosidl_typesupport_c: rosidl_typesupport_fastrtps_c;rosidl_typesupport_introspection_c
-- Using all available rosidl_typesupport_cpp: rosidl_typesupport_fastrtps_cpp;rosidl_typesupport_introspection_cpp
-- Found PythonInterp: /usr/bin/python3 (found suitable version "3.10.12", minimum required is "3.6")
-- Found python_cmake_module: 0.10.0 (/opt/ros/humble/share/python_cmake_module/cmake)
-- Found PythonLibs: /usr/lib/x86_64-linux-gnu/libpython3.10.so (found suitable version "3.10.12", minimum required is "3.5")
-- Using PYTHON_EXECUTABLE: /usr/bin/python3
-- Using PYTHON_INCLUDE_DIRS: /usr/include/python3.10
-- Using PYTHON_LIBRARIES: /usr/lib/x86_64-linux-gnu/libpython3.10.so
-- Found PythonExtra: .so
-- Found ament_lint_auto: 0.12.14 (/opt/ros/humble/share/ament_lint_auto/cmake)
-- Added test 'lint_cmake' to check CMake code style
-- Added test 'xmllint' to check XML markup files
-- Configuring done (1.9s)
-- Generating done (0.0s)
-- Build files have been written to: /home/arepo/vsss_sim/bullet_ws/build/sim_msgs
[  1%] [1m[34mGenerating C code for ROS interfaces[0m
[  3%] [1m[34mGenerating C++ code for ROS interfaces[0m
[  3%] [0mBuilt target ament_cmake_python_copy_sim_msgs[0m
running egg_info
creating sim_msgs.egg-info
writing sim_msgs.egg-info/PKG-INFO
writing dependency_links to sim_msgs.egg-info/dependency_links.txt
writing top-level names to sim_msgs.egg-info/top_level.txt
writing manifest file 'sim_msgs.egg-info/SOURCES.txt'
reading manifest file 'sim_msgs.egg-info/SOURCES.txt'
writing manifest file 'sim_msgs.egg-info/SOURCES.txt'
[  3%] [0mBuilt target ament_cmake_python_build_sim_msgs_egg[0m
[  3%] [0mBuilt target sim_msgs__cpp[0m
[  4%] [32mBuilding C object CMakeFiles/sim_msgs__rosidl_generator_c.dir/rosidl_generator_c/sim_msgs/msg/detail/obj_data__functions.c.o[0m
[  6%] [32mBuilding C object CMakeFiles/sim_msgs__rosidl_generator_c.dir/rosidl_generator_c/sim_msgs/msg/detail/high_cmd__functions.c.o[0m
[  7%] [32mBuilding C object CMakeFiles/sim_msgs__rosidl_generator_c.dir/rosidl_generator_c/sim_msgs/msg/detail/low_cmd__functions.c.o[0m
[  9%] [32mBuilding C object CMakeFiles/sim_msgs__rosidl_generator_c.dir/rosidl_generator_c/sim_msgs/msg/detail/field_data__functions.c.o[0m
[ 11%] [32mBuilding C object CMakeFiles/sim_msgs__rosidl_generator_c.dir/rosidl_generator_c/sim_msgs/srv/detail/controller__functions.c.o[0m
[ 14%] [1m[34mGenerating C++ type support for eProsima Fast-RTPS[0m
[ 14%] [1m[34mGenerating C++ type support dispatch for ROS interfaces[0m
[ 15%] [1m[34mGenerating C++ introspection for ROS interfaces[0m
[ 17%] [1m[32mLinking C shared library libsim_msgs__rosidl_generator_c.so[0m
[ 17%] [0mBuilt target sim_msgs__rosidl_generator_c[0m
[ 20%] [1m[34mGenerating C introspection for ROS interfaces[0m
[ 20%] [1m[34mGenerating C type support dispatch for ROS interfaces[0m
[ 22%] [1m[34mGenerating C type support for eProsima Fast-RTPS[0m
[ 23%] [32mBuilding CXX object CMakeFiles/sim_msgs__rosidl_typesupport_cpp.dir/rosidl_typesupport_cpp/sim_msgs/msg/low_cmd__type_support.cpp.o[0m
[ 25%] [32mBuilding CXX object CMakeFiles/sim_msgs__rosidl_typesupport_cpp.dir/rosidl_typesupport_cpp/sim_msgs/msg/obj_data__type_support.cpp.o[0m
[ 26%] [32mBuilding CXX object CMakeFiles/sim_msgs__rosidl_typesupport_cpp.dir/rosidl_typesupport_cpp/sim_msgs/msg/field_data__type_support.cpp.o[0m
[ 28%] [32mBuilding CXX object CMakeFiles/sim_msgs__rosidl_typesupport_cpp.dir/rosidl_typesupport_cpp/sim_msgs/msg/high_cmd__type_support.cpp.o[0m
[ 30%] [32mBuilding CXX object CMakeFiles/sim_msgs__rosidl_typesupport_cpp.dir/rosidl_typesupport_cpp/sim_msgs/srv/controller__type_support.cpp.o[0m
[ 31%] [32mBuilding CXX object CMakeFiles/sim_msgs__rosidl_typesupport_introspection_cpp.dir/rosidl_typesupport_introspection_cpp/sim_msgs/msg/detail/low_cmd__type_support.cpp.o[0m
[ 36%] [32mBuilding CXX object CMakeFiles/sim_msgs__rosidl_typesupport_introspection_cpp.dir/rosidl_typesupport_introspection_cpp/sim_msgs/msg/detail/obj_data__type_support.cpp.o[0m
[ 36%] [32mBuilding CXX object CMakeFiles/sim_msgs__rosidl_typesupport_introspection_cpp.dir/rosidl_typesupport_introspection_cpp/sim_msgs/msg/detail/field_data__type_support.cpp.o[0m
[ 36%] [32mBuilding CXX object CMakeFiles/sim_msgs__rosidl_typesupport_introspection_cpp.dir/rosidl_typesupport_introspection_cpp/sim_msgs/msg/detail/high_cmd__type_support.cpp.o[0m
[ 38%] [32mBuilding CXX object CMakeFiles/sim_msgs__rosidl_typesupport_introspection_cpp.dir/rosidl_typesupport_introspection_cpp/sim_msgs/srv/detail/controller__type_support.cpp.o[0m
[ 41%] [32mBuilding CXX object CMakeFiles/sim_msgs__rosidl_typesupport_fastrtps_cpp.dir/rosidl_typesupport_fastrtps_cpp/sim_msgs/msg/detail/dds_fastrtps/obj_data__type_support.cpp.o[0m
[ 42%] [32mBuilding CXX object CMakeFiles/sim_msgs__rosidl_typesupport_fastrtps_cpp.dir/rosidl_typesupport_fastrtps_cpp/sim_msgs/msg/detail/dds_fastrtps/high_cmd__type_support.cpp.o[0m
[ 42%] [32mBuilding CXX object CMakeFiles/sim_msgs__rosidl_typesupport_fastrtps_cpp.dir/rosidl_typesupport_fastrtps_cpp/sim_msgs/msg/detail/dds_fastrtps/low_cmd__type_support.cpp.o[0m
[ 44%] [32mBuilding CXX object CMakeFiles/sim_msgs__rosidl_typesupport_c.dir/rosidl_typesupport_c/sim_msgs/msg/low_cmd__type_support.cpp.o[0m
[ 46%] [32mBuilding CXX object CMakeFiles/sim_msgs__rosidl_typesupport_c.dir/rosidl_typesupport_c/sim_msgs/msg/high_cmd__type_support.cpp.o[0m
[ 47%] [32mBuilding CXX object CMakeFiles/sim_msgs__rosidl_typesupport_c.dir/rosidl_typesupport_c/sim_msgs/msg/obj_data__type_support.cpp.o[0m
[ 49%] [32mBuilding CXX object CMakeFiles/sim_msgs__rosidl_typesupport_c.dir/rosidl_typesupport_c/sim_msgs/msg/field_data__type_support.cpp.o[0m
[ 50%] [32mBuilding C object CMakeFiles/sim_msgs__rosidl_typesupport_introspection_c.dir/rosidl_typesupport_introspection_c/sim_msgs/msg/detail/low_cmd__type_support.c.o[0m
[ 52%] [32mBuilding CXX object CMakeFiles/sim_msgs__rosidl_typesupport_fastrtps_c.dir/rosidl_typesupport_fastrtps_c/sim_msgs/msg/detail/low_cmd__type_support_c.cpp.o[0m
[ 53%] [32mBuilding CXX object CMakeFiles/sim_msgs__rosidl_typesupport_c.dir/rosidl_typesupport_c/sim_msgs/srv/controller__type_support.cpp.o[0m
[ 55%] [32mBuilding C object CMakeFiles/sim_msgs__rosidl_typesupport_introspection_c.dir/rosidl_typesupport_introspection_c/sim_msgs/msg/detail/high_cmd__type_support.c.o[0m
[ 57%] [32mBuilding CXX object CMakeFiles/sim_msgs__rosidl_typesupport_fastrtps_c.dir/rosidl_typesupport_fastrtps_c/sim_msgs/msg/detail/high_cmd__type_support_c.cpp.o[0m
[ 58%] [32mBuilding C object CMakeFiles/sim_msgs__rosidl_typesupport_introspection_c.dir/rosidl_typesupport_introspection_c/sim_msgs/msg/detail/obj_data__type_support.c.o[0m
[ 60%] [1m[32mLinking CXX shared library libsim_msgs__rosidl_typesupport_c.so[0m
[ 61%] [32mBuilding C object CMakeFiles/sim_msgs__rosidl_typesupport_introspection_c.dir/rosidl_typesupport_introspection_c/sim_msgs/msg/detail/field_data__type_support.c.o[0m
[ 63%] [32mBuilding CXX object CMakeFiles/sim_msgs__rosidl_typesupport_fastrtps_cpp.dir/rosidl_typesupport_fastrtps_cpp/sim_msgs/msg/detail/dds_fastrtps/field_data__type_support.cpp.o[0m
[ 65%] [32mBuilding CXX object CMakeFiles/sim_msgs__rosidl_typesupport_fastrtps_c.dir/rosidl_typesupport_fastrtps_c/sim_msgs/msg/detail/obj_data__type_support_c.cpp.o[0m
[ 66%] [1m[32mLinking CXX shared library libsim_msgs__rosidl_typesupport_cpp.so[0m
[ 68%] [32mBuilding C object CMakeFiles/sim_msgs__rosidl_typesupport_introspection_c.dir/rosidl_typesupport_introspection_c/sim_msgs/srv/detail/controller__type_support.c.o[0m
[ 69%] [32mBuilding CXX object CMakeFiles/sim_msgs__rosidl_typesupport_fastrtps_cpp.dir/rosidl_typesupport_fastrtps_cpp/sim_msgs/srv/detail/dds_fastrtps/controller__type_support.cpp.o[0m
[ 69%] [0mBuilt target sim_msgs__rosidl_typesupport_c[0m
[ 71%] [32mBuilding CXX object CMakeFiles/sim_msgs__rosidl_typesupport_fastrtps_c.dir/rosidl_typesupport_fastrtps_c/sim_msgs/msg/detail/field_data__type_support_c.cpp.o[0m
[ 73%] [1m[32mLinking C shared library libsim_msgs__rosidl_typesupport_introspection_c.so[0m
[ 73%] [0mBuilt target sim_msgs__rosidl_typesupport_cpp[0m
[ 73%] [0mBuilt target sim_msgs__rosidl_typesupport_introspection_c[0m
[ 74%] [32mBuilding CXX object CMakeFiles/sim_msgs__rosidl_typesupport_fastrtps_c.dir/rosidl_typesupport_fastrtps_c/sim_msgs/srv/detail/controller__type_support_c.cpp.o[0m
[ 76%] [1m[32mLinking CXX shared library libsim_msgs__rosidl_typesupport_introspection_cpp.so[0m
[ 76%] [0mBuilt target sim_msgs__rosidl_typesupport_introspection_cpp[0m
[ 77%] [1m[32mLinking CXX shared library libsim_msgs__rosidl_typesupport_fastrtps_cpp.so[0m
[ 79%] [1m[32mLinking CXX shared library libsim_msgs__rosidl_typesupport_fastrtps_c.so[0m
[ 79%] [0mBuilt target sim_msgs__rosidl_typesupport_fastrtps_c[0m
[ 79%] [0mBuilt target sim_msgs__rosidl_typesupport_fastrtps_cpp[0m
[ 79%] [0mBuilt target sim_msgs[0m
[ 80%] [1m[34mGenerating Python code for ROS interfaces[0m
[ 80%] [0mBuilt target sim_msgs__py[0m
[ 82%] [32mBuilding C object CMakeFiles/sim_msgs__rosidl_generator_py.dir/rosidl_generator_py/sim_msgs/msg/_obj_data_s.c.o[0m
[ 84%] [32mBuilding C object CMakeFiles/sim_msgs__rosidl_generator_py.dir/rosidl_generator_py/sim_msgs/msg/_low_cmd_s.c.o[0m
[ 85%] [32mBuilding C object CMakeFiles/sim_msgs__rosidl_generator_py.dir/rosidl_generator_py/sim_msgs/msg/_high_cmd_s.c.o[0m
[ 87%] [32mBuilding C object CMakeFiles/sim_msgs__rosidl_generator_py.dir/rosidl_generator_py/sim_msgs/msg/_field_data_s.c.o[0m
[ 88%] [32mBuilding C object CMakeFiles/sim_msgs__rosidl_generator_py.dir/rosidl_generator_py/sim_msgs/srv/_controller_s.c.o[0m
[ 90%] [1m[32mLinking C shared library rosidl_generator_py/sim_msgs/libsim_msgs__rosidl_generator_py.so[0m
[ 90%] [0mBuilt target sim_msgs__rosidl_generator_py[0m
[ 92%] [32mBuilding C object CMakeFiles/sim_msgs__rosidl_typesupport_fastrtps_c__pyext.dir/rosidl_generator_py/sim_msgs/_sim_msgs_s.ep.rosidl_typesupport_fastrtps_c.c.o[0m
[ 93%] [32mBuilding C object CMakeFiles/sim_msgs__rosidl_typesupport_c__pyext.dir/rosidl_generator_py/sim_msgs/_sim_msgs_s.ep.rosidl_typesupport_c.c.o[0m
[ 95%] [32mBuilding C object CMakeFiles/sim_msgs__rosidl_typesupport_introspection_c__pyext.dir/rosidl_generator_py/sim_msgs/_sim_msgs_s.ep.rosidl_typesupport_introspection_c.c.o[0m
[ 96%] [1m[32mLinking C shared library rosidl_generator_py/sim_msgs/sim_msgs_s__rosidl_typesupport_c.cpython-310-x86_64-linux-gnu.so[0m
[ 98%] [1m[32mLinking C shared library rosidl_generator_py/sim_msgs/sim_msgs_s__rosidl_typesupport_introspection_c.cpython-310-x86_64-linux-gnu.so[0m
[100%] [1m[32mLinking C shared library rosidl_generator_py/sim_msgs/sim_msgs_s__rosidl_typesupport_fastrtps_c.cpython-310-x86_64-linux-gnu.so[0m
[100%] [0mBuilt target sim_msgs__rosidl_typesupport_c__pyext[0m
[100%] [0mBuilt target sim_msgs__rosidl_typesupport_introspection_c__pyext[0m
[100%] [0mBuilt target sim_msgs__rosidl_typesupport_fastrtps_c__pyext[0m
-- Install configuration: ""
-- Installing: /home/arepo/vsss_sim/bullet_ws/install/sim_msgs/share/ament_index/resource_index/rosidl_interfaces/sim_msgs
-- Up-to-date: /home/arepo/vsss_sim/bullet_ws/install/sim_msgs/include/sim_msgs/sim_msgs
-- Up-to-date: /home/arepo/vsss_sim/bullet_ws/install/sim_msgs/include/sim_msgs/sim_msgs/srv
-- Up-to-date: /home/arepo/vsss_sim/bullet_ws/install/sim_msgs/include/sim_msgs/sim_msgs/srv/detail
-- Installing: /home/arepo/vsss_sim/bullet_ws/install/sim_msgs/include/sim_msgs/sim_msgs/srv/detail/controller__functions.c
-- Installing: /home/arepo/vsss_sim/bullet_ws/install/sim_msgs/include/sim_msgs/sim_msgs/srv/detail/controller__functions.h
-- Installing: /home/arepo/vsss_sim/bullet_ws/install/sim_msgs/include/sim_msgs/sim_msgs/srv/detail/controller__type_support.h
-- Installing: /home/arepo/vsss_sim/bullet_ws/install/sim_msgs/include/sim_msgs/sim_msgs/srv/detail/controller__struct.h
-- Installing: /home/arepo/vsss_sim/bullet_ws/install/sim_msgs/include/sim_msgs/sim_msgs/srv/controller.h
-- Up-to-date: /home/arepo/vsss_sim/bullet_ws/install/sim_msgs/include/sim_msgs/sim_msgs/msg
-- Installing: /home/arepo/vsss_sim/bullet_ws/install/sim_msgs/include/sim_msgs/sim_msgs/msg/high_cmd.h
-- Installing: /home/arepo/vsss_sim/bullet_ws/install/sim_msgs/include/sim_msgs/sim_msgs/msg/field_data.h
-- Installing: /home/arepo/vsss_sim/bullet_ws/install/sim_msgs/include/sim_msgs/sim_msgs/msg/low_cmd.h
-- Up-to-date: /home/arepo/vsss_sim/bullet_ws/install/sim_msgs/include/sim_msgs/sim_msgs/msg/detail
-- Installing: /home/arepo/vsss_sim/bullet_ws/install/sim_msgs/include/sim_msgs/sim_msgs/msg/detail/low_cmd__functions.h
-- Installing: /home/arepo/vsss_sim/bullet_ws/install/sim_msgs/include/sim_msgs/sim_msgs/msg/detail/high_cmd__functions.h
-- Installing: /home/arepo/vsss_sim/bullet_ws/install/sim_msgs/include/sim_msgs/sim_msgs/msg/detail/low_cmd__struct.h
-- Installing: /home/arepo/vsss_sim/bullet_ws/install/sim_msgs/include/sim_msgs/sim_msgs/msg/detail/obj_data__functions.h
-- Installing: /home/arepo/vsss_sim/bullet_ws/install/sim_msgs/include/sim_msgs/sim_msgs/msg/detail/low_cmd__type_support.h
-- Installing: /home/arepo/vsss_sim/bullet_ws/install/sim_msgs/include/sim_msgs/sim_msgs/msg/detail/high_cmd__struct.h
-- Installing: /home/arepo/vsss_sim/bullet_ws/install/sim_msgs/include/sim_msgs/sim_msgs/msg/detail/high_cmd__functions.c
-- Installing: /home/arepo/vsss_sim/bullet_ws/install/sim_msgs/include/sim_msgs/sim_msgs/msg/detail/field_data__functions.c
-- Installing: /home/arepo/vsss_sim/bullet_ws/install/sim_msgs/include/sim_msgs/sim_msgs/msg/detail/obj_data__struct.h
-- Installing: /home/arepo/vsss_sim/bullet_ws/install/sim_msgs/include/sim_msgs/sim_msgs/msg/detail/high_cmd__type_support.h
-- Installing: /home/arepo/vsss_sim/bullet_ws/install/sim_msgs/include/sim_msgs/sim_msgs/msg/detail/field_data__type_support.h
-- Installing: /home/arepo/vsss_sim/bullet_ws/install/sim_msgs/include/sim_msgs/sim_msgs/msg/detail/field_data__struct.h
-- Installing: /home/arepo/vsss_sim/bullet_ws/install/sim_msgs/include/sim_msgs/sim_msgs/msg/detail/low_cmd__functions.c
-- Installing: /home/arepo/vsss_sim/bullet_ws/install/sim_msgs/include/sim_msgs/sim_msgs/msg/detail/obj_data__type_support.h
-- Installing: /home/arepo/vsss_sim/bullet_ws/install/sim_msgs/include/sim_msgs/sim_msgs/msg/detail/field_data__functions.h
-- Installing: /home/arepo/vsss_sim/bullet_ws/install/sim_msgs/include/sim_msgs/sim_msgs/msg/detail/obj_data__functions.c
-- Installing: /home/arepo/vsss_sim/bullet_ws/install/sim_msgs/include/sim_msgs/sim_msgs/msg/obj_data.h
-- Installing: /home/arepo/vsss_sim/bullet_ws/install/sim_msgs/include/sim_msgs/sim_msgs/msg/rosidl_generator_c__visibility_control.h
-- Up-to-date: /home/arepo/vsss_sim/bullet_ws/install/sim_msgs/share/sim_msgs/environment/library_path.sh
-- Installing: /home/arepo/vsss_sim/bullet_ws/install/sim_msgs/share/sim_msgs/environment/library_path.dsv
-- Installing: /home/arepo/vsss_sim/bullet_ws/install/sim_msgs/lib/libsim_msgs__rosidl_generator_c.so
-- Set non-toolchain portion of runtime path of "/home/arepo/vsss_sim/bullet_ws/install/sim_msgs/lib/libsim_msgs__rosidl_generator_c.so" to ""
-- Up-to-date: /home/arepo/vsss_sim/bullet_ws/install/sim_msgs/include/sim_msgs/sim_msgs
-- Up-to-date: /home/arepo/vsss_sim/bullet_ws/install/sim_msgs/include/sim_msgs/sim_msgs/srv
-- Up-to-date: /home/arepo/vsss_sim/bullet_ws/install/sim_msgs/include/sim_msgs/sim_msgs/srv/detail
-- Installing: /home/arepo/vsss_sim/bullet_ws/install/sim_msgs/include/sim_msgs/sim_msgs/srv/detail/controller__rosidl_typesupport_fastrtps_c.h
-- Up-to-date: /home/arepo/vsss_sim/bullet_ws/install/sim_msgs/include/sim_msgs/sim_msgs/msg
-- Installing: /home/arepo/vsss_sim/bullet_ws/install/sim_msgs/include/sim_msgs/sim_msgs/msg/rosidl_typesupport_fastrtps_c__visibility_control.h
-- Up-to-date: /home/arepo/vsss_sim/bullet_ws/install/sim_msgs/include/sim_msgs/sim_msgs/msg/detail
-- Installing: /home/arepo/vsss_sim/bullet_ws/install/sim_msgs/include/sim_msgs/sim_msgs/msg/detail/field_data__rosidl_typesupport_fastrtps_c.h
-- Installing: /home/arepo/vsss_sim/bullet_ws/install/sim_msgs/include/sim_msgs/sim_msgs/msg/detail/obj_data__rosidl_typesupport_fastrtps_c.h
-- Installing: /home/arepo/vsss_sim/bullet_ws/install/sim_msgs/include/sim_msgs/sim_msgs/msg/detail/low_cmd__rosidl_typesupport_fastrtps_c.h
-- Installing: /home/arepo/vsss_sim/bullet_ws/install/sim_msgs/include/sim_msgs/sim_msgs/msg/detail/high_cmd__rosidl_typesupport_fastrtps_c.h
-- Installing: /home/arepo/vsss_sim/bullet_ws/install/sim_msgs/lib/libsim_msgs__rosidl_typesupport_fastrtps_c.so
-- Set non-toolchain portion of runtime path of "/home/arepo/vsss_sim/bullet_ws/install/sim_msgs/lib/libsim_msgs__rosidl_typesupport_fastrtps_c.so" to ""
-- Up-to-date: /home/arepo/vsss_sim/bullet_ws/install/sim_msgs/include/sim_msgs/sim_msgs
-- Up-to-date: /home/arepo/vsss_sim/bullet_ws/install/sim_msgs/include/sim_msgs/sim_msgs/srv
-- Up-to-date: /home/arepo/vsss_sim/bullet_ws/install/sim_msgs/include/sim_msgs/sim_msgs/srv/detail
-- Installing: /home/arepo/vsss_sim/bullet_ws/install/sim_msgs/include/sim_msgs/sim_msgs/srv/detail/controller__type_support.c
-- Installing: /home/arepo/vsss_sim/bullet_ws/install/sim_msgs/include/sim_msgs/sim_msgs/srv/detail/controller__rosidl_typesupport_introspection_c.h
-- Up-to-date: /home/arepo/vsss_sim/bullet_ws/install/sim_msgs/include/sim_msgs/sim_msgs/msg
-- Installing: /home/arepo/vsss_sim/bullet_ws/install/sim_msgs/include/sim_msgs/sim_msgs/msg/rosidl_typesupport_introspection_c__visibility_control.h
-- Up-to-date: /home/arepo/vsss_sim/bullet_ws/install/sim_msgs/include/sim_msgs/sim_msgs/msg/detail
-- Installing: /home/arepo/vsss_sim/bullet_ws/install/sim_msgs/include/sim_msgs/sim_msgs/msg/detail/high_cmd__rosidl_typesupport_introspection_c.h
-- Installing: /home/arepo/vsss_sim/bullet_ws/install/sim_msgs/include/sim_msgs/sim_msgs/msg/detail/field_data__type_support.c
-- Installing: /home/arepo/vsss_sim/bullet_ws/install/sim_msgs/include/sim_msgs/sim_msgs/msg/detail/obj_data__type_support.c
-- Installing: /home/arepo/vsss_sim/bullet_ws/install/sim_msgs/include/sim_msgs/sim_msgs/msg/detail/low_cmd__rosidl_typesupport_introspection_c.h
-- Installing: /home/arepo/vsss_sim/bullet_ws/install/sim_msgs/include/sim_msgs/sim_msgs/msg/detail/high_cmd__type_support.c
-- Installing: /home/arepo/vsss_sim/bullet_ws/install/sim_msgs/include/sim_msgs/sim_msgs/msg/detail/field_data__rosidl_typesupport_introspection_c.h
-- Installing: /home/arepo/vsss_sim/bullet_ws/install/sim_msgs/include/sim_msgs/sim_msgs/msg/detail/low_cmd__type_support.c
-- Installing: /home/arepo/vsss_sim/bullet_ws/install/sim_msgs/include/sim_msgs/sim_msgs/msg/detail/obj_data__rosidl_typesupport_introspection_c.h
-- Installing: /home/arepo/vsss_sim/bullet_ws/install/sim_msgs/lib/libsim_msgs__rosidl_typesupport_introspection_c.so
-- Set non-toolchain portion of runtime path of "/home/arepo/vsss_sim/bullet_ws/install/sim_msgs/lib/libsim_msgs__rosidl_typesupport_introspection_c.so" to ""
-- Installing: /home/arepo/vsss_sim/bullet_ws/install/sim_msgs/lib/libsim_msgs__rosidl_typesupport_c.so
-- Set non-toolchain portion of runtime path of "/home/arepo/vsss_sim/bullet_ws/install/sim_msgs/lib/libsim_msgs__rosidl_typesupport_c.so" to ""
-- Up-to-date: /home/arepo/vsss_sim/bullet_ws/install/sim_msgs/include/sim_msgs/sim_msgs
-- Up-to-date: /home/arepo/vsss_sim/bullet_ws/install/sim_msgs/include/sim_msgs/sim_msgs/srv
-- Up-to-date: /home/arepo/vsss_sim/bullet_ws/install/sim_msgs/include/sim_msgs/sim_msgs/srv/detail
-- Installing: /home/arepo/vsss_sim/bullet_ws/install/sim_msgs/include/sim_msgs/sim_msgs/srv/detail/controller__struct.hpp
-- Installing: /home/arepo/vsss_sim/bullet_ws/install/sim_msgs/include/sim_msgs/sim_msgs/srv/detail/controller__traits.hpp
-- Installing: /home/arepo/vsss_sim/bullet_ws/install/sim_msgs/include/sim_msgs/sim_msgs/srv/detail/controller__type_support.hpp
-- Installing: /home/arepo/vsss_sim/bullet_ws/install/sim_msgs/include/sim_msgs/sim_msgs/srv/detail/controller__builder.hpp
-- Installing: /home/arepo/vsss_sim/bullet_ws/install/sim_msgs/include/sim_msgs/sim_msgs/srv/controller.hpp
-- Up-to-date: /home/arepo/vsss_sim/bullet_ws/install/sim_msgs/include/sim_msgs/sim_msgs/msg
-- Installing: /home/arepo/vsss_sim/bullet_ws/install/sim_msgs/include/sim_msgs/sim_msgs/msg/low_cmd.hpp
-- Up-to-date: /home/arepo/vsss_sim/bullet_ws/install/sim_msgs/include/sim_msgs/sim_msgs/msg/detail
-- Installing: /home/arepo/vsss_sim/bullet_ws/install/sim_msgs/include/sim_msgs/sim_msgs/msg/detail/low_cmd__type_support.hpp
-- Installing: /home/arepo/vsss_sim/bullet_ws/install/sim_msgs/include/sim_msgs/sim_msgs/msg/detail/high_cmd__type_support.hpp
-- Installing: /home/arepo/vsss_sim/bullet_ws/install/sim_msgs/include/sim_msgs/sim_msgs/msg/detail/obj_data__traits.hpp
-- Installing: /home/arepo/vsss_sim/bullet_ws/install/sim_msgs/include/sim_msgs/sim_msgs/msg/detail/low_cmd__traits.hpp
-- Installing: /home/arepo/vsss_sim/bullet_ws/install/sim_msgs/include/sim_msgs/sim_msgs/msg/detail/high_cmd__struct.hpp
-- Installing: /home/arepo/vsss_sim/bullet_ws/install/sim_msgs/include/sim_msgs/sim_msgs/msg/detail/field_data__traits.hpp
-- Installing: /home/arepo/vsss_sim/bullet_ws/install/sim_msgs/include/sim_msgs/sim_msgs/msg/detail/low_cmd__builder.hpp
-- Installing: /home/arepo/vsss_sim/bullet_ws/install/sim_msgs/include/sim_msgs/sim_msgs/msg/detail/field_data__type_support.hpp
-- Installing: /home/arepo/vsss_sim/bullet_ws/install/sim_msgs/include/sim_msgs/sim_msgs/msg/detail/obj_data__struct.hpp
-- Installing: /home/arepo/vsss_sim/bullet_ws/install/sim_msgs/include/sim_msgs/sim_msgs/msg/detail/low_cmd__struct.hpp
-- Installing: /home/arepo/vsss_sim/bullet_ws/install/sim_msgs/include/sim_msgs/sim_msgs/msg/detail/obj_data__builder.hpp
-- Installing: /home/arepo/vsss_sim/bullet_ws/install/sim_msgs/include/sim_msgs/sim_msgs/msg/detail/obj_data__type_support.hpp
-- Installing: /home/arepo/vsss_sim/bullet_ws/install/sim_msgs/include/sim_msgs/sim_msgs/msg/detail/field_data__builder.hpp
-- Installing: /home/arepo/vsss_sim/bullet_ws/install/sim_msgs/include/sim_msgs/sim_msgs/msg/detail/high_cmd__traits.hpp
-- Installing: /home/arepo/vsss_sim/bullet_ws/install/sim_msgs/include/sim_msgs/sim_msgs/msg/detail/high_cmd__builder.hpp
-- Installing: /home/arepo/vsss_sim/bullet_ws/install/sim_msgs/include/sim_msgs/sim_msgs/msg/detail/field_data__struct.hpp
-- Installing: /home/arepo/vsss_sim/bullet_ws/install/sim_msgs/include/sim_msgs/sim_msgs/msg/high_cmd.hpp
-- Installing: /home/arepo/vsss_sim/bullet_ws/install/sim_msgs/include/sim_msgs/sim_msgs/msg/rosidl_generator_cpp__visibility_control.hpp
-- Installing: /home/arepo/vsss_sim/bullet_ws/install/sim_msgs/include/sim_msgs/sim_msgs/msg/field_data.hpp
-- Installing: /home/arepo/vsss_sim/bullet_ws/install/sim_msgs/include/sim_msgs/sim_msgs/msg/obj_data.hpp
-- Up-to-date: /home/arepo/vsss_sim/bullet_ws/install/sim_msgs/include/sim_msgs/sim_msgs
-- Up-to-date: /home/arepo/vsss_sim/bullet_ws/install/sim_msgs/include/sim_msgs/sim_msgs/srv
-- Up-to-date: /home/arepo/vsss_sim/bullet_ws/install/sim_msgs/include/sim_msgs/sim_msgs/srv/detail
-- Up-to-date: /home/arepo/vsss_sim/bullet_ws/install/sim_msgs/include/sim_msgs/sim_msgs/srv/detail/dds_fastrtps
-- Installing: /home/arepo/vsss_sim/bullet_ws/install/sim_msgs/include/sim_msgs/sim_msgs/srv/detail/controller__rosidl_typesupport_fastrtps_cpp.hpp
-- Up-to-date: /home/arepo/vsss_sim/bullet_ws/install/sim_msgs/include/sim_msgs/sim_msgs/msg
-- Up-to-date: /home/arepo/vsss_sim/bullet_ws/install/sim_msgs/include/sim_msgs/sim_msgs/msg/detail
-- Up-to-date: /home/arepo/vsss_sim/bullet_ws/install/sim_msgs/include/sim_msgs/sim_msgs/msg/detail/dds_fastrtps
-- Installing: /home/arepo/vsss_sim/bullet_ws/install/sim_msgs/include/sim_msgs/sim_msgs/msg/detail/field_data__rosidl_typesupport_fastrtps_cpp.hpp
-- Installing: /home/arepo/vsss_sim/bullet_ws/install/sim_msgs/include/sim_msgs/sim_msgs/msg/detail/obj_data__rosidl_typesupport_fastrtps_cpp.hpp
-- Installing: /home/arepo/vsss_sim/bullet_ws/install/sim_msgs/include/sim_msgs/sim_msgs/msg/detail/high_cmd__rosidl_typesupport_fastrtps_cpp.hpp
-- Installing: /home/arepo/vsss_sim/bullet_ws/install/sim_msgs/include/sim_msgs/sim_msgs/msg/detail/low_cmd__rosidl_typesupport_fastrtps_cpp.hpp
-- Installing: /home/arepo/vsss_sim/bullet_ws/install/sim_msgs/include/sim_msgs/sim_msgs/msg/rosidl_typesupport_fastrtps_cpp__visibility_control.h
-- Installing: /home/arepo/vsss_sim/bullet_ws/install/sim_msgs/lib/libsim_msgs__rosidl_typesupport_fastrtps_cpp.so
-- Set non-toolchain portion of runtime path of "/home/arepo/vsss_sim/bullet_ws/install/sim_msgs/lib/libsim_msgs__rosidl_typesupport_fastrtps_cpp.so" to ""
-- Up-to-date: /home/arepo/vsss_sim/bullet_ws/install/sim_msgs/include/sim_msgs/sim_msgs
-- Up-to-date: /home/arepo/vsss_sim/bullet_ws/install/sim_msgs/include/sim_msgs/sim_msgs/srv
-- Up-to-date: /home/arepo/vsss_sim/bullet_ws/install/sim_msgs/include/sim_msgs/sim_msgs/srv/detail
-- Installing: /home/arepo/vsss_sim/bullet_ws/install/sim_msgs/include/sim_msgs/sim_msgs/srv/detail/controller__rosidl_typesupport_introspection_cpp.hpp
-- Installing: /home/arepo/vsss_sim/bullet_ws/install/sim_msgs/include/sim_msgs/sim_msgs/srv/detail/controller__type_support.cpp
-- Up-to-date: /home/arepo/vsss_sim/bullet_ws/install/sim_msgs/include/sim_msgs/sim_msgs/msg
-- Up-to-date: /home/arepo/vsss_sim/bullet_ws/install/sim_msgs/include/sim_msgs/sim_msgs/msg/detail
-- Installing: /home/arepo/vsss_sim/bullet_ws/install/sim_msgs/include/sim_msgs/sim_msgs/msg/detail/high_cmd__type_support.cpp
-- Installing: /home/arepo/vsss_sim/bullet_ws/install/sim_msgs/include/sim_msgs/sim_msgs/msg/detail/high_cmd__rosidl_typesupport_introspection_cpp.hpp
-- Installing: /home/arepo/vsss_sim/bullet_ws/install/sim_msgs/include/sim_msgs/sim_msgs/msg/detail/field_data__rosidl_typesupport_introspection_cpp.hpp
-- Installing: /home/arepo/vsss_sim/bullet_ws/install/sim_msgs/include/sim_msgs/sim_msgs/msg/detail/field_data__type_support.cpp
-- Installing: /home/arepo/vsss_sim/bullet_ws/install/sim_msgs/include/sim_msgs/sim_msgs/msg/detail/low_cmd__type_support.cpp
-- Installing: /home/arepo/vsss_sim/bullet_ws/install/sim_msgs/include/sim_msgs/sim_msgs/msg/detail/obj_data__rosidl_typesupport_introspection_cpp.hpp
-- Installing: /home/arepo/vsss_sim/bullet_ws/install/sim_msgs/include/sim_msgs/sim_msgs/msg/detail/low_cmd__rosidl_typesupport_introspection_cpp.hpp
-- Installing: /home/arepo/vsss_sim/bullet_ws/install/sim_msgs/include/sim_msgs/sim_msgs/msg/detail/obj_data__type_support.cpp
-- Installing: /home/arepo/vsss_sim/bullet_ws/install/sim_msgs/lib/libsim_msgs__rosidl_typesupport_introspection_cpp.so
-- Set non-toolchain portion of runtime path of "/home/arepo/vsss_sim/bullet_ws/install/sim_msgs/lib/libsim_msgs__rosidl_typesupport_introspection_cpp.so" to ""
-- Installing: /home/arepo/vsss_sim/bullet_ws/install/sim_msgs/lib/libsim_msgs__rosidl_typesupport_cpp.so
-- Set non-toolchain portion of runtime path of "/home/arepo/vsss_sim/bullet_ws/install/sim_msgs/lib/libsim_msgs__rosidl_typesupport_cpp.so" to ""
-- Installing: /home/arepo/vsss_sim/bullet_ws/install/sim_msgs/share/sim_msgs/environment/pythonpath.sh
-- Installing: /home/arepo/vsss_sim/bullet_ws/install/sim_msgs/share/sim_msgs/environment/pythonpath.dsv
-- Up-to-date: /home/arepo/vsss_sim/bullet_ws/install/sim_msgs/local/lib/python3.10/dist-packages/sim_msgs-0.0.0-py3.10.egg-info
-- Installing: /home/arepo/vsss_sim/bullet_ws/install/sim_msgs/local/lib/python3.10/dist-packages/sim_msgs-0.0.0-py3.10.egg-info/PKG-INFO
-- Installing: /home/arepo/vsss_sim/bullet_ws/install/sim_msgs/local/lib/python3.10/dist-packages/sim_msgs-0.0.0-py3.10.egg-info/dependency_links.txt
-- Installing: /home/arepo/vsss_sim/bullet_ws/install/sim_msgs/local/lib/python3.10/dist-packages/sim_msgs-0.0.0-py3.10.egg-info/top_level.txt
-- Installing: /home/arepo/vsss_sim/bullet_ws/install/sim_msgs/local/lib/python3.10/dist-packages/sim_msgs-0.0.0-py3.10.egg-info/SOURCES.txt
-- Up-to-date: /home/arepo/vsss_sim/bullet_ws/install/sim_msgs/local/lib/python3.10/dist-packages/sim_msgs
-- Installing: /home/arepo/vsss_sim/bullet_ws/install/sim_msgs/local/lib/python3.10/dist-packages/sim_msgs/libsim_msgs__rosidl_generator_py.so
-- Up-to-date: /home/arepo/vsss_sim/bullet_ws/install/sim_msgs/local/lib/python3.10/dist-packages/sim_msgs/srv
-- Installing: /home/arepo/vsss_sim/bullet_ws/install/sim_msgs/local/lib/python3.10/dist-packages/sim_msgs/srv/_controller_s.c
-- Installing: /home/arepo/vsss_sim/bullet_ws/install/sim_msgs/local/lib/python3.10/dist-packages/sim_msgs/srv/__init__.py
-- Installing: /home/arepo/vsss_sim/bullet_ws/install/sim_msgs/local/lib/python3.10/dist-packages/sim_msgs/srv/_controller.py
-- Up-to-date: /home/arepo/vsss_sim/bullet_ws/install/sim_msgs/local/lib/python3.10/dist-packages/sim_msgs/msg
-- Installing: /home/arepo/vsss_sim/bullet_ws/install/sim_msgs/local/lib/python3.10/dist-packages/sim_msgs/msg/_low_cmd.py
-- Installing: /home/arepo/vsss_sim/bullet_ws/install/sim_msgs/local/lib/python3.10/dist-packages/sim_msgs/msg/_obj_data.py
-- Installing: /home/arepo/vsss_sim/bullet_ws/install/sim_msgs/local/lib/python3.10/dist-packages/sim_msgs/msg/_obj_data_s.c
-- Installing: /home/arepo/vsss_sim/bullet_ws/install/sim_msgs/local/lib/python3.10/dist-packages/sim_msgs/msg/__init__.py
-- Installing: /home/arepo/vsss_sim/bullet_ws/install/sim_msgs/local/lib/python3.10/dist-packages/sim_msgs/msg/_low_cmd_s.c
-- Installing: /home/arepo/vsss_sim/bullet_ws/install/sim_msgs/local/lib/python3.10/dist-packages/sim_msgs/msg/_field_data_s.c
-- Installing: /home/arepo/vsss_sim/bullet_ws/install/sim_msgs/local/lib/python3.10/dist-packages/sim_msgs/msg/_high_cmd.py
-- Installing: /home/arepo/vsss_sim/bullet_ws/install/sim_msgs/local/lib/python3.10/dist-packages/sim_msgs/msg/_field_data.py
-- Installing: /home/arepo/vsss_sim/bullet_ws/install/sim_msgs/local/lib/python3.10/dist-packages/sim_msgs/msg/_high_cmd_s.c
-- Installing: /home/arepo/vsss_sim/bullet_ws/install/sim_msgs/local/lib/python3.10/dist-packages/sim_msgs/sim_msgs_s__rosidl_typesupport_c.cpython-310-x86_64-linux-gnu.so
-- Installing: /home/arepo/vsss_sim/bullet_ws/install/sim_msgs/local/lib/python3.10/dist-packages/sim_msgs/_sim_msgs_s.ep.rosidl_typesupport_c.c
-- Installing: /home/arepo/vsss_sim/bullet_ws/install/sim_msgs/local/lib/python3.10/dist-packages/sim_msgs/__init__.py
-- Installing: /home/arepo/vsss_sim/bullet_ws/install/sim_msgs/local/lib/python3.10/dist-packages/sim_msgs/_sim_msgs_s.ep.rosidl_typesupport_fastrtps_c.c
-- Installing: /home/arepo/vsss_sim/bullet_ws/install/sim_msgs/local/lib/python3.10/dist-packages/sim_msgs/sim_msgs_s__rosidl_typesupport_introspection_c.cpython-310-x86_64-linux-gnu.so
-- Installing: /home/arepo/vsss_sim/bullet_ws/install/sim_msgs/local/lib/python3.10/dist-packages/sim_msgs/sim_msgs_s__rosidl_typesupport_fastrtps_c.cpython-310-x86_64-linux-gnu.so
-- Installing: /home/arepo/vsss_sim/bullet_ws/install/sim_msgs/local/lib/python3.10/dist-packages/sim_msgs/_sim_msgs_s.ep.rosidl_typesupport_introspection_c.c
Listing '/home/arepo/vsss_sim/bullet_ws/install/sim_msgs/local/lib/python3.10/dist-packages/sim_msgs'...
Compiling '/home/arepo/vsss_sim/bullet_ws/install/sim_msgs/local/lib/python3.10/dist-packages/sim_msgs/__init__.py'...
Listing '/home/arepo/vsss_sim/bullet_ws/install/sim_msgs/local/lib/python3.10/dist-packages/sim_msgs/msg'...
Compiling '/home/arepo/vsss_sim/bullet_ws/install/sim_msgs/local/lib/python3.10/dist-packages/sim_msgs/msg/__init__.py'...
Compiling '/home/arepo/vsss_sim/bullet_ws/install/sim_msgs/local/lib/python3.10/dist-packages/sim_msgs/msg/_field_data.py'...
Compiling '/home/arepo/vsss_sim/bullet_ws/install/sim_msgs/local/lib/python3.10/dist-packages/sim_msgs/msg/_high_cmd.py'...
Compiling '/home/arepo/vsss_sim/bullet_ws/install/sim_msgs/local/lib/python3.10/dist-packages/sim_msgs/msg/_low_cmd.py'...
Compiling '/home/arepo/vsss_sim/bullet_ws/install/sim_msgs/local/lib/python3.10/dist-packages/sim_msgs/msg/_obj_data.py'...
Listing '/home/arepo/vsss_sim/bullet_ws/install/sim_msgs/local/lib/python3.10/dist-packages/sim_msgs/srv'...
Compiling '/home/arepo/vsss_sim/bullet_ws/install/sim_msgs/local/lib/python3.10/dist-packages/sim_msgs/srv/__init__.py'...
Compiling '/home/arepo/vsss_sim/bullet_ws/install/sim_msgs/local/lib/python3.10/dist-packages/sim_msgs/srv/_controller.py'...
-- Installing: /home/arepo/vsss_sim/bullet_ws/install/sim_msgs/local/lib/python3.10/dist-packages/sim_msgs/sim_msgs_s__rosidl_typesupport_fastrtps_c.cpython-310-x86_64-linux-gnu.so
-- Set non-toolchain portion of runtime path of "/home/arepo/vsss_sim/bullet_ws/install/sim_msgs/local/lib/python3.10/dist-packages/sim_msgs/sim_msgs_s__rosidl_typesupport_fastrtps_c.cpython-310-x86_64-linux-gnu.so" to ""
-- Installing: /home/arepo/vsss_sim/bullet_ws/install/sim_msgs/local/lib/python3.10/dist-packages/sim_msgs/sim_msgs_s__rosidl_typesupport_introspection_c.cpython-310-x86_64-linux-gnu.so
-- Set non-toolchain portion of runtime path of "/home/arepo/vsss_sim/bullet_ws/install/sim_msgs/local/lib/python3.10/dist-packages/sim_msgs/sim_msgs_s__rosidl_typesupport_introspection_c.cpython-310-x86_64-linux-gnu.so" to ""
-- Installing: /home/arepo/vsss_sim/bullet_ws/install/sim_msgs/local/lib/python3.10/dist-packages/sim_msgs/sim_msgs_s__rosidl_typesupport_c.cpython-310-x86_64-linux-gnu.so
-- Set non-toolchain portion of runtime path of "/home/arepo/vsss_sim/bullet_ws/install/sim_msgs/local/lib/python3.10/dist-packages/sim_msgs/sim_msgs_s__rosidl_typesupport_c.cpython-310-x86_64-linux-gnu.so" to ""
-- Installing: /home/arepo/vsss_sim/bullet_ws/install/sim_msgs/lib/libsim_msgs__rosidl_generator_py.so
-- Set non-toolchain portion of runtime path of "/home/arepo/vsss_sim/bullet_ws/install/sim_msgs/lib/libsim_msgs__rosidl_generator_py.so" to ""
-- Installing: /home/arepo/vsss_sim/bullet_ws/install/sim_msgs/share/sim_msgs/msg/LowCmd.idl
-- Installing: /home/arepo/vsss_sim/bullet_ws/install/sim_msgs/share/sim_msgs/msg/HighCmd.idl
-- Installing: /home/arepo/vsss_sim/bullet_ws/install/sim_msgs/share/sim_msgs/msg/ObjData.idl
-- Installing: /home/arepo/vsss_sim/bullet_ws/install/sim_msgs/share/sim_msgs/msg/FieldData.idl
-- Installing: /home/arepo/vsss_sim/bullet_ws/install/sim_msgs/share/sim_msgs/srv/Controller.idl
-- Up-to-date: /home/arepo/vsss_sim/bullet_ws/install/sim_msgs/share/sim_msgs/msg/LowCmd.msg
-- Up-to-date: /home/arepo/vsss_sim/bullet_ws/install/sim_msgs/share/sim_msgs/msg/HighCmd.msg
-- Up-to-date: /home/arepo/vsss_sim/bullet_ws/install/sim_msgs/share/sim_msgs/msg/ObjData.msg
-- Up-to-date: /home/arepo/vsss_sim/bullet_ws/install/sim_msgs/share/sim_msgs/msg/FieldData.msg
-- Up-to-date: /home/arepo/vsss_sim/bullet_ws/install/sim_msgs/share/sim_msgs/srv/Controller.srv
-- Installing: /home/arepo/vsss_sim/bullet_ws/install/sim_msgs/share/sim_msgs/srv/Controller_Request.msg
-- Installing: /home/arepo/vsss_sim/bullet_ws/install/sim_msgs/share/sim_msgs/srv/Controller_Response.msg
-- Installing: /home/arepo/vsss_sim/bullet_ws/install/sim_msgs/share/ament_index/resource_index/package_run_dependencies/sim_msgs
-- Installing: /home/arepo/vsss_sim/bullet_ws/install/sim_msgs/share/ament_index/resource_index/parent_prefix_path/sim_msgs
-- Up-to-date: /home/arepo/vsss_sim/bullet_ws/install/sim_msgs/share/sim_msgs/environment/ament_prefix_path.sh
-- Installing: /home/arepo/vsss_sim/bullet_ws/install/sim_msgs/share/sim_msgs/environment/ament_prefix_path.dsv
-- Up-to-date: /home/arepo/vsss_sim/bullet_ws/install/sim_msgs/share/sim_msgs/environment/path.sh
-- Installing: /home/arepo/vsss_sim/bullet_ws/install/sim_msgs/share/sim_msgs/environment/path.dsv
-- Installing: /home/arepo/vsss_sim/bullet_ws/install/sim_msgs/share/sim_msgs/local_setup.bash
-- Installing: /home/arepo/vsss_sim/bullet_ws/install/sim_msgs/share/sim_msgs/local_setup.sh
-- Installing: /home/arepo/vsss_sim/bullet_ws/install/sim_msgs/share/sim_msgs/local_setup.zsh
-- Installing: /home/arepo/vsss_sim/bullet_ws/install/sim_msgs/share/sim_msgs/local_setup.dsv
-- Installing: /home/arepo/vsss_sim/bullet_ws/install/sim_msgs/share/sim_msgs/package.dsv
-- Installing: /home/arepo/vsss_sim/bullet_ws/install/sim_msgs/share/ament_index/resource_index/packages/sim_msgs
-- Installing: /home/arepo/vsss_sim/bullet_ws/install/sim_msgs/share/sim_msgs/cmake/export_sim_msgs__rosidl_generator_cExport.cmake
-- Installing: /home/arepo/vsss_sim/bullet_ws/install/sim_msgs/share/sim_msgs/cmake/export_sim_msgs__rosidl_generator_cExport-noconfig.cmake
-- Installing: /home/arepo/vsss_sim/bullet_ws/install/sim_msgs/share/sim_msgs/cmake/export_sim_msgs__rosidl_typesupport_fastrtps_cExport.cmake
-- Installing: /home/arepo/vsss_sim/bullet_ws/install/sim_msgs/share/sim_msgs/cmake/export_sim_msgs__rosidl_typesupport_fastrtps_cExport-noconfig.cmake
-- Installing: /home/arepo/vsss_sim/bullet_ws/install/sim_msgs/share/sim_msgs/cmake/sim_msgs__rosidl_typesupport_introspection_cExport.cmake
-- Installing: /home/arepo/vsss_sim/bullet_ws/install/sim_msgs/share/sim_msgs/cmake/sim_msgs__rosidl_typesupport_introspection_cExport-noconfig.cmake
-- Installing: /home/arepo/vsss_sim/bullet_ws/install/sim_msgs/share/sim_msgs/cmake/sim_msgs__rosidl_typesupport_cExport.cmake
-- Installing: /home/arepo/vsss_sim/bullet_ws/install/sim_msgs/share/sim_msgs/cmake/sim_msgs__rosidl_typesupport_cExport-noconfig.cmake
-- Installing: /home/arepo/vsss_sim/bullet_ws/install/sim_msgs/share/sim_msgs/cmake/export_sim_msgs__rosidl_generator_cppExport.cmake
-- Installing: /home/arepo/vsss_sim/bullet_ws/install/sim_msgs/share/sim_msgs/cmake/export_sim_msgs__rosidl_typesupport_fastrtps_cppExport.cmake
-- Installing: /home/arepo/vsss_sim/bullet_ws/install/sim_msgs/share/sim_msgs/cmake/export_sim_msgs__rosidl_typesupport_fastrtps_cppExport-noconfig.cmake
-- Installing: /home/arepo/vsss_sim/bullet_ws/install/sim_msgs/share/sim_msgs/cmake/sim_msgs__rosidl_typesupport_introspection_cppExport.cmake
-- Installing: /home/arepo/vsss_sim/bullet_ws/install/sim_msgs/share/sim_msgs/cmake/sim_msgs__rosidl_typesupport_introspection_cppExport-noconfig.cmake
-- Installing: /home/arepo/vsss_sim/bullet_ws/install/sim_msgs/share/sim_msgs/cmake/sim_msgs__rosidl_typesupport_cppExport.cmake
-- Installing: /home/arepo/vsss_sim/bullet_ws/install/sim_msgs/share/sim_msgs/cmake/sim_msgs__rosidl_typesupport_cppExport-noconfig.cmake
-- Installing: /home/arepo/vsss_sim/bullet_ws/install/sim_msgs/share/sim_msgs/cmake/export_sim_msgs__rosidl_generator_pyExport.cmake
-- Installing: /home/arepo/vsss_sim/bullet_ws/install/sim_msgs/share/sim_msgs/cmake/export_sim_msgs__rosidl_generator_pyExport-noconfig.cmake
-- Installing: /home/arepo/vsss_sim/bullet_ws/install/sim_msgs/share/sim_msgs/cmake/rosidl_cmake-extras.cmake
-- Installing: /home/arepo/vsss_sim/bullet_ws/install/sim_msgs/share/sim_msgs/cmake/ament_cmake_export_include_directories-extras.cmake
-- Installing: /home/arepo/vsss_sim/bullet_ws/install/sim_msgs/share/sim_msgs/cmake/ament_cmake_export_libraries-extras.cmake
-- Installing: /home/arepo/vsss_sim/bullet_ws/install/sim_msgs/share/sim_msgs/cmake/ament_cmake_export_targets-extras.cmake
-- Installing: /home/arepo/vsss_sim/bullet_ws/install/sim_msgs/share/sim_msgs/cmake/rosidl_cmake_export_typesupport_targets-extras.cmake
-- Installing: /home/arepo/vsss_sim/bullet_ws/install/sim_msgs/share/sim_msgs/cmake/ament_cmake_export_dependencies-extras.cmake
-- Installing: /home/arepo/vsss_sim/bullet_ws/install/sim_msgs/share/sim_msgs/cmake/rosidl_cmake_export_typesupport_libraries-extras.cmake
-- Installing: /home/arepo/vsss_sim/bullet_ws/install/sim_msgs/share/sim_msgs/cmake/sim_msgsConfig.cmake
-- Installing: /home/arepo/vsss_sim/bullet_ws/install/sim_msgs/share/sim_msgs/cmake/sim_msgsConfig-version.cmake
-- Up-to-date: /home/arepo/vsss_sim/bullet_ws/install/sim_msgs/share/sim_msgs/package.xml
