[0.651s] Invoking command in '/home/arepo/vsss_sim/bullet_ws/src/sim': PYTHONPATH=/home/arepo/vsss_sim/bullet_ws/build/sim/prefix_override:/usr/lib/python3/dist-packages/colcon_core/task/python/colcon_distutils_commands:/home/arepo/vsss_sim/bullet_ws/install/sim/lib/python3.10/site-packages:${PYTHONPATH} /usr/bin/python3 -W ignore:setup.py install is deprecated -W ignore:easy_install command is deprecated setup.py egg_info --egg-base ../../build/sim build --build-base /home/arepo/vsss_sim/bullet_ws/build/sim/build install --record /home/arepo/vsss_sim/bullet_ws/build/sim/install.log --single-version-externally-managed install_data
[0.843s] running egg_info
[0.858s] writing ../../build/sim/sim.egg-info/PKG-INFO
[0.858s] writing dependency_links to ../../build/sim/sim.egg-info/dependency_links.txt
[0.858s] writing entry points to ../../build/sim/sim.egg-info/entry_points.txt
[0.858s] writing requirements to ../../build/sim/sim.egg-info/requires.txt
[0.858s] writing top-level names to ../../build/sim/sim.egg-info/top_level.txt
[0.888s] reading manifest file '../../build/sim/sim.egg-info/SOURCES.txt'
[0.889s] adding license file 'LICENSE'
[0.889s] writing manifest file '../../build/sim/sim.egg-info/SOURCES.txt'
[0.889s] running build
[0.889s] running build_py
[0.890s] copying sim/vision.py -> /home/arepo/vsss_sim/bullet_ws/build/sim/build/lib/sim
[0.890s] running install
[0.894s] running install_lib
[0.908s] copying /home/arepo/vsss_sim/bullet_ws/build/sim/build/lib/sim/vision.py -> /home/arepo/vsss_sim/bullet_ws/install/sim/lib/python3.10/site-packages/sim
[0.909s] byte-compiling /home/arepo/vsss_sim/bullet_ws/install/sim/lib/python3.10/site-packages/sim/vision.py to vision.cpython-310.pyc
[0.910s]   File "/home/arepo/vsss_sim/bullet_ws/install/sim/lib/python3.10/site-packages/sim/vision.py", line 183
[0.910s]     cv2.imshow(f"ROI {best[1]} {i["color"]}", i["mask"])
[0.910s]                                    ^^^^^
[0.910s] SyntaxError: f-string: unmatched '['
[0.910s] 
[0.910s] running install_data
[0.910s] running install_egg_info
[0.925s] removing '/home/arepo/vsss_sim/bullet_ws/install/sim/lib/python3.10/site-packages/sim-0.0.0-py3.10.egg-info' (and everything under it)
[0.925s] Copying ../../build/sim/sim.egg-info to /home/arepo/vsss_sim/bullet_ws/install/sim/lib/python3.10/site-packages/sim-0.0.0-py3.10.egg-info
[0.926s] running install_scripts
[1.074s] Installing comms script to /home/arepo/vsss_sim/bullet_ws/install/sim/lib/sim
[1.074s] Installing gui script to /home/arepo/vsss_sim/bullet_ws/install/sim/lib/sim
[1.074s] Installing sim script to /home/arepo/vsss_sim/bullet_ws/install/sim/lib/sim
[1.074s] Installing strat script to /home/arepo/vsss_sim/bullet_ws/install/sim/lib/sim
[1.075s] Installing tests script to /home/arepo/vsss_sim/bullet_ws/install/sim/lib/sim
[1.075s] Installing vision script to /home/arepo/vsss_sim/bullet_ws/install/sim/lib/sim
[1.075s] writing list of installed files to '/home/arepo/vsss_sim/bullet_ws/build/sim/install.log'
[1.095s] Invoked command in '/home/arepo/vsss_sim/bullet_ws/src/sim' returned '0': PYTHONPATH=/home/arepo/vsss_sim/bullet_ws/build/sim/prefix_override:/usr/lib/python3/dist-packages/colcon_core/task/python/colcon_distutils_commands:/home/arepo/vsss_sim/bullet_ws/install/sim/lib/python3.10/site-packages:${PYTHONPATH} /usr/bin/python3 -W ignore:setup.py install is deprecated -W ignore:easy_install command is deprecated setup.py egg_info --egg-base ../../build/sim build --build-base /home/arepo/vsss_sim/bullet_ws/build/sim/build install --record /home/arepo/vsss_sim/bullet_ws/build/sim/install.log --single-version-externally-managed install_data
