[0.738s] Invoking command in '/home/arepo/vsss_sim/bullet_ws/src/sim': PYTHONPATH=/home/arepo/vsss_sim/bullet_ws/build/sim/prefix_override:/usr/lib/python3/dist-packages/colcon_core/task/python/colcon_distutils_commands:/home/arepo/vsss_sim/bullet_ws/install/sim/lib/python3.10/site-packages:${PYTHONPATH} /usr/bin/python3 -W ignore:setup.py install is deprecated -W ignore:easy_install command is deprecated setup.py egg_info --egg-base ../../build/sim build --build-base /home/arepo/vsss_sim/bullet_ws/build/sim/build install --record /home/arepo/vsss_sim/bullet_ws/build/sim/install.log --single-version-externally-managed install_data
[0.923s] running egg_info
[0.937s] writing ../../build/sim/sim.egg-info/PKG-INFO
[0.937s] writing dependency_links to ../../build/sim/sim.egg-info/dependency_links.txt
[0.938s] writing entry points to ../../build/sim/sim.egg-info/entry_points.txt
[0.938s] writing requirements to ../../build/sim/sim.egg-info/requires.txt
[0.938s] writing top-level names to ../../build/sim/sim.egg-info/top_level.txt
[0.966s] reading manifest file '../../build/sim/sim.egg-info/SOURCES.txt'
[0.966s] adding license file 'LICENSE'
[0.966s] writing manifest file '../../build/sim/sim.egg-info/SOURCES.txt'
[0.967s] running build
[0.967s] running build_py
[0.967s] copying sim/yolo.py -> /home/arepo/vsss_sim/bullet_ws/build/sim/build/lib/sim
[0.967s] running install
[0.971s] running install_lib
[0.985s] copying /home/arepo/vsss_sim/bullet_ws/build/sim/build/lib/sim/yolo.py -> /home/arepo/vsss_sim/bullet_ws/install/sim/lib/python3.10/site-packages/sim
[0.985s] byte-compiling /home/arepo/vsss_sim/bullet_ws/install/sim/lib/python3.10/site-packages/sim/yolo.py to yolo.cpython-310.pyc
[0.986s] running install_data
[0.987s] running install_egg_info
[1.001s] removing '/home/arepo/vsss_sim/bullet_ws/install/sim/lib/python3.10/site-packages/sim-0.0.0-py3.10.egg-info' (and everything under it)
[1.002s] Copying ../../build/sim/sim.egg-info to /home/arepo/vsss_sim/bullet_ws/install/sim/lib/python3.10/site-packages/sim-0.0.0-py3.10.egg-info
[1.002s] running install_scripts
[1.145s] Installing comms script to /home/arepo/vsss_sim/bullet_ws/install/sim/lib/sim
[1.146s] Installing sim script to /home/arepo/vsss_sim/bullet_ws/install/sim/lib/sim
[1.146s] Installing strat script to /home/arepo/vsss_sim/bullet_ws/install/sim/lib/sim
[1.146s] Installing tests script to /home/arepo/vsss_sim/bullet_ws/install/sim/lib/sim
[1.146s] Installing vision script to /home/arepo/vsss_sim/bullet_ws/install/sim/lib/sim
[1.146s] Installing yolo script to /home/arepo/vsss_sim/bullet_ws/install/sim/lib/sim
[1.146s] writing list of installed files to '/home/arepo/vsss_sim/bullet_ws/build/sim/install.log'
[1.166s] Invoked command in '/home/arepo/vsss_sim/bullet_ws/src/sim' returned '0': PYTHONPATH=/home/arepo/vsss_sim/bullet_ws/build/sim/prefix_override:/usr/lib/python3/dist-packages/colcon_core/task/python/colcon_distutils_commands:/home/arepo/vsss_sim/bullet_ws/install/sim/lib/python3.10/site-packages:${PYTHONPATH} /usr/bin/python3 -W ignore:setup.py install is deprecated -W ignore:easy_install command is deprecated setup.py egg_info --egg-base ../../build/sim build --build-base /home/arepo/vsss_sim/bullet_ws/build/sim/build install --record /home/arepo/vsss_sim/bullet_ws/build/sim/install.log --single-version-externally-managed install_data
