[0.022s] Invoking command in '/home/arepo/vsss_sim/bullet_ws/build/sim_msgs': CMAKE_PREFIX_PATH=${CMAKE_PREFIX_PATH}:/home/arepo/vsss_sim/bullet_ws/install/vision:/home/arepo/vsss_sim/bullet_ws/install/sim:/opt/ros/humble /home/arepo/.local/bin/cmake --build /home/arepo/vsss_sim/bullet_ws/build/sim_msgs -- -j16 -l16
[0.112s] [0mCMake Deprecation Warning at CMakeLists.txt:1 (cmake_minimum_required):
[0.112s]   Compatibility with CMake < 3.10 will be removed from a future version of
[0.112s]   CMake.
[0.112s] 
[0.113s]   Update the VERSION argument <min> value.  Or, use the <min>...<max> syntax
[0.113s]   to tell CMake that the project requires at least <min> but has been updated
[0.113s]   to work with policies introduced by <max> or earlier.
[0.113s] 
[0.113s] [0m
[0.129s] -- Found ament_cmake: 1.3.12 (/opt/ros/humble/share/ament_cmake/cmake)
[0.322s] -- Found rosidl_default_generators: 1.2.0 (/opt/ros/humble/share/rosidl_default_generators/cmake)
[0.323s] -- Using all available rosidl_typesupport_c: rosidl_typesupport_fastrtps_c;rosidl_typesupport_introspection_c
[0.326s] -- Found rosidl_adapter: 3.1.7 (/opt/ros/humble/share/rosidl_adapter/cmake)
[0.360s] -- Using all available rosidl_typesupport_cpp: rosidl_typesupport_fastrtps_cpp;rosidl_typesupport_introspection_cpp
[0.774s] -- Found ament_cmake_ros: 0.10.0 (/opt/ros/humble/share/ament_cmake_ros/cmake)
[1.131s] -- Using all available rosidl_typesupport_c: rosidl_typesupport_fastrtps_c;rosidl_typesupport_introspection_c
[1.615s] -- Using all available rosidl_typesupport_cpp: rosidl_typesupport_fastrtps_cpp;rosidl_typesupport_introspection_cpp
[1.617s] [33mCMake Warning (dev) at /opt/ros/humble/share/rosidl_generator_py/cmake/rosidl_generator_py_generate_interfaces.cmake:20 (find_package):
[1.618s]   Policy CMP0148 is not set: The FindPythonInterp and FindPythonLibs modules
[1.618s]   are removed.  Run "cmake --help-policy CMP0148" for policy details.  Use
[1.618s]   the cmake_policy command to set the policy and suppress this warning.
[1.618s] 
[1.618s] Call Stack (most recent call first):
[1.618s]   /opt/ros/humble/share/ament_cmake_core/cmake/core/ament_execute_extensions.cmake:48 (include)
[1.618s]   /opt/ros/humble/share/rosidl_cmake/cmake/rosidl_generate_interfaces.cmake:286 (ament_execute_extensions)
[1.618s]   CMakeLists.txt:12 (rosidl_generate_interfaces)
[1.618s] This warning is for project developers.  Use -Wno-dev to suppress it.
[1.618s] [0m
[1.635s] -- Found python_cmake_module: 0.10.0 (/opt/ros/humble/share/python_cmake_module/cmake)
[1.636s] [33mCMake Warning (dev) at /opt/ros/humble/share/python_cmake_module/cmake/Modules/FindPythonExtra.cmake:52 (find_package):
[1.636s]   Policy CMP0148 is not set: The FindPythonInterp and FindPythonLibs modules
[1.636s]   are removed.  Run "cmake --help-policy CMP0148" for policy details.  Use
[1.636s]   the cmake_policy command to set the policy and suppress this warning.
[1.636s] 
[1.636s] Call Stack (most recent call first):
[1.636s]   /opt/ros/humble/share/rosidl_generator_py/cmake/rosidl_generator_py_generate_interfaces.cmake:23 (find_package)
[1.636s]   /opt/ros/humble/share/ament_cmake_core/cmake/core/ament_execute_extensions.cmake:48 (include)
[1.636s]   /opt/ros/humble/share/rosidl_cmake/cmake/rosidl_generate_interfaces.cmake:286 (ament_execute_extensions)
[1.636s]   CMakeLists.txt:12 (rosidl_generate_interfaces)
[1.637s] This warning is for project developers.  Use -Wno-dev to suppress it.
[1.637s] [0m
[1.653s] [33mCMake Warning (dev) at /opt/ros/humble/share/python_cmake_module/cmake/Modules/FindPythonExtra.cmake:140 (find_package):
[1.653s]   Policy CMP0148 is not set: The FindPythonInterp and FindPythonLibs modules
[1.653s]   are removed.  Run "cmake --help-policy CMP0148" for policy details.  Use
[1.653s]   the cmake_policy command to set the policy and suppress this warning.
[1.654s] 
[1.654s] Call Stack (most recent call first):
[1.654s]   /opt/ros/humble/share/rosidl_generator_py/cmake/rosidl_generator_py_generate_interfaces.cmake:23 (find_package)
[1.654s]   /opt/ros/humble/share/ament_cmake_core/cmake/core/ament_execute_extensions.cmake:48 (include)
[1.654s]   /opt/ros/humble/share/rosidl_cmake/cmake/rosidl_generate_interfaces.cmake:286 (ament_execute_extensions)
[1.654s]   CMakeLists.txt:12 (rosidl_generate_interfaces)
[1.654s] This warning is for project developers.  Use -Wno-dev to suppress it.
[1.654s] [0m
[1.656s] -- Using PYTHON_EXECUTABLE: /usr/bin/python3
[1.656s] -- Using PYTHON_INCLUDE_DIRS: /usr/include/python3.10
[1.656s] -- Using PYTHON_LIBRARIES: /usr/lib/x86_64-linux-gnu/libpython3.10.so
[1.666s] -- Found ament_lint_auto: 0.12.14 (/opt/ros/humble/share/ament_lint_auto/cmake)
[1.679s] -- Added test 'lint_cmake' to check CMake code style
[1.681s] -- Added test 'xmllint' to check XML markup files
[1.683s] -- Configuring done (1.6s)
[1.745s] -- Generating done (0.1s)
[1.751s] -- Build files have been written to: /home/arepo/vsss_sim/bullet_ws/build/sim_msgs
[1.766s] [  1%] [1m[34mGenerating C code for ROS interfaces[0m
[1.770s] [  2%] [1m[34mGenerating C++ code for ROS interfaces[0m
[1.799s] [  2%] [0mBuilt target ament_cmake_python_copy_sim_msgs[0m
[1.972s] running egg_info
[1.988s] writing sim_msgs.egg-info/PKG-INFO
[1.989s] writing dependency_links to sim_msgs.egg-info/dependency_links.txt
[1.989s] writing top-level names to sim_msgs.egg-info/top_level.txt
[2.038s] reading manifest file 'sim_msgs.egg-info/SOURCES.txt'
[2.039s] writing manifest file 'sim_msgs.egg-info/SOURCES.txt'
[2.059s] [  2%] [0mBuilt target ament_cmake_python_build_sim_msgs_egg[0m
[2.152s] [  2%] [0mBuilt target sim_msgs__cpp[0m
[2.157s] [  4%] [1m[34mGenerating C++ type support for eProsima Fast-RTPS[0m
[2.157s] [  5%] [1m[34mGenerating C++ type support dispatch for ROS interfaces[0m
[2.157s] [  7%] [1m[34mGenerating C++ introspection for ROS interfaces[0m
[2.168s] [ 11%] [32mBuilding C object CMakeFiles/sim_msgs__rosidl_generator_c.dir/rosidl_generator_c/sim_msgs/msg/detail/high_cmd__functions.c.o[0m
[2.168s] [ 11%] [32mBuilding C object CMakeFiles/sim_msgs__rosidl_generator_c.dir/rosidl_generator_c/sim_msgs/msg/detail/obj_data__functions.c.o[0m
[2.168s] [ 12%] [32mBuilding C object CMakeFiles/sim_msgs__rosidl_generator_c.dir/rosidl_generator_c/sim_msgs/msg/detail/low_cmd__functions.c.o[0m
[2.169s] [ 12%] [32mBuilding C object CMakeFiles/sim_msgs__rosidl_generator_c.dir/rosidl_generator_c/sim_msgs/msg/detail/settings__functions.c.o[0m
[2.169s] [ 14%] [32mBuilding C object CMakeFiles/sim_msgs__rosidl_generator_c.dir/rosidl_generator_c/sim_msgs/msg/detail/field_data__functions.c.o[0m
[2.169s] [ 15%] [32mBuilding C object CMakeFiles/sim_msgs__rosidl_generator_c.dir/rosidl_generator_c/sim_msgs/srv/detail/controller__functions.c.o[0m
[2.333s] [ 16%] [1m[32mLinking C shared library libsim_msgs__rosidl_generator_c.so[0m
[2.366s] [ 16%] [0mBuilt target sim_msgs__rosidl_generator_c[0m
[2.370s] [ 18%] [1m[34mGenerating C type support for eProsima Fast-RTPS[0m
[2.370s] [ 19%] [1m[34mGenerating C type support dispatch for ROS interfaces[0m
[2.370s] [ 21%] [1m[34mGenerating C introspection for ROS interfaces[0m
[2.464s] [ 22%] [32mBuilding CXX object CMakeFiles/sim_msgs__rosidl_typesupport_cpp.dir/rosidl_typesupport_cpp/sim_msgs/msg/low_cmd__type_support.cpp.o[0m
[2.464s] [ 25%] [32mBuilding CXX object CMakeFiles/sim_msgs__rosidl_typesupport_cpp.dir/rosidl_typesupport_cpp/sim_msgs/msg/field_data__type_support.cpp.o[0m
[2.464s] [ 25%] [32mBuilding CXX object CMakeFiles/sim_msgs__rosidl_typesupport_cpp.dir/rosidl_typesupport_cpp/sim_msgs/msg/obj_data__type_support.cpp.o[0m
[2.465s] [ 28%] [32mBuilding CXX object CMakeFiles/sim_msgs__rosidl_typesupport_cpp.dir/rosidl_typesupport_cpp/sim_msgs/msg/high_cmd__type_support.cpp.o[0m
[2.465s] [ 28%] [32mBuilding CXX object CMakeFiles/sim_msgs__rosidl_typesupport_cpp.dir/rosidl_typesupport_cpp/sim_msgs/msg/settings__type_support.cpp.o[0m
[2.465s] [ 29%] [32mBuilding CXX object CMakeFiles/sim_msgs__rosidl_typesupport_cpp.dir/rosidl_typesupport_cpp/sim_msgs/srv/controller__type_support.cpp.o[0m
[2.538s] [ 33%] [32mBuilding CXX object CMakeFiles/sim_msgs__rosidl_typesupport_introspection_cpp.dir/rosidl_typesupport_introspection_cpp/sim_msgs/msg/detail/high_cmd__type_support.cpp.o[0m
[2.538s] [ 33%] [32mBuilding CXX object CMakeFiles/sim_msgs__rosidl_typesupport_introspection_cpp.dir/rosidl_typesupport_introspection_cpp/sim_msgs/msg/detail/obj_data__type_support.cpp.o[0m
[2.538s] [ 33%] [32mBuilding CXX object CMakeFiles/sim_msgs__rosidl_typesupport_introspection_cpp.dir/rosidl_typesupport_introspection_cpp/sim_msgs/msg/detail/low_cmd__type_support.cpp.o[0m
[2.538s] [ 35%] [32mBuilding CXX object CMakeFiles/sim_msgs__rosidl_typesupport_introspection_cpp.dir/rosidl_typesupport_introspection_cpp/sim_msgs/msg/detail/field_data__type_support.cpp.o[0m
[2.538s] [ 36%] [32mBuilding CXX object CMakeFiles/sim_msgs__rosidl_typesupport_introspection_cpp.dir/rosidl_typesupport_introspection_cpp/sim_msgs/msg/detail/settings__type_support.cpp.o[0m
[2.538s] [ 38%] [32mBuilding CXX object CMakeFiles/sim_msgs__rosidl_typesupport_introspection_cpp.dir/rosidl_typesupport_introspection_cpp/sim_msgs/srv/detail/controller__type_support.cpp.o[0m
[2.558s] [ 39%] [32mBuilding CXX object CMakeFiles/sim_msgs__rosidl_typesupport_fastrtps_cpp.dir/rosidl_typesupport_fastrtps_cpp/sim_msgs/msg/detail/dds_fastrtps/low_cmd__type_support.cpp.o[0m
[2.794s] [ 40%] [32mBuilding CXX object CMakeFiles/sim_msgs__rosidl_typesupport_c.dir/rosidl_typesupport_c/sim_msgs/msg/low_cmd__type_support.cpp.o[0m
[2.837s] [ 42%] [32mBuilding CXX object CMakeFiles/sim_msgs__rosidl_typesupport_c.dir/rosidl_typesupport_c/sim_msgs/msg/high_cmd__type_support.cpp.o[0m
[2.879s] [ 43%] [32mBuilding CXX object CMakeFiles/sim_msgs__rosidl_typesupport_c.dir/rosidl_typesupport_c/sim_msgs/msg/obj_data__type_support.cpp.o[0m
[2.880s] [ 45%] [32mBuilding CXX object CMakeFiles/sim_msgs__rosidl_typesupport_fastrtps_cpp.dir/rosidl_typesupport_fastrtps_cpp/sim_msgs/msg/detail/dds_fastrtps/high_cmd__type_support.cpp.o[0m
[2.882s] [ 49%] [32mBuilding CXX object CMakeFiles/sim_msgs__rosidl_typesupport_fastrtps_cpp.dir/rosidl_typesupport_fastrtps_cpp/sim_msgs/msg/detail/dds_fastrtps/obj_data__type_support.cpp.o[0m
[2.882s] [ 49%] [32mBuilding CXX object CMakeFiles/sim_msgs__rosidl_typesupport_c.dir/rosidl_typesupport_c/sim_msgs/msg/settings__type_support.cpp.o[0m
[2.883s] [ 49%] [32mBuilding CXX object CMakeFiles/sim_msgs__rosidl_typesupport_c.dir/rosidl_typesupport_c/sim_msgs/msg/field_data__type_support.cpp.o[0m
[2.892s] [ 50%] [32mBuilding CXX object CMakeFiles/sim_msgs__rosidl_typesupport_c.dir/rosidl_typesupport_c/sim_msgs/srv/controller__type_support.cpp.o[0m
[2.897s] [ 52%] [1m[32mLinking CXX shared library libsim_msgs__rosidl_typesupport_cpp.so[0m
[2.916s] [ 53%] [32mBuilding CXX object CMakeFiles/sim_msgs__rosidl_typesupport_fastrtps_cpp.dir/rosidl_typesupport_fastrtps_cpp/sim_msgs/msg/detail/dds_fastrtps/settings__type_support.cpp.o[0m
[2.916s] [ 54%] [32mBuilding CXX object CMakeFiles/sim_msgs__rosidl_typesupport_fastrtps_cpp.dir/rosidl_typesupport_fastrtps_cpp/sim_msgs/msg/detail/dds_fastrtps/field_data__type_support.cpp.o[0m
[2.924s] [ 56%] [32mBuilding CXX object CMakeFiles/sim_msgs__rosidl_typesupport_fastrtps_cpp.dir/rosidl_typesupport_fastrtps_cpp/sim_msgs/srv/detail/dds_fastrtps/controller__type_support.cpp.o[0m
[2.935s] [ 57%] [1m[32mLinking CXX shared library libsim_msgs__rosidl_typesupport_c.so[0m
[2.952s] [ 59%] [32mBuilding C object CMakeFiles/sim_msgs__rosidl_typesupport_introspection_c.dir/rosidl_typesupport_introspection_c/sim_msgs/msg/detail/low_cmd__type_support.c.o[0m
[2.956s] [ 59%] [0mBuilt target sim_msgs__rosidl_typesupport_cpp[0m
[2.961s] [ 60%] [32mBuilding C object CMakeFiles/sim_msgs__rosidl_typesupport_introspection_c.dir/rosidl_typesupport_introspection_c/sim_msgs/msg/detail/high_cmd__type_support.c.o[0m
[2.988s] [ 60%] [0mBuilt target sim_msgs__rosidl_typesupport_c[0m
[2.993s] [ 61%] [32mBuilding C object CMakeFiles/sim_msgs__rosidl_typesupport_introspection_c.dir/rosidl_typesupport_introspection_c/sim_msgs/msg/detail/obj_data__type_support.c.o[0m
[3.002s] [ 63%] [32mBuilding C object CMakeFiles/sim_msgs__rosidl_typesupport_introspection_c.dir/rosidl_typesupport_introspection_c/sim_msgs/msg/detail/field_data__type_support.c.o[0m
[3.008s] [ 64%] [32mBuilding C object CMakeFiles/sim_msgs__rosidl_typesupport_introspection_c.dir/rosidl_typesupport_introspection_c/sim_msgs/msg/detail/settings__type_support.c.o[0m
[3.038s] [ 66%] [32mBuilding CXX object CMakeFiles/sim_msgs__rosidl_typesupport_fastrtps_c.dir/rosidl_typesupport_fastrtps_c/sim_msgs/msg/detail/low_cmd__type_support_c.cpp.o[0m
[3.040s] [ 67%] [32mBuilding C object CMakeFiles/sim_msgs__rosidl_typesupport_introspection_c.dir/rosidl_typesupport_introspection_c/sim_msgs/srv/detail/controller__type_support.c.o[0m
[3.045s] [ 69%] [32mBuilding CXX object CMakeFiles/sim_msgs__rosidl_typesupport_fastrtps_c.dir/rosidl_typesupport_fastrtps_c/sim_msgs/msg/detail/high_cmd__type_support_c.cpp.o[0m
[3.057s] [ 71%] [32mBuilding CXX object CMakeFiles/sim_msgs__rosidl_typesupport_fastrtps_c.dir/rosidl_typesupport_fastrtps_c/sim_msgs/msg/detail/obj_data__type_support_c.cpp.o[0m
[3.058s] [ 71%] [32mBuilding CXX object CMakeFiles/sim_msgs__rosidl_typesupport_fastrtps_c.dir/rosidl_typesupport_fastrtps_c/sim_msgs/msg/detail/field_data__type_support_c.cpp.o[0m
[3.065s] [ 73%] [32mBuilding CXX object CMakeFiles/sim_msgs__rosidl_typesupport_fastrtps_c.dir/rosidl_typesupport_fastrtps_c/sim_msgs/msg/detail/settings__type_support_c.cpp.o[0m
[3.066s] [ 74%] [32mBuilding CXX object CMakeFiles/sim_msgs__rosidl_typesupport_fastrtps_c.dir/rosidl_typesupport_fastrtps_c/sim_msgs/srv/detail/controller__type_support_c.cpp.o[0m
[3.076s] [ 76%] [1m[32mLinking CXX shared library libsim_msgs__rosidl_typesupport_introspection_cpp.so[0m
[3.090s] [ 77%] [1m[32mLinking C shared library libsim_msgs__rosidl_typesupport_introspection_c.so[0m
[3.120s] [ 77%] [0mBuilt target sim_msgs__rosidl_typesupport_introspection_c[0m
[3.163s] [ 77%] [0mBuilt target sim_msgs__rosidl_typesupport_introspection_cpp[0m
[3.418s] [ 78%] [1m[32mLinking CXX shared library libsim_msgs__rosidl_typesupport_fastrtps_cpp.so[0m
[3.446s] [ 80%] [1m[32mLinking CXX shared library libsim_msgs__rosidl_typesupport_fastrtps_c.so[0m
[3.483s] [ 80%] [0mBuilt target sim_msgs__rosidl_typesupport_fastrtps_cpp[0m
[3.508s] [ 80%] [0mBuilt target sim_msgs__rosidl_typesupport_fastrtps_c[0m
[3.519s] [ 80%] [0mBuilt target sim_msgs[0m
[3.530s] [ 81%] [1m[34mGenerating Python code for ROS interfaces[0m
[4.101s] [ 81%] [0mBuilt target sim_msgs__py[0m
[4.130s] [ 83%] [32mBuilding C object CMakeFiles/sim_msgs__rosidl_generator_py.dir/rosidl_generator_py/sim_msgs/msg/_obj_data_s.c.o[0m
[4.130s] [ 85%] [32mBuilding C object CMakeFiles/sim_msgs__rosidl_generator_py.dir/rosidl_generator_py/sim_msgs/msg/_low_cmd_s.c.o[0m
[4.131s] [ 85%] [32mBuilding C object CMakeFiles/sim_msgs__rosidl_generator_py.dir/rosidl_generator_py/sim_msgs/msg/_high_cmd_s.c.o[0m
[4.131s] [ 88%] [32mBuilding C object CMakeFiles/sim_msgs__rosidl_generator_py.dir/rosidl_generator_py/sim_msgs/srv/_controller_s.c.o[0m
[4.131s] [ 88%] [32mBuilding C object CMakeFiles/sim_msgs__rosidl_generator_py.dir/rosidl_generator_py/sim_msgs/msg/_field_data_s.c.o[0m
[4.131s] [ 90%] [32mBuilding C object CMakeFiles/sim_msgs__rosidl_generator_py.dir/rosidl_generator_py/sim_msgs/msg/_settings_s.c.o[0m
[4.239s] [ 91%] [1m[32mLinking C shared library rosidl_generator_py/sim_msgs/libsim_msgs__rosidl_generator_py.so[0m
[4.267s] [ 91%] [0mBuilt target sim_msgs__rosidl_generator_py[0m
[4.280s] [ 94%] [32mBuilding C object CMakeFiles/sim_msgs__rosidl_typesupport_c__pyext.dir/rosidl_generator_py/sim_msgs/_sim_msgs_s.ep.rosidl_typesupport_c.c.o[0m
[4.280s] [ 94%] [32mBuilding C object CMakeFiles/sim_msgs__rosidl_typesupport_fastrtps_c__pyext.dir/rosidl_generator_py/sim_msgs/_sim_msgs_s.ep.rosidl_typesupport_fastrtps_c.c.o[0m
[4.280s] [ 95%] [32mBuilding C object CMakeFiles/sim_msgs__rosidl_typesupport_introspection_c__pyext.dir/rosidl_generator_py/sim_msgs/_sim_msgs_s.ep.rosidl_typesupport_introspection_c.c.o[0m
[4.359s] [ 97%] [1m[32mLinking C shared library rosidl_generator_py/sim_msgs/sim_msgs_s__rosidl_typesupport_introspection_c.cpython-310-x86_64-linux-gnu.so[0m
[4.359s] [ 98%] [1m[32mLinking C shared library rosidl_generator_py/sim_msgs/sim_msgs_s__rosidl_typesupport_c.cpython-310-x86_64-linux-gnu.so[0m
[4.359s] [100%] [1m[32mLinking C shared library rosidl_generator_py/sim_msgs/sim_msgs_s__rosidl_typesupport_fastrtps_c.cpython-310-x86_64-linux-gnu.so[0m
[4.379s] [100%] [0mBuilt target sim_msgs__rosidl_typesupport_introspection_c__pyext[0m
[4.380s] [100%] [0mBuilt target sim_msgs__rosidl_typesupport_fastrtps_c__pyext[0m
[4.380s] [100%] [0mBuilt target sim_msgs__rosidl_typesupport_c__pyext[0m
[4.386s] Invoked command in '/home/arepo/vsss_sim/bullet_ws/build/sim_msgs' returned '0': CMAKE_PREFIX_PATH=${CMAKE_PREFIX_PATH}:/home/arepo/vsss_sim/bullet_ws/install/vision:/home/arepo/vsss_sim/bullet_ws/install/sim:/opt/ros/humble /home/arepo/.local/bin/cmake --build /home/arepo/vsss_sim/bullet_ws/build/sim_msgs -- -j16 -l16
[4.454s] Invoking command in '/home/arepo/vsss_sim/bullet_ws/build/sim_msgs': CMAKE_PREFIX_PATH=${CMAKE_PREFIX_PATH}:/home/arepo/vsss_sim/bullet_ws/install/vision:/home/arepo/vsss_sim/bullet_ws/install/sim:/opt/ros/humble /home/arepo/.local/bin/cmake --install /home/arepo/vsss_sim/bullet_ws/build/sim_msgs
[4.512s] -- Install configuration: ""
[4.512s] -- Up-to-date: /home/arepo/vsss_sim/bullet_ws/install/sim_msgs/share/ament_index/resource_index/rosidl_interfaces/sim_msgs
[4.512s] -- Up-to-date: /home/arepo/vsss_sim/bullet_ws/install/sim_msgs/include/sim_msgs/sim_msgs
[4.512s] -- Up-to-date: /home/arepo/vsss_sim/bullet_ws/install/sim_msgs/include/sim_msgs/sim_msgs/srv
[4.512s] -- Up-to-date: /home/arepo/vsss_sim/bullet_ws/install/sim_msgs/include/sim_msgs/sim_msgs/srv/detail
[4.512s] -- Installing: /home/arepo/vsss_sim/bullet_ws/install/sim_msgs/include/sim_msgs/sim_msgs/srv/detail/controller__functions.c
[4.513s] -- Installing: /home/arepo/vsss_sim/bullet_ws/install/sim_msgs/include/sim_msgs/sim_msgs/srv/detail/controller__functions.h
[4.513s] -- Installing: /home/arepo/vsss_sim/bullet_ws/install/sim_msgs/include/sim_msgs/sim_msgs/srv/detail/controller__type_support.h
[4.513s] -- Installing: /home/arepo/vsss_sim/bullet_ws/install/sim_msgs/include/sim_msgs/sim_msgs/srv/detail/controller__struct.h
[4.513s] -- Installing: /home/arepo/vsss_sim/bullet_ws/install/sim_msgs/include/sim_msgs/sim_msgs/srv/controller.h
[4.513s] -- Up-to-date: /home/arepo/vsss_sim/bullet_ws/install/sim_msgs/include/sim_msgs/sim_msgs/msg
[4.513s] -- Installing: /home/arepo/vsss_sim/bullet_ws/install/sim_msgs/include/sim_msgs/sim_msgs/msg/high_cmd.h
[4.513s] -- Installing: /home/arepo/vsss_sim/bullet_ws/install/sim_msgs/include/sim_msgs/sim_msgs/msg/field_data.h
[4.513s] -- Installing: /home/arepo/vsss_sim/bullet_ws/install/sim_msgs/include/sim_msgs/sim_msgs/msg/low_cmd.h
[4.513s] -- Up-to-date: /home/arepo/vsss_sim/bullet_ws/install/sim_msgs/include/sim_msgs/sim_msgs/msg/detail
[4.513s] -- Installing: /home/arepo/vsss_sim/bullet_ws/install/sim_msgs/include/sim_msgs/sim_msgs/msg/detail/low_cmd__functions.h
[4.513s] -- Installing: /home/arepo/vsss_sim/bullet_ws/install/sim_msgs/include/sim_msgs/sim_msgs/msg/detail/high_cmd__functions.h
[4.514s] -- Installing: /home/arepo/vsss_sim/bullet_ws/install/sim_msgs/include/sim_msgs/sim_msgs/msg/detail/low_cmd__struct.h
[4.514s] -- Installing: /home/arepo/vsss_sim/bullet_ws/install/sim_msgs/include/sim_msgs/sim_msgs/msg/detail/obj_data__functions.h
[4.514s] -- Installing: /home/arepo/vsss_sim/bullet_ws/install/sim_msgs/include/sim_msgs/sim_msgs/msg/detail/settings__struct.h
[4.514s] -- Installing: /home/arepo/vsss_sim/bullet_ws/install/sim_msgs/include/sim_msgs/sim_msgs/msg/detail/low_cmd__type_support.h
[4.514s] -- Installing: /home/arepo/vsss_sim/bullet_ws/install/sim_msgs/include/sim_msgs/sim_msgs/msg/detail/high_cmd__struct.h
[4.514s] -- Installing: /home/arepo/vsss_sim/bullet_ws/install/sim_msgs/include/sim_msgs/sim_msgs/msg/detail/high_cmd__functions.c
[4.514s] -- Installing: /home/arepo/vsss_sim/bullet_ws/install/sim_msgs/include/sim_msgs/sim_msgs/msg/detail/field_data__functions.c
[4.515s] -- Installing: /home/arepo/vsss_sim/bullet_ws/install/sim_msgs/include/sim_msgs/sim_msgs/msg/detail/obj_data__struct.h
[4.515s] -- Installing: /home/arepo/vsss_sim/bullet_ws/install/sim_msgs/include/sim_msgs/sim_msgs/msg/detail/settings__type_support.h
[4.515s] -- Installing: /home/arepo/vsss_sim/bullet_ws/install/sim_msgs/include/sim_msgs/sim_msgs/msg/detail/settings__functions.c
[4.515s] -- Installing: /home/arepo/vsss_sim/bullet_ws/install/sim_msgs/include/sim_msgs/sim_msgs/msg/detail/settings__functions.h
[4.515s] -- Installing: /home/arepo/vsss_sim/bullet_ws/install/sim_msgs/include/sim_msgs/sim_msgs/msg/detail/high_cmd__type_support.h
[4.515s] -- Installing: /home/arepo/vsss_sim/bullet_ws/install/sim_msgs/include/sim_msgs/sim_msgs/msg/detail/field_data__type_support.h
[4.515s] -- Installing: /home/arepo/vsss_sim/bullet_ws/install/sim_msgs/include/sim_msgs/sim_msgs/msg/detail/field_data__struct.h
[4.515s] -- Installing: /home/arepo/vsss_sim/bullet_ws/install/sim_msgs/include/sim_msgs/sim_msgs/msg/detail/low_cmd__functions.c
[4.516s] -- Installing: /home/arepo/vsss_sim/bullet_ws/install/sim_msgs/include/sim_msgs/sim_msgs/msg/detail/obj_data__type_support.h
[4.516s] -- Installing: /home/arepo/vsss_sim/bullet_ws/install/sim_msgs/include/sim_msgs/sim_msgs/msg/detail/field_data__functions.h
[4.516s] -- Installing: /home/arepo/vsss_sim/bullet_ws/install/sim_msgs/include/sim_msgs/sim_msgs/msg/detail/obj_data__functions.c
[4.516s] -- Installing: /home/arepo/vsss_sim/bullet_ws/install/sim_msgs/include/sim_msgs/sim_msgs/msg/obj_data.h
[4.516s] -- Installing: /home/arepo/vsss_sim/bullet_ws/install/sim_msgs/include/sim_msgs/sim_msgs/msg/settings.h
[4.516s] -- Up-to-date: /home/arepo/vsss_sim/bullet_ws/install/sim_msgs/include/sim_msgs/sim_msgs/msg/rosidl_generator_c__visibility_control.h
[4.516s] -- Up-to-date: /home/arepo/vsss_sim/bullet_ws/install/sim_msgs/share/sim_msgs/environment/library_path.sh
[4.517s] -- Installing: /home/arepo/vsss_sim/bullet_ws/install/sim_msgs/share/sim_msgs/environment/library_path.dsv
[4.517s] -- Installing: /home/arepo/vsss_sim/bullet_ws/install/sim_msgs/lib/libsim_msgs__rosidl_generator_c.so
[4.517s] -- Set non-toolchain portion of runtime path of "/home/arepo/vsss_sim/bullet_ws/install/sim_msgs/lib/libsim_msgs__rosidl_generator_c.so" to ""
[4.517s] -- Up-to-date: /home/arepo/vsss_sim/bullet_ws/install/sim_msgs/include/sim_msgs/sim_msgs
[4.517s] -- Up-to-date: /home/arepo/vsss_sim/bullet_ws/install/sim_msgs/include/sim_msgs/sim_msgs/srv
[4.517s] -- Up-to-date: /home/arepo/vsss_sim/bullet_ws/install/sim_msgs/include/sim_msgs/sim_msgs/srv/detail
[4.517s] -- Installing: /home/arepo/vsss_sim/bullet_ws/install/sim_msgs/include/sim_msgs/sim_msgs/srv/detail/controller__rosidl_typesupport_fastrtps_c.h
[4.517s] -- Up-to-date: /home/arepo/vsss_sim/bullet_ws/install/sim_msgs/include/sim_msgs/sim_msgs/msg
[4.517s] -- Up-to-date: /home/arepo/vsss_sim/bullet_ws/install/sim_msgs/include/sim_msgs/sim_msgs/msg/rosidl_typesupport_fastrtps_c__visibility_control.h
[4.517s] -- Up-to-date: /home/arepo/vsss_sim/bullet_ws/install/sim_msgs/include/sim_msgs/sim_msgs/msg/detail
[4.518s] -- Installing: /home/arepo/vsss_sim/bullet_ws/install/sim_msgs/include/sim_msgs/sim_msgs/msg/detail/field_data__rosidl_typesupport_fastrtps_c.h
[4.518s] -- Installing: /home/arepo/vsss_sim/bullet_ws/install/sim_msgs/include/sim_msgs/sim_msgs/msg/detail/obj_data__rosidl_typesupport_fastrtps_c.h
[4.518s] -- Installing: /home/arepo/vsss_sim/bullet_ws/install/sim_msgs/include/sim_msgs/sim_msgs/msg/detail/low_cmd__rosidl_typesupport_fastrtps_c.h
[4.518s] -- Installing: /home/arepo/vsss_sim/bullet_ws/install/sim_msgs/include/sim_msgs/sim_msgs/msg/detail/high_cmd__rosidl_typesupport_fastrtps_c.h
[4.518s] -- Installing: /home/arepo/vsss_sim/bullet_ws/install/sim_msgs/include/sim_msgs/sim_msgs/msg/detail/settings__rosidl_typesupport_fastrtps_c.h
[4.518s] -- Installing: /home/arepo/vsss_sim/bullet_ws/install/sim_msgs/lib/libsim_msgs__rosidl_typesupport_fastrtps_c.so
[4.519s] -- Set non-toolchain portion of runtime path of "/home/arepo/vsss_sim/bullet_ws/install/sim_msgs/lib/libsim_msgs__rosidl_typesupport_fastrtps_c.so" to ""
[4.519s] -- Up-to-date: /home/arepo/vsss_sim/bullet_ws/install/sim_msgs/include/sim_msgs/sim_msgs
[4.519s] -- Up-to-date: /home/arepo/vsss_sim/bullet_ws/install/sim_msgs/include/sim_msgs/sim_msgs/srv
[4.519s] -- Up-to-date: /home/arepo/vsss_sim/bullet_ws/install/sim_msgs/include/sim_msgs/sim_msgs/srv/detail
[4.519s] -- Installing: /home/arepo/vsss_sim/bullet_ws/install/sim_msgs/include/sim_msgs/sim_msgs/srv/detail/controller__type_support.c
[4.519s] -- Installing: /home/arepo/vsss_sim/bullet_ws/install/sim_msgs/include/sim_msgs/sim_msgs/srv/detail/controller__rosidl_typesupport_introspection_c.h
[4.519s] -- Up-to-date: /home/arepo/vsss_sim/bullet_ws/install/sim_msgs/include/sim_msgs/sim_msgs/msg
[4.519s] -- Up-to-date: /home/arepo/vsss_sim/bullet_ws/install/sim_msgs/include/sim_msgs/sim_msgs/msg/rosidl_typesupport_introspection_c__visibility_control.h
[4.519s] -- Up-to-date: /home/arepo/vsss_sim/bullet_ws/install/sim_msgs/include/sim_msgs/sim_msgs/msg/detail
[4.519s] -- Installing: /home/arepo/vsss_sim/bullet_ws/install/sim_msgs/include/sim_msgs/sim_msgs/msg/detail/high_cmd__rosidl_typesupport_introspection_c.h
[4.519s] -- Installing: /home/arepo/vsss_sim/bullet_ws/install/sim_msgs/include/sim_msgs/sim_msgs/msg/detail/field_data__type_support.c
[4.519s] -- Installing: /home/arepo/vsss_sim/bullet_ws/install/sim_msgs/include/sim_msgs/sim_msgs/msg/detail/obj_data__type_support.c
[4.520s] -- Installing: /home/arepo/vsss_sim/bullet_ws/install/sim_msgs/include/sim_msgs/sim_msgs/msg/detail/low_cmd__rosidl_typesupport_introspection_c.h
[4.520s] -- Installing: /home/arepo/vsss_sim/bullet_ws/install/sim_msgs/include/sim_msgs/sim_msgs/msg/detail/high_cmd__type_support.c
[4.520s] -- Installing: /home/arepo/vsss_sim/bullet_ws/install/sim_msgs/include/sim_msgs/sim_msgs/msg/detail/settings__rosidl_typesupport_introspection_c.h
[4.520s] -- Installing: /home/arepo/vsss_sim/bullet_ws/install/sim_msgs/include/sim_msgs/sim_msgs/msg/detail/field_data__rosidl_typesupport_introspection_c.h
[4.520s] -- Installing: /home/arepo/vsss_sim/bullet_ws/install/sim_msgs/include/sim_msgs/sim_msgs/msg/detail/low_cmd__type_support.c
[4.520s] -- Installing: /home/arepo/vsss_sim/bullet_ws/install/sim_msgs/include/sim_msgs/sim_msgs/msg/detail/settings__type_support.c
[4.520s] -- Installing: /home/arepo/vsss_sim/bullet_ws/install/sim_msgs/include/sim_msgs/sim_msgs/msg/detail/obj_data__rosidl_typesupport_introspection_c.h
[4.521s] -- Installing: /home/arepo/vsss_sim/bullet_ws/install/sim_msgs/lib/libsim_msgs__rosidl_typesupport_introspection_c.so
[4.521s] -- Set non-toolchain portion of runtime path of "/home/arepo/vsss_sim/bullet_ws/install/sim_msgs/lib/libsim_msgs__rosidl_typesupport_introspection_c.so" to ""
[4.521s] -- Installing: /home/arepo/vsss_sim/bullet_ws/install/sim_msgs/lib/libsim_msgs__rosidl_typesupport_c.so
[4.521s] -- Set non-toolchain portion of runtime path of "/home/arepo/vsss_sim/bullet_ws/install/sim_msgs/lib/libsim_msgs__rosidl_typesupport_c.so" to ""
[4.521s] -- Up-to-date: /home/arepo/vsss_sim/bullet_ws/install/sim_msgs/include/sim_msgs/sim_msgs
[4.522s] -- Up-to-date: /home/arepo/vsss_sim/bullet_ws/install/sim_msgs/include/sim_msgs/sim_msgs/srv
[4.522s] -- Up-to-date: /home/arepo/vsss_sim/bullet_ws/install/sim_msgs/include/sim_msgs/sim_msgs/srv/detail
[4.522s] -- Installing: /home/arepo/vsss_sim/bullet_ws/install/sim_msgs/include/sim_msgs/sim_msgs/srv/detail/controller__struct.hpp
[4.522s] -- Installing: /home/arepo/vsss_sim/bullet_ws/install/sim_msgs/include/sim_msgs/sim_msgs/srv/detail/controller__traits.hpp
[4.522s] -- Installing: /home/arepo/vsss_sim/bullet_ws/install/sim_msgs/include/sim_msgs/sim_msgs/srv/detail/controller__type_support.hpp
[4.522s] -- Installing: /home/arepo/vsss_sim/bullet_ws/install/sim_msgs/include/sim_msgs/sim_msgs/srv/detail/controller__builder.hpp
[4.522s] -- Installing: /home/arepo/vsss_sim/bullet_ws/install/sim_msgs/include/sim_msgs/sim_msgs/srv/controller.hpp
[4.522s] -- Up-to-date: /home/arepo/vsss_sim/bullet_ws/install/sim_msgs/include/sim_msgs/sim_msgs/msg
[4.522s] -- Installing: /home/arepo/vsss_sim/bullet_ws/install/sim_msgs/include/sim_msgs/sim_msgs/msg/low_cmd.hpp
[4.522s] -- Up-to-date: /home/arepo/vsss_sim/bullet_ws/install/sim_msgs/include/sim_msgs/sim_msgs/msg/detail
[4.522s] -- Installing: /home/arepo/vsss_sim/bullet_ws/install/sim_msgs/include/sim_msgs/sim_msgs/msg/detail/low_cmd__type_support.hpp
[4.523s] -- Installing: /home/arepo/vsss_sim/bullet_ws/install/sim_msgs/include/sim_msgs/sim_msgs/msg/detail/settings__type_support.hpp
[4.523s] -- Installing: /home/arepo/vsss_sim/bullet_ws/install/sim_msgs/include/sim_msgs/sim_msgs/msg/detail/high_cmd__type_support.hpp
[4.523s] -- Installing: /home/arepo/vsss_sim/bullet_ws/install/sim_msgs/include/sim_msgs/sim_msgs/msg/detail/obj_data__traits.hpp
[4.523s] -- Installing: /home/arepo/vsss_sim/bullet_ws/install/sim_msgs/include/sim_msgs/sim_msgs/msg/detail/low_cmd__traits.hpp
[4.523s] -- Installing: /home/arepo/vsss_sim/bullet_ws/install/sim_msgs/include/sim_msgs/sim_msgs/msg/detail/high_cmd__struct.hpp
[4.523s] -- Installing: /home/arepo/vsss_sim/bullet_ws/install/sim_msgs/include/sim_msgs/sim_msgs/msg/detail/field_data__traits.hpp
[4.523s] -- Installing: /home/arepo/vsss_sim/bullet_ws/install/sim_msgs/include/sim_msgs/sim_msgs/msg/detail/settings__builder.hpp
[4.524s] -- Installing: /home/arepo/vsss_sim/bullet_ws/install/sim_msgs/include/sim_msgs/sim_msgs/msg/detail/low_cmd__builder.hpp
[4.524s] -- Installing: /home/arepo/vsss_sim/bullet_ws/install/sim_msgs/include/sim_msgs/sim_msgs/msg/detail/field_data__type_support.hpp
[4.524s] -- Installing: /home/arepo/vsss_sim/bullet_ws/install/sim_msgs/include/sim_msgs/sim_msgs/msg/detail/obj_data__struct.hpp
[4.524s] -- Installing: /home/arepo/vsss_sim/bullet_ws/install/sim_msgs/include/sim_msgs/sim_msgs/msg/detail/low_cmd__struct.hpp
[4.524s] -- Installing: /home/arepo/vsss_sim/bullet_ws/install/sim_msgs/include/sim_msgs/sim_msgs/msg/detail/obj_data__builder.hpp
[4.524s] -- Installing: /home/arepo/vsss_sim/bullet_ws/install/sim_msgs/include/sim_msgs/sim_msgs/msg/detail/obj_data__type_support.hpp
[4.524s] -- Installing: /home/arepo/vsss_sim/bullet_ws/install/sim_msgs/include/sim_msgs/sim_msgs/msg/detail/field_data__builder.hpp
[4.525s] -- Installing: /home/arepo/vsss_sim/bullet_ws/install/sim_msgs/include/sim_msgs/sim_msgs/msg/detail/high_cmd__traits.hpp
[4.525s] -- Installing: /home/arepo/vsss_sim/bullet_ws/install/sim_msgs/include/sim_msgs/sim_msgs/msg/detail/high_cmd__builder.hpp
[4.525s] -- Installing: /home/arepo/vsss_sim/bullet_ws/install/sim_msgs/include/sim_msgs/sim_msgs/msg/detail/field_data__struct.hpp
[4.525s] -- Installing: /home/arepo/vsss_sim/bullet_ws/install/sim_msgs/include/sim_msgs/sim_msgs/msg/detail/settings__struct.hpp
[4.525s] -- Installing: /home/arepo/vsss_sim/bullet_ws/install/sim_msgs/include/sim_msgs/sim_msgs/msg/detail/settings__traits.hpp
[4.525s] -- Installing: /home/arepo/vsss_sim/bullet_ws/install/sim_msgs/include/sim_msgs/sim_msgs/msg/high_cmd.hpp
[4.525s] -- Up-to-date: /home/arepo/vsss_sim/bullet_ws/install/sim_msgs/include/sim_msgs/sim_msgs/msg/rosidl_generator_cpp__visibility_control.hpp
[4.525s] -- Installing: /home/arepo/vsss_sim/bullet_ws/install/sim_msgs/include/sim_msgs/sim_msgs/msg/field_data.hpp
[4.525s] -- Installing: /home/arepo/vsss_sim/bullet_ws/install/sim_msgs/include/sim_msgs/sim_msgs/msg/obj_data.hpp
[4.526s] -- Installing: /home/arepo/vsss_sim/bullet_ws/install/sim_msgs/include/sim_msgs/sim_msgs/msg/settings.hpp
[4.526s] -- Up-to-date: /home/arepo/vsss_sim/bullet_ws/install/sim_msgs/include/sim_msgs/sim_msgs
[4.526s] -- Up-to-date: /home/arepo/vsss_sim/bullet_ws/install/sim_msgs/include/sim_msgs/sim_msgs/srv
[4.526s] -- Up-to-date: /home/arepo/vsss_sim/bullet_ws/install/sim_msgs/include/sim_msgs/sim_msgs/srv/detail
[4.526s] -- Up-to-date: /home/arepo/vsss_sim/bullet_ws/install/sim_msgs/include/sim_msgs/sim_msgs/srv/detail/dds_fastrtps
[4.526s] -- Installing: /home/arepo/vsss_sim/bullet_ws/install/sim_msgs/include/sim_msgs/sim_msgs/srv/detail/controller__rosidl_typesupport_fastrtps_cpp.hpp
[4.526s] -- Up-to-date: /home/arepo/vsss_sim/bullet_ws/install/sim_msgs/include/sim_msgs/sim_msgs/msg
[4.526s] -- Up-to-date: /home/arepo/vsss_sim/bullet_ws/install/sim_msgs/include/sim_msgs/sim_msgs/msg/detail
[4.526s] -- Installing: /home/arepo/vsss_sim/bullet_ws/install/sim_msgs/include/sim_msgs/sim_msgs/msg/detail/settings__rosidl_typesupport_fastrtps_cpp.hpp
[4.526s] -- Up-to-date: /home/arepo/vsss_sim/bullet_ws/install/sim_msgs/include/sim_msgs/sim_msgs/msg/detail/dds_fastrtps
[4.526s] -- Installing: /home/arepo/vsss_sim/bullet_ws/install/sim_msgs/include/sim_msgs/sim_msgs/msg/detail/field_data__rosidl_typesupport_fastrtps_cpp.hpp
[4.526s] -- Installing: /home/arepo/vsss_sim/bullet_ws/install/sim_msgs/include/sim_msgs/sim_msgs/msg/detail/obj_data__rosidl_typesupport_fastrtps_cpp.hpp
[4.527s] -- Installing: /home/arepo/vsss_sim/bullet_ws/install/sim_msgs/include/sim_msgs/sim_msgs/msg/detail/high_cmd__rosidl_typesupport_fastrtps_cpp.hpp
[4.527s] -- Installing: /home/arepo/vsss_sim/bullet_ws/install/sim_msgs/include/sim_msgs/sim_msgs/msg/detail/low_cmd__rosidl_typesupport_fastrtps_cpp.hpp
[4.527s] -- Up-to-date: /home/arepo/vsss_sim/bullet_ws/install/sim_msgs/include/sim_msgs/sim_msgs/msg/rosidl_typesupport_fastrtps_cpp__visibility_control.h
[4.531s] -- Installing: /home/arepo/vsss_sim/bullet_ws/install/sim_msgs/lib/libsim_msgs__rosidl_typesupport_fastrtps_cpp.so
[4.532s] -- Set non-toolchain portion of runtime path of "/home/arepo/vsss_sim/bullet_ws/install/sim_msgs/lib/libsim_msgs__rosidl_typesupport_fastrtps_cpp.so" to ""
[4.532s] -- Up-to-date: /home/arepo/vsss_sim/bullet_ws/install/sim_msgs/include/sim_msgs/sim_msgs
[4.532s] -- Up-to-date: /home/arepo/vsss_sim/bullet_ws/install/sim_msgs/include/sim_msgs/sim_msgs/srv
[4.532s] -- Up-to-date: /home/arepo/vsss_sim/bullet_ws/install/sim_msgs/include/sim_msgs/sim_msgs/srv/detail
[4.533s] -- Installing: /home/arepo/vsss_sim/bullet_ws/install/sim_msgs/include/sim_msgs/sim_msgs/srv/detail/controller__rosidl_typesupport_introspection_cpp.hpp
[4.533s] -- Installing: /home/arepo/vsss_sim/bullet_ws/install/sim_msgs/include/sim_msgs/sim_msgs/srv/detail/controller__type_support.cpp
[4.533s] -- Up-to-date: /home/arepo/vsss_sim/bullet_ws/install/sim_msgs/include/sim_msgs/sim_msgs/msg
[4.533s] -- Up-to-date: /home/arepo/vsss_sim/bullet_ws/install/sim_msgs/include/sim_msgs/sim_msgs/msg/detail
[4.533s] -- Installing: /home/arepo/vsss_sim/bullet_ws/install/sim_msgs/include/sim_msgs/sim_msgs/msg/detail/high_cmd__type_support.cpp
[4.533s] -- Installing: /home/arepo/vsss_sim/bullet_ws/install/sim_msgs/include/sim_msgs/sim_msgs/msg/detail/high_cmd__rosidl_typesupport_introspection_cpp.hpp
[4.533s] -- Installing: /home/arepo/vsss_sim/bullet_ws/install/sim_msgs/include/sim_msgs/sim_msgs/msg/detail/field_data__rosidl_typesupport_introspection_cpp.hpp
[4.533s] -- Installing: /home/arepo/vsss_sim/bullet_ws/install/sim_msgs/include/sim_msgs/sim_msgs/msg/detail/field_data__type_support.cpp
[4.533s] -- Installing: /home/arepo/vsss_sim/bullet_ws/install/sim_msgs/include/sim_msgs/sim_msgs/msg/detail/settings__rosidl_typesupport_introspection_cpp.hpp
[4.534s] -- Installing: /home/arepo/vsss_sim/bullet_ws/install/sim_msgs/include/sim_msgs/sim_msgs/msg/detail/low_cmd__type_support.cpp
[4.534s] -- Installing: /home/arepo/vsss_sim/bullet_ws/install/sim_msgs/include/sim_msgs/sim_msgs/msg/detail/obj_data__rosidl_typesupport_introspection_cpp.hpp
[4.534s] -- Installing: /home/arepo/vsss_sim/bullet_ws/install/sim_msgs/include/sim_msgs/sim_msgs/msg/detail/low_cmd__rosidl_typesupport_introspection_cpp.hpp
[4.534s] -- Installing: /home/arepo/vsss_sim/bullet_ws/install/sim_msgs/include/sim_msgs/sim_msgs/msg/detail/settings__type_support.cpp
[4.534s] -- Installing: /home/arepo/vsss_sim/bullet_ws/install/sim_msgs/include/sim_msgs/sim_msgs/msg/detail/obj_data__type_support.cpp
[4.539s] -- Installing: /home/arepo/vsss_sim/bullet_ws/install/sim_msgs/lib/libsim_msgs__rosidl_typesupport_introspection_cpp.so
[4.540s] -- Set non-toolchain portion of runtime path of "/home/arepo/vsss_sim/bullet_ws/install/sim_msgs/lib/libsim_msgs__rosidl_typesupport_introspection_cpp.so" to ""
[4.544s] -- Installing: /home/arepo/vsss_sim/bullet_ws/install/sim_msgs/lib/libsim_msgs__rosidl_typesupport_cpp.so
[4.545s] -- Set non-toolchain portion of runtime path of "/home/arepo/vsss_sim/bullet_ws/install/sim_msgs/lib/libsim_msgs__rosidl_typesupport_cpp.so" to ""
[4.545s] -- Up-to-date: /home/arepo/vsss_sim/bullet_ws/install/sim_msgs/share/sim_msgs/environment/pythonpath.sh
[4.545s] -- Installing: /home/arepo/vsss_sim/bullet_ws/install/sim_msgs/share/sim_msgs/environment/pythonpath.dsv
[4.545s] -- Up-to-date: /home/arepo/vsss_sim/bullet_ws/install/sim_msgs/local/lib/python3.10/dist-packages/sim_msgs-0.0.0-py3.10.egg-info
[4.545s] -- Installing: /home/arepo/vsss_sim/bullet_ws/install/sim_msgs/local/lib/python3.10/dist-packages/sim_msgs-0.0.0-py3.10.egg-info/PKG-INFO
[4.545s] -- Installing: /home/arepo/vsss_sim/bullet_ws/install/sim_msgs/local/lib/python3.10/dist-packages/sim_msgs-0.0.0-py3.10.egg-info/dependency_links.txt
[4.545s] -- Installing: /home/arepo/vsss_sim/bullet_ws/install/sim_msgs/local/lib/python3.10/dist-packages/sim_msgs-0.0.0-py3.10.egg-info/top_level.txt
[4.545s] -- Installing: /home/arepo/vsss_sim/bullet_ws/install/sim_msgs/local/lib/python3.10/dist-packages/sim_msgs-0.0.0-py3.10.egg-info/SOURCES.txt
[4.546s] -- Up-to-date: /home/arepo/vsss_sim/bullet_ws/install/sim_msgs/local/lib/python3.10/dist-packages/sim_msgs
[4.546s] -- Installing: /home/arepo/vsss_sim/bullet_ws/install/sim_msgs/local/lib/python3.10/dist-packages/sim_msgs/libsim_msgs__rosidl_generator_py.so
[4.546s] -- Up-to-date: /home/arepo/vsss_sim/bullet_ws/install/sim_msgs/local/lib/python3.10/dist-packages/sim_msgs/srv
[4.546s] -- Installing: /home/arepo/vsss_sim/bullet_ws/install/sim_msgs/local/lib/python3.10/dist-packages/sim_msgs/srv/_controller_s.c
[4.546s] -- Installing: /home/arepo/vsss_sim/bullet_ws/install/sim_msgs/local/lib/python3.10/dist-packages/sim_msgs/srv/__init__.py
[4.546s] -- Installing: /home/arepo/vsss_sim/bullet_ws/install/sim_msgs/local/lib/python3.10/dist-packages/sim_msgs/srv/_controller.py
[4.546s] -- Up-to-date: /home/arepo/vsss_sim/bullet_ws/install/sim_msgs/local/lib/python3.10/dist-packages/sim_msgs/msg
[4.546s] -- Installing: /home/arepo/vsss_sim/bullet_ws/install/sim_msgs/local/lib/python3.10/dist-packages/sim_msgs/msg/_low_cmd.py
[4.546s] -- Installing: /home/arepo/vsss_sim/bullet_ws/install/sim_msgs/local/lib/python3.10/dist-packages/sim_msgs/msg/_obj_data.py
[4.546s] -- Installing: /home/arepo/vsss_sim/bullet_ws/install/sim_msgs/local/lib/python3.10/dist-packages/sim_msgs/msg/_obj_data_s.c
[4.546s] -- Installing: /home/arepo/vsss_sim/bullet_ws/install/sim_msgs/local/lib/python3.10/dist-packages/sim_msgs/msg/__init__.py
[4.547s] -- Installing: /home/arepo/vsss_sim/bullet_ws/install/sim_msgs/local/lib/python3.10/dist-packages/sim_msgs/msg/_low_cmd_s.c
[4.547s] -- Installing: /home/arepo/vsss_sim/bullet_ws/install/sim_msgs/local/lib/python3.10/dist-packages/sim_msgs/msg/_settings_s.c
[4.547s] -- Installing: /home/arepo/vsss_sim/bullet_ws/install/sim_msgs/local/lib/python3.10/dist-packages/sim_msgs/msg/_settings.py
[4.547s] -- Installing: /home/arepo/vsss_sim/bullet_ws/install/sim_msgs/local/lib/python3.10/dist-packages/sim_msgs/msg/_field_data_s.c
[4.547s] -- Installing: /home/arepo/vsss_sim/bullet_ws/install/sim_msgs/local/lib/python3.10/dist-packages/sim_msgs/msg/_high_cmd.py
[4.547s] -- Installing: /home/arepo/vsss_sim/bullet_ws/install/sim_msgs/local/lib/python3.10/dist-packages/sim_msgs/msg/_field_data.py
[4.547s] -- Installing: /home/arepo/vsss_sim/bullet_ws/install/sim_msgs/local/lib/python3.10/dist-packages/sim_msgs/msg/_high_cmd_s.c
[4.548s] -- Installing: /home/arepo/vsss_sim/bullet_ws/install/sim_msgs/local/lib/python3.10/dist-packages/sim_msgs/sim_msgs_s__rosidl_typesupport_c.cpython-310-x86_64-linux-gnu.so
[4.548s] -- Installing: /home/arepo/vsss_sim/bullet_ws/install/sim_msgs/local/lib/python3.10/dist-packages/sim_msgs/_sim_msgs_s.ep.rosidl_typesupport_c.c
[4.548s] -- Installing: /home/arepo/vsss_sim/bullet_ws/install/sim_msgs/local/lib/python3.10/dist-packages/sim_msgs/__init__.py
[4.548s] -- Installing: /home/arepo/vsss_sim/bullet_ws/install/sim_msgs/local/lib/python3.10/dist-packages/sim_msgs/_sim_msgs_s.ep.rosidl_typesupport_fastrtps_c.c
[4.548s] -- Installing: /home/arepo/vsss_sim/bullet_ws/install/sim_msgs/local/lib/python3.10/dist-packages/sim_msgs/sim_msgs_s__rosidl_typesupport_introspection_c.cpython-310-x86_64-linux-gnu.so
[4.549s] -- Installing: /home/arepo/vsss_sim/bullet_ws/install/sim_msgs/local/lib/python3.10/dist-packages/sim_msgs/sim_msgs_s__rosidl_typesupport_fastrtps_c.cpython-310-x86_64-linux-gnu.so
[4.549s] -- Installing: /home/arepo/vsss_sim/bullet_ws/install/sim_msgs/local/lib/python3.10/dist-packages/sim_msgs/_sim_msgs_s.ep.rosidl_typesupport_introspection_c.c
[4.585s] Listing '/home/arepo/vsss_sim/bullet_ws/install/sim_msgs/local/lib/python3.10/dist-packages/sim_msgs'...
[4.585s] Compiling '/home/arepo/vsss_sim/bullet_ws/install/sim_msgs/local/lib/python3.10/dist-packages/sim_msgs/__init__.py'...
[4.585s] Listing '/home/arepo/vsss_sim/bullet_ws/install/sim_msgs/local/lib/python3.10/dist-packages/sim_msgs/msg'...
[4.585s] Compiling '/home/arepo/vsss_sim/bullet_ws/install/sim_msgs/local/lib/python3.10/dist-packages/sim_msgs/msg/__init__.py'...
[4.586s] Compiling '/home/arepo/vsss_sim/bullet_ws/install/sim_msgs/local/lib/python3.10/dist-packages/sim_msgs/msg/_field_data.py'...
[4.586s] Compiling '/home/arepo/vsss_sim/bullet_ws/install/sim_msgs/local/lib/python3.10/dist-packages/sim_msgs/msg/_high_cmd.py'...
[4.586s] Compiling '/home/arepo/vsss_sim/bullet_ws/install/sim_msgs/local/lib/python3.10/dist-packages/sim_msgs/msg/_low_cmd.py'...
[4.586s] Compiling '/home/arepo/vsss_sim/bullet_ws/install/sim_msgs/local/lib/python3.10/dist-packages/sim_msgs/msg/_obj_data.py'...
[4.586s] Compiling '/home/arepo/vsss_sim/bullet_ws/install/sim_msgs/local/lib/python3.10/dist-packages/sim_msgs/msg/_settings.py'...
[4.586s] Listing '/home/arepo/vsss_sim/bullet_ws/install/sim_msgs/local/lib/python3.10/dist-packages/sim_msgs/srv'...
[4.586s] Compiling '/home/arepo/vsss_sim/bullet_ws/install/sim_msgs/local/lib/python3.10/dist-packages/sim_msgs/srv/__init__.py'...
[4.586s] Compiling '/home/arepo/vsss_sim/bullet_ws/install/sim_msgs/local/lib/python3.10/dist-packages/sim_msgs/srv/_controller.py'...
[4.590s] -- Installing: /home/arepo/vsss_sim/bullet_ws/install/sim_msgs/local/lib/python3.10/dist-packages/sim_msgs/sim_msgs_s__rosidl_typesupport_fastrtps_c.cpython-310-x86_64-linux-gnu.so
[4.590s] -- Set non-toolchain portion of runtime path of "/home/arepo/vsss_sim/bullet_ws/install/sim_msgs/local/lib/python3.10/dist-packages/sim_msgs/sim_msgs_s__rosidl_typesupport_fastrtps_c.cpython-310-x86_64-linux-gnu.so" to ""
[4.590s] -- Installing: /home/arepo/vsss_sim/bullet_ws/install/sim_msgs/local/lib/python3.10/dist-packages/sim_msgs/sim_msgs_s__rosidl_typesupport_introspection_c.cpython-310-x86_64-linux-gnu.so
[4.591s] -- Set non-toolchain portion of runtime path of "/home/arepo/vsss_sim/bullet_ws/install/sim_msgs/local/lib/python3.10/dist-packages/sim_msgs/sim_msgs_s__rosidl_typesupport_introspection_c.cpython-310-x86_64-linux-gnu.so" to ""
[4.591s] -- Installing: /home/arepo/vsss_sim/bullet_ws/install/sim_msgs/local/lib/python3.10/dist-packages/sim_msgs/sim_msgs_s__rosidl_typesupport_c.cpython-310-x86_64-linux-gnu.so
[4.591s] -- Set non-toolchain portion of runtime path of "/home/arepo/vsss_sim/bullet_ws/install/sim_msgs/local/lib/python3.10/dist-packages/sim_msgs/sim_msgs_s__rosidl_typesupport_c.cpython-310-x86_64-linux-gnu.so" to ""
[4.591s] -- Installing: /home/arepo/vsss_sim/bullet_ws/install/sim_msgs/lib/libsim_msgs__rosidl_generator_py.so
[4.592s] -- Set non-toolchain portion of runtime path of "/home/arepo/vsss_sim/bullet_ws/install/sim_msgs/lib/libsim_msgs__rosidl_generator_py.so" to ""
[4.592s] -- Up-to-date: /home/arepo/vsss_sim/bullet_ws/install/sim_msgs/share/sim_msgs/msg/LowCmd.idl
[4.592s] -- Up-to-date: /home/arepo/vsss_sim/bullet_ws/install/sim_msgs/share/sim_msgs/msg/HighCmd.idl
[4.592s] -- Up-to-date: /home/arepo/vsss_sim/bullet_ws/install/sim_msgs/share/sim_msgs/msg/ObjData.idl
[4.592s] -- Up-to-date: /home/arepo/vsss_sim/bullet_ws/install/sim_msgs/share/sim_msgs/msg/FieldData.idl
[4.592s] -- Installing: /home/arepo/vsss_sim/bullet_ws/install/sim_msgs/share/sim_msgs/msg/Settings.idl
[4.592s] -- Up-to-date: /home/arepo/vsss_sim/bullet_ws/install/sim_msgs/share/sim_msgs/srv/Controller.idl
[4.592s] -- Up-to-date: /home/arepo/vsss_sim/bullet_ws/install/sim_msgs/share/sim_msgs/msg/LowCmd.msg
[4.592s] -- Up-to-date: /home/arepo/vsss_sim/bullet_ws/install/sim_msgs/share/sim_msgs/msg/HighCmd.msg
[4.592s] -- Up-to-date: /home/arepo/vsss_sim/bullet_ws/install/sim_msgs/share/sim_msgs/msg/ObjData.msg
[4.592s] -- Up-to-date: /home/arepo/vsss_sim/bullet_ws/install/sim_msgs/share/sim_msgs/msg/FieldData.msg
[4.592s] -- Installing: /home/arepo/vsss_sim/bullet_ws/install/sim_msgs/share/sim_msgs/msg/Settings.msg
[4.592s] -- Up-to-date: /home/arepo/vsss_sim/bullet_ws/install/sim_msgs/share/sim_msgs/srv/Controller.srv
[4.592s] -- Up-to-date: /home/arepo/vsss_sim/bullet_ws/install/sim_msgs/share/sim_msgs/srv/Controller_Request.msg
[4.593s] -- Up-to-date: /home/arepo/vsss_sim/bullet_ws/install/sim_msgs/share/sim_msgs/srv/Controller_Response.msg
[4.593s] -- Up-to-date: /home/arepo/vsss_sim/bullet_ws/install/sim_msgs/share/ament_index/resource_index/package_run_dependencies/sim_msgs
[4.593s] -- Up-to-date: /home/arepo/vsss_sim/bullet_ws/install/sim_msgs/share/ament_index/resource_index/parent_prefix_path/sim_msgs
[4.593s] -- Up-to-date: /home/arepo/vsss_sim/bullet_ws/install/sim_msgs/share/sim_msgs/environment/ament_prefix_path.sh
[4.593s] -- Installing: /home/arepo/vsss_sim/bullet_ws/install/sim_msgs/share/sim_msgs/environment/ament_prefix_path.dsv
[4.593s] -- Up-to-date: /home/arepo/vsss_sim/bullet_ws/install/sim_msgs/share/sim_msgs/environment/path.sh
[4.593s] -- Installing: /home/arepo/vsss_sim/bullet_ws/install/sim_msgs/share/sim_msgs/environment/path.dsv
[4.593s] -- Up-to-date: /home/arepo/vsss_sim/bullet_ws/install/sim_msgs/share/sim_msgs/local_setup.bash
[4.593s] -- Up-to-date: /home/arepo/vsss_sim/bullet_ws/install/sim_msgs/share/sim_msgs/local_setup.sh
[4.593s] -- Up-to-date: /home/arepo/vsss_sim/bullet_ws/install/sim_msgs/share/sim_msgs/local_setup.zsh
[4.593s] -- Installing: /home/arepo/vsss_sim/bullet_ws/install/sim_msgs/share/sim_msgs/local_setup.dsv
[4.593s] -- Installing: /home/arepo/vsss_sim/bullet_ws/install/sim_msgs/share/sim_msgs/package.dsv
[4.593s] -- Up-to-date: /home/arepo/vsss_sim/bullet_ws/install/sim_msgs/share/ament_index/resource_index/packages/sim_msgs
[4.594s] -- Up-to-date: /home/arepo/vsss_sim/bullet_ws/install/sim_msgs/share/sim_msgs/cmake/export_sim_msgs__rosidl_generator_cExport.cmake
[4.594s] -- Up-to-date: /home/arepo/vsss_sim/bullet_ws/install/sim_msgs/share/sim_msgs/cmake/export_sim_msgs__rosidl_generator_cExport-noconfig.cmake
[4.594s] -- Up-to-date: /home/arepo/vsss_sim/bullet_ws/install/sim_msgs/share/sim_msgs/cmake/export_sim_msgs__rosidl_typesupport_fastrtps_cExport.cmake
[4.594s] -- Up-to-date: /home/arepo/vsss_sim/bullet_ws/install/sim_msgs/share/sim_msgs/cmake/export_sim_msgs__rosidl_typesupport_fastrtps_cExport-noconfig.cmake
[4.594s] -- Up-to-date: /home/arepo/vsss_sim/bullet_ws/install/sim_msgs/share/sim_msgs/cmake/sim_msgs__rosidl_typesupport_introspection_cExport.cmake
[4.594s] -- Up-to-date: /home/arepo/vsss_sim/bullet_ws/install/sim_msgs/share/sim_msgs/cmake/sim_msgs__rosidl_typesupport_introspection_cExport-noconfig.cmake
[4.594s] -- Up-to-date: /home/arepo/vsss_sim/bullet_ws/install/sim_msgs/share/sim_msgs/cmake/sim_msgs__rosidl_typesupport_cExport.cmake
[4.594s] -- Up-to-date: /home/arepo/vsss_sim/bullet_ws/install/sim_msgs/share/sim_msgs/cmake/sim_msgs__rosidl_typesupport_cExport-noconfig.cmake
[4.595s] -- Up-to-date: /home/arepo/vsss_sim/bullet_ws/install/sim_msgs/share/sim_msgs/cmake/export_sim_msgs__rosidl_generator_cppExport.cmake
[4.595s] -- Up-to-date: /home/arepo/vsss_sim/bullet_ws/install/sim_msgs/share/sim_msgs/cmake/export_sim_msgs__rosidl_typesupport_fastrtps_cppExport.cmake
[4.595s] -- Up-to-date: /home/arepo/vsss_sim/bullet_ws/install/sim_msgs/share/sim_msgs/cmake/export_sim_msgs__rosidl_typesupport_fastrtps_cppExport-noconfig.cmake
[4.595s] -- Up-to-date: /home/arepo/vsss_sim/bullet_ws/install/sim_msgs/share/sim_msgs/cmake/sim_msgs__rosidl_typesupport_introspection_cppExport.cmake
[4.595s] -- Up-to-date: /home/arepo/vsss_sim/bullet_ws/install/sim_msgs/share/sim_msgs/cmake/sim_msgs__rosidl_typesupport_introspection_cppExport-noconfig.cmake
[4.595s] -- Up-to-date: /home/arepo/vsss_sim/bullet_ws/install/sim_msgs/share/sim_msgs/cmake/sim_msgs__rosidl_typesupport_cppExport.cmake
[4.595s] -- Up-to-date: /home/arepo/vsss_sim/bullet_ws/install/sim_msgs/share/sim_msgs/cmake/sim_msgs__rosidl_typesupport_cppExport-noconfig.cmake
[4.596s] -- Up-to-date: /home/arepo/vsss_sim/bullet_ws/install/sim_msgs/share/sim_msgs/cmake/export_sim_msgs__rosidl_generator_pyExport.cmake
[4.596s] -- Up-to-date: /home/arepo/vsss_sim/bullet_ws/install/sim_msgs/share/sim_msgs/cmake/export_sim_msgs__rosidl_generator_pyExport-noconfig.cmake
[4.596s] -- Up-to-date: /home/arepo/vsss_sim/bullet_ws/install/sim_msgs/share/sim_msgs/cmake/rosidl_cmake-extras.cmake
[4.596s] -- Up-to-date: /home/arepo/vsss_sim/bullet_ws/install/sim_msgs/share/sim_msgs/cmake/ament_cmake_export_include_directories-extras.cmake
[4.596s] -- Up-to-date: /home/arepo/vsss_sim/bullet_ws/install/sim_msgs/share/sim_msgs/cmake/ament_cmake_export_libraries-extras.cmake
[4.596s] -- Up-to-date: /home/arepo/vsss_sim/bullet_ws/install/sim_msgs/share/sim_msgs/cmake/ament_cmake_export_targets-extras.cmake
[4.596s] -- Up-to-date: /home/arepo/vsss_sim/bullet_ws/install/sim_msgs/share/sim_msgs/cmake/rosidl_cmake_export_typesupport_targets-extras.cmake
[4.596s] -- Up-to-date: /home/arepo/vsss_sim/bullet_ws/install/sim_msgs/share/sim_msgs/cmake/ament_cmake_export_dependencies-extras.cmake
[4.596s] -- Up-to-date: /home/arepo/vsss_sim/bullet_ws/install/sim_msgs/share/sim_msgs/cmake/rosidl_cmake_export_typesupport_libraries-extras.cmake
[4.596s] -- Up-to-date: /home/arepo/vsss_sim/bullet_ws/install/sim_msgs/share/sim_msgs/cmake/sim_msgsConfig.cmake
[4.596s] -- Up-to-date: /home/arepo/vsss_sim/bullet_ws/install/sim_msgs/share/sim_msgs/cmake/sim_msgsConfig-version.cmake
[4.596s] -- Up-to-date: /home/arepo/vsss_sim/bullet_ws/install/sim_msgs/share/sim_msgs/package.xml
[4.598s] Invoked command in '/home/arepo/vsss_sim/bullet_ws/build/sim_msgs' returned '0': CMAKE_PREFIX_PATH=${CMAKE_PREFIX_PATH}:/home/arepo/vsss_sim/bullet_ws/install/vision:/home/arepo/vsss_sim/bullet_ws/install/sim:/opt/ros/humble /home/arepo/.local/bin/cmake --install /home/arepo/vsss_sim/bullet_ws/build/sim_msgs
