[0.696s] Invoking command in '/home/arepo/vsss_sim/bullet_ws/src/sim': PYTHONPATH=/home/arepo/vsss_sim/bullet_ws/build/sim/prefix_override:/usr/lib/python3/dist-packages/colcon_core/task/python/colcon_distutils_commands:/home/arepo/vsss_sim/bullet_ws/install/sim/lib/python3.10/site-packages:${PYTHONPATH} /usr/bin/python3 -W ignore:setup.py install is deprecated -W ignore:easy_install command is deprecated setup.py egg_info --egg-base ../../build/sim build --build-base /home/arepo/vsss_sim/bullet_ws/build/sim/build install --record /home/arepo/vsss_sim/bullet_ws/build/sim/install.log --single-version-externally-managed install_data
[0.890s] running egg_info
[0.904s] writing ../../build/sim/sim.egg-info/PKG-INFO
[0.905s] writing dependency_links to ../../build/sim/sim.egg-info/dependency_links.txt
[0.905s] writing entry points to ../../build/sim/sim.egg-info/entry_points.txt
[0.905s] writing requirements to ../../build/sim/sim.egg-info/requires.txt
[0.905s] writing top-level names to ../../build/sim/sim.egg-info/top_level.txt
[0.933s] reading manifest file '../../build/sim/sim.egg-info/SOURCES.txt'
[0.933s] adding license file 'LICENSE'
[0.934s] writing manifest file '../../build/sim/sim.egg-info/SOURCES.txt'
[0.934s] running build
[0.934s] running build_py
[0.935s] copying sim/gui.py -> /home/arepo/vsss_sim/bullet_ws/build/sim/build/lib/sim
[0.935s] running install
[0.938s] running install_lib
[0.953s] copying /home/arepo/vsss_sim/bullet_ws/build/sim/build/lib/sim/gui.py -> /home/arepo/vsss_sim/bullet_ws/install/sim/lib/python3.10/site-packages/sim
[0.953s] byte-compiling /home/arepo/vsss_sim/bullet_ws/install/sim/lib/python3.10/site-packages/sim/gui.py to gui.cpython-310.pyc
[0.954s] running install_data
[0.955s] running install_egg_info
[0.970s] removing '/home/arepo/vsss_sim/bullet_ws/install/sim/lib/python3.10/site-packages/sim-0.0.0-py3.10.egg-info' (and everything under it)
[0.970s] Copying ../../build/sim/sim.egg-info to /home/arepo/vsss_sim/bullet_ws/install/sim/lib/python3.10/site-packages/sim-0.0.0-py3.10.egg-info
[0.971s] running install_scripts
[1.116s] Installing comms script to /home/arepo/vsss_sim/bullet_ws/install/sim/lib/sim
[1.116s] Installing gui script to /home/arepo/vsss_sim/bullet_ws/install/sim/lib/sim
[1.116s] Installing sim script to /home/arepo/vsss_sim/bullet_ws/install/sim/lib/sim
[1.116s] Installing strat script to /home/arepo/vsss_sim/bullet_ws/install/sim/lib/sim
[1.116s] Installing tests script to /home/arepo/vsss_sim/bullet_ws/install/sim/lib/sim
[1.117s] Installing vision script to /home/arepo/vsss_sim/bullet_ws/install/sim/lib/sim
[1.117s] writing list of installed files to '/home/arepo/vsss_sim/bullet_ws/build/sim/install.log'
[1.139s] Invoked command in '/home/arepo/vsss_sim/bullet_ws/src/sim' returned '0': PYTHONPATH=/home/arepo/vsss_sim/bullet_ws/build/sim/prefix_override:/usr/lib/python3/dist-packages/colcon_core/task/python/colcon_distutils_commands:/home/arepo/vsss_sim/bullet_ws/install/sim/lib/python3.10/site-packages:${PYTHONPATH} /usr/bin/python3 -W ignore:setup.py install is deprecated -W ignore:easy_install command is deprecated setup.py egg_info --egg-base ../../build/sim build --build-base /home/arepo/vsss_sim/bullet_ws/build/sim/build install --record /home/arepo/vsss_sim/bullet_ws/build/sim/install.log --single-version-externally-managed install_data
