[0.836s] Invoking command in '/home/arepo/vsss_sim/bullet_ws/src/sim': PYTHONPATH=/home/arepo/vsss_sim/bullet_ws/build/sim/prefix_override:/usr/lib/python3/dist-packages/colcon_core/task/python/colcon_distutils_commands:/home/arepo/vsss_sim/bullet_ws/install/sim/lib/python3.10/site-packages:${PYTHONPATH} /usr/bin/python3 -W ignore:setup.py install is deprecated -W ignore:easy_install command is deprecated setup.py egg_info --egg-base ../../build/sim build --build-base /home/arepo/vsss_sim/bullet_ws/build/sim/build install --record /home/arepo/vsss_sim/bullet_ws/build/sim/install.log --single-version-externally-managed install_data
[1.024s] running egg_info
[1.039s] writing ../../build/sim/sim.egg-info/PKG-INFO
[1.039s] writing dependency_links to ../../build/sim/sim.egg-info/dependency_links.txt
[1.039s] writing entry points to ../../build/sim/sim.egg-info/entry_points.txt
[1.039s] writing requirements to ../../build/sim/sim.egg-info/requires.txt
[1.039s] writing top-level names to ../../build/sim/sim.egg-info/top_level.txt
[1.066s] reading manifest file '../../build/sim/sim.egg-info/SOURCES.txt'
[1.067s] adding license file 'LICENSE'
[1.067s] writing manifest file '../../build/sim/sim.egg-info/SOURCES.txt'
[1.068s] running build
[1.068s] running build_py
[1.068s] copying sim/vision.py -> /home/arepo/vsss_sim/bullet_ws/build/sim/build/lib/sim
[1.068s] running install
[1.072s] running install_lib
[1.086s] copying /home/arepo/vsss_sim/bullet_ws/build/sim/build/lib/sim/vision.py -> /home/arepo/vsss_sim/bullet_ws/install/sim/lib/python3.10/site-packages/sim
[1.086s] byte-compiling /home/arepo/vsss_sim/bullet_ws/install/sim/lib/python3.10/site-packages/sim/vision.py to vision.cpython-310.pyc
[1.091s] running install_data
[1.091s] running install_egg_info
[1.106s] removing '/home/arepo/vsss_sim/bullet_ws/install/sim/lib/python3.10/site-packages/sim-0.0.0-py3.10.egg-info' (and everything under it)
[1.106s] Copying ../../build/sim/sim.egg-info to /home/arepo/vsss_sim/bullet_ws/install/sim/lib/python3.10/site-packages/sim-0.0.0-py3.10.egg-info
[1.107s] running install_scripts
[1.252s] Installing comms script to /home/arepo/vsss_sim/bullet_ws/install/sim/lib/sim
[1.252s] Installing gui script to /home/arepo/vsss_sim/bullet_ws/install/sim/lib/sim
[1.252s] Installing sim script to /home/arepo/vsss_sim/bullet_ws/install/sim/lib/sim
[1.253s] Installing strat script to /home/arepo/vsss_sim/bullet_ws/install/sim/lib/sim
[1.253s] Installing tests script to /home/arepo/vsss_sim/bullet_ws/install/sim/lib/sim
[1.253s] Installing vision script to /home/arepo/vsss_sim/bullet_ws/install/sim/lib/sim
[1.253s] writing list of installed files to '/home/arepo/vsss_sim/bullet_ws/build/sim/install.log'
[1.273s] Invoked command in '/home/arepo/vsss_sim/bullet_ws/src/sim' returned '0': PYTHONPATH=/home/arepo/vsss_sim/bullet_ws/build/sim/prefix_override:/usr/lib/python3/dist-packages/colcon_core/task/python/colcon_distutils_commands:/home/arepo/vsss_sim/bullet_ws/install/sim/lib/python3.10/site-packages:${PYTHONPATH} /usr/bin/python3 -W ignore:setup.py install is deprecated -W ignore:easy_install command is deprecated setup.py egg_info --egg-base ../../build/sim build --build-base /home/arepo/vsss_sim/bullet_ws/build/sim/build install --record /home/arepo/vsss_sim/bullet_ws/build/sim/install.log --single-version-externally-managed install_data
