[0.713s] Invoking command in '/home/arepo/vsss_sim/bullet_ws/src/sim': PYTHONPATH=/home/arepo/vsss_sim/bullet_ws/build/sim/prefix_override:/usr/lib/python3/dist-packages/colcon_core/task/python/colcon_distutils_commands:/home/arepo/vsss_sim/bullet_ws/install/sim/lib/python3.10/site-packages:${PYTHONPATH} /usr/bin/python3 -W ignore:setup.py install is deprecated -W ignore:easy_install command is deprecated setup.py egg_info --egg-base ../../build/sim build --build-base /home/arepo/vsss_sim/bullet_ws/build/sim/build install --record /home/arepo/vsss_sim/bullet_ws/build/sim/install.log --single-version-externally-managed install_data
[0.918s] running egg_info
[0.933s] writing ../../build/sim/sim.egg-info/PKG-INFO
[0.933s] writing dependency_links to ../../build/sim/sim.egg-info/dependency_links.txt
[0.933s] writing entry points to ../../build/sim/sim.egg-info/entry_points.txt
[0.934s] writing requirements to ../../build/sim/sim.egg-info/requires.txt
[0.934s] writing top-level names to ../../build/sim/sim.egg-info/top_level.txt
[0.964s] reading manifest file '../../build/sim/sim.egg-info/SOURCES.txt'
[0.964s] adding license file 'LICENSE'
[0.965s] writing manifest file '../../build/sim/sim.egg-info/SOURCES.txt'
[0.965s] running build
[0.965s] running build_py
[0.965s] copying sim/gui.py -> /home/arepo/vsss_sim/bullet_ws/build/sim/build/lib/sim
[0.965s] copying sim/vision.py -> /home/arepo/vsss_sim/bullet_ws/build/sim/build/lib/sim
[0.966s] running install
[0.970s] running install_lib
[0.985s] copying /home/arepo/vsss_sim/bullet_ws/build/sim/build/lib/sim/gui.py -> /home/arepo/vsss_sim/bullet_ws/install/sim/lib/python3.10/site-packages/sim
[0.986s] copying /home/arepo/vsss_sim/bullet_ws/build/sim/build/lib/sim/vision.py -> /home/arepo/vsss_sim/bullet_ws/install/sim/lib/python3.10/site-packages/sim
[0.986s] byte-compiling /home/arepo/vsss_sim/bullet_ws/install/sim/lib/python3.10/site-packages/sim/gui.py to gui.cpython-310.pyc
[0.987s]   File "/home/arepo/vsss_sim/bullet_ws/install/sim/lib/python3.10/site-packages/sim/gui.py", line 85
[0.987s]     exposure_label.pack(anchor=tk.CENTER)x
[0.987s]                                          ^
[0.988s] SyntaxError: invalid syntax
[0.988s] 
[0.988s] byte-compiling /home/arepo/vsss_sim/bullet_ws/install/sim/lib/python3.10/site-packages/sim/vision.py to vision.cpython-310.pyc
[0.993s]   File "/home/arepo/vsss_sim/bullet_ws/install/sim/lib/python3.10/site-packages/sim/vision.py", line 545
[0.993s]     "y": 999.
[0.994s]          ^^
[0.994s] SyntaxError: invalid syntax. Perhaps you forgot a comma?
[0.994s] 
[0.994s] running install_data
[0.994s] running install_egg_info
[1.010s] removing '/home/arepo/vsss_sim/bullet_ws/install/sim/lib/python3.10/site-packages/sim-0.0.0-py3.10.egg-info' (and everything under it)
[1.011s] Copying ../../build/sim/sim.egg-info to /home/arepo/vsss_sim/bullet_ws/install/sim/lib/python3.10/site-packages/sim-0.0.0-py3.10.egg-info
[1.011s] running install_scripts
[1.168s] Installing comms script to /home/arepo/vsss_sim/bullet_ws/install/sim/lib/sim
[1.168s] Installing gui script to /home/arepo/vsss_sim/bullet_ws/install/sim/lib/sim
[1.168s] Installing sim script to /home/arepo/vsss_sim/bullet_ws/install/sim/lib/sim
[1.168s] Installing strat script to /home/arepo/vsss_sim/bullet_ws/install/sim/lib/sim
[1.168s] Installing tests script to /home/arepo/vsss_sim/bullet_ws/install/sim/lib/sim
[1.168s] Installing vision script to /home/arepo/vsss_sim/bullet_ws/install/sim/lib/sim
[1.169s] writing list of installed files to '/home/arepo/vsss_sim/bullet_ws/build/sim/install.log'
[1.192s] Invoked command in '/home/arepo/vsss_sim/bullet_ws/src/sim' returned '0': PYTHONPATH=/home/arepo/vsss_sim/bullet_ws/build/sim/prefix_override:/usr/lib/python3/dist-packages/colcon_core/task/python/colcon_distutils_commands:/home/arepo/vsss_sim/bullet_ws/install/sim/lib/python3.10/site-packages:${PYTHONPATH} /usr/bin/python3 -W ignore:setup.py install is deprecated -W ignore:easy_install command is deprecated setup.py egg_info --egg-base ../../build/sim build --build-base /home/arepo/vsss_sim/bullet_ws/build/sim/build install --record /home/arepo/vsss_sim/bullet_ws/build/sim/install.log --single-version-externally-managed install_data
