[0.877s] Invoking command in '/home/arepo/vsss_sim/bullet_ws/src/vision': PYTHONPATH=/home/arepo/vsss_sim/bullet_ws/build/vision/prefix_override:/usr/lib/python3/dist-packages/colcon_core/task/python/colcon_distutils_commands:/home/arepo/vsss_sim/bullet_ws/install/vision/lib/python3.10/site-packages:${PYTHONPATH} /usr/bin/python3 -W ignore:setup.py install is deprecated -W ignore:easy_install command is deprecated setup.py egg_info --egg-base ../../build/vision build --build-base /home/arepo/vsss_sim/bullet_ws/build/vision/build install --record /home/arepo/vsss_sim/bullet_ws/build/vision/install.log --single-version-externally-managed install_data
[1.073s] running egg_info
[1.087s] writing ../../build/vision/vision.egg-info/PKG-INFO
[1.087s] writing dependency_links to ../../build/vision/vision.egg-info/dependency_links.txt
[1.087s] writing entry points to ../../build/vision/vision.egg-info/entry_points.txt
[1.088s] writing requirements to ../../build/vision/vision.egg-info/requires.txt
[1.088s] writing top-level names to ../../build/vision/vision.egg-info/top_level.txt
[1.117s] reading manifest file '../../build/vision/vision.egg-info/SOURCES.txt'
[1.118s] writing manifest file '../../build/vision/vision.egg-info/SOURCES.txt'
[1.118s] running build
[1.118s] running build_py
[1.118s] running install
[1.122s] running install_lib
[1.137s] running install_data
[1.137s] running install_egg_info
[1.153s] removing '/home/arepo/vsss_sim/bullet_ws/install/vision/lib/python3.10/site-packages/vision-0.0.0-py3.10.egg-info' (and everything under it)
[1.153s] Copying ../../build/vision/vision.egg-info to /home/arepo/vsss_sim/bullet_ws/install/vision/lib/python3.10/site-packages/vision-0.0.0-py3.10.egg-info
[1.154s] running install_scripts
[1.302s] Installing ball_detect script to /home/arepo/vsss_sim/bullet_ws/install/vision/lib/vision
[1.302s] Installing camera_input script to /home/arepo/vsss_sim/bullet_ws/install/vision/lib/vision
[1.302s] Installing image_warp script to /home/arepo/vsss_sim/bullet_ws/install/vision/lib/vision
[1.302s] Installing vision_general script to /home/arepo/vsss_sim/bullet_ws/install/vision/lib/vision
[1.302s] writing list of installed files to '/home/arepo/vsss_sim/bullet_ws/build/vision/install.log'
[1.332s] Invoked command in '/home/arepo/vsss_sim/bullet_ws/src/vision' returned '0': PYTHONPATH=/home/arepo/vsss_sim/bullet_ws/build/vision/prefix_override:/usr/lib/python3/dist-packages/colcon_core/task/python/colcon_distutils_commands:/home/arepo/vsss_sim/bullet_ws/install/vision/lib/python3.10/site-packages:${PYTHONPATH} /usr/bin/python3 -W ignore:setup.py install is deprecated -W ignore:easy_install command is deprecated setup.py egg_info --egg-base ../../build/vision build --build-base /home/arepo/vsss_sim/bullet_ws/build/vision/build install --record /home/arepo/vsss_sim/bullet_ws/build/vision/install.log --single-version-externally-managed install_data
