[0.730s] Invoking command in '/home/arepo/vsss_sim/bullet_ws/src/sim': PYTHONPATH=/home/arepo/vsss_sim/bullet_ws/build/sim/prefix_override:/usr/lib/python3/dist-packages/colcon_core/task/python/colcon_distutils_commands:/home/arepo/vsss_sim/bullet_ws/install/sim/lib/python3.10/site-packages:${PYTHONPATH} /usr/bin/python3 -W ignore:setup.py install is deprecated -W ignore:easy_install command is deprecated setup.py egg_info --egg-base ../../build/sim build --build-base /home/arepo/vsss_sim/bullet_ws/build/sim/build install --record /home/arepo/vsss_sim/bullet_ws/build/sim/install.log --single-version-externally-managed install_data
[0.918s] running egg_info
[0.933s] writing ../../build/sim/sim.egg-info/PKG-INFO
[0.933s] writing dependency_links to ../../build/sim/sim.egg-info/dependency_links.txt
[0.933s] writing entry points to ../../build/sim/sim.egg-info/entry_points.txt
[0.933s] writing requirements to ../../build/sim/sim.egg-info/requires.txt
[0.933s] writing top-level names to ../../build/sim/sim.egg-info/top_level.txt
[0.963s] reading manifest file '../../build/sim/sim.egg-info/SOURCES.txt'
[0.964s] adding license file 'LICENSE'
[0.964s] writing manifest file '../../build/sim/sim.egg-info/SOURCES.txt'
[0.964s] running build
[0.964s] running build_py
[0.965s] running install
[0.968s] running install_lib
[0.983s] running install_data
[0.984s] running install_egg_info
[1.001s] removing '/home/arepo/vsss_sim/bullet_ws/install/sim/lib/python3.10/site-packages/sim-0.0.0-py3.10.egg-info' (and everything under it)
[1.001s] Copying ../../build/sim/sim.egg-info to /home/arepo/vsss_sim/bullet_ws/install/sim/lib/python3.10/site-packages/sim-0.0.0-py3.10.egg-info
[1.002s] running install_scripts
[1.156s] Installing comms script to /home/arepo/vsss_sim/bullet_ws/install/sim/lib/sim
[1.156s] Installing sim script to /home/arepo/vsss_sim/bullet_ws/install/sim/lib/sim
[1.156s] Installing strat script to /home/arepo/vsss_sim/bullet_ws/install/sim/lib/sim
[1.156s] Installing tests script to /home/arepo/vsss_sim/bullet_ws/install/sim/lib/sim
[1.156s] Installing vision script to /home/arepo/vsss_sim/bullet_ws/install/sim/lib/sim
[1.156s] Installing yolo script to /home/arepo/vsss_sim/bullet_ws/install/sim/lib/sim
[1.156s] writing list of installed files to '/home/arepo/vsss_sim/bullet_ws/build/sim/install.log'
[1.177s] Invoked command in '/home/arepo/vsss_sim/bullet_ws/src/sim' returned '0': PYTHONPATH=/home/arepo/vsss_sim/bullet_ws/build/sim/prefix_override:/usr/lib/python3/dist-packages/colcon_core/task/python/colcon_distutils_commands:/home/arepo/vsss_sim/bullet_ws/install/sim/lib/python3.10/site-packages:${PYTHONPATH} /usr/bin/python3 -W ignore:setup.py install is deprecated -W ignore:easy_install command is deprecated setup.py egg_info --egg-base ../../build/sim build --build-base /home/arepo/vsss_sim/bullet_ws/build/sim/build install --record /home/arepo/vsss_sim/bullet_ws/build/sim/install.log --single-version-externally-managed install_data
