[0.132s] DEBUG:colcon:Command line arguments: ['/usr/bin/colcon', 'build']
[0.132s] DEBUG:colcon:Parsed command line arguments: Namespace(log_base=None, log_level=None, verb_name='build', build_base='build', install_base='install', merge_install=False, symlink_install=False, test_result_base=None, continue_on_error=False, executor='parallel', parallel_workers=16, event_handlers=None, ignore_user_meta=False, metas=['./colcon.meta'], base_paths=['.'], packages_ignore=None, packages_ignore_regex=None, paths=None, packages_up_to=None, packages_up_to_regex=None, packages_above=None, packages_above_and_dependencies=None, packages_above_depth=None, packages_select_by_dep=None, packages_skip_by_dep=None, packages_skip_up_to=None, packages_select_build_failed=False, packages_skip_build_finished=False, packages_select_test_failures=False, packages_skip_test_passed=False, packages_select=None, packages_skip=None, packages_select_regex=None, packages_skip_regex=None, packages_start=None, packages_end=None, allow_overriding=[], cmake_args=None, cmake_target=None, cmake_target_skip_unavailable=False, cmake_clean_cache=False, cmake_clean_first=False, cmake_force_configure=False, ament_cmake_args=None, catkin_cmake_args=None, catkin_skip_building_tests=False, mixin_files=None, mixin=None, verb_parser=<colcon_mixin.mixin.mixin_argument.MixinArgumentDecorator object at 0x777325290cd0>, verb_extension=<colcon_core.verb.build.BuildVerb object at 0x777325290070>, main=<bound method BuildVerb.main of <colcon_core.verb.build.BuildVerb object at 0x777325290070>>, mixin_verb=('build',))
[0.352s] Level 1:colcon.colcon_core.package_discovery:discover_packages(colcon_meta) check parameters
[0.352s] Level 1:colcon.colcon_core.package_discovery:discover_packages(recursive) check parameters
[0.352s] Level 1:colcon.colcon_core.package_discovery:discover_packages(ignore) check parameters
[0.352s] Level 1:colcon.colcon_core.package_discovery:discover_packages(path) check parameters
[0.352s] Level 1:colcon.colcon_core.package_discovery:discover_packages(colcon_meta) discover
[0.352s] Level 1:colcon.colcon_core.package_discovery:discover_packages(recursive) discover
[0.352s] INFO:colcon.colcon_core.package_discovery:Crawling recursively for packages in '/home/arepo/vsss_sim/bullet_ws'
[0.352s] Level 1:colcon.colcon_core.package_identification:_identify(.) by extensions ['ignore', 'ignore_ament_install']
[0.352s] Level 1:colcon.colcon_core.package_identification:_identify(.) by extension 'ignore'
[0.353s] Level 1:colcon.colcon_core.package_identification:_identify(.) by extension 'ignore_ament_install'
[0.353s] Level 1:colcon.colcon_core.package_identification:_identify(.) by extensions ['colcon_pkg']
[0.353s] Level 1:colcon.colcon_core.package_identification:_identify(.) by extension 'colcon_pkg'
[0.353s] Level 1:colcon.colcon_core.package_identification:_identify(.) by extensions ['colcon_meta']
[0.353s] Level 1:colcon.colcon_core.package_identification:_identify(.) by extension 'colcon_meta'
[0.353s] Level 1:colcon.colcon_core.package_identification:_identify(.) by extensions ['ros']
[0.353s] Level 1:colcon.colcon_core.package_identification:_identify(.) by extension 'ros'
[0.373s] Level 1:colcon.colcon_core.package_identification:_identify(.) by extensions ['cmake', 'python']
[0.373s] Level 1:colcon.colcon_core.package_identification:_identify(.) by extension 'cmake'
[0.373s] Level 1:colcon.colcon_core.package_identification:_identify(.) by extension 'python'
[0.373s] Level 1:colcon.colcon_core.package_identification:_identify(.) by extensions ['python_setup_py']
[0.373s] Level 1:colcon.colcon_core.package_identification:_identify(.) by extension 'python_setup_py'
[0.373s] Level 1:colcon.colcon_core.package_identification:_identify(build) by extensions ['ignore', 'ignore_ament_install']
[0.373s] Level 1:colcon.colcon_core.package_identification:_identify(build) by extension 'ignore'
[0.373s] Level 1:colcon.colcon_core.package_identification:_identify(build) ignored
[0.374s] Level 1:colcon.colcon_core.package_identification:_identify(install) by extensions ['ignore', 'ignore_ament_install']
[0.374s] Level 1:colcon.colcon_core.package_identification:_identify(install) by extension 'ignore'
[0.374s] Level 1:colcon.colcon_core.package_identification:_identify(install) ignored
[0.374s] Level 1:colcon.colcon_core.package_identification:_identify(log) by extensions ['ignore', 'ignore_ament_install']
[0.374s] Level 1:colcon.colcon_core.package_identification:_identify(log) by extension 'ignore'
[0.374s] Level 1:colcon.colcon_core.package_identification:_identify(log) ignored
[0.374s] Level 1:colcon.colcon_core.package_identification:_identify(src) by extensions ['ignore', 'ignore_ament_install']
[0.374s] Level 1:colcon.colcon_core.package_identification:_identify(src) by extension 'ignore'
[0.374s] Level 1:colcon.colcon_core.package_identification:_identify(src) by extension 'ignore_ament_install'
[0.374s] Level 1:colcon.colcon_core.package_identification:_identify(src) by extensions ['colcon_pkg']
[0.374s] Level 1:colcon.colcon_core.package_identification:_identify(src) by extension 'colcon_pkg'
[0.374s] Level 1:colcon.colcon_core.package_identification:_identify(src) by extensions ['colcon_meta']
[0.374s] Level 1:colcon.colcon_core.package_identification:_identify(src) by extension 'colcon_meta'
[0.374s] Level 1:colcon.colcon_core.package_identification:_identify(src) by extensions ['ros']
[0.374s] Level 1:colcon.colcon_core.package_identification:_identify(src) by extension 'ros'
[0.375s] Level 1:colcon.colcon_core.package_identification:_identify(src) by extensions ['cmake', 'python']
[0.375s] Level 1:colcon.colcon_core.package_identification:_identify(src) by extension 'cmake'
[0.375s] Level 1:colcon.colcon_core.package_identification:_identify(src) by extension 'python'
[0.375s] Level 1:colcon.colcon_core.package_identification:_identify(src) by extensions ['python_setup_py']
[0.375s] Level 1:colcon.colcon_core.package_identification:_identify(src) by extension 'python_setup_py'
[0.375s] Level 1:colcon.colcon_core.package_identification:_identify(src/sim) by extensions ['ignore', 'ignore_ament_install']
[0.375s] Level 1:colcon.colcon_core.package_identification:_identify(src/sim) by extension 'ignore'
[0.375s] Level 1:colcon.colcon_core.package_identification:_identify(src/sim) by extension 'ignore_ament_install'
[0.375s] Level 1:colcon.colcon_core.package_identification:_identify(src/sim) by extensions ['colcon_pkg']
[0.375s] Level 1:colcon.colcon_core.package_identification:_identify(src/sim) by extension 'colcon_pkg'
[0.375s] Level 1:colcon.colcon_core.package_identification:_identify(src/sim) by extensions ['colcon_meta']
[0.375s] Level 1:colcon.colcon_core.package_identification:_identify(src/sim) by extension 'colcon_meta'
[0.375s] Level 1:colcon.colcon_core.package_identification:_identify(src/sim) by extensions ['ros']
[0.375s] Level 1:colcon.colcon_core.package_identification:_identify(src/sim) by extension 'ros'
[0.378s] DEBUG:colcon.colcon_core.package_identification:Package 'src/sim' with type 'ros.ament_python' and name 'sim'
[0.378s] Level 1:colcon.colcon_core.package_identification:_identify(src/sim_msgs) by extensions ['ignore', 'ignore_ament_install']
[0.378s] Level 1:colcon.colcon_core.package_identification:_identify(src/sim_msgs) by extension 'ignore'
[0.378s] Level 1:colcon.colcon_core.package_identification:_identify(src/sim_msgs) by extension 'ignore_ament_install'
[0.379s] Level 1:colcon.colcon_core.package_identification:_identify(src/sim_msgs) by extensions ['colcon_pkg']
[0.379s] Level 1:colcon.colcon_core.package_identification:_identify(src/sim_msgs) by extension 'colcon_pkg'
[0.379s] Level 1:colcon.colcon_core.package_identification:_identify(src/sim_msgs) by extensions ['colcon_meta']
[0.379s] Level 1:colcon.colcon_core.package_identification:_identify(src/sim_msgs) by extension 'colcon_meta'
[0.379s] Level 1:colcon.colcon_core.package_identification:_identify(src/sim_msgs) by extensions ['ros']
[0.379s] Level 1:colcon.colcon_core.package_identification:_identify(src/sim_msgs) by extension 'ros'
[0.379s] DEBUG:colcon.colcon_core.package_identification:Package 'src/sim_msgs' with type 'ros.ament_cmake' and name 'sim_msgs'
[0.379s] Level 1:colcon.colcon_core.package_discovery:discover_packages(recursive) using defaults
[0.379s] Level 1:colcon.colcon_core.package_discovery:discover_packages(ignore) discover
[0.379s] Level 1:colcon.colcon_core.package_discovery:discover_packages(ignore) using defaults
[0.379s] Level 1:colcon.colcon_core.package_discovery:discover_packages(path) discover
[0.379s] Level 1:colcon.colcon_core.package_discovery:discover_packages(path) using defaults
[0.401s] Level 1:colcon.colcon_core.package_discovery:discover_packages(prefix_path) check parameters
[0.401s] Level 1:colcon.colcon_core.package_discovery:discover_packages(prefix_path) discover
[0.403s] DEBUG:colcon.colcon_installed_package_information.package_discovery:Found 2 installed packages in /home/arepo/vsss_sim/bullet_ws/install
[0.403s] DEBUG:colcon.colcon_installed_package_information.package_discovery:Found 4 installed packages in /home/arepo/ros2_ws/install
[0.406s] DEBUG:colcon.colcon_installed_package_information.package_discovery:Found 451 installed packages in /opt/ros/humble
[0.408s] Level 1:colcon.colcon_core.package_discovery:discover_packages(prefix_path) using defaults
[0.467s] Level 5:colcon.colcon_core.verb:set package 'sim_msgs' build argument 'cmake_args' from command line to 'None'
[0.467s] Level 5:colcon.colcon_core.verb:set package 'sim_msgs' build argument 'cmake_target' from command line to 'None'
[0.467s] Level 5:colcon.colcon_core.verb:set package 'sim_msgs' build argument 'cmake_target_skip_unavailable' from command line to 'False'
[0.467s] Level 5:colcon.colcon_core.verb:set package 'sim_msgs' build argument 'cmake_clean_cache' from command line to 'False'
[0.467s] Level 5:colcon.colcon_core.verb:set package 'sim_msgs' build argument 'cmake_clean_first' from command line to 'False'
[0.467s] Level 5:colcon.colcon_core.verb:set package 'sim_msgs' build argument 'cmake_force_configure' from command line to 'False'
[0.467s] Level 5:colcon.colcon_core.verb:set package 'sim_msgs' build argument 'ament_cmake_args' from command line to 'None'
[0.467s] Level 5:colcon.colcon_core.verb:set package 'sim_msgs' build argument 'catkin_cmake_args' from command line to 'None'
[0.467s] Level 5:colcon.colcon_core.verb:set package 'sim_msgs' build argument 'catkin_skip_building_tests' from command line to 'False'
[0.467s] DEBUG:colcon.colcon_core.verb:Building package 'sim_msgs' with the following arguments: {'ament_cmake_args': None, 'build_base': '/home/arepo/vsss_sim/bullet_ws/build/sim_msgs', 'catkin_cmake_args': None, 'catkin_skip_building_tests': False, 'cmake_args': None, 'cmake_clean_cache': False, 'cmake_clean_first': False, 'cmake_force_configure': False, 'cmake_target': None, 'cmake_target_skip_unavailable': False, 'install_base': '/home/arepo/vsss_sim/bullet_ws/install/sim_msgs', 'merge_install': False, 'path': '/home/arepo/vsss_sim/bullet_ws/src/sim_msgs', 'symlink_install': False, 'test_result_base': None}
[0.468s] Level 5:colcon.colcon_core.verb:set package 'sim' build argument 'cmake_args' from command line to 'None'
[0.468s] Level 5:colcon.colcon_core.verb:set package 'sim' build argument 'cmake_target' from command line to 'None'
[0.468s] Level 5:colcon.colcon_core.verb:set package 'sim' build argument 'cmake_target_skip_unavailable' from command line to 'False'
[0.468s] Level 5:colcon.colcon_core.verb:set package 'sim' build argument 'cmake_clean_cache' from command line to 'False'
[0.468s] Level 5:colcon.colcon_core.verb:set package 'sim' build argument 'cmake_clean_first' from command line to 'False'
[0.468s] Level 5:colcon.colcon_core.verb:set package 'sim' build argument 'cmake_force_configure' from command line to 'False'
[0.468s] Level 5:colcon.colcon_core.verb:set package 'sim' build argument 'ament_cmake_args' from command line to 'None'
[0.468s] Level 5:colcon.colcon_core.verb:set package 'sim' build argument 'catkin_cmake_args' from command line to 'None'
[0.468s] Level 5:colcon.colcon_core.verb:set package 'sim' build argument 'catkin_skip_building_tests' from command line to 'False'
[0.468s] DEBUG:colcon.colcon_core.verb:Building package 'sim' with the following arguments: {'ament_cmake_args': None, 'build_base': '/home/arepo/vsss_sim/bullet_ws/build/sim', 'catkin_cmake_args': None, 'catkin_skip_building_tests': False, 'cmake_args': None, 'cmake_clean_cache': False, 'cmake_clean_first': False, 'cmake_force_configure': False, 'cmake_target': None, 'cmake_target_skip_unavailable': False, 'install_base': '/home/arepo/vsss_sim/bullet_ws/install/sim', 'merge_install': False, 'path': '/home/arepo/vsss_sim/bullet_ws/src/sim', 'symlink_install': False, 'test_result_base': None}
[0.468s] INFO:colcon.colcon_core.executor:Executing jobs using 'parallel' executor
[0.469s] DEBUG:colcon.colcon_parallel_executor.executor.parallel:run_until_complete
[0.469s] INFO:colcon.colcon_ros.task.ament_cmake.build:Building ROS package in '/home/arepo/vsss_sim/bullet_ws/src/sim_msgs' with build type 'ament_cmake'
[0.470s] INFO:colcon.colcon_cmake.task.cmake.build:Building CMake package in '/home/arepo/vsss_sim/bullet_ws/src/sim_msgs'
[0.471s] INFO:colcon.colcon_core.plugin_system:Skipping extension 'colcon_core.shell.bat': Not used on non-Windows systems
[0.472s] INFO:colcon.colcon_core.shell:Skip shell extension 'powershell' for command environment: Not usable outside of PowerShell
[0.472s] DEBUG:colcon.colcon_core.shell:Skip shell extension 'dsv' for command environment
[0.485s] DEBUG:colcon.colcon_core.event_handler.log_command:Invoking command in '/home/arepo/vsss_sim/bullet_ws/build/sim_msgs': CMAKE_PREFIX_PATH=${CMAKE_PREFIX_PATH}:/home/arepo/vsss_sim/bullet_ws/install/sim:/home/arepo/ros2_ws/install/tests_py:/opt/ros/humble /home/arepo/.local/bin/cmake --build /home/arepo/vsss_sim/bullet_ws/build/sim_msgs -- -j16 -l16
[0.862s] DEBUG:colcon.colcon_core.event_handler.log_command:Invoked command in '/home/arepo/vsss_sim/bullet_ws/build/sim_msgs' returned '0': CMAKE_PREFIX_PATH=${CMAKE_PREFIX_PATH}:/home/arepo/vsss_sim/bullet_ws/install/sim:/home/arepo/ros2_ws/install/tests_py:/opt/ros/humble /home/arepo/.local/bin/cmake --build /home/arepo/vsss_sim/bullet_ws/build/sim_msgs -- -j16 -l16
[0.926s] DEBUG:colcon.colcon_core.event_handler.log_command:Invoking command in '/home/arepo/vsss_sim/bullet_ws/build/sim_msgs': CMAKE_PREFIX_PATH=${CMAKE_PREFIX_PATH}:/home/arepo/vsss_sim/bullet_ws/install/sim:/home/arepo/ros2_ws/install/tests_py:/opt/ros/humble /home/arepo/.local/bin/cmake --install /home/arepo/vsss_sim/bullet_ws/build/sim_msgs
[1.026s] Level 1:colcon.colcon_core.environment:create_environment_scripts_only(sim_msgs)
[1.026s] DEBUG:colcon.colcon_core.event_handler.log_command:Invoked command in '/home/arepo/vsss_sim/bullet_ws/build/sim_msgs' returned '0': CMAKE_PREFIX_PATH=${CMAKE_PREFIX_PATH}:/home/arepo/vsss_sim/bullet_ws/install/sim:/home/arepo/ros2_ws/install/tests_py:/opt/ros/humble /home/arepo/.local/bin/cmake --install /home/arepo/vsss_sim/bullet_ws/build/sim_msgs
[1.028s] Level 1:colcon.colcon_core.environment:checking '/home/arepo/vsss_sim/bullet_ws/install/sim_msgs' for CMake module files
[1.028s] Level 1:colcon.colcon_core.environment:checking '/home/arepo/vsss_sim/bullet_ws/install/sim_msgs' for CMake config files
[1.029s] Level 1:colcon.colcon_core.shell:create_environment_hook('sim_msgs', 'cmake_prefix_path')
[1.029s] INFO:colcon.colcon_core.shell:Creating environment hook '/home/arepo/vsss_sim/bullet_ws/install/sim_msgs/share/sim_msgs/hook/cmake_prefix_path.ps1'
[1.029s] INFO:colcon.colcon_core.shell:Creating environment descriptor '/home/arepo/vsss_sim/bullet_ws/install/sim_msgs/share/sim_msgs/hook/cmake_prefix_path.dsv'
[1.030s] INFO:colcon.colcon_core.shell:Creating environment hook '/home/arepo/vsss_sim/bullet_ws/install/sim_msgs/share/sim_msgs/hook/cmake_prefix_path.sh'
[1.030s] Level 1:colcon.colcon_core.environment:checking '/home/arepo/vsss_sim/bullet_ws/install/sim_msgs/lib'
[1.030s] Level 1:colcon.colcon_core.shell:create_environment_hook('sim_msgs', 'ld_library_path_lib')
[1.030s] INFO:colcon.colcon_core.shell:Creating environment hook '/home/arepo/vsss_sim/bullet_ws/install/sim_msgs/share/sim_msgs/hook/ld_library_path_lib.ps1'
[1.031s] INFO:colcon.colcon_core.shell:Creating environment descriptor '/home/arepo/vsss_sim/bullet_ws/install/sim_msgs/share/sim_msgs/hook/ld_library_path_lib.dsv'
[1.031s] INFO:colcon.colcon_core.shell:Creating environment hook '/home/arepo/vsss_sim/bullet_ws/install/sim_msgs/share/sim_msgs/hook/ld_library_path_lib.sh'
[1.031s] Level 1:colcon.colcon_core.environment:checking '/home/arepo/vsss_sim/bullet_ws/install/sim_msgs/bin'
[1.031s] Level 1:colcon.colcon_core.environment:checking '/home/arepo/vsss_sim/bullet_ws/install/sim_msgs/lib/pkgconfig/sim_msgs.pc'
[1.032s] Level 1:colcon.colcon_core.environment:checking '/home/arepo/vsss_sim/bullet_ws/install/sim_msgs/lib/python3.10/site-packages'
[1.032s] Level 1:colcon.colcon_core.environment:checking '/home/arepo/vsss_sim/bullet_ws/install/sim_msgs/bin'
[1.032s] INFO:colcon.colcon_core.shell:Creating package script '/home/arepo/vsss_sim/bullet_ws/install/sim_msgs/share/sim_msgs/package.ps1'
[1.032s] INFO:colcon.colcon_core.shell:Creating package descriptor '/home/arepo/vsss_sim/bullet_ws/install/sim_msgs/share/sim_msgs/package.dsv'
[1.033s] INFO:colcon.colcon_core.shell:Creating package script '/home/arepo/vsss_sim/bullet_ws/install/sim_msgs/share/sim_msgs/package.sh'
[1.033s] INFO:colcon.colcon_core.shell:Creating package script '/home/arepo/vsss_sim/bullet_ws/install/sim_msgs/share/sim_msgs/package.bash'
[1.034s] INFO:colcon.colcon_core.shell:Creating package script '/home/arepo/vsss_sim/bullet_ws/install/sim_msgs/share/sim_msgs/package.zsh'
[1.034s] Level 1:colcon.colcon_core.environment:create_file_with_runtime_dependencies(/home/arepo/vsss_sim/bullet_ws/install/sim_msgs/share/colcon-core/packages/sim_msgs)
[1.035s] Level 1:colcon.colcon_core.environment:create_environment_scripts_only(sim_msgs)
[1.035s] Level 1:colcon.colcon_core.environment:checking '/home/arepo/vsss_sim/bullet_ws/install/sim_msgs' for CMake module files
[1.035s] Level 1:colcon.colcon_core.environment:checking '/home/arepo/vsss_sim/bullet_ws/install/sim_msgs' for CMake config files
[1.036s] Level 1:colcon.colcon_core.shell:create_environment_hook('sim_msgs', 'cmake_prefix_path')
[1.036s] INFO:colcon.colcon_core.shell:Creating environment hook '/home/arepo/vsss_sim/bullet_ws/install/sim_msgs/share/sim_msgs/hook/cmake_prefix_path.ps1'
[1.036s] INFO:colcon.colcon_core.shell:Creating environment descriptor '/home/arepo/vsss_sim/bullet_ws/install/sim_msgs/share/sim_msgs/hook/cmake_prefix_path.dsv'
[1.036s] INFO:colcon.colcon_core.shell:Creating environment hook '/home/arepo/vsss_sim/bullet_ws/install/sim_msgs/share/sim_msgs/hook/cmake_prefix_path.sh'
[1.037s] Level 1:colcon.colcon_core.environment:checking '/home/arepo/vsss_sim/bullet_ws/install/sim_msgs/lib'
[1.037s] Level 1:colcon.colcon_core.shell:create_environment_hook('sim_msgs', 'ld_library_path_lib')
[1.037s] INFO:colcon.colcon_core.shell:Creating environment hook '/home/arepo/vsss_sim/bullet_ws/install/sim_msgs/share/sim_msgs/hook/ld_library_path_lib.ps1'
[1.037s] INFO:colcon.colcon_core.shell:Creating environment descriptor '/home/arepo/vsss_sim/bullet_ws/install/sim_msgs/share/sim_msgs/hook/ld_library_path_lib.dsv'
[1.038s] INFO:colcon.colcon_core.shell:Creating environment hook '/home/arepo/vsss_sim/bullet_ws/install/sim_msgs/share/sim_msgs/hook/ld_library_path_lib.sh'
[1.038s] Level 1:colcon.colcon_core.environment:checking '/home/arepo/vsss_sim/bullet_ws/install/sim_msgs/bin'
[1.038s] Level 1:colcon.colcon_core.environment:checking '/home/arepo/vsss_sim/bullet_ws/install/sim_msgs/lib/pkgconfig/sim_msgs.pc'
[1.038s] Level 1:colcon.colcon_core.environment:checking '/home/arepo/vsss_sim/bullet_ws/install/sim_msgs/lib/python3.10/site-packages'
[1.038s] Level 1:colcon.colcon_core.environment:checking '/home/arepo/vsss_sim/bullet_ws/install/sim_msgs/bin'
[1.039s] INFO:colcon.colcon_core.shell:Creating package script '/home/arepo/vsss_sim/bullet_ws/install/sim_msgs/share/sim_msgs/package.ps1'
[1.039s] INFO:colcon.colcon_core.shell:Creating package descriptor '/home/arepo/vsss_sim/bullet_ws/install/sim_msgs/share/sim_msgs/package.dsv'
[1.039s] INFO:colcon.colcon_core.shell:Creating package script '/home/arepo/vsss_sim/bullet_ws/install/sim_msgs/share/sim_msgs/package.sh'
[1.040s] INFO:colcon.colcon_core.shell:Creating package script '/home/arepo/vsss_sim/bullet_ws/install/sim_msgs/share/sim_msgs/package.bash'
[1.040s] INFO:colcon.colcon_core.shell:Creating package script '/home/arepo/vsss_sim/bullet_ws/install/sim_msgs/share/sim_msgs/package.zsh'
[1.040s] Level 1:colcon.colcon_core.environment:create_file_with_runtime_dependencies(/home/arepo/vsss_sim/bullet_ws/install/sim_msgs/share/colcon-core/packages/sim_msgs)
[1.041s] INFO:colcon.colcon_ros.task.ament_python.build:Building ROS package in '/home/arepo/vsss_sim/bullet_ws/src/sim' with build type 'ament_python'
[1.041s] Level 1:colcon.colcon_core.shell:create_environment_hook('sim', 'ament_prefix_path')
[1.041s] INFO:colcon.colcon_core.shell:Creating environment hook '/home/arepo/vsss_sim/bullet_ws/install/sim/share/sim/hook/ament_prefix_path.ps1'
[1.041s] INFO:colcon.colcon_core.shell:Creating environment descriptor '/home/arepo/vsss_sim/bullet_ws/install/sim/share/sim/hook/ament_prefix_path.dsv'
[1.042s] INFO:colcon.colcon_core.shell:Creating environment hook '/home/arepo/vsss_sim/bullet_ws/install/sim/share/sim/hook/ament_prefix_path.sh'
[1.042s] INFO:colcon.colcon_core.shell:Skip shell extension 'powershell' for command environment: Not usable outside of PowerShell
[1.042s] DEBUG:colcon.colcon_core.shell:Skip shell extension 'dsv' for command environment
[1.272s] INFO:colcon.colcon_core.task.python.build:Building Python package in '/home/arepo/vsss_sim/bullet_ws/src/sim'
[1.272s] INFO:colcon.colcon_core.shell:Skip shell extension 'powershell' for command environment: Not usable outside of PowerShell
[1.272s] DEBUG:colcon.colcon_core.shell:Skip shell extension 'dsv' for command environment
[1.571s] DEBUG:colcon.colcon_core.event_handler.log_command:Invoking command in '/home/arepo/vsss_sim/bullet_ws/src/sim': PYTHONPATH=/home/arepo/vsss_sim/bullet_ws/build/sim/prefix_override:/usr/lib/python3/dist-packages/colcon_core/task/python/colcon_distutils_commands:/home/arepo/vsss_sim/bullet_ws/install/sim/lib/python3.10/site-packages:${PYTHONPATH} /usr/bin/python3 -W ignore:setup.py install is deprecated -W ignore:easy_install command is deprecated setup.py egg_info --egg-base ../../build/sim build --build-base /home/arepo/vsss_sim/bullet_ws/build/sim/build install --record /home/arepo/vsss_sim/bullet_ws/build/sim/install.log --single-version-externally-managed install_data
[1.819s] Level 1:colcon.colcon_core.environment:checking '/home/arepo/vsss_sim/bullet_ws/install/sim' for CMake module files
[1.820s] DEBUG:colcon.colcon_core.event_handler.log_command:Invoked command in '/home/arepo/vsss_sim/bullet_ws/src/sim' returned '0': PYTHONPATH=/home/arepo/vsss_sim/bullet_ws/build/sim/prefix_override:/usr/lib/python3/dist-packages/colcon_core/task/python/colcon_distutils_commands:/home/arepo/vsss_sim/bullet_ws/install/sim/lib/python3.10/site-packages:${PYTHONPATH} /usr/bin/python3 -W ignore:setup.py install is deprecated -W ignore:easy_install command is deprecated setup.py egg_info --egg-base ../../build/sim build --build-base /home/arepo/vsss_sim/bullet_ws/build/sim/build install --record /home/arepo/vsss_sim/bullet_ws/build/sim/install.log --single-version-externally-managed install_data
[1.820s] Level 1:colcon.colcon_core.environment:checking '/home/arepo/vsss_sim/bullet_ws/install/sim' for CMake config files
[1.821s] Level 1:colcon.colcon_core.environment:checking '/home/arepo/vsss_sim/bullet_ws/install/sim/lib'
[1.821s] Level 1:colcon.colcon_core.environment:checking '/home/arepo/vsss_sim/bullet_ws/install/sim/bin'
[1.821s] Level 1:colcon.colcon_core.environment:checking '/home/arepo/vsss_sim/bullet_ws/install/sim/lib/pkgconfig/sim.pc'
[1.821s] Level 1:colcon.colcon_core.environment:checking '/home/arepo/vsss_sim/bullet_ws/install/sim/lib/python3.10/site-packages'
[1.821s] Level 1:colcon.colcon_core.shell:create_environment_hook('sim', 'pythonpath')
[1.821s] INFO:colcon.colcon_core.shell:Creating environment hook '/home/arepo/vsss_sim/bullet_ws/install/sim/share/sim/hook/pythonpath.ps1'
[1.822s] INFO:colcon.colcon_core.shell:Creating environment descriptor '/home/arepo/vsss_sim/bullet_ws/install/sim/share/sim/hook/pythonpath.dsv'
[1.822s] INFO:colcon.colcon_core.shell:Creating environment hook '/home/arepo/vsss_sim/bullet_ws/install/sim/share/sim/hook/pythonpath.sh'
[1.822s] Level 1:colcon.colcon_core.environment:checking '/home/arepo/vsss_sim/bullet_ws/install/sim/bin'
[1.822s] Level 1:colcon.colcon_core.environment:create_environment_scripts_only(sim)
[1.823s] INFO:colcon.colcon_core.shell:Creating package script '/home/arepo/vsss_sim/bullet_ws/install/sim/share/sim/package.ps1'
[1.823s] INFO:colcon.colcon_core.shell:Creating package descriptor '/home/arepo/vsss_sim/bullet_ws/install/sim/share/sim/package.dsv'
[1.823s] INFO:colcon.colcon_core.shell:Creating package script '/home/arepo/vsss_sim/bullet_ws/install/sim/share/sim/package.sh'
[1.823s] INFO:colcon.colcon_core.shell:Creating package script '/home/arepo/vsss_sim/bullet_ws/install/sim/share/sim/package.bash'
[1.824s] INFO:colcon.colcon_core.shell:Creating package script '/home/arepo/vsss_sim/bullet_ws/install/sim/share/sim/package.zsh'
[1.824s] Level 1:colcon.colcon_core.environment:create_file_with_runtime_dependencies(/home/arepo/vsss_sim/bullet_ws/install/sim/share/colcon-core/packages/sim)
[1.824s] DEBUG:colcon.colcon_parallel_executor.executor.parallel:closing loop
[1.824s] DEBUG:colcon.colcon_parallel_executor.executor.parallel:loop closed
[1.825s] DEBUG:colcon.colcon_parallel_executor.executor.parallel:run_until_complete finished with '0'
[1.825s] DEBUG:colcon.colcon_core.event_reactor:joining thread
[1.829s] INFO:colcon.colcon_core.plugin_system:Skipping extension 'colcon_notification.desktop_notification.terminal_notifier': Not used on non-Darwin systems
[1.829s] INFO:colcon.colcon_core.plugin_system:Skipping extension 'colcon_notification.desktop_notification.win32': Not used on non-Windows systems
[1.829s] INFO:colcon.colcon_notification.desktop_notification:Sending desktop notification using 'notify2'
[1.838s] DEBUG:colcon.colcon_core.event_reactor:joined thread
[1.838s] INFO:colcon.colcon_core.shell:Creating prefix script '/home/arepo/vsss_sim/bullet_ws/install/local_setup.ps1'
[1.840s] INFO:colcon.colcon_core.shell:Creating prefix util module '/home/arepo/vsss_sim/bullet_ws/install/_local_setup_util_ps1.py'
[1.841s] INFO:colcon.colcon_core.shell:Creating prefix chain script '/home/arepo/vsss_sim/bullet_ws/install/setup.ps1'
[1.842s] INFO:colcon.colcon_core.shell:Creating prefix script '/home/arepo/vsss_sim/bullet_ws/install/local_setup.sh'
[1.842s] INFO:colcon.colcon_core.shell:Creating prefix util module '/home/arepo/vsss_sim/bullet_ws/install/_local_setup_util_sh.py'
[1.842s] INFO:colcon.colcon_core.shell:Creating prefix chain script '/home/arepo/vsss_sim/bullet_ws/install/setup.sh'
[1.843s] INFO:colcon.colcon_core.shell:Creating prefix script '/home/arepo/vsss_sim/bullet_ws/install/local_setup.bash'
[1.844s] INFO:colcon.colcon_core.shell:Creating prefix chain script '/home/arepo/vsss_sim/bullet_ws/install/setup.bash'
[1.844s] INFO:colcon.colcon_core.shell:Creating prefix script '/home/arepo/vsss_sim/bullet_ws/install/local_setup.zsh'
[1.845s] INFO:colcon.colcon_core.shell:Creating prefix chain script '/home/arepo/vsss_sim/bullet_ws/install/setup.zsh'
