[0.587s] Invoking command in '/home/arepo/vsss_sim/bullet_ws/src/vision': PS1=\[\e]0;\u@\h: \w\a\]${debian_chroot:+($debian_chroot)}\[\033[01;32m\]\u@\h\[\033[00m\]:\[\033[01;34m\]\w\[\033[00m\]\$ PYTHONPATH=/home/arepo/vsss_sim/bullet_ws/build/vision/prefix_override:/usr/lib/python3/dist-packages/colcon_core/task/python/colcon_distutils_commands:/home/arepo/vsss_sim/bullet_ws/install/vision/lib/python3.10/site-packages:${PYTHONPATH} /usr/bin/python3 -W ignore:setup.py install is deprecated -W ignore:easy_install command is deprecated setup.py egg_info --egg-base ../../build/vision build --build-base /home/arepo/vsss_sim/bullet_ws/build/vision/build install --record /home/arepo/vsss_sim/bullet_ws/build/vision/install.log --single-version-externally-managed install_data
[0.723s] /home/arepo/.local/lib/python3.10/site-packages/setuptools/_distutils/dist.py:289: UserWarning: Unknown distribution option: 'tests_require'
[0.723s]   warnings.warn(msg)
[0.830s] running egg_info
[0.849s] writing ../../build/vision/vision.egg-info/PKG-INFO
[0.849s] writing dependency_links to ../../build/vision/vision.egg-info/dependency_links.txt
[0.849s] writing entry points to ../../build/vision/vision.egg-info/entry_points.txt
[0.849s] writing requirements to ../../build/vision/vision.egg-info/requires.txt
[0.849s] writing top-level names to ../../build/vision/vision.egg-info/top_level.txt
[0.883s] reading manifest file '../../build/vision/vision.egg-info/SOURCES.txt'
[0.884s] Traceback (most recent call last):
[0.884s]   File "/home/arepo/vsss_sim/bullet_ws/src/vision/setup.py", line 7, in <module>
[0.884s]     setup(
[0.884s]   File "/home/arepo/.local/lib/python3.10/site-packages/setuptools/__init__.py", line 115, in setup
[0.884s]     return distutils.core.setup(**attrs)
[0.884s]   File "/home/arepo/.local/lib/python3.10/site-packages/setuptools/_distutils/core.py", line 186, in setup
[0.884s]     return run_commands(dist)
[0.884s]   File "/home/arepo/.local/lib/python3.10/site-packages/setuptools/_distutils/core.py", line 202, in run_commands
[0.884s]     dist.run_commands()
[0.884s]   File "/home/arepo/.local/lib/python3.10/site-packages/setuptools/_distutils/dist.py", line 1002, in run_commands
[0.884s]     self.run_command(cmd)
[0.884s]   File "/home/arepo/.local/lib/python3.10/site-packages/setuptools/dist.py", line 1102, in run_command
[0.884s]     super().run_command(command)
[0.884s]   File "/home/arepo/.local/lib/python3.10/site-packages/setuptools/_distutils/dist.py", line 1021, in run_command
[0.884s]     cmd_obj.run()
[0.884s]   File "/home/arepo/.local/lib/python3.10/site-packages/setuptools/command/egg_info.py", line 312, in run
[0.885s]     self.find_sources()
[0.885s]   File "/home/arepo/.local/lib/python3.10/site-packages/setuptools/command/egg_info.py", line 320, in find_sources
[0.885s]     mm.run()
[0.885s]   File "/home/arepo/.local/lib/python3.10/site-packages/setuptools/command/egg_info.py", line 548, in run
[0.885s]     self.prune_file_list()
[0.885s]   File "/home/arepo/.local/lib/python3.10/site-packages/setuptools/command/sdist.py", line 162, in prune_file_list
[0.885s]     super().prune_file_list()
[0.885s]   File "/home/arepo/.local/lib/python3.10/site-packages/setuptools/_distutils/command/sdist.py", line 386, in prune_file_list
[0.885s]     base_dir = self.distribution.get_fullname()
[0.885s]   File "/home/arepo/.local/lib/python3.10/site-packages/setuptools/_core_metadata.py", line 275, in get_fullname
[0.885s]     return _distribution_fullname(self.get_name(), self.get_version())
[0.885s]   File "/home/arepo/.local/lib/python3.10/site-packages/setuptools/_core_metadata.py", line 293, in _distribution_fullname
[0.885s]     canonicalize_version(version, strip_trailing_zero=False),
[0.885s] TypeError: canonicalize_version() got an unexpected keyword argument 'strip_trailing_zero'
[0.904s] Invoked command in '/home/arepo/vsss_sim/bullet_ws/src/vision' returned '1': PS1=\[\e]0;\u@\h: \w\a\]${debian_chroot:+($debian_chroot)}\[\033[01;32m\]\u@\h\[\033[00m\]:\[\033[01;34m\]\w\[\033[00m\]\$ PYTHONPATH=/home/arepo/vsss_sim/bullet_ws/build/vision/prefix_override:/usr/lib/python3/dist-packages/colcon_core/task/python/colcon_distutils_commands:/home/arepo/vsss_sim/bullet_ws/install/vision/lib/python3.10/site-packages:${PYTHONPATH} /usr/bin/python3 -W ignore:setup.py install is deprecated -W ignore:easy_install command is deprecated setup.py egg_info --egg-base ../../build/vision build --build-base /home/arepo/vsss_sim/bullet_ws/build/vision/build install --record /home/arepo/vsss_sim/bullet_ws/build/vision/install.log --single-version-externally-managed install_data
