[0.724s] Invoking command in '/home/arepo/vsss_sim/bullet_ws/src/sim': PYTHONPATH=/home/arepo/vsss_sim/bullet_ws/build/sim/prefix_override:/usr/lib/python3/dist-packages/colcon_core/task/python/colcon_distutils_commands:/home/arepo/vsss_sim/bullet_ws/install/sim/lib/python3.10/site-packages:${PYTHONPATH} /usr/bin/python3 -W ignore:setup.py install is deprecated -W ignore:easy_install command is deprecated setup.py egg_info --egg-base ../../build/sim build --build-base /home/arepo/vsss_sim/bullet_ws/build/sim/build install --record /home/arepo/vsss_sim/bullet_ws/build/sim/install.log --single-version-externally-managed install_data
[0.918s] running egg_info
[0.932s] writing ../../build/sim/sim.egg-info/PKG-INFO
[0.933s] writing dependency_links to ../../build/sim/sim.egg-info/dependency_links.txt
[0.933s] writing entry points to ../../build/sim/sim.egg-info/entry_points.txt
[0.933s] writing requirements to ../../build/sim/sim.egg-info/requires.txt
[0.933s] writing top-level names to ../../build/sim/sim.egg-info/top_level.txt
[0.962s] reading manifest file '../../build/sim/sim.egg-info/SOURCES.txt'
[0.962s] adding license file 'LICENSE'
[0.963s] writing manifest file '../../build/sim/sim.egg-info/SOURCES.txt'
[0.963s] running build
[0.963s] running build_py
[0.963s] copying sim/yolo.py -> /home/arepo/vsss_sim/bullet_ws/build/sim/build/lib/sim
[0.964s] running install
[0.967s] running install_lib
[0.982s] copying /home/arepo/vsss_sim/bullet_ws/build/sim/build/lib/sim/yolo.py -> /home/arepo/vsss_sim/bullet_ws/install/sim/lib/python3.10/site-packages/sim
[0.982s] byte-compiling /home/arepo/vsss_sim/bullet_ws/install/sim/lib/python3.10/site-packages/sim/yolo.py to yolo.cpython-310.pyc
[0.983s] running install_data
[0.983s] running install_egg_info
[0.998s] removing '/home/arepo/vsss_sim/bullet_ws/install/sim/lib/python3.10/site-packages/sim-0.0.0-py3.10.egg-info' (and everything under it)
[0.998s] Copying ../../build/sim/sim.egg-info to /home/arepo/vsss_sim/bullet_ws/install/sim/lib/python3.10/site-packages/sim-0.0.0-py3.10.egg-info
[0.999s] running install_scripts
[1.142s] Installing comms script to /home/arepo/vsss_sim/bullet_ws/install/sim/lib/sim
[1.142s] Installing sim script to /home/arepo/vsss_sim/bullet_ws/install/sim/lib/sim
[1.143s] Installing strat script to /home/arepo/vsss_sim/bullet_ws/install/sim/lib/sim
[1.143s] Installing tests script to /home/arepo/vsss_sim/bullet_ws/install/sim/lib/sim
[1.143s] Installing vision script to /home/arepo/vsss_sim/bullet_ws/install/sim/lib/sim
[1.143s] Installing yolo script to /home/arepo/vsss_sim/bullet_ws/install/sim/lib/sim
[1.143s] writing list of installed files to '/home/arepo/vsss_sim/bullet_ws/build/sim/install.log'
[1.163s] Invoked command in '/home/arepo/vsss_sim/bullet_ws/src/sim' returned '0': PYTHONPATH=/home/arepo/vsss_sim/bullet_ws/build/sim/prefix_override:/usr/lib/python3/dist-packages/colcon_core/task/python/colcon_distutils_commands:/home/arepo/vsss_sim/bullet_ws/install/sim/lib/python3.10/site-packages:${PYTHONPATH} /usr/bin/python3 -W ignore:setup.py install is deprecated -W ignore:easy_install command is deprecated setup.py egg_info --egg-base ../../build/sim build --build-base /home/arepo/vsss_sim/bullet_ws/build/sim/build install --record /home/arepo/vsss_sim/bullet_ws/build/sim/install.log --single-version-externally-managed install_data
