[0.689s] Invoking command in '/home/arepo/vsss_sim/bullet_ws/src/sim': PYTHONPATH=/home/arepo/vsss_sim/bullet_ws/build/sim/prefix_override:/usr/lib/python3/dist-packages/colcon_core/task/python/colcon_distutils_commands:/home/arepo/vsss_sim/bullet_ws/install/sim/lib/python3.10/site-packages:${PYTHONPATH} /usr/bin/python3 -W ignore:setup.py install is deprecated -W ignore:easy_install command is deprecated setup.py egg_info --egg-base ../../build/sim build --build-base /home/arepo/vsss_sim/bullet_ws/build/sim/build install --record /home/arepo/vsss_sim/bullet_ws/build/sim/install.log --single-version-externally-managed install_data
[0.892s] running egg_info
[0.908s] writing ../../build/sim/sim.egg-info/PKG-INFO
[0.908s] writing dependency_links to ../../build/sim/sim.egg-info/dependency_links.txt
[0.908s] writing entry points to ../../build/sim/sim.egg-info/entry_points.txt
[0.908s] writing requirements to ../../build/sim/sim.egg-info/requires.txt
[0.909s] writing top-level names to ../../build/sim/sim.egg-info/top_level.txt
[0.942s] reading manifest file '../../build/sim/sim.egg-info/SOURCES.txt'
[0.942s] adding license file 'LICENSE'
[0.943s] writing manifest file '../../build/sim/sim.egg-info/SOURCES.txt'
[0.943s] running build
[0.943s] running build_py
[0.943s] copying sim/tests.py -> /home/arepo/vsss_sim/bullet_ws/build/sim/build/lib/sim
[0.944s] running install
[0.949s] running install_lib
[0.965s] copying /home/arepo/vsss_sim/bullet_ws/build/sim/build/lib/sim/tests.py -> /home/arepo/vsss_sim/bullet_ws/install/sim/lib/python3.10/site-packages/sim
[0.966s] byte-compiling /home/arepo/vsss_sim/bullet_ws/install/sim/lib/python3.10/site-packages/sim/tests.py to tests.cpython-310.pyc
[0.967s] running install_data
[0.967s] running install_egg_info
[0.984s] removing '/home/arepo/vsss_sim/bullet_ws/install/sim/lib/python3.10/site-packages/sim-0.0.0-py3.10.egg-info' (and everything under it)
[0.985s] Copying ../../build/sim/sim.egg-info to /home/arepo/vsss_sim/bullet_ws/install/sim/lib/python3.10/site-packages/sim-0.0.0-py3.10.egg-info
[0.986s] running install_scripts
[1.157s] Installing comms script to /home/arepo/vsss_sim/bullet_ws/install/sim/lib/sim
[1.157s] Installing sim script to /home/arepo/vsss_sim/bullet_ws/install/sim/lib/sim
[1.157s] Installing strat script to /home/arepo/vsss_sim/bullet_ws/install/sim/lib/sim
[1.158s] Installing tests script to /home/arepo/vsss_sim/bullet_ws/install/sim/lib/sim
[1.158s] Installing vision script to /home/arepo/vsss_sim/bullet_ws/install/sim/lib/sim
[1.158s] writing list of installed files to '/home/arepo/vsss_sim/bullet_ws/build/sim/install.log'
[1.187s] Invoked command in '/home/arepo/vsss_sim/bullet_ws/src/sim' returned '0': PYTHONPATH=/home/arepo/vsss_sim/bullet_ws/build/sim/prefix_override:/usr/lib/python3/dist-packages/colcon_core/task/python/colcon_distutils_commands:/home/arepo/vsss_sim/bullet_ws/install/sim/lib/python3.10/site-packages:${PYTHONPATH} /usr/bin/python3 -W ignore:setup.py install is deprecated -W ignore:easy_install command is deprecated setup.py egg_info --egg-base ../../build/sim build --build-base /home/arepo/vsss_sim/bullet_ws/build/sim/build install --record /home/arepo/vsss_sim/bullet_ws/build/sim/install.log --single-version-externally-managed install_data
