[0.680s] Invoking command in '/home/arepo/vsss_sim/bullet_ws/src/sim': PYTHONPATH=/home/arepo/vsss_sim/bullet_ws/build/sim/prefix_override:/usr/lib/python3/dist-packages/colcon_core/task/python/colcon_distutils_commands:/home/arepo/vsss_sim/bullet_ws/install/sim/lib/python3.10/site-packages:${PYTHONPATH} /usr/bin/python3 -W ignore:setup.py install is deprecated -W ignore:easy_install command is deprecated setup.py egg_info --egg-base ../../build/sim build --build-base /home/arepo/vsss_sim/bullet_ws/build/sim/build install --record /home/arepo/vsss_sim/bullet_ws/build/sim/install.log --single-version-externally-managed install_data
[0.877s] running egg_info
[0.892s] writing ../../build/sim/sim.egg-info/PKG-INFO
[0.892s] writing dependency_links to ../../build/sim/sim.egg-info/dependency_links.txt
[0.892s] writing entry points to ../../build/sim/sim.egg-info/entry_points.txt
[0.892s] writing requirements to ../../build/sim/sim.egg-info/requires.txt
[0.892s] writing top-level names to ../../build/sim/sim.egg-info/top_level.txt
[0.923s] reading manifest file '../../build/sim/sim.egg-info/SOURCES.txt'
[0.923s] adding license file 'LICENSE'
[0.924s] writing manifest file '../../build/sim/sim.egg-info/SOURCES.txt'
[0.924s] running build
[0.924s] running build_py
[0.924s] copying sim/tests.py -> /home/arepo/vsss_sim/bullet_ws/build/sim/build/lib/sim
[0.924s] running install
[0.928s] running install_lib
[0.943s] copying /home/arepo/vsss_sim/bullet_ws/build/sim/build/lib/sim/tests.py -> /home/arepo/vsss_sim/bullet_ws/install/sim/lib/python3.10/site-packages/sim
[0.944s] byte-compiling /home/arepo/vsss_sim/bullet_ws/install/sim/lib/python3.10/site-packages/sim/tests.py to tests.cpython-310.pyc
[0.945s] running install_data
[0.945s] running install_egg_info
[0.961s] removing '/home/arepo/vsss_sim/bullet_ws/install/sim/lib/python3.10/site-packages/sim-0.0.0-py3.10.egg-info' (and everything under it)
[0.961s] Copying ../../build/sim/sim.egg-info to /home/arepo/vsss_sim/bullet_ws/install/sim/lib/python3.10/site-packages/sim-0.0.0-py3.10.egg-info
[0.962s] running install_scripts
[1.108s] Installing comms script to /home/arepo/vsss_sim/bullet_ws/install/sim/lib/sim
[1.108s] Installing sim script to /home/arepo/vsss_sim/bullet_ws/install/sim/lib/sim
[1.108s] Installing strat script to /home/arepo/vsss_sim/bullet_ws/install/sim/lib/sim
[1.109s] Installing tests script to /home/arepo/vsss_sim/bullet_ws/install/sim/lib/sim
[1.109s] Installing vision script to /home/arepo/vsss_sim/bullet_ws/install/sim/lib/sim
[1.109s] Installing yolo script to /home/arepo/vsss_sim/bullet_ws/install/sim/lib/sim
[1.109s] writing list of installed files to '/home/arepo/vsss_sim/bullet_ws/build/sim/install.log'
[1.129s] Invoked command in '/home/arepo/vsss_sim/bullet_ws/src/sim' returned '0': PYTHONPATH=/home/arepo/vsss_sim/bullet_ws/build/sim/prefix_override:/usr/lib/python3/dist-packages/colcon_core/task/python/colcon_distutils_commands:/home/arepo/vsss_sim/bullet_ws/install/sim/lib/python3.10/site-packages:${PYTHONPATH} /usr/bin/python3 -W ignore:setup.py install is deprecated -W ignore:easy_install command is deprecated setup.py egg_info --egg-base ../../build/sim build --build-base /home/arepo/vsss_sim/bullet_ws/build/sim/build install --record /home/arepo/vsss_sim/bullet_ws/build/sim/install.log --single-version-externally-managed install_data
