[0.085s] DEBUG:colcon:Command line arguments: ['/usr/bin/colcon', 'build']
[0.085s] DEBUG:colcon:Parsed command line arguments: Namespace(log_base=None, log_level=None, verb_name='build', build_base='build', install_base='install', merge_install=False, symlink_install=False, test_result_base=None, continue_on_error=False, executor='parallel', parallel_workers=16, event_handlers=None, ignore_user_meta=False, metas=['./colcon.meta'], base_paths=['.'], packages_ignore=None, packages_ignore_regex=None, paths=None, packages_up_to=None, packages_up_to_regex=None, packages_above=None, packages_above_and_dependencies=None, packages_above_depth=None, packages_select_by_dep=None, packages_skip_by_dep=None, packages_skip_up_to=None, packages_select_build_failed=False, packages_skip_build_finished=False, packages_select_test_failures=False, packages_skip_test_passed=False, packages_select=None, packages_skip=None, packages_select_regex=None, packages_skip_regex=None, packages_start=None, packages_end=None, allow_overriding=[], cmake_args=None, cmake_target=None, cmake_target_skip_unavailable=False, cmake_clean_cache=False, cmake_clean_first=False, cmake_force_configure=False, ament_cmake_args=None, catkin_cmake_args=None, catkin_skip_building_tests=False, mixin_files=None, mixin=None, verb_parser=<colcon_mixin.mixin.mixin_argument.MixinArgumentDecorator object at 0x738d277981f0>, verb_extension=<colcon_core.verb.build.BuildVerb object at 0x738d2776b490>, main=<bound method BuildVerb.main of <colcon_core.verb.build.BuildVerb object at 0x738d2776b490>>, mixin_verb=('build',))
[0.224s] Level 1:colcon.colcon_core.package_discovery:discover_packages(colcon_meta) check parameters
[0.224s] Level 1:colcon.colcon_core.package_discovery:discover_packages(recursive) check parameters
[0.224s] Level 1:colcon.colcon_core.package_discovery:discover_packages(ignore) check parameters
[0.224s] Level 1:colcon.colcon_core.package_discovery:discover_packages(path) check parameters
[0.224s] Level 1:colcon.colcon_core.package_discovery:discover_packages(colcon_meta) discover
[0.224s] Level 1:colcon.colcon_core.package_discovery:discover_packages(recursive) discover
[0.224s] INFO:colcon.colcon_core.package_discovery:Crawling recursively for packages in '/home/arepo/vsss_sim/bullet_ws'
[0.224s] Level 1:colcon.colcon_core.package_identification:_identify(.) by extensions ['ignore', 'ignore_ament_install']
[0.225s] Level 1:colcon.colcon_core.package_identification:_identify(.) by extension 'ignore'
[0.225s] Level 1:colcon.colcon_core.package_identification:_identify(.) by extension 'ignore_ament_install'
[0.225s] Level 1:colcon.colcon_core.package_identification:_identify(.) by extensions ['colcon_pkg']
[0.225s] Level 1:colcon.colcon_core.package_identification:_identify(.) by extension 'colcon_pkg'
[0.225s] Level 1:colcon.colcon_core.package_identification:_identify(.) by extensions ['colcon_meta']
[0.225s] Level 1:colcon.colcon_core.package_identification:_identify(.) by extension 'colcon_meta'
[0.225s] Level 1:colcon.colcon_core.package_identification:_identify(.) by extensions ['ros']
[0.225s] Level 1:colcon.colcon_core.package_identification:_identify(.) by extension 'ros'
[0.240s] Level 1:colcon.colcon_core.package_identification:_identify(.) by extensions ['cmake', 'python']
[0.240s] Level 1:colcon.colcon_core.package_identification:_identify(.) by extension 'cmake'
[0.241s] Level 1:colcon.colcon_core.package_identification:_identify(.) by extension 'python'
[0.241s] Level 1:colcon.colcon_core.package_identification:_identify(.) by extensions ['python_setup_py']
[0.241s] Level 1:colcon.colcon_core.package_identification:_identify(.) by extension 'python_setup_py'
[0.241s] Level 1:colcon.colcon_core.package_identification:_identify(build) by extensions ['ignore', 'ignore_ament_install']
[0.241s] Level 1:colcon.colcon_core.package_identification:_identify(build) by extension 'ignore'
[0.241s] Level 1:colcon.colcon_core.package_identification:_identify(build) ignored
[0.241s] Level 1:colcon.colcon_core.package_identification:_identify(install) by extensions ['ignore', 'ignore_ament_install']
[0.241s] Level 1:colcon.colcon_core.package_identification:_identify(install) by extension 'ignore'
[0.241s] Level 1:colcon.colcon_core.package_identification:_identify(install) ignored
[0.241s] Level 1:colcon.colcon_core.package_identification:_identify(log) by extensions ['ignore', 'ignore_ament_install']
[0.241s] Level 1:colcon.colcon_core.package_identification:_identify(log) by extension 'ignore'
[0.241s] Level 1:colcon.colcon_core.package_identification:_identify(log) ignored
[0.241s] Level 1:colcon.colcon_core.package_identification:_identify(src) by extensions ['ignore', 'ignore_ament_install']
[0.241s] Level 1:colcon.colcon_core.package_identification:_identify(src) by extension 'ignore'
[0.241s] Level 1:colcon.colcon_core.package_identification:_identify(src) by extension 'ignore_ament_install'
[0.241s] Level 1:colcon.colcon_core.package_identification:_identify(src) by extensions ['colcon_pkg']
[0.241s] Level 1:colcon.colcon_core.package_identification:_identify(src) by extension 'colcon_pkg'
[0.241s] Level 1:colcon.colcon_core.package_identification:_identify(src) by extensions ['colcon_meta']
[0.241s] Level 1:colcon.colcon_core.package_identification:_identify(src) by extension 'colcon_meta'
[0.241s] Level 1:colcon.colcon_core.package_identification:_identify(src) by extensions ['ros']
[0.241s] Level 1:colcon.colcon_core.package_identification:_identify(src) by extension 'ros'
[0.242s] Level 1:colcon.colcon_core.package_identification:_identify(src) by extensions ['cmake', 'python']
[0.242s] Level 1:colcon.colcon_core.package_identification:_identify(src) by extension 'cmake'
[0.242s] Level 1:colcon.colcon_core.package_identification:_identify(src) by extension 'python'
[0.242s] Level 1:colcon.colcon_core.package_identification:_identify(src) by extensions ['python_setup_py']
[0.242s] Level 1:colcon.colcon_core.package_identification:_identify(src) by extension 'python_setup_py'
[0.242s] Level 1:colcon.colcon_core.package_identification:_identify(src/sim) by extensions ['ignore', 'ignore_ament_install']
[0.242s] Level 1:colcon.colcon_core.package_identification:_identify(src/sim) by extension 'ignore'
[0.242s] Level 1:colcon.colcon_core.package_identification:_identify(src/sim) by extension 'ignore_ament_install'
[0.242s] Level 1:colcon.colcon_core.package_identification:_identify(src/sim) by extensions ['colcon_pkg']
[0.242s] Level 1:colcon.colcon_core.package_identification:_identify(src/sim) by extension 'colcon_pkg'
[0.242s] Level 1:colcon.colcon_core.package_identification:_identify(src/sim) by extensions ['colcon_meta']
[0.242s] Level 1:colcon.colcon_core.package_identification:_identify(src/sim) by extension 'colcon_meta'
[0.242s] Level 1:colcon.colcon_core.package_identification:_identify(src/sim) by extensions ['ros']
[0.242s] Level 1:colcon.colcon_core.package_identification:_identify(src/sim) by extension 'ros'
[0.244s] DEBUG:colcon.colcon_core.package_identification:Package 'src/sim' with type 'ros.ament_python' and name 'sim'
[0.244s] Level 1:colcon.colcon_core.package_identification:_identify(src/sim_msgs) by extensions ['ignore', 'ignore_ament_install']
[0.244s] Level 1:colcon.colcon_core.package_identification:_identify(src/sim_msgs) by extension 'ignore'
[0.244s] Level 1:colcon.colcon_core.package_identification:_identify(src/sim_msgs) by extension 'ignore_ament_install'
[0.244s] Level 1:colcon.colcon_core.package_identification:_identify(src/sim_msgs) by extensions ['colcon_pkg']
[0.244s] Level 1:colcon.colcon_core.package_identification:_identify(src/sim_msgs) by extension 'colcon_pkg'
[0.244s] Level 1:colcon.colcon_core.package_identification:_identify(src/sim_msgs) by extensions ['colcon_meta']
[0.244s] Level 1:colcon.colcon_core.package_identification:_identify(src/sim_msgs) by extension 'colcon_meta'
[0.244s] Level 1:colcon.colcon_core.package_identification:_identify(src/sim_msgs) by extensions ['ros']
[0.244s] Level 1:colcon.colcon_core.package_identification:_identify(src/sim_msgs) by extension 'ros'
[0.245s] DEBUG:colcon.colcon_core.package_identification:Package 'src/sim_msgs' with type 'ros.ament_cmake' and name 'sim_msgs'
[0.245s] Level 1:colcon.colcon_core.package_discovery:discover_packages(recursive) using defaults
[0.245s] Level 1:colcon.colcon_core.package_discovery:discover_packages(ignore) discover
[0.245s] Level 1:colcon.colcon_core.package_discovery:discover_packages(ignore) using defaults
[0.245s] Level 1:colcon.colcon_core.package_discovery:discover_packages(path) discover
[0.245s] Level 1:colcon.colcon_core.package_discovery:discover_packages(path) using defaults
[0.259s] Level 1:colcon.colcon_core.package_discovery:discover_packages(prefix_path) check parameters
[0.259s] Level 1:colcon.colcon_core.package_discovery:discover_packages(prefix_path) discover
[0.260s] DEBUG:colcon.colcon_installed_package_information.package_discovery:Found 2 installed packages in /home/arepo/vsss_sim/bullet_ws/install
[0.261s] DEBUG:colcon.colcon_installed_package_information.package_discovery:Found 451 installed packages in /opt/ros/humble
[0.263s] Level 1:colcon.colcon_core.package_discovery:discover_packages(prefix_path) using defaults
[0.301s] Level 5:colcon.colcon_core.verb:set package 'sim_msgs' build argument 'cmake_args' from command line to 'None'
[0.301s] Level 5:colcon.colcon_core.verb:set package 'sim_msgs' build argument 'cmake_target' from command line to 'None'
[0.301s] Level 5:colcon.colcon_core.verb:set package 'sim_msgs' build argument 'cmake_target_skip_unavailable' from command line to 'False'
[0.301s] Level 5:colcon.colcon_core.verb:set package 'sim_msgs' build argument 'cmake_clean_cache' from command line to 'False'
[0.301s] Level 5:colcon.colcon_core.verb:set package 'sim_msgs' build argument 'cmake_clean_first' from command line to 'False'
[0.301s] Level 5:colcon.colcon_core.verb:set package 'sim_msgs' build argument 'cmake_force_configure' from command line to 'False'
[0.301s] Level 5:colcon.colcon_core.verb:set package 'sim_msgs' build argument 'ament_cmake_args' from command line to 'None'
[0.301s] Level 5:colcon.colcon_core.verb:set package 'sim_msgs' build argument 'catkin_cmake_args' from command line to 'None'
[0.301s] Level 5:colcon.colcon_core.verb:set package 'sim_msgs' build argument 'catkin_skip_building_tests' from command line to 'False'
[0.301s] DEBUG:colcon.colcon_core.verb:Building package 'sim_msgs' with the following arguments: {'ament_cmake_args': None, 'build_base': '/home/arepo/vsss_sim/bullet_ws/build/sim_msgs', 'catkin_cmake_args': None, 'catkin_skip_building_tests': False, 'cmake_args': None, 'cmake_clean_cache': False, 'cmake_clean_first': False, 'cmake_force_configure': False, 'cmake_target': None, 'cmake_target_skip_unavailable': False, 'install_base': '/home/arepo/vsss_sim/bullet_ws/install/sim_msgs', 'merge_install': False, 'path': '/home/arepo/vsss_sim/bullet_ws/src/sim_msgs', 'symlink_install': False, 'test_result_base': None}
[0.301s] Level 5:colcon.colcon_core.verb:set package 'sim' build argument 'cmake_args' from command line to 'None'
[0.301s] Level 5:colcon.colcon_core.verb:set package 'sim' build argument 'cmake_target' from command line to 'None'
[0.301s] Level 5:colcon.colcon_core.verb:set package 'sim' build argument 'cmake_target_skip_unavailable' from command line to 'False'
[0.301s] Level 5:colcon.colcon_core.verb:set package 'sim' build argument 'cmake_clean_cache' from command line to 'False'
[0.301s] Level 5:colcon.colcon_core.verb:set package 'sim' build argument 'cmake_clean_first' from command line to 'False'
[0.301s] Level 5:colcon.colcon_core.verb:set package 'sim' build argument 'cmake_force_configure' from command line to 'False'
[0.301s] Level 5:colcon.colcon_core.verb:set package 'sim' build argument 'ament_cmake_args' from command line to 'None'
[0.301s] Level 5:colcon.colcon_core.verb:set package 'sim' build argument 'catkin_cmake_args' from command line to 'None'
[0.301s] Level 5:colcon.colcon_core.verb:set package 'sim' build argument 'catkin_skip_building_tests' from command line to 'False'
[0.302s] DEBUG:colcon.colcon_core.verb:Building package 'sim' with the following arguments: {'ament_cmake_args': None, 'build_base': '/home/arepo/vsss_sim/bullet_ws/build/sim', 'catkin_cmake_args': None, 'catkin_skip_building_tests': False, 'cmake_args': None, 'cmake_clean_cache': False, 'cmake_clean_first': False, 'cmake_force_configure': False, 'cmake_target': None, 'cmake_target_skip_unavailable': False, 'install_base': '/home/arepo/vsss_sim/bullet_ws/install/sim', 'merge_install': False, 'path': '/home/arepo/vsss_sim/bullet_ws/src/sim', 'symlink_install': False, 'test_result_base': None}
[0.302s] INFO:colcon.colcon_core.executor:Executing jobs using 'parallel' executor
[0.302s] DEBUG:colcon.colcon_parallel_executor.executor.parallel:run_until_complete
[0.303s] INFO:colcon.colcon_ros.task.ament_cmake.build:Building ROS package in '/home/arepo/vsss_sim/bullet_ws/src/sim_msgs' with build type 'ament_cmake'
[0.303s] INFO:colcon.colcon_cmake.task.cmake.build:Building CMake package in '/home/arepo/vsss_sim/bullet_ws/src/sim_msgs'
[0.304s] INFO:colcon.colcon_core.plugin_system:Skipping extension 'colcon_core.shell.bat': Not used on non-Windows systems
[0.304s] INFO:colcon.colcon_core.shell:Skip shell extension 'powershell' for command environment: Not usable outside of PowerShell
[0.304s] DEBUG:colcon.colcon_core.shell:Skip shell extension 'dsv' for command environment
[0.313s] DEBUG:colcon.colcon_core.event_handler.log_command:Invoking command in '/home/arepo/vsss_sim/bullet_ws/build/sim_msgs': CMAKE_PREFIX_PATH=${CMAKE_PREFIX_PATH}:/home/arepo/vsss_sim/bullet_ws/install/sim:/opt/ros/humble /home/arepo/.local/bin/cmake --build /home/arepo/vsss_sim/bullet_ws/build/sim_msgs -- -j16 -l16
[0.624s] DEBUG:colcon.colcon_core.event_handler.log_command:Invoked command in '/home/arepo/vsss_sim/bullet_ws/build/sim_msgs' returned '0': CMAKE_PREFIX_PATH=${CMAKE_PREFIX_PATH}:/home/arepo/vsss_sim/bullet_ws/install/sim:/opt/ros/humble /home/arepo/.local/bin/cmake --build /home/arepo/vsss_sim/bullet_ws/build/sim_msgs -- -j16 -l16
[0.686s] DEBUG:colcon.colcon_core.event_handler.log_command:Invoking command in '/home/arepo/vsss_sim/bullet_ws/build/sim_msgs': CMAKE_PREFIX_PATH=${CMAKE_PREFIX_PATH}:/home/arepo/vsss_sim/bullet_ws/install/sim:/opt/ros/humble /home/arepo/.local/bin/cmake --install /home/arepo/vsss_sim/bullet_ws/build/sim_msgs
[0.789s] Level 1:colcon.colcon_core.environment:create_environment_scripts_only(sim_msgs)
[0.790s] DEBUG:colcon.colcon_core.event_handler.log_command:Invoked command in '/home/arepo/vsss_sim/bullet_ws/build/sim_msgs' returned '0': CMAKE_PREFIX_PATH=${CMAKE_PREFIX_PATH}:/home/arepo/vsss_sim/bullet_ws/install/sim:/opt/ros/humble /home/arepo/.local/bin/cmake --install /home/arepo/vsss_sim/bullet_ws/build/sim_msgs
[0.791s] Level 1:colcon.colcon_core.environment:checking '/home/arepo/vsss_sim/bullet_ws/install/sim_msgs' for CMake module files
[0.792s] Level 1:colcon.colcon_core.environment:checking '/home/arepo/vsss_sim/bullet_ws/install/sim_msgs' for CMake config files
[0.792s] Level 1:colcon.colcon_core.shell:create_environment_hook('sim_msgs', 'cmake_prefix_path')
[0.792s] INFO:colcon.colcon_core.shell:Creating environment hook '/home/arepo/vsss_sim/bullet_ws/install/sim_msgs/share/sim_msgs/hook/cmake_prefix_path.ps1'
[0.793s] INFO:colcon.colcon_core.shell:Creating environment descriptor '/home/arepo/vsss_sim/bullet_ws/install/sim_msgs/share/sim_msgs/hook/cmake_prefix_path.dsv'
[0.793s] INFO:colcon.colcon_core.shell:Creating environment hook '/home/arepo/vsss_sim/bullet_ws/install/sim_msgs/share/sim_msgs/hook/cmake_prefix_path.sh'
[0.794s] Level 1:colcon.colcon_core.environment:checking '/home/arepo/vsss_sim/bullet_ws/install/sim_msgs/lib'
[0.794s] Level 1:colcon.colcon_core.shell:create_environment_hook('sim_msgs', 'ld_library_path_lib')
[0.794s] INFO:colcon.colcon_core.shell:Creating environment hook '/home/arepo/vsss_sim/bullet_ws/install/sim_msgs/share/sim_msgs/hook/ld_library_path_lib.ps1'
[0.795s] INFO:colcon.colcon_core.shell:Creating environment descriptor '/home/arepo/vsss_sim/bullet_ws/install/sim_msgs/share/sim_msgs/hook/ld_library_path_lib.dsv'
[0.795s] INFO:colcon.colcon_core.shell:Creating environment hook '/home/arepo/vsss_sim/bullet_ws/install/sim_msgs/share/sim_msgs/hook/ld_library_path_lib.sh'
[0.796s] Level 1:colcon.colcon_core.environment:checking '/home/arepo/vsss_sim/bullet_ws/install/sim_msgs/bin'
[0.796s] Level 1:colcon.colcon_core.environment:checking '/home/arepo/vsss_sim/bullet_ws/install/sim_msgs/lib/pkgconfig/sim_msgs.pc'
[0.796s] Level 1:colcon.colcon_core.environment:checking '/home/arepo/vsss_sim/bullet_ws/install/sim_msgs/lib/python3.10/site-packages'
[0.796s] Level 1:colcon.colcon_core.environment:checking '/home/arepo/vsss_sim/bullet_ws/install/sim_msgs/bin'
[0.796s] INFO:colcon.colcon_core.shell:Creating package script '/home/arepo/vsss_sim/bullet_ws/install/sim_msgs/share/sim_msgs/package.ps1'
[0.797s] INFO:colcon.colcon_core.shell:Creating package descriptor '/home/arepo/vsss_sim/bullet_ws/install/sim_msgs/share/sim_msgs/package.dsv'
[0.797s] INFO:colcon.colcon_core.shell:Creating package script '/home/arepo/vsss_sim/bullet_ws/install/sim_msgs/share/sim_msgs/package.sh'
[0.798s] INFO:colcon.colcon_core.shell:Creating package script '/home/arepo/vsss_sim/bullet_ws/install/sim_msgs/share/sim_msgs/package.bash'
[0.798s] INFO:colcon.colcon_core.shell:Creating package script '/home/arepo/vsss_sim/bullet_ws/install/sim_msgs/share/sim_msgs/package.zsh'
[0.799s] Level 1:colcon.colcon_core.environment:create_file_with_runtime_dependencies(/home/arepo/vsss_sim/bullet_ws/install/sim_msgs/share/colcon-core/packages/sim_msgs)
[0.799s] Level 1:colcon.colcon_core.environment:create_environment_scripts_only(sim_msgs)
[0.799s] Level 1:colcon.colcon_core.environment:checking '/home/arepo/vsss_sim/bullet_ws/install/sim_msgs' for CMake module files
[0.800s] Level 1:colcon.colcon_core.environment:checking '/home/arepo/vsss_sim/bullet_ws/install/sim_msgs' for CMake config files
[0.800s] Level 1:colcon.colcon_core.shell:create_environment_hook('sim_msgs', 'cmake_prefix_path')
[0.800s] INFO:colcon.colcon_core.shell:Creating environment hook '/home/arepo/vsss_sim/bullet_ws/install/sim_msgs/share/sim_msgs/hook/cmake_prefix_path.ps1'
[0.801s] INFO:colcon.colcon_core.shell:Creating environment descriptor '/home/arepo/vsss_sim/bullet_ws/install/sim_msgs/share/sim_msgs/hook/cmake_prefix_path.dsv'
[0.801s] INFO:colcon.colcon_core.shell:Creating environment hook '/home/arepo/vsss_sim/bullet_ws/install/sim_msgs/share/sim_msgs/hook/cmake_prefix_path.sh'
[0.801s] Level 1:colcon.colcon_core.environment:checking '/home/arepo/vsss_sim/bullet_ws/install/sim_msgs/lib'
[0.801s] Level 1:colcon.colcon_core.shell:create_environment_hook('sim_msgs', 'ld_library_path_lib')
[0.801s] INFO:colcon.colcon_core.shell:Creating environment hook '/home/arepo/vsss_sim/bullet_ws/install/sim_msgs/share/sim_msgs/hook/ld_library_path_lib.ps1'
[0.802s] INFO:colcon.colcon_core.shell:Creating environment descriptor '/home/arepo/vsss_sim/bullet_ws/install/sim_msgs/share/sim_msgs/hook/ld_library_path_lib.dsv'
[0.802s] INFO:colcon.colcon_core.shell:Creating environment hook '/home/arepo/vsss_sim/bullet_ws/install/sim_msgs/share/sim_msgs/hook/ld_library_path_lib.sh'
[0.802s] Level 1:colcon.colcon_core.environment:checking '/home/arepo/vsss_sim/bullet_ws/install/sim_msgs/bin'
[0.802s] Level 1:colcon.colcon_core.environment:checking '/home/arepo/vsss_sim/bullet_ws/install/sim_msgs/lib/pkgconfig/sim_msgs.pc'
[0.803s] Level 1:colcon.colcon_core.environment:checking '/home/arepo/vsss_sim/bullet_ws/install/sim_msgs/lib/python3.10/site-packages'
[0.803s] Level 1:colcon.colcon_core.environment:checking '/home/arepo/vsss_sim/bullet_ws/install/sim_msgs/bin'
[0.803s] INFO:colcon.colcon_core.shell:Creating package script '/home/arepo/vsss_sim/bullet_ws/install/sim_msgs/share/sim_msgs/package.ps1'
[0.804s] INFO:colcon.colcon_core.shell:Creating package descriptor '/home/arepo/vsss_sim/bullet_ws/install/sim_msgs/share/sim_msgs/package.dsv'
[0.804s] INFO:colcon.colcon_core.shell:Creating package script '/home/arepo/vsss_sim/bullet_ws/install/sim_msgs/share/sim_msgs/package.sh'
[0.804s] INFO:colcon.colcon_core.shell:Creating package script '/home/arepo/vsss_sim/bullet_ws/install/sim_msgs/share/sim_msgs/package.bash'
[0.805s] INFO:colcon.colcon_core.shell:Creating package script '/home/arepo/vsss_sim/bullet_ws/install/sim_msgs/share/sim_msgs/package.zsh'
[0.805s] Level 1:colcon.colcon_core.environment:create_file_with_runtime_dependencies(/home/arepo/vsss_sim/bullet_ws/install/sim_msgs/share/colcon-core/packages/sim_msgs)
[0.805s] INFO:colcon.colcon_ros.task.ament_python.build:Building ROS package in '/home/arepo/vsss_sim/bullet_ws/src/sim' with build type 'ament_python'
[0.805s] Level 1:colcon.colcon_core.shell:create_environment_hook('sim', 'ament_prefix_path')
[0.805s] INFO:colcon.colcon_core.shell:Creating environment hook '/home/arepo/vsss_sim/bullet_ws/install/sim/share/sim/hook/ament_prefix_path.ps1'
[0.806s] INFO:colcon.colcon_core.shell:Creating environment descriptor '/home/arepo/vsss_sim/bullet_ws/install/sim/share/sim/hook/ament_prefix_path.dsv'
[0.806s] INFO:colcon.colcon_core.shell:Creating environment hook '/home/arepo/vsss_sim/bullet_ws/install/sim/share/sim/hook/ament_prefix_path.sh'
[0.807s] INFO:colcon.colcon_core.shell:Skip shell extension 'powershell' for command environment: Not usable outside of PowerShell
[0.807s] DEBUG:colcon.colcon_core.shell:Skip shell extension 'dsv' for command environment
[1.029s] INFO:colcon.colcon_core.task.python.build:Building Python package in '/home/arepo/vsss_sim/bullet_ws/src/sim'
[1.030s] INFO:colcon.colcon_core.shell:Skip shell extension 'powershell' for command environment: Not usable outside of PowerShell
[1.030s] DEBUG:colcon.colcon_core.shell:Skip shell extension 'dsv' for command environment
[1.326s] DEBUG:colcon.colcon_core.event_handler.log_command:Invoking command in '/home/arepo/vsss_sim/bullet_ws/src/sim': PYTHONPATH=/home/arepo/vsss_sim/bullet_ws/build/sim/prefix_override:/usr/lib/python3/dist-packages/colcon_core/task/python/colcon_distutils_commands:/home/arepo/vsss_sim/bullet_ws/install/sim/lib/python3.10/site-packages:${PYTHONPATH} /usr/bin/python3 -W ignore:setup.py install is deprecated -W ignore:easy_install command is deprecated setup.py egg_info --egg-base ../../build/sim build --build-base /home/arepo/vsss_sim/bullet_ws/build/sim/build install --record /home/arepo/vsss_sim/bullet_ws/build/sim/install.log --single-version-externally-managed install_data
[1.570s] Level 1:colcon.colcon_core.environment:checking '/home/arepo/vsss_sim/bullet_ws/install/sim' for CMake module files
[1.570s] DEBUG:colcon.colcon_core.event_handler.log_command:Invoked command in '/home/arepo/vsss_sim/bullet_ws/src/sim' returned '0': PYTHONPATH=/home/arepo/vsss_sim/bullet_ws/build/sim/prefix_override:/usr/lib/python3/dist-packages/colcon_core/task/python/colcon_distutils_commands:/home/arepo/vsss_sim/bullet_ws/install/sim/lib/python3.10/site-packages:${PYTHONPATH} /usr/bin/python3 -W ignore:setup.py install is deprecated -W ignore:easy_install command is deprecated setup.py egg_info --egg-base ../../build/sim build --build-base /home/arepo/vsss_sim/bullet_ws/build/sim/build install --record /home/arepo/vsss_sim/bullet_ws/build/sim/install.log --single-version-externally-managed install_data
[1.571s] Level 1:colcon.colcon_core.environment:checking '/home/arepo/vsss_sim/bullet_ws/install/sim' for CMake config files
[1.571s] Level 1:colcon.colcon_core.environment:checking '/home/arepo/vsss_sim/bullet_ws/install/sim/lib'
[1.571s] Level 1:colcon.colcon_core.environment:checking '/home/arepo/vsss_sim/bullet_ws/install/sim/bin'
[1.571s] Level 1:colcon.colcon_core.environment:checking '/home/arepo/vsss_sim/bullet_ws/install/sim/lib/pkgconfig/sim.pc'
[1.572s] Level 1:colcon.colcon_core.environment:checking '/home/arepo/vsss_sim/bullet_ws/install/sim/lib/python3.10/site-packages'
[1.572s] Level 1:colcon.colcon_core.shell:create_environment_hook('sim', 'pythonpath')
[1.572s] INFO:colcon.colcon_core.shell:Creating environment hook '/home/arepo/vsss_sim/bullet_ws/install/sim/share/sim/hook/pythonpath.ps1'
[1.572s] INFO:colcon.colcon_core.shell:Creating environment descriptor '/home/arepo/vsss_sim/bullet_ws/install/sim/share/sim/hook/pythonpath.dsv'
[1.572s] INFO:colcon.colcon_core.shell:Creating environment hook '/home/arepo/vsss_sim/bullet_ws/install/sim/share/sim/hook/pythonpath.sh'
[1.573s] Level 1:colcon.colcon_core.environment:checking '/home/arepo/vsss_sim/bullet_ws/install/sim/bin'
[1.573s] Level 1:colcon.colcon_core.environment:create_environment_scripts_only(sim)
[1.573s] INFO:colcon.colcon_core.shell:Creating package script '/home/arepo/vsss_sim/bullet_ws/install/sim/share/sim/package.ps1'
[1.573s] INFO:colcon.colcon_core.shell:Creating package descriptor '/home/arepo/vsss_sim/bullet_ws/install/sim/share/sim/package.dsv'
[1.574s] INFO:colcon.colcon_core.shell:Creating package script '/home/arepo/vsss_sim/bullet_ws/install/sim/share/sim/package.sh'
[1.574s] INFO:colcon.colcon_core.shell:Creating package script '/home/arepo/vsss_sim/bullet_ws/install/sim/share/sim/package.bash'
[1.574s] INFO:colcon.colcon_core.shell:Creating package script '/home/arepo/vsss_sim/bullet_ws/install/sim/share/sim/package.zsh'
[1.575s] Level 1:colcon.colcon_core.environment:create_file_with_runtime_dependencies(/home/arepo/vsss_sim/bullet_ws/install/sim/share/colcon-core/packages/sim)
[1.575s] DEBUG:colcon.colcon_parallel_executor.executor.parallel:closing loop
[1.575s] DEBUG:colcon.colcon_parallel_executor.executor.parallel:loop closed
[1.575s] DEBUG:colcon.colcon_parallel_executor.executor.parallel:run_until_complete finished with '0'
[1.575s] DEBUG:colcon.colcon_core.event_reactor:joining thread
[1.580s] INFO:colcon.colcon_core.plugin_system:Skipping extension 'colcon_notification.desktop_notification.terminal_notifier': Not used on non-Darwin systems
[1.580s] INFO:colcon.colcon_core.plugin_system:Skipping extension 'colcon_notification.desktop_notification.win32': Not used on non-Windows systems
[1.580s] INFO:colcon.colcon_notification.desktop_notification:Sending desktop notification using 'notify2'
[1.589s] DEBUG:colcon.colcon_core.event_reactor:joined thread
[1.589s] INFO:colcon.colcon_core.shell:Creating prefix script '/home/arepo/vsss_sim/bullet_ws/install/local_setup.ps1'
[1.590s] INFO:colcon.colcon_core.shell:Creating prefix util module '/home/arepo/vsss_sim/bullet_ws/install/_local_setup_util_ps1.py'
[1.591s] INFO:colcon.colcon_core.shell:Creating prefix chain script '/home/arepo/vsss_sim/bullet_ws/install/setup.ps1'
[1.592s] INFO:colcon.colcon_core.shell:Creating prefix script '/home/arepo/vsss_sim/bullet_ws/install/local_setup.sh'
[1.592s] INFO:colcon.colcon_core.shell:Creating prefix util module '/home/arepo/vsss_sim/bullet_ws/install/_local_setup_util_sh.py'
[1.593s] INFO:colcon.colcon_core.shell:Creating prefix chain script '/home/arepo/vsss_sim/bullet_ws/install/setup.sh'
[1.593s] INFO:colcon.colcon_core.shell:Creating prefix script '/home/arepo/vsss_sim/bullet_ws/install/local_setup.bash'
[1.594s] INFO:colcon.colcon_core.shell:Creating prefix chain script '/home/arepo/vsss_sim/bullet_ws/install/setup.bash'
[1.595s] INFO:colcon.colcon_core.shell:Creating prefix script '/home/arepo/vsss_sim/bullet_ws/install/local_setup.zsh'
[1.595s] INFO:colcon.colcon_core.shell:Creating prefix chain script '/home/arepo/vsss_sim/bullet_ws/install/setup.zsh'
