[0.660s] Invoking command in '/home/arepo/vsss_sim/bullet_ws/src/sim': PYTHONPATH=/home/arepo/vsss_sim/bullet_ws/build/sim/prefix_override:/usr/lib/python3/dist-packages/colcon_core/task/python/colcon_distutils_commands:/home/arepo/vsss_sim/bullet_ws/install/sim/lib/python3.10/site-packages:${PYTHONPATH} /usr/bin/python3 -W ignore:setup.py install is deprecated -W ignore:easy_install command is deprecated setup.py egg_info --egg-base ../../build/sim build --build-base /home/arepo/vsss_sim/bullet_ws/build/sim/build install --record /home/arepo/vsss_sim/bullet_ws/build/sim/install.log --single-version-externally-managed install_data
[0.838s] running egg_info
[0.851s] writing ../../build/sim/sim.egg-info/PKG-INFO
[0.852s] writing dependency_links to ../../build/sim/sim.egg-info/dependency_links.txt
[0.852s] writing entry points to ../../build/sim/sim.egg-info/entry_points.txt
[0.852s] writing requirements to ../../build/sim/sim.egg-info/requires.txt
[0.852s] writing top-level names to ../../build/sim/sim.egg-info/top_level.txt
[0.880s] reading manifest file '../../build/sim/sim.egg-info/SOURCES.txt'
[0.880s] adding license file 'LICENSE'
[0.881s] writing manifest file '../../build/sim/sim.egg-info/SOURCES.txt'
[0.881s] running build
[0.881s] running build_py
[0.881s] copying sim/sim.py -> /home/arepo/vsss_sim/bullet_ws/build/sim/build/lib/sim
[0.881s] copying sim/strat.py -> /home/arepo/vsss_sim/bullet_ws/build/sim/build/lib/sim
[0.881s] copying sim/gui.py -> /home/arepo/vsss_sim/bullet_ws/build/sim/build/lib/sim
[0.881s] copying sim/vision.py -> /home/arepo/vsss_sim/bullet_ws/build/sim/build/lib/sim
[0.882s] running install
[0.885s] running install_lib
[0.899s] running install_data
[0.900s] running install_egg_info
[0.914s] removing '/home/arepo/vsss_sim/bullet_ws/install/sim/lib/python3.10/site-packages/sim-0.0.0-py3.10.egg-info' (and everything under it)
[0.915s] Copying ../../build/sim/sim.egg-info to /home/arepo/vsss_sim/bullet_ws/install/sim/lib/python3.10/site-packages/sim-0.0.0-py3.10.egg-info
[0.915s] running install_scripts
[1.059s] Installing comms script to /home/arepo/vsss_sim/bullet_ws/install/sim/lib/sim
[1.059s] Installing gui script to /home/arepo/vsss_sim/bullet_ws/install/sim/lib/sim
[1.059s] Installing sim script to /home/arepo/vsss_sim/bullet_ws/install/sim/lib/sim
[1.059s] Installing strat script to /home/arepo/vsss_sim/bullet_ws/install/sim/lib/sim
[1.059s] Installing tests script to /home/arepo/vsss_sim/bullet_ws/install/sim/lib/sim
[1.059s] Installing vision script to /home/arepo/vsss_sim/bullet_ws/install/sim/lib/sim
[1.060s] writing list of installed files to '/home/arepo/vsss_sim/bullet_ws/build/sim/install.log'
[1.079s] Invoked command in '/home/arepo/vsss_sim/bullet_ws/src/sim' returned '0': PYTHONPATH=/home/arepo/vsss_sim/bullet_ws/build/sim/prefix_override:/usr/lib/python3/dist-packages/colcon_core/task/python/colcon_distutils_commands:/home/arepo/vsss_sim/bullet_ws/install/sim/lib/python3.10/site-packages:${PYTHONPATH} /usr/bin/python3 -W ignore:setup.py install is deprecated -W ignore:easy_install command is deprecated setup.py egg_info --egg-base ../../build/sim build --build-base /home/arepo/vsss_sim/bullet_ws/build/sim/build install --record /home/arepo/vsss_sim/bullet_ws/build/sim/install.log --single-version-externally-managed install_data
