[0.205s] DEBUG:colcon:Command line arguments: ['/usr/bin/colcon', 'build']
[0.205s] DEBUG:colcon:Parsed command line arguments: Namespace(log_base=None, log_level=None, verb_name='build', build_base='build', install_base='install', merge_install=False, symlink_install=False, test_result_base=None, continue_on_error=False, executor='parallel', parallel_workers=16, event_handlers=None, ignore_user_meta=False, metas=['./colcon.meta'], base_paths=['.'], packages_ignore=None, packages_ignore_regex=None, paths=None, packages_up_to=None, packages_up_to_regex=None, packages_above=None, packages_above_and_dependencies=None, packages_above_depth=None, packages_select_by_dep=None, packages_skip_by_dep=None, packages_skip_up_to=None, packages_select_build_failed=False, packages_skip_build_finished=False, packages_select_test_failures=False, packages_skip_test_passed=False, packages_select=None, packages_skip=None, packages_select_regex=None, packages_skip_regex=None, packages_start=None, packages_end=None, allow_overriding=[], cmake_args=None, cmake_target=None, cmake_target_skip_unavailable=False, cmake_clean_cache=False, cmake_clean_first=False, cmake_force_configure=False, ament_cmake_args=None, catkin_cmake_args=None, catkin_skip_building_tests=False, mixin_files=None, mixin=None, verb_parser=<colcon_mixin.mixin.mixin_argument.MixinArgumentDecorator object at 0x7ee08aca5360>, verb_extension=<colcon_core.verb.build.BuildVerb object at 0x7ee08aca46d0>, main=<bound method BuildVerb.main of <colcon_core.verb.build.BuildVerb object at 0x7ee08aca46d0>>, mixin_verb=('build',))
[0.281s] Level 1:colcon.colcon_core.package_discovery:discover_packages(colcon_meta) check parameters
[0.282s] Level 1:colcon.colcon_core.package_discovery:discover_packages(recursive) check parameters
[0.282s] Level 1:colcon.colcon_core.package_discovery:discover_packages(ignore) check parameters
[0.282s] Level 1:colcon.colcon_core.package_discovery:discover_packages(path) check parameters
[0.282s] Level 1:colcon.colcon_core.package_discovery:discover_packages(colcon_meta) discover
[0.282s] Level 1:colcon.colcon_core.package_discovery:discover_packages(recursive) discover
[0.282s] INFO:colcon.colcon_core.package_discovery:Crawling recursively for packages in '/home/arepo/vsss_sim/bullet_ws'
[0.282s] Level 1:colcon.colcon_core.package_identification:_identify(.) by extensions ['ignore', 'ignore_ament_install']
[0.282s] Level 1:colcon.colcon_core.package_identification:_identify(.) by extension 'ignore'
[0.282s] Level 1:colcon.colcon_core.package_identification:_identify(.) by extension 'ignore_ament_install'
[0.282s] Level 1:colcon.colcon_core.package_identification:_identify(.) by extensions ['colcon_pkg']
[0.282s] Level 1:colcon.colcon_core.package_identification:_identify(.) by extension 'colcon_pkg'
[0.282s] Level 1:colcon.colcon_core.package_identification:_identify(.) by extensions ['colcon_meta']
[0.282s] Level 1:colcon.colcon_core.package_identification:_identify(.) by extension 'colcon_meta'
[0.282s] Level 1:colcon.colcon_core.package_identification:_identify(.) by extensions ['ros']
[0.282s] Level 1:colcon.colcon_core.package_identification:_identify(.) by extension 'ros'
[0.306s] Level 1:colcon.colcon_core.package_identification:_identify(.) by extensions ['cmake', 'python']
[0.306s] Level 1:colcon.colcon_core.package_identification:_identify(.) by extension 'cmake'
[0.306s] Level 1:colcon.colcon_core.package_identification:_identify(.) by extension 'python'
[0.306s] Level 1:colcon.colcon_core.package_identification:_identify(.) by extensions ['python_setup_py']
[0.306s] Level 1:colcon.colcon_core.package_identification:_identify(.) by extension 'python_setup_py'
[0.306s] Level 1:colcon.colcon_core.package_identification:_identify(build) by extensions ['ignore', 'ignore_ament_install']
[0.306s] Level 1:colcon.colcon_core.package_identification:_identify(build) by extension 'ignore'
[0.306s] Level 1:colcon.colcon_core.package_identification:_identify(build) ignored
[0.306s] Level 1:colcon.colcon_core.package_identification:_identify(install) by extensions ['ignore', 'ignore_ament_install']
[0.306s] Level 1:colcon.colcon_core.package_identification:_identify(install) by extension 'ignore'
[0.306s] Level 1:colcon.colcon_core.package_identification:_identify(install) ignored
[0.307s] Level 1:colcon.colcon_core.package_identification:_identify(log) by extensions ['ignore', 'ignore_ament_install']
[0.307s] Level 1:colcon.colcon_core.package_identification:_identify(log) by extension 'ignore'
[0.307s] Level 1:colcon.colcon_core.package_identification:_identify(log) ignored
[0.307s] Level 1:colcon.colcon_core.package_identification:_identify(src) by extensions ['ignore', 'ignore_ament_install']
[0.307s] Level 1:colcon.colcon_core.package_identification:_identify(src) by extension 'ignore'
[0.307s] Level 1:colcon.colcon_core.package_identification:_identify(src) by extension 'ignore_ament_install'
[0.307s] Level 1:colcon.colcon_core.package_identification:_identify(src) by extensions ['colcon_pkg']
[0.307s] Level 1:colcon.colcon_core.package_identification:_identify(src) by extension 'colcon_pkg'
[0.307s] Level 1:colcon.colcon_core.package_identification:_identify(src) by extensions ['colcon_meta']
[0.307s] Level 1:colcon.colcon_core.package_identification:_identify(src) by extension 'colcon_meta'
[0.307s] Level 1:colcon.colcon_core.package_identification:_identify(src) by extensions ['ros']
[0.307s] Level 1:colcon.colcon_core.package_identification:_identify(src) by extension 'ros'
[0.307s] Level 1:colcon.colcon_core.package_identification:_identify(src) by extensions ['cmake', 'python']
[0.307s] Level 1:colcon.colcon_core.package_identification:_identify(src) by extension 'cmake'
[0.307s] Level 1:colcon.colcon_core.package_identification:_identify(src) by extension 'python'
[0.307s] Level 1:colcon.colcon_core.package_identification:_identify(src) by extensions ['python_setup_py']
[0.308s] Level 1:colcon.colcon_core.package_identification:_identify(src) by extension 'python_setup_py'
[0.308s] Level 1:colcon.colcon_core.package_identification:_identify(src/sim) by extensions ['ignore', 'ignore_ament_install']
[0.308s] Level 1:colcon.colcon_core.package_identification:_identify(src/sim) by extension 'ignore'
[0.308s] Level 1:colcon.colcon_core.package_identification:_identify(src/sim) by extension 'ignore_ament_install'
[0.308s] Level 1:colcon.colcon_core.package_identification:_identify(src/sim) by extensions ['colcon_pkg']
[0.308s] Level 1:colcon.colcon_core.package_identification:_identify(src/sim) by extension 'colcon_pkg'
[0.308s] Level 1:colcon.colcon_core.package_identification:_identify(src/sim) by extensions ['colcon_meta']
[0.308s] Level 1:colcon.colcon_core.package_identification:_identify(src/sim) by extension 'colcon_meta'
[0.308s] Level 1:colcon.colcon_core.package_identification:_identify(src/sim) by extensions ['ros']
[0.308s] Level 1:colcon.colcon_core.package_identification:_identify(src/sim) by extension 'ros'
[0.317s] DEBUG:colcon.colcon_core.package_identification:Package 'src/sim' with type 'ros.ament_python' and name 'sim'
[0.317s] Level 1:colcon.colcon_core.package_identification:_identify(src/sim_msgs) by extensions ['ignore', 'ignore_ament_install']
[0.317s] Level 1:colcon.colcon_core.package_identification:_identify(src/sim_msgs) by extension 'ignore'
[0.317s] Level 1:colcon.colcon_core.package_identification:_identify(src/sim_msgs) by extension 'ignore_ament_install'
[0.317s] Level 1:colcon.colcon_core.package_identification:_identify(src/sim_msgs) by extensions ['colcon_pkg']
[0.317s] Level 1:colcon.colcon_core.package_identification:_identify(src/sim_msgs) by extension 'colcon_pkg'
[0.317s] Level 1:colcon.colcon_core.package_identification:_identify(src/sim_msgs) by extensions ['colcon_meta']
[0.317s] Level 1:colcon.colcon_core.package_identification:_identify(src/sim_msgs) by extension 'colcon_meta'
[0.318s] Level 1:colcon.colcon_core.package_identification:_identify(src/sim_msgs) by extensions ['ros']
[0.318s] Level 1:colcon.colcon_core.package_identification:_identify(src/sim_msgs) by extension 'ros'
[0.318s] DEBUG:colcon.colcon_core.package_identification:Package 'src/sim_msgs' with type 'ros.ament_cmake' and name 'sim_msgs'
[0.318s] Level 1:colcon.colcon_core.package_identification:_identify(src/vision) by extensions ['ignore', 'ignore_ament_install']
[0.319s] Level 1:colcon.colcon_core.package_identification:_identify(src/vision) by extension 'ignore'
[0.319s] Level 1:colcon.colcon_core.package_identification:_identify(src/vision) by extension 'ignore_ament_install'
[0.319s] Level 1:colcon.colcon_core.package_identification:_identify(src/vision) by extensions ['colcon_pkg']
[0.319s] Level 1:colcon.colcon_core.package_identification:_identify(src/vision) by extension 'colcon_pkg'
[0.319s] Level 1:colcon.colcon_core.package_identification:_identify(src/vision) by extensions ['colcon_meta']
[0.319s] Level 1:colcon.colcon_core.package_identification:_identify(src/vision) by extension 'colcon_meta'
[0.319s] Level 1:colcon.colcon_core.package_identification:_identify(src/vision) by extensions ['ros']
[0.319s] Level 1:colcon.colcon_core.package_identification:_identify(src/vision) by extension 'ros'
[0.320s] DEBUG:colcon.colcon_core.package_identification:Package 'src/vision' with type 'ros.ament_python' and name 'vision'
[0.320s] Level 1:colcon.colcon_core.package_discovery:discover_packages(recursive) using defaults
[0.320s] Level 1:colcon.colcon_core.package_discovery:discover_packages(ignore) discover
[0.320s] Level 1:colcon.colcon_core.package_discovery:discover_packages(ignore) using defaults
[0.320s] Level 1:colcon.colcon_core.package_discovery:discover_packages(path) discover
[0.320s] Level 1:colcon.colcon_core.package_discovery:discover_packages(path) using defaults
[0.351s] Level 1:colcon.colcon_core.package_discovery:discover_packages(prefix_path) check parameters
[0.351s] Level 1:colcon.colcon_core.package_discovery:discover_packages(prefix_path) discover
[0.353s] DEBUG:colcon.colcon_installed_package_information.package_discovery:Found 3 installed packages in /home/arepo/vsss_sim/bullet_ws/install
[0.355s] DEBUG:colcon.colcon_installed_package_information.package_discovery:Found 451 installed packages in /opt/ros/humble
[0.358s] Level 1:colcon.colcon_core.package_discovery:discover_packages(prefix_path) using defaults
[0.418s] Level 5:colcon.colcon_core.verb:set package 'sim_msgs' build argument 'cmake_args' from command line to 'None'
[0.418s] Level 5:colcon.colcon_core.verb:set package 'sim_msgs' build argument 'cmake_target' from command line to 'None'
[0.418s] Level 5:colcon.colcon_core.verb:set package 'sim_msgs' build argument 'cmake_target_skip_unavailable' from command line to 'False'
[0.418s] Level 5:colcon.colcon_core.verb:set package 'sim_msgs' build argument 'cmake_clean_cache' from command line to 'False'
[0.418s] Level 5:colcon.colcon_core.verb:set package 'sim_msgs' build argument 'cmake_clean_first' from command line to 'False'
[0.418s] Level 5:colcon.colcon_core.verb:set package 'sim_msgs' build argument 'cmake_force_configure' from command line to 'False'
[0.418s] Level 5:colcon.colcon_core.verb:set package 'sim_msgs' build argument 'ament_cmake_args' from command line to 'None'
[0.418s] Level 5:colcon.colcon_core.verb:set package 'sim_msgs' build argument 'catkin_cmake_args' from command line to 'None'
[0.418s] Level 5:colcon.colcon_core.verb:set package 'sim_msgs' build argument 'catkin_skip_building_tests' from command line to 'False'
[0.418s] DEBUG:colcon.colcon_core.verb:Building package 'sim_msgs' with the following arguments: {'ament_cmake_args': None, 'build_base': '/home/arepo/vsss_sim/bullet_ws/build/sim_msgs', 'catkin_cmake_args': None, 'catkin_skip_building_tests': False, 'cmake_args': None, 'cmake_clean_cache': False, 'cmake_clean_first': False, 'cmake_force_configure': False, 'cmake_target': None, 'cmake_target_skip_unavailable': False, 'install_base': '/home/arepo/vsss_sim/bullet_ws/install/sim_msgs', 'merge_install': False, 'path': '/home/arepo/vsss_sim/bullet_ws/src/sim_msgs', 'symlink_install': False, 'test_result_base': None}
[0.419s] Level 5:colcon.colcon_core.verb:set package 'vision' build argument 'cmake_args' from command line to 'None'
[0.419s] Level 5:colcon.colcon_core.verb:set package 'vision' build argument 'cmake_target' from command line to 'None'
[0.419s] Level 5:colcon.colcon_core.verb:set package 'vision' build argument 'cmake_target_skip_unavailable' from command line to 'False'
[0.419s] Level 5:colcon.colcon_core.verb:set package 'vision' build argument 'cmake_clean_cache' from command line to 'False'
[0.419s] Level 5:colcon.colcon_core.verb:set package 'vision' build argument 'cmake_clean_first' from command line to 'False'
[0.419s] Level 5:colcon.colcon_core.verb:set package 'vision' build argument 'cmake_force_configure' from command line to 'False'
[0.419s] Level 5:colcon.colcon_core.verb:set package 'vision' build argument 'ament_cmake_args' from command line to 'None'
[0.419s] Level 5:colcon.colcon_core.verb:set package 'vision' build argument 'catkin_cmake_args' from command line to 'None'
[0.419s] Level 5:colcon.colcon_core.verb:set package 'vision' build argument 'catkin_skip_building_tests' from command line to 'False'
[0.419s] DEBUG:colcon.colcon_core.verb:Building package 'vision' with the following arguments: {'ament_cmake_args': None, 'build_base': '/home/arepo/vsss_sim/bullet_ws/build/vision', 'catkin_cmake_args': None, 'catkin_skip_building_tests': False, 'cmake_args': None, 'cmake_clean_cache': False, 'cmake_clean_first': False, 'cmake_force_configure': False, 'cmake_target': None, 'cmake_target_skip_unavailable': False, 'install_base': '/home/arepo/vsss_sim/bullet_ws/install/vision', 'merge_install': False, 'path': '/home/arepo/vsss_sim/bullet_ws/src/vision', 'symlink_install': False, 'test_result_base': None}
[0.419s] Level 5:colcon.colcon_core.verb:set package 'sim' build argument 'cmake_args' from command line to 'None'
[0.419s] Level 5:colcon.colcon_core.verb:set package 'sim' build argument 'cmake_target' from command line to 'None'
[0.419s] Level 5:colcon.colcon_core.verb:set package 'sim' build argument 'cmake_target_skip_unavailable' from command line to 'False'
[0.419s] Level 5:colcon.colcon_core.verb:set package 'sim' build argument 'cmake_clean_cache' from command line to 'False'
[0.419s] Level 5:colcon.colcon_core.verb:set package 'sim' build argument 'cmake_clean_first' from command line to 'False'
[0.419s] Level 5:colcon.colcon_core.verb:set package 'sim' build argument 'cmake_force_configure' from command line to 'False'
[0.419s] Level 5:colcon.colcon_core.verb:set package 'sim' build argument 'ament_cmake_args' from command line to 'None'
[0.419s] Level 5:colcon.colcon_core.verb:set package 'sim' build argument 'catkin_cmake_args' from command line to 'None'
[0.419s] Level 5:colcon.colcon_core.verb:set package 'sim' build argument 'catkin_skip_building_tests' from command line to 'False'
[0.419s] DEBUG:colcon.colcon_core.verb:Building package 'sim' with the following arguments: {'ament_cmake_args': None, 'build_base': '/home/arepo/vsss_sim/bullet_ws/build/sim', 'catkin_cmake_args': None, 'catkin_skip_building_tests': False, 'cmake_args': None, 'cmake_clean_cache': False, 'cmake_clean_first': False, 'cmake_force_configure': False, 'cmake_target': None, 'cmake_target_skip_unavailable': False, 'install_base': '/home/arepo/vsss_sim/bullet_ws/install/sim', 'merge_install': False, 'path': '/home/arepo/vsss_sim/bullet_ws/src/sim', 'symlink_install': False, 'test_result_base': None}
[0.420s] INFO:colcon.colcon_core.executor:Executing jobs using 'parallel' executor
[0.421s] DEBUG:colcon.colcon_parallel_executor.executor.parallel:run_until_complete
[0.421s] INFO:colcon.colcon_ros.task.ament_cmake.build:Building ROS package in '/home/arepo/vsss_sim/bullet_ws/src/sim_msgs' with build type 'ament_cmake'
[0.421s] INFO:colcon.colcon_cmake.task.cmake.build:Building CMake package in '/home/arepo/vsss_sim/bullet_ws/src/sim_msgs'
[0.425s] INFO:colcon.colcon_core.plugin_system:Skipping extension 'colcon_core.shell.bat': Not used on non-Windows systems
[0.425s] INFO:colcon.colcon_core.shell:Skip shell extension 'powershell' for command environment: Not usable outside of PowerShell
[0.425s] DEBUG:colcon.colcon_core.shell:Skip shell extension 'dsv' for command environment
[0.442s] INFO:colcon.colcon_ros.task.ament_python.build:Building ROS package in '/home/arepo/vsss_sim/bullet_ws/src/vision' with build type 'ament_python'
[0.442s] Level 1:colcon.colcon_core.shell:create_environment_hook('vision', 'ament_prefix_path')
[0.442s] INFO:colcon.colcon_core.shell:Creating environment hook '/home/arepo/vsss_sim/bullet_ws/install/vision/share/vision/hook/ament_prefix_path.ps1'
[0.444s] INFO:colcon.colcon_core.shell:Creating environment descriptor '/home/arepo/vsss_sim/bullet_ws/install/vision/share/vision/hook/ament_prefix_path.dsv'
[0.444s] INFO:colcon.colcon_core.shell:Creating environment hook '/home/arepo/vsss_sim/bullet_ws/install/vision/share/vision/hook/ament_prefix_path.sh'
[0.446s] INFO:colcon.colcon_core.shell:Skip shell extension 'powershell' for command environment: Not usable outside of PowerShell
[0.446s] DEBUG:colcon.colcon_core.shell:Skip shell extension 'dsv' for command environment
[0.456s] DEBUG:colcon.colcon_core.event_handler.log_command:Invoking command in '/home/arepo/vsss_sim/bullet_ws/build/sim_msgs': CMAKE_PREFIX_PATH=${CMAKE_PREFIX_PATH}:/home/arepo/vsss_sim/bullet_ws/install/vision:/home/arepo/vsss_sim/bullet_ws/install/sim:/opt/ros/humble /home/arepo/.local/bin/cmake --build /home/arepo/vsss_sim/bullet_ws/build/sim_msgs -- -j16 -l16
[0.708s] INFO:colcon.colcon_core.task.python.build:Building Python package in '/home/arepo/vsss_sim/bullet_ws/src/vision'
[0.709s] INFO:colcon.colcon_core.shell:Skip shell extension 'powershell' for command environment: Not usable outside of PowerShell
[0.709s] DEBUG:colcon.colcon_core.shell:Skip shell extension 'dsv' for command environment
[1.015s] DEBUG:colcon.colcon_core.event_handler.log_command:Invoked command in '/home/arepo/vsss_sim/bullet_ws/build/sim_msgs' returned '0': CMAKE_PREFIX_PATH=${CMAKE_PREFIX_PATH}:/home/arepo/vsss_sim/bullet_ws/install/vision:/home/arepo/vsss_sim/bullet_ws/install/sim:/opt/ros/humble /home/arepo/.local/bin/cmake --build /home/arepo/vsss_sim/bullet_ws/build/sim_msgs -- -j16 -l16
[1.078s] DEBUG:colcon.colcon_core.event_handler.log_command:Invoking command in '/home/arepo/vsss_sim/bullet_ws/build/sim_msgs': CMAKE_PREFIX_PATH=${CMAKE_PREFIX_PATH}:/home/arepo/vsss_sim/bullet_ws/install/vision:/home/arepo/vsss_sim/bullet_ws/install/sim:/opt/ros/humble /home/arepo/.local/bin/cmake --install /home/arepo/vsss_sim/bullet_ws/build/sim_msgs
[1.197s] Level 1:colcon.colcon_core.environment:create_environment_scripts_only(sim_msgs)
[1.198s] DEBUG:colcon.colcon_core.event_handler.log_command:Invoked command in '/home/arepo/vsss_sim/bullet_ws/build/sim_msgs' returned '0': CMAKE_PREFIX_PATH=${CMAKE_PREFIX_PATH}:/home/arepo/vsss_sim/bullet_ws/install/vision:/home/arepo/vsss_sim/bullet_ws/install/sim:/opt/ros/humble /home/arepo/.local/bin/cmake --install /home/arepo/vsss_sim/bullet_ws/build/sim_msgs
[1.204s] Level 1:colcon.colcon_core.environment:checking '/home/arepo/vsss_sim/bullet_ws/install/sim_msgs' for CMake module files
[1.204s] Level 1:colcon.colcon_core.environment:checking '/home/arepo/vsss_sim/bullet_ws/install/sim_msgs' for CMake config files
[1.205s] Level 1:colcon.colcon_core.shell:create_environment_hook('sim_msgs', 'cmake_prefix_path')
[1.205s] INFO:colcon.colcon_core.shell:Creating environment hook '/home/arepo/vsss_sim/bullet_ws/install/sim_msgs/share/sim_msgs/hook/cmake_prefix_path.ps1'
[1.206s] INFO:colcon.colcon_core.shell:Creating environment descriptor '/home/arepo/vsss_sim/bullet_ws/install/sim_msgs/share/sim_msgs/hook/cmake_prefix_path.dsv'
[1.206s] INFO:colcon.colcon_core.shell:Creating environment hook '/home/arepo/vsss_sim/bullet_ws/install/sim_msgs/share/sim_msgs/hook/cmake_prefix_path.sh'
[1.206s] Level 1:colcon.colcon_core.environment:checking '/home/arepo/vsss_sim/bullet_ws/install/sim_msgs/lib'
[1.206s] Level 1:colcon.colcon_core.shell:create_environment_hook('sim_msgs', 'ld_library_path_lib')
[1.207s] INFO:colcon.colcon_core.shell:Creating environment hook '/home/arepo/vsss_sim/bullet_ws/install/sim_msgs/share/sim_msgs/hook/ld_library_path_lib.ps1'
[1.207s] INFO:colcon.colcon_core.shell:Creating environment descriptor '/home/arepo/vsss_sim/bullet_ws/install/sim_msgs/share/sim_msgs/hook/ld_library_path_lib.dsv'
[1.207s] INFO:colcon.colcon_core.shell:Creating environment hook '/home/arepo/vsss_sim/bullet_ws/install/sim_msgs/share/sim_msgs/hook/ld_library_path_lib.sh'
[1.207s] Level 1:colcon.colcon_core.environment:checking '/home/arepo/vsss_sim/bullet_ws/install/sim_msgs/bin'
[1.207s] Level 1:colcon.colcon_core.environment:checking '/home/arepo/vsss_sim/bullet_ws/install/sim_msgs/lib/pkgconfig/sim_msgs.pc'
[1.208s] Level 1:colcon.colcon_core.environment:checking '/home/arepo/vsss_sim/bullet_ws/install/sim_msgs/lib/python3.10/site-packages'
[1.208s] Level 1:colcon.colcon_core.environment:checking '/home/arepo/vsss_sim/bullet_ws/install/sim_msgs/bin'
[1.208s] INFO:colcon.colcon_core.shell:Creating package script '/home/arepo/vsss_sim/bullet_ws/install/sim_msgs/share/sim_msgs/package.ps1'
[1.209s] INFO:colcon.colcon_core.shell:Creating package descriptor '/home/arepo/vsss_sim/bullet_ws/install/sim_msgs/share/sim_msgs/package.dsv'
[1.210s] INFO:colcon.colcon_core.shell:Creating package script '/home/arepo/vsss_sim/bullet_ws/install/sim_msgs/share/sim_msgs/package.sh'
[1.210s] INFO:colcon.colcon_core.shell:Creating package script '/home/arepo/vsss_sim/bullet_ws/install/sim_msgs/share/sim_msgs/package.bash'
[1.211s] INFO:colcon.colcon_core.shell:Creating package script '/home/arepo/vsss_sim/bullet_ws/install/sim_msgs/share/sim_msgs/package.zsh'
[1.212s] Level 1:colcon.colcon_core.environment:create_file_with_runtime_dependencies(/home/arepo/vsss_sim/bullet_ws/install/sim_msgs/share/colcon-core/packages/sim_msgs)
[1.212s] Level 1:colcon.colcon_core.environment:create_environment_scripts_only(sim_msgs)
[1.213s] Level 1:colcon.colcon_core.environment:checking '/home/arepo/vsss_sim/bullet_ws/install/sim_msgs' for CMake module files
[1.213s] Level 1:colcon.colcon_core.environment:checking '/home/arepo/vsss_sim/bullet_ws/install/sim_msgs' for CMake config files
[1.213s] Level 1:colcon.colcon_core.shell:create_environment_hook('sim_msgs', 'cmake_prefix_path')
[1.214s] INFO:colcon.colcon_core.shell:Creating environment hook '/home/arepo/vsss_sim/bullet_ws/install/sim_msgs/share/sim_msgs/hook/cmake_prefix_path.ps1'
[1.214s] INFO:colcon.colcon_core.shell:Creating environment descriptor '/home/arepo/vsss_sim/bullet_ws/install/sim_msgs/share/sim_msgs/hook/cmake_prefix_path.dsv'
[1.214s] INFO:colcon.colcon_core.shell:Creating environment hook '/home/arepo/vsss_sim/bullet_ws/install/sim_msgs/share/sim_msgs/hook/cmake_prefix_path.sh'
[1.215s] Level 1:colcon.colcon_core.environment:checking '/home/arepo/vsss_sim/bullet_ws/install/sim_msgs/lib'
[1.215s] Level 1:colcon.colcon_core.shell:create_environment_hook('sim_msgs', 'ld_library_path_lib')
[1.215s] INFO:colcon.colcon_core.shell:Creating environment hook '/home/arepo/vsss_sim/bullet_ws/install/sim_msgs/share/sim_msgs/hook/ld_library_path_lib.ps1'
[1.215s] INFO:colcon.colcon_core.shell:Creating environment descriptor '/home/arepo/vsss_sim/bullet_ws/install/sim_msgs/share/sim_msgs/hook/ld_library_path_lib.dsv'
[1.215s] INFO:colcon.colcon_core.shell:Creating environment hook '/home/arepo/vsss_sim/bullet_ws/install/sim_msgs/share/sim_msgs/hook/ld_library_path_lib.sh'
[1.216s] Level 1:colcon.colcon_core.environment:checking '/home/arepo/vsss_sim/bullet_ws/install/sim_msgs/bin'
[1.216s] Level 1:colcon.colcon_core.environment:checking '/home/arepo/vsss_sim/bullet_ws/install/sim_msgs/lib/pkgconfig/sim_msgs.pc'
[1.216s] Level 1:colcon.colcon_core.environment:checking '/home/arepo/vsss_sim/bullet_ws/install/sim_msgs/lib/python3.10/site-packages'
[1.216s] Level 1:colcon.colcon_core.environment:checking '/home/arepo/vsss_sim/bullet_ws/install/sim_msgs/bin'
[1.216s] INFO:colcon.colcon_core.shell:Creating package script '/home/arepo/vsss_sim/bullet_ws/install/sim_msgs/share/sim_msgs/package.ps1'
[1.217s] INFO:colcon.colcon_core.shell:Creating package descriptor '/home/arepo/vsss_sim/bullet_ws/install/sim_msgs/share/sim_msgs/package.dsv'
[1.217s] INFO:colcon.colcon_core.shell:Creating package script '/home/arepo/vsss_sim/bullet_ws/install/sim_msgs/share/sim_msgs/package.sh'
[1.217s] INFO:colcon.colcon_core.shell:Creating package script '/home/arepo/vsss_sim/bullet_ws/install/sim_msgs/share/sim_msgs/package.bash'
[1.217s] INFO:colcon.colcon_core.shell:Creating package script '/home/arepo/vsss_sim/bullet_ws/install/sim_msgs/share/sim_msgs/package.zsh'
[1.218s] Level 1:colcon.colcon_core.environment:create_file_with_runtime_dependencies(/home/arepo/vsss_sim/bullet_ws/install/sim_msgs/share/colcon-core/packages/sim_msgs)
[1.218s] INFO:colcon.colcon_ros.task.ament_python.build:Building ROS package in '/home/arepo/vsss_sim/bullet_ws/src/sim' with build type 'ament_python'
[1.218s] Level 1:colcon.colcon_core.shell:create_environment_hook('sim', 'ament_prefix_path')
[1.218s] INFO:colcon.colcon_core.shell:Creating environment hook '/home/arepo/vsss_sim/bullet_ws/install/sim/share/sim/hook/ament_prefix_path.ps1'
[1.219s] INFO:colcon.colcon_core.shell:Creating environment descriptor '/home/arepo/vsss_sim/bullet_ws/install/sim/share/sim/hook/ament_prefix_path.dsv'
[1.219s] INFO:colcon.colcon_core.shell:Creating environment hook '/home/arepo/vsss_sim/bullet_ws/install/sim/share/sim/hook/ament_prefix_path.sh'
[1.220s] INFO:colcon.colcon_core.shell:Skip shell extension 'powershell' for command environment: Not usable outside of PowerShell
[1.220s] DEBUG:colcon.colcon_core.shell:Skip shell extension 'dsv' for command environment
[1.395s] INFO:colcon.colcon_core.task.python.build:Building Python package in '/home/arepo/vsss_sim/bullet_ws/src/sim'
[1.396s] INFO:colcon.colcon_core.shell:Skip shell extension 'powershell' for command environment: Not usable outside of PowerShell
[1.396s] DEBUG:colcon.colcon_core.shell:Skip shell extension 'dsv' for command environment
[1.491s] DEBUG:colcon.colcon_core.event_handler.log_command:Invoking command in '/home/arepo/vsss_sim/bullet_ws/src/vision': PYTHONPATH=/home/arepo/vsss_sim/bullet_ws/build/vision/prefix_override:/usr/lib/python3/dist-packages/colcon_core/task/python/colcon_distutils_commands:/home/arepo/vsss_sim/bullet_ws/install/vision/lib/python3.10/site-packages:${PYTHONPATH} /usr/bin/python3 -W ignore:setup.py install is deprecated -W ignore:easy_install command is deprecated setup.py egg_info --egg-base ../../build/vision build --build-base /home/arepo/vsss_sim/bullet_ws/build/vision/build install --record /home/arepo/vsss_sim/bullet_ws/build/vision/install.log --single-version-externally-managed install_data
[1.901s] DEBUG:colcon.colcon_core.event_handler.log_command:Invoking command in '/home/arepo/vsss_sim/bullet_ws/src/sim': PYTHONPATH=/home/arepo/vsss_sim/bullet_ws/build/sim/prefix_override:/usr/lib/python3/dist-packages/colcon_core/task/python/colcon_distutils_commands:/home/arepo/vsss_sim/bullet_ws/install/sim/lib/python3.10/site-packages:${PYTHONPATH} /usr/bin/python3 -W ignore:setup.py install is deprecated -W ignore:easy_install command is deprecated setup.py egg_info --egg-base ../../build/sim build --build-base /home/arepo/vsss_sim/bullet_ws/build/sim/build install --record /home/arepo/vsss_sim/bullet_ws/build/sim/install.log --single-version-externally-managed install_data
[1.965s] Level 1:colcon.colcon_core.environment:checking '/home/arepo/vsss_sim/bullet_ws/install/vision' for CMake module files
[1.966s] DEBUG:colcon.colcon_core.event_handler.log_command:Invoked command in '/home/arepo/vsss_sim/bullet_ws/src/vision' returned '0': PYTHONPATH=/home/arepo/vsss_sim/bullet_ws/build/vision/prefix_override:/usr/lib/python3/dist-packages/colcon_core/task/python/colcon_distutils_commands:/home/arepo/vsss_sim/bullet_ws/install/vision/lib/python3.10/site-packages:${PYTHONPATH} /usr/bin/python3 -W ignore:setup.py install is deprecated -W ignore:easy_install command is deprecated setup.py egg_info --egg-base ../../build/vision build --build-base /home/arepo/vsss_sim/bullet_ws/build/vision/build install --record /home/arepo/vsss_sim/bullet_ws/build/vision/install.log --single-version-externally-managed install_data
[1.966s] Level 1:colcon.colcon_core.environment:checking '/home/arepo/vsss_sim/bullet_ws/install/vision' for CMake config files
[1.966s] Level 1:colcon.colcon_core.environment:checking '/home/arepo/vsss_sim/bullet_ws/install/vision/lib'
[1.967s] Level 1:colcon.colcon_core.environment:checking '/home/arepo/vsss_sim/bullet_ws/install/vision/bin'
[1.967s] Level 1:colcon.colcon_core.environment:checking '/home/arepo/vsss_sim/bullet_ws/install/vision/lib/pkgconfig/vision.pc'
[1.967s] Level 1:colcon.colcon_core.environment:checking '/home/arepo/vsss_sim/bullet_ws/install/vision/lib/python3.10/site-packages'
[1.967s] Level 1:colcon.colcon_core.shell:create_environment_hook('vision', 'pythonpath')
[1.967s] INFO:colcon.colcon_core.shell:Creating environment hook '/home/arepo/vsss_sim/bullet_ws/install/vision/share/vision/hook/pythonpath.ps1'
[1.967s] INFO:colcon.colcon_core.shell:Creating environment descriptor '/home/arepo/vsss_sim/bullet_ws/install/vision/share/vision/hook/pythonpath.dsv'
[1.968s] INFO:colcon.colcon_core.shell:Creating environment hook '/home/arepo/vsss_sim/bullet_ws/install/vision/share/vision/hook/pythonpath.sh'
[1.968s] Level 1:colcon.colcon_core.environment:checking '/home/arepo/vsss_sim/bullet_ws/install/vision/bin'
[1.968s] Level 1:colcon.colcon_core.environment:create_environment_scripts_only(vision)
[1.968s] INFO:colcon.colcon_core.shell:Creating package script '/home/arepo/vsss_sim/bullet_ws/install/vision/share/vision/package.ps1'
[1.969s] INFO:colcon.colcon_core.shell:Creating package descriptor '/home/arepo/vsss_sim/bullet_ws/install/vision/share/vision/package.dsv'
[1.969s] INFO:colcon.colcon_core.shell:Creating package script '/home/arepo/vsss_sim/bullet_ws/install/vision/share/vision/package.sh'
[1.969s] INFO:colcon.colcon_core.shell:Creating package script '/home/arepo/vsss_sim/bullet_ws/install/vision/share/vision/package.bash'
[1.969s] INFO:colcon.colcon_core.shell:Creating package script '/home/arepo/vsss_sim/bullet_ws/install/vision/share/vision/package.zsh'
[1.970s] Level 1:colcon.colcon_core.environment:create_file_with_runtime_dependencies(/home/arepo/vsss_sim/bullet_ws/install/vision/share/colcon-core/packages/vision)
[2.366s] Level 1:colcon.colcon_core.environment:checking '/home/arepo/vsss_sim/bullet_ws/install/sim' for CMake module files
[2.366s] DEBUG:colcon.colcon_core.event_handler.log_command:Invoked command in '/home/arepo/vsss_sim/bullet_ws/src/sim' returned '0': PYTHONPATH=/home/arepo/vsss_sim/bullet_ws/build/sim/prefix_override:/usr/lib/python3/dist-packages/colcon_core/task/python/colcon_distutils_commands:/home/arepo/vsss_sim/bullet_ws/install/sim/lib/python3.10/site-packages:${PYTHONPATH} /usr/bin/python3 -W ignore:setup.py install is deprecated -W ignore:easy_install command is deprecated setup.py egg_info --egg-base ../../build/sim build --build-base /home/arepo/vsss_sim/bullet_ws/build/sim/build install --record /home/arepo/vsss_sim/bullet_ws/build/sim/install.log --single-version-externally-managed install_data
[2.367s] Level 1:colcon.colcon_core.environment:checking '/home/arepo/vsss_sim/bullet_ws/install/sim' for CMake config files
[2.367s] Level 1:colcon.colcon_core.environment:checking '/home/arepo/vsss_sim/bullet_ws/install/sim/lib'
[2.367s] Level 1:colcon.colcon_core.environment:checking '/home/arepo/vsss_sim/bullet_ws/install/sim/bin'
[2.367s] Level 1:colcon.colcon_core.environment:checking '/home/arepo/vsss_sim/bullet_ws/install/sim/lib/pkgconfig/sim.pc'
[2.367s] Level 1:colcon.colcon_core.environment:checking '/home/arepo/vsss_sim/bullet_ws/install/sim/lib/python3.10/site-packages'
[2.367s] Level 1:colcon.colcon_core.shell:create_environment_hook('sim', 'pythonpath')
[2.368s] INFO:colcon.colcon_core.shell:Creating environment hook '/home/arepo/vsss_sim/bullet_ws/install/sim/share/sim/hook/pythonpath.ps1'
[2.368s] INFO:colcon.colcon_core.shell:Creating environment descriptor '/home/arepo/vsss_sim/bullet_ws/install/sim/share/sim/hook/pythonpath.dsv'
[2.368s] INFO:colcon.colcon_core.shell:Creating environment hook '/home/arepo/vsss_sim/bullet_ws/install/sim/share/sim/hook/pythonpath.sh'
[2.369s] Level 1:colcon.colcon_core.environment:checking '/home/arepo/vsss_sim/bullet_ws/install/sim/bin'
[2.369s] Level 1:colcon.colcon_core.environment:create_environment_scripts_only(sim)
[2.369s] INFO:colcon.colcon_core.shell:Creating package script '/home/arepo/vsss_sim/bullet_ws/install/sim/share/sim/package.ps1'
[2.369s] INFO:colcon.colcon_core.shell:Creating package descriptor '/home/arepo/vsss_sim/bullet_ws/install/sim/share/sim/package.dsv'
[2.370s] INFO:colcon.colcon_core.shell:Creating package script '/home/arepo/vsss_sim/bullet_ws/install/sim/share/sim/package.sh'
[2.370s] INFO:colcon.colcon_core.shell:Creating package script '/home/arepo/vsss_sim/bullet_ws/install/sim/share/sim/package.bash'
[2.370s] INFO:colcon.colcon_core.shell:Creating package script '/home/arepo/vsss_sim/bullet_ws/install/sim/share/sim/package.zsh'
[2.371s] Level 1:colcon.colcon_core.environment:create_file_with_runtime_dependencies(/home/arepo/vsss_sim/bullet_ws/install/sim/share/colcon-core/packages/sim)
[2.371s] DEBUG:colcon.colcon_parallel_executor.executor.parallel:closing loop
[2.371s] DEBUG:colcon.colcon_parallel_executor.executor.parallel:loop closed
[2.371s] DEBUG:colcon.colcon_parallel_executor.executor.parallel:run_until_complete finished with '0'
[2.371s] DEBUG:colcon.colcon_core.event_reactor:joining thread
[2.376s] INFO:colcon.colcon_core.plugin_system:Skipping extension 'colcon_notification.desktop_notification.terminal_notifier': Not used on non-Darwin systems
[2.377s] INFO:colcon.colcon_core.plugin_system:Skipping extension 'colcon_notification.desktop_notification.win32': Not used on non-Windows systems
[2.377s] INFO:colcon.colcon_notification.desktop_notification:Sending desktop notification using 'notify2'
[2.398s] DEBUG:colcon.colcon_core.event_reactor:joined thread
[2.399s] INFO:colcon.colcon_core.shell:Creating prefix script '/home/arepo/vsss_sim/bullet_ws/install/local_setup.ps1'
[2.400s] INFO:colcon.colcon_core.shell:Creating prefix util module '/home/arepo/vsss_sim/bullet_ws/install/_local_setup_util_ps1.py'
[2.402s] INFO:colcon.colcon_core.shell:Creating prefix chain script '/home/arepo/vsss_sim/bullet_ws/install/setup.ps1'
[2.403s] INFO:colcon.colcon_core.shell:Creating prefix script '/home/arepo/vsss_sim/bullet_ws/install/local_setup.sh'
[2.404s] INFO:colcon.colcon_core.shell:Creating prefix util module '/home/arepo/vsss_sim/bullet_ws/install/_local_setup_util_sh.py'
[2.404s] INFO:colcon.colcon_core.shell:Creating prefix chain script '/home/arepo/vsss_sim/bullet_ws/install/setup.sh'
[2.405s] INFO:colcon.colcon_core.shell:Creating prefix script '/home/arepo/vsss_sim/bullet_ws/install/local_setup.bash'
[2.406s] INFO:colcon.colcon_core.shell:Creating prefix chain script '/home/arepo/vsss_sim/bullet_ws/install/setup.bash'
[2.407s] INFO:colcon.colcon_core.shell:Creating prefix script '/home/arepo/vsss_sim/bullet_ws/install/local_setup.zsh'
[2.408s] INFO:colcon.colcon_core.shell:Creating prefix chain script '/home/arepo/vsss_sim/bullet_ws/install/setup.zsh'
