[0.748s] Invoking command in '/home/arepo/vsss_sim/bullet_ws/src/vision': PYTHONPATH=/home/arepo/vsss_sim/bullet_ws/build/vision/prefix_override:/usr/lib/python3/dist-packages/colcon_core/task/python/colcon_distutils_commands:/home/arepo/vsss_sim/bullet_ws/install/vision/lib/python3.10/site-packages:${PYTHONPATH} /usr/bin/python3 -W ignore:setup.py install is deprecated -W ignore:easy_install command is deprecated setup.py egg_info --egg-base ../../build/vision build --build-base /home/arepo/vsss_sim/bullet_ws/build/vision/build install --record /home/arepo/vsss_sim/bullet_ws/build/vision/install.log --single-version-externally-managed install_data
[0.940s] running egg_info
[0.954s] writing ../../build/vision/vision.egg-info/PKG-INFO
[0.954s] writing dependency_links to ../../build/vision/vision.egg-info/dependency_links.txt
[0.954s] writing entry points to ../../build/vision/vision.egg-info/entry_points.txt
[0.955s] writing requirements to ../../build/vision/vision.egg-info/requires.txt
[0.955s] writing top-level names to ../../build/vision/vision.egg-info/top_level.txt
[0.983s] reading manifest file '../../build/vision/vision.egg-info/SOURCES.txt'
[0.984s] writing manifest file '../../build/vision/vision.egg-info/SOURCES.txt'
[0.984s] running build
[0.984s] running build_py
[0.984s] running install
[0.988s] running install_lib
[1.003s] running install_data
[1.003s] running install_egg_info
[1.018s] removing '/home/arepo/vsss_sim/bullet_ws/install/vision/lib/python3.10/site-packages/vision-0.0.0-py3.10.egg-info' (and everything under it)
[1.018s] Copying ../../build/vision/vision.egg-info to /home/arepo/vsss_sim/bullet_ws/install/vision/lib/python3.10/site-packages/vision-0.0.0-py3.10.egg-info
[1.019s] running install_scripts
[1.167s] Installing ball_detect script to /home/arepo/vsss_sim/bullet_ws/install/vision/lib/vision
[1.167s] Installing camera_input script to /home/arepo/vsss_sim/bullet_ws/install/vision/lib/vision
[1.167s] Installing image_warp script to /home/arepo/vsss_sim/bullet_ws/install/vision/lib/vision
[1.167s] Installing vision_general script to /home/arepo/vsss_sim/bullet_ws/install/vision/lib/vision
[1.168s] writing list of installed files to '/home/arepo/vsss_sim/bullet_ws/build/vision/install.log'
[1.191s] Invoked command in '/home/arepo/vsss_sim/bullet_ws/src/vision' returned '0': PYTHONPATH=/home/arepo/vsss_sim/bullet_ws/build/vision/prefix_override:/usr/lib/python3/dist-packages/colcon_core/task/python/colcon_distutils_commands:/home/arepo/vsss_sim/bullet_ws/install/vision/lib/python3.10/site-packages:${PYTHONPATH} /usr/bin/python3 -W ignore:setup.py install is deprecated -W ignore:easy_install command is deprecated setup.py egg_info --egg-base ../../build/vision build --build-base /home/arepo/vsss_sim/bullet_ws/build/vision/build install --record /home/arepo/vsss_sim/bullet_ws/build/vision/install.log --single-version-externally-managed install_data
