[0.810s] Invoking command in '/home/arepo/vsss_sim/bullet_ws/src/sim': PYTHONPATH=/home/arepo/vsss_sim/bullet_ws/build/sim/prefix_override:/usr/lib/python3/dist-packages/colcon_core/task/python/colcon_distutils_commands:/home/arepo/vsss_sim/bullet_ws/install/sim/lib/python3.10/site-packages:${PYTHONPATH} /usr/bin/python3 -W ignore:setup.py install is deprecated -W ignore:easy_install command is deprecated setup.py egg_info --egg-base ../../build/sim build --build-base /home/arepo/vsss_sim/bullet_ws/build/sim/build install --record /home/arepo/vsss_sim/bullet_ws/build/sim/install.log --single-version-externally-managed install_data
[0.998s] running egg_info
[1.011s] writing ../../build/sim/sim.egg-info/PKG-INFO
[1.011s] writing dependency_links to ../../build/sim/sim.egg-info/dependency_links.txt
[1.012s] writing entry points to ../../build/sim/sim.egg-info/entry_points.txt
[1.012s] writing requirements to ../../build/sim/sim.egg-info/requires.txt
[1.012s] writing top-level names to ../../build/sim/sim.egg-info/top_level.txt
[1.039s] reading manifest file '../../build/sim/sim.egg-info/SOURCES.txt'
[1.039s] adding license file 'LICENSE'
[1.040s] writing manifest file '../../build/sim/sim.egg-info/SOURCES.txt'
[1.040s] running build
[1.040s] running build_py
[1.040s] copying sim/vision.py -> /home/arepo/vsss_sim/bullet_ws/build/sim/build/lib/sim
[1.041s] running install
[1.044s] running install_lib
[1.058s] copying /home/arepo/vsss_sim/bullet_ws/build/sim/build/lib/sim/vision.py -> /home/arepo/vsss_sim/bullet_ws/install/sim/lib/python3.10/site-packages/sim
[1.059s] byte-compiling /home/arepo/vsss_sim/bullet_ws/install/sim/lib/python3.10/site-packages/sim/vision.py to vision.cpython-310.pyc
[1.062s] running install_data
[1.063s] running install_egg_info
[1.078s] removing '/home/arepo/vsss_sim/bullet_ws/install/sim/lib/python3.10/site-packages/sim-0.0.0-py3.10.egg-info' (and everything under it)
[1.078s] Copying ../../build/sim/sim.egg-info to /home/arepo/vsss_sim/bullet_ws/install/sim/lib/python3.10/site-packages/sim-0.0.0-py3.10.egg-info
[1.078s] running install_scripts
[1.220s] Installing comms script to /home/arepo/vsss_sim/bullet_ws/install/sim/lib/sim
[1.220s] Installing sim script to /home/arepo/vsss_sim/bullet_ws/install/sim/lib/sim
[1.220s] Installing strat script to /home/arepo/vsss_sim/bullet_ws/install/sim/lib/sim
[1.220s] Installing tests script to /home/arepo/vsss_sim/bullet_ws/install/sim/lib/sim
[1.220s] Installing vision script to /home/arepo/vsss_sim/bullet_ws/install/sim/lib/sim
[1.221s] Installing yolo script to /home/arepo/vsss_sim/bullet_ws/install/sim/lib/sim
[1.221s] writing list of installed files to '/home/arepo/vsss_sim/bullet_ws/build/sim/install.log'
[1.243s] Invoked command in '/home/arepo/vsss_sim/bullet_ws/src/sim' returned '0': PYTHONPATH=/home/arepo/vsss_sim/bullet_ws/build/sim/prefix_override:/usr/lib/python3/dist-packages/colcon_core/task/python/colcon_distutils_commands:/home/arepo/vsss_sim/bullet_ws/install/sim/lib/python3.10/site-packages:${PYTHONPATH} /usr/bin/python3 -W ignore:setup.py install is deprecated -W ignore:easy_install command is deprecated setup.py egg_info --egg-base ../../build/sim build --build-base /home/arepo/vsss_sim/bullet_ws/build/sim/build install --record /home/arepo/vsss_sim/bullet_ws/build/sim/install.log --single-version-externally-managed install_data
