[0.529s] Invoking command in '/home/arepo/vsss_sim/bullet_ws/src/sim': PYTHONPATH=/home/arepo/vsss_sim/bullet_ws/build/sim/prefix_override:/usr/lib/python3/dist-packages/colcon_core/task/python/colcon_distutils_commands:/home/arepo/vsss_sim/bullet_ws/install/sim/lib/python3.10/site-packages:${PYTHONPATH} /usr/bin/python3 -W ignore:setup.py install is deprecated -W ignore:easy_install command is deprecated setup.py egg_info --egg-base ../../build/sim build --build-base /home/arepo/vsss_sim/bullet_ws/build/sim/build install --record /home/arepo/vsss_sim/bullet_ws/build/sim/install.log --single-version-externally-managed install_data
[0.731s] running egg_info
[0.732s] writing ../../build/sim/sim.egg-info/PKG-INFO
[0.732s] writing dependency_links to ../../build/sim/sim.egg-info/dependency_links.txt
[0.732s] writing entry points to ../../build/sim/sim.egg-info/entry_points.txt
[0.732s] writing requirements to ../../build/sim/sim.egg-info/requires.txt
[0.732s] writing top-level names to ../../build/sim/sim.egg-info/top_level.txt
[0.734s] reading manifest file '../../build/sim/sim.egg-info/SOURCES.txt'
[0.734s] adding license file 'LICENSE'
[0.735s] writing manifest file '../../build/sim/sim.egg-info/SOURCES.txt'
[0.735s] running build
[0.735s] running build_py
[0.735s] copying sim/keys.py -> /home/arepo/vsss_sim/bullet_ws/build/sim/build/lib/sim
[0.735s] copying sim/comms.py -> /home/arepo/vsss_sim/bullet_ws/build/sim/build/lib/sim
[0.736s] running install
[0.736s] running install_lib
[0.737s] copying /home/arepo/vsss_sim/bullet_ws/build/sim/build/lib/sim/keys.py -> /home/arepo/vsss_sim/bullet_ws/install/sim/lib/python3.10/site-packages/sim
[0.737s] copying /home/arepo/vsss_sim/bullet_ws/build/sim/build/lib/sim/comms.py -> /home/arepo/vsss_sim/bullet_ws/install/sim/lib/python3.10/site-packages/sim
[0.737s] byte-compiling /home/arepo/vsss_sim/bullet_ws/install/sim/lib/python3.10/site-packages/sim/keys.py to keys.cpython-310.pyc
[0.738s] byte-compiling /home/arepo/vsss_sim/bullet_ws/install/sim/lib/python3.10/site-packages/sim/comms.py to comms.cpython-310.pyc
[0.739s] running install_data
[0.739s] running install_egg_info
[0.741s] removing '/home/arepo/vsss_sim/bullet_ws/install/sim/lib/python3.10/site-packages/sim-0.0.0-py3.10.egg-info' (and everything under it)
[0.741s] Copying ../../build/sim/sim.egg-info to /home/arepo/vsss_sim/bullet_ws/install/sim/lib/python3.10/site-packages/sim-0.0.0-py3.10.egg-info
[0.742s] running install_scripts
[0.757s] Installing comms script to /home/arepo/vsss_sim/bullet_ws/install/sim/lib/sim
[0.757s] Installing keys script to /home/arepo/vsss_sim/bullet_ws/install/sim/lib/sim
[0.757s] Installing sim script to /home/arepo/vsss_sim/bullet_ws/install/sim/lib/sim
[0.757s] Installing strat script to /home/arepo/vsss_sim/bullet_ws/install/sim/lib/sim
[0.757s] Installing vision script to /home/arepo/vsss_sim/bullet_ws/install/sim/lib/sim
[0.758s] writing list of installed files to '/home/arepo/vsss_sim/bullet_ws/build/sim/install.log'
[0.778s] Invoked command in '/home/arepo/vsss_sim/bullet_ws/src/sim' returned '0': PYTHONPATH=/home/arepo/vsss_sim/bullet_ws/build/sim/prefix_override:/usr/lib/python3/dist-packages/colcon_core/task/python/colcon_distutils_commands:/home/arepo/vsss_sim/bullet_ws/install/sim/lib/python3.10/site-packages:${PYTHONPATH} /usr/bin/python3 -W ignore:setup.py install is deprecated -W ignore:easy_install command is deprecated setup.py egg_info --egg-base ../../build/sim build --build-base /home/arepo/vsss_sim/bullet_ws/build/sim/build install --record /home/arepo/vsss_sim/bullet_ws/build/sim/install.log --single-version-externally-managed install_data
