[0.535s] Invoking command in '/home/arepo/vsss_sim/bullet_ws/src/sim': PS1=\[\e]0;\u@\h: \w\a\]${debian_chroot:+($debian_chroot)}\[\033[01;32m\]\u@\h\[\033[00m\]:\[\033[01;34m\]\w\[\033[00m\]\$ PYTHONPATH=/home/arepo/vsss_sim/bullet_ws/build/sim/prefix_override:/usr/lib/python3/dist-packages/colcon_core/task/python/colcon_distutils_commands:/home/arepo/vsss_sim/bullet_ws/install/sim/lib/python3.10/site-packages:${PYTHONPATH} /usr/bin/python3 -W ignore:setup.py install is deprecated -W ignore:easy_install command is deprecated setup.py egg_info --egg-base ../../build/sim build --build-base /home/arepo/vsss_sim/bullet_ws/build/sim/build install --record /home/arepo/vsss_sim/bullet_ws/build/sim/install.log --single-version-externally-managed install_data
[0.665s] /home/arepo/.local/lib/python3.10/site-packages/setuptools/_distutils/dist.py:289: UserWarning: Unknown distribution option: 'tests_require'
[0.666s]   warnings.warn(msg)
[0.752s] running egg_info
[0.766s] writing ../../build/sim/sim.egg-info/PKG-INFO
[0.766s] writing dependency_links to ../../build/sim/sim.egg-info/dependency_links.txt
[0.766s] writing entry points to ../../build/sim/sim.egg-info/entry_points.txt
[0.766s] writing requirements to ../../build/sim/sim.egg-info/requires.txt
[0.767s] writing top-level names to ../../build/sim/sim.egg-info/top_level.txt
[0.795s] reading manifest file '../../build/sim/sim.egg-info/SOURCES.txt'
[0.796s] adding license file 'LICENSE'
[0.797s] Traceback (most recent call last):
[0.797s]   File "/home/arepo/vsss_sim/bullet_ws/src/sim/setup.py", line 7, in <module>
[0.797s]     setup(
[0.797s]   File "/home/arepo/.local/lib/python3.10/site-packages/setuptools/__init__.py", line 115, in setup
[0.797s]     return distutils.core.setup(**attrs)
[0.797s]   File "/home/arepo/.local/lib/python3.10/site-packages/setuptools/_distutils/core.py", line 186, in setup
[0.797s]     return run_commands(dist)
[0.797s]   File "/home/arepo/.local/lib/python3.10/site-packages/setuptools/_distutils/core.py", line 202, in run_commands
[0.797s]     dist.run_commands()
[0.797s]   File "/home/arepo/.local/lib/python3.10/site-packages/setuptools/_distutils/dist.py", line 1002, in run_commands
[0.797s]     self.run_command(cmd)
[0.797s]   File "/home/arepo/.local/lib/python3.10/site-packages/setuptools/dist.py", line 1102, in run_command
[0.797s]     super().run_command(command)
[0.797s]   File "/home/arepo/.local/lib/python3.10/site-packages/setuptools/_distutils/dist.py", line 1021, in run_command
[0.797s]     cmd_obj.run()
[0.797s]   File "/home/arepo/.local/lib/python3.10/site-packages/setuptools/command/egg_info.py", line 312, in run
[0.797s]     self.find_sources()
[0.797s]   File "/home/arepo/.local/lib/python3.10/site-packages/setuptools/command/egg_info.py", line 320, in find_sources
[0.797s]     mm.run()
[0.797s]   File "/home/arepo/.local/lib/python3.10/site-packages/setuptools/command/egg_info.py", line 548, in run
[0.798s]     self.prune_file_list()
[0.798s]   File "/home/arepo/.local/lib/python3.10/site-packages/setuptools/command/sdist.py", line 162, in prune_file_list
[0.798s]     super().prune_file_list()
[0.798s]   File "/home/arepo/.local/lib/python3.10/site-packages/setuptools/_distutils/command/sdist.py", line 386, in prune_file_list
[0.798s]     base_dir = self.distribution.get_fullname()
[0.798s]   File "/home/arepo/.local/lib/python3.10/site-packages/setuptools/_core_metadata.py", line 275, in get_fullname
[0.798s]     return _distribution_fullname(self.get_name(), self.get_version())
[0.798s]   File "/home/arepo/.local/lib/python3.10/site-packages/setuptools/_core_metadata.py", line 293, in _distribution_fullname
[0.798s]     canonicalize_version(version, strip_trailing_zero=False),
[0.798s] TypeError: canonicalize_version() got an unexpected keyword argument 'strip_trailing_zero'
[0.816s] Invoked command in '/home/arepo/vsss_sim/bullet_ws/src/sim' returned '1': PS1=\[\e]0;\u@\h: \w\a\]${debian_chroot:+($debian_chroot)}\[\033[01;32m\]\u@\h\[\033[00m\]:\[\033[01;34m\]\w\[\033[00m\]\$ PYTHONPATH=/home/arepo/vsss_sim/bullet_ws/build/sim/prefix_override:/usr/lib/python3/dist-packages/colcon_core/task/python/colcon_distutils_commands:/home/arepo/vsss_sim/bullet_ws/install/sim/lib/python3.10/site-packages:${PYTHONPATH} /usr/bin/python3 -W ignore:setup.py install is deprecated -W ignore:easy_install command is deprecated setup.py egg_info --egg-base ../../build/sim build --build-base /home/arepo/vsss_sim/bullet_ws/build/sim/build install --record /home/arepo/vsss_sim/bullet_ws/build/sim/install.log --single-version-externally-managed install_data
