[0.709s] Invoking command in '/home/arepo/vsss_sim/bullet_ws/src/sim': PYTHONPATH=/home/arepo/vsss_sim/bullet_ws/build/sim/prefix_override:/usr/lib/python3/dist-packages/colcon_core/task/python/colcon_distutils_commands:/home/arepo/vsss_sim/bullet_ws/install/sim/lib/python3.10/site-packages:${PYTHONPATH} /usr/bin/python3 -W ignore:setup.py install is deprecated -W ignore:easy_install command is deprecated setup.py egg_info --egg-base ../../build/sim build --build-base /home/arepo/vsss_sim/bullet_ws/build/sim/build install --record /home/arepo/vsss_sim/bullet_ws/build/sim/install.log --single-version-externally-managed install_data
[0.906s] running egg_info
[0.920s] writing ../../build/sim/sim.egg-info/PKG-INFO
[0.920s] writing dependency_links to ../../build/sim/sim.egg-info/dependency_links.txt
[0.920s] writing entry points to ../../build/sim/sim.egg-info/entry_points.txt
[0.920s] writing requirements to ../../build/sim/sim.egg-info/requires.txt
[0.920s] writing top-level names to ../../build/sim/sim.egg-info/top_level.txt
[0.949s] reading manifest file '../../build/sim/sim.egg-info/SOURCES.txt'
[0.949s] adding license file 'LICENSE'
[0.950s] writing manifest file '../../build/sim/sim.egg-info/SOURCES.txt'
[0.950s] running build
[0.950s] running build_py
[0.950s] copying sim/comms.py -> /home/arepo/vsss_sim/bullet_ws/build/sim/build/lib/sim
[0.950s] running install
[0.954s] running install_lib
[0.969s] copying /home/arepo/vsss_sim/bullet_ws/build/sim/build/lib/sim/comms.py -> /home/arepo/vsss_sim/bullet_ws/install/sim/lib/python3.10/site-packages/sim
[0.969s] byte-compiling /home/arepo/vsss_sim/bullet_ws/install/sim/lib/python3.10/site-packages/sim/comms.py to comms.cpython-310.pyc
[0.970s] running install_data
[0.970s] running install_egg_info
[0.985s] removing '/home/arepo/vsss_sim/bullet_ws/install/sim/lib/python3.10/site-packages/sim-0.0.0-py3.10.egg-info' (and everything under it)
[0.985s] Copying ../../build/sim/sim.egg-info to /home/arepo/vsss_sim/bullet_ws/install/sim/lib/python3.10/site-packages/sim-0.0.0-py3.10.egg-info
[0.986s] running install_scripts
[1.131s] Installing comms script to /home/arepo/vsss_sim/bullet_ws/install/sim/lib/sim
[1.131s] Installing gui script to /home/arepo/vsss_sim/bullet_ws/install/sim/lib/sim
[1.132s] Installing sim script to /home/arepo/vsss_sim/bullet_ws/install/sim/lib/sim
[1.132s] Installing strat script to /home/arepo/vsss_sim/bullet_ws/install/sim/lib/sim
[1.132s] Installing tests script to /home/arepo/vsss_sim/bullet_ws/install/sim/lib/sim
[1.132s] Installing vision script to /home/arepo/vsss_sim/bullet_ws/install/sim/lib/sim
[1.132s] writing list of installed files to '/home/arepo/vsss_sim/bullet_ws/build/sim/install.log'
[1.152s] Invoked command in '/home/arepo/vsss_sim/bullet_ws/src/sim' returned '0': PYTHONPATH=/home/arepo/vsss_sim/bullet_ws/build/sim/prefix_override:/usr/lib/python3/dist-packages/colcon_core/task/python/colcon_distutils_commands:/home/arepo/vsss_sim/bullet_ws/install/sim/lib/python3.10/site-packages:${PYTHONPATH} /usr/bin/python3 -W ignore:setup.py install is deprecated -W ignore:easy_install command is deprecated setup.py egg_info --egg-base ../../build/sim build --build-base /home/arepo/vsss_sim/bullet_ws/build/sim/build install --record /home/arepo/vsss_sim/bullet_ws/build/sim/install.log --single-version-externally-managed install_data
