[0.648s] Invoking command in '/home/arepo/vsss_sim/bullet_ws/src/sim': PYTHONPATH=/home/arepo/vsss_sim/bullet_ws/build/sim/prefix_override:/usr/lib/python3/dist-packages/colcon_core/task/python/colcon_distutils_commands:/home/arepo/vsss_sim/bullet_ws/install/sim/lib/python3.10/site-packages:${PYTHONPATH} /usr/bin/python3 -W ignore:setup.py install is deprecated -W ignore:easy_install command is deprecated setup.py egg_info --egg-base ../../build/sim build --build-base /home/arepo/vsss_sim/bullet_ws/build/sim/build install --record /home/arepo/vsss_sim/bullet_ws/build/sim/install.log --single-version-externally-managed install_data
[0.835s] running egg_info
[0.848s] writing ../../build/sim/sim.egg-info/PKG-INFO
[0.849s] writing dependency_links to ../../build/sim/sim.egg-info/dependency_links.txt
[0.849s] writing entry points to ../../build/sim/sim.egg-info/entry_points.txt
[0.849s] writing requirements to ../../build/sim/sim.egg-info/requires.txt
[0.849s] writing top-level names to ../../build/sim/sim.egg-info/top_level.txt
[0.877s] reading manifest file '../../build/sim/sim.egg-info/SOURCES.txt'
[0.877s] adding license file 'LICENSE'
[0.878s] writing manifest file '../../build/sim/sim.egg-info/SOURCES.txt'
[0.878s] running build
[0.878s] running build_py
[0.878s] copying sim/tests.py -> /home/arepo/vsss_sim/bullet_ws/build/sim/build/lib/sim
[0.879s] running install
[0.882s] running install_lib
[0.896s] copying /home/arepo/vsss_sim/bullet_ws/build/sim/build/lib/sim/tests.py -> /home/arepo/vsss_sim/bullet_ws/install/sim/lib/python3.10/site-packages/sim
[0.897s] byte-compiling /home/arepo/vsss_sim/bullet_ws/install/sim/lib/python3.10/site-packages/sim/tests.py to tests.cpython-310.pyc
[0.898s] running install_data
[0.898s] running install_egg_info
[0.913s] removing '/home/arepo/vsss_sim/bullet_ws/install/sim/lib/python3.10/site-packages/sim-0.0.0-py3.10.egg-info' (and everything under it)
[0.914s] Copying ../../build/sim/sim.egg-info to /home/arepo/vsss_sim/bullet_ws/install/sim/lib/python3.10/site-packages/sim-0.0.0-py3.10.egg-info
[0.914s] running install_scripts
[1.062s] Installing comms script to /home/arepo/vsss_sim/bullet_ws/install/sim/lib/sim
[1.063s] Installing sim script to /home/arepo/vsss_sim/bullet_ws/install/sim/lib/sim
[1.063s] Installing strat script to /home/arepo/vsss_sim/bullet_ws/install/sim/lib/sim
[1.063s] Installing tests script to /home/arepo/vsss_sim/bullet_ws/install/sim/lib/sim
[1.063s] Installing vision script to /home/arepo/vsss_sim/bullet_ws/install/sim/lib/sim
[1.063s] Installing yolo script to /home/arepo/vsss_sim/bullet_ws/install/sim/lib/sim
[1.064s] writing list of installed files to '/home/arepo/vsss_sim/bullet_ws/build/sim/install.log'
[1.093s] Invoked command in '/home/arepo/vsss_sim/bullet_ws/src/sim' returned '0': PYTHONPATH=/home/arepo/vsss_sim/bullet_ws/build/sim/prefix_override:/usr/lib/python3/dist-packages/colcon_core/task/python/colcon_distutils_commands:/home/arepo/vsss_sim/bullet_ws/install/sim/lib/python3.10/site-packages:${PYTHONPATH} /usr/bin/python3 -W ignore:setup.py install is deprecated -W ignore:easy_install command is deprecated setup.py egg_info --egg-base ../../build/sim build --build-base /home/arepo/vsss_sim/bullet_ws/build/sim/build install --record /home/arepo/vsss_sim/bullet_ws/build/sim/install.log --single-version-externally-managed install_data
