[0.011s] Invoking command in '/home/arepo/vsss_sim/bullet_ws/build/sim_msgs': CMAKE_PREFIX_PATH=${CMAKE_PREFIX_PATH}:/home/arepo/vsss_sim/bullet_ws/install/sim:/home/arepo/ros2_ws/install/tests_py:/opt/ros/humble /home/arepo/.local/bin/cmake /home/arepo/vsss_sim/bullet_ws/src/sim_msgs -DCMAKE_INSTALL_PREFIX=/home/arepo/vsss_sim/bullet_ws/install/sim_msgs
[0.071s] [0mCMake Deprecation Warning at CMakeLists.txt:1 (cmake_minimum_required):
[0.072s]   Compatibility with CMake < 3.10 will be removed from a future version of
[0.072s]   CMake.
[0.072s] 
[0.072s]   Update the VERSION argument <min> value.  Or, use the <min>...<max> syntax
[0.072s]   to tell CMake that the project requires at least <min> but has been updated
[0.072s]   to work with policies introduced by <max> or earlier.
[0.072s] 
[0.072s] [0m
[0.138s] -- The C compiler identification is GNU 11.4.0
[0.217s] -- The CXX compiler identification is GNU 11.4.0
[0.230s] -- Detecting C compiler ABI info
[0.292s] -- Detecting C compiler ABI info - done
[0.305s] -- Check for working C compiler: /usr/bin/cc - skipped
[0.305s] -- Detecting C compile features
[0.306s] -- Detecting C compile features - done
[0.319s] -- Detecting CXX compiler ABI info
[0.388s] -- Detecting CXX compiler ABI info - done
[0.401s] -- Check for working CXX compiler: /usr/bin/c++ - skipped
[0.401s] -- Detecting CXX compile features
[0.402s] -- Detecting CXX compile features - done
[0.415s] -- Found ament_cmake: 1.3.12 (/opt/ros/humble/share/ament_cmake/cmake)
[0.534s] -- Found Python3: /usr/bin/python3 (found version "3.10.12") found components: Interpreter
[0.630s] -- Found rosidl_default_generators: 1.2.0 (/opt/ros/humble/share/rosidl_default_generators/cmake)
[0.634s] -- Using all available rosidl_typesupport_c: rosidl_typesupport_fastrtps_c;rosidl_typesupport_introspection_c
[0.644s] -- Found rosidl_adapter: 3.1.7 (/opt/ros/humble/share/rosidl_adapter/cmake)
[0.698s] -- Using all available rosidl_typesupport_cpp: rosidl_typesupport_fastrtps_cpp;rosidl_typesupport_introspection_cpp
[1.081s] -- Found ament_cmake_ros: 0.10.0 (/opt/ros/humble/share/ament_cmake_ros/cmake)
[1.430s] -- Using all available rosidl_typesupport_c: rosidl_typesupport_fastrtps_c;rosidl_typesupport_introspection_c
[1.880s] -- Using all available rosidl_typesupport_cpp: rosidl_typesupport_fastrtps_cpp;rosidl_typesupport_introspection_cpp
[1.882s] [33mCMake Warning (dev) at /opt/ros/humble/share/rosidl_generator_py/cmake/rosidl_generator_py_generate_interfaces.cmake:20 (find_package):
[1.882s]   Policy CMP0148 is not set: The FindPythonInterp and FindPythonLibs modules
[1.882s]   are removed.  Run "cmake --help-policy CMP0148" for policy details.  Use
[1.882s]   the cmake_policy command to set the policy and suppress this warning.
[1.882s] 
[1.883s] Call Stack (most recent call first):
[1.883s]   /opt/ros/humble/share/ament_cmake_core/cmake/core/ament_execute_extensions.cmake:48 (include)
[1.883s]   /opt/ros/humble/share/rosidl_cmake/cmake/rosidl_generate_interfaces.cmake:286 (ament_execute_extensions)
[1.883s]   CMakeLists.txt:12 (rosidl_generate_interfaces)
[1.883s] This warning is for project developers.  Use -Wno-dev to suppress it.
[1.883s] [0m
[1.900s] -- Found PythonInterp: /usr/bin/python3 (found suitable version "3.10.12", minimum required is "3.6")
[1.903s] -- Found python_cmake_module: 0.10.0 (/opt/ros/humble/share/python_cmake_module/cmake)
[1.904s] [33mCMake Warning (dev) at /opt/ros/humble/share/python_cmake_module/cmake/Modules/FindPythonExtra.cmake:52 (find_package):
[1.904s]   Policy CMP0148 is not set: The FindPythonInterp and FindPythonLibs modules
[1.904s]   are removed.  Run "cmake --help-policy CMP0148" for policy details.  Use
[1.904s]   the cmake_policy command to set the policy and suppress this warning.
[1.904s] 
[1.904s] Call Stack (most recent call first):
[1.904s]   /opt/ros/humble/share/rosidl_generator_py/cmake/rosidl_generator_py_generate_interfaces.cmake:23 (find_package)
[1.904s]   /opt/ros/humble/share/ament_cmake_core/cmake/core/ament_execute_extensions.cmake:48 (include)
[1.904s]   /opt/ros/humble/share/rosidl_cmake/cmake/rosidl_generate_interfaces.cmake:286 (ament_execute_extensions)
[1.904s]   CMakeLists.txt:12 (rosidl_generate_interfaces)
[1.904s] This warning is for project developers.  Use -Wno-dev to suppress it.
[1.904s] [0m
[1.922s] [33mCMake Warning (dev) at /opt/ros/humble/share/python_cmake_module/cmake/Modules/FindPythonExtra.cmake:140 (find_package):
[1.922s]   Policy CMP0148 is not set: The FindPythonInterp and FindPythonLibs modules
[1.923s]   are removed.  Run "cmake --help-policy CMP0148" for policy details.  Use
[1.923s]   the cmake_policy command to set the policy and suppress this warning.
[1.923s] 
[1.923s] Call Stack (most recent call first):
[1.923s]   /opt/ros/humble/share/rosidl_generator_py/cmake/rosidl_generator_py_generate_interfaces.cmake:23 (find_package)
[1.923s]   /opt/ros/humble/share/ament_cmake_core/cmake/core/ament_execute_extensions.cmake:48 (include)
[1.923s]   /opt/ros/humble/share/rosidl_cmake/cmake/rosidl_generate_interfaces.cmake:286 (ament_execute_extensions)
[1.923s]   CMakeLists.txt:12 (rosidl_generate_interfaces)
[1.923s] This warning is for project developers.  Use -Wno-dev to suppress it.
[1.923s] [0m
[1.932s] -- Found PythonLibs: /usr/lib/x86_64-linux-gnu/libpython3.10.so (found suitable version "3.10.12", minimum required is "3.5")
[1.932s] -- Using PYTHON_EXECUTABLE: /usr/bin/python3
[1.932s] -- Using PYTHON_INCLUDE_DIRS: /usr/include/python3.10
[1.932s] -- Using PYTHON_LIBRARIES: /usr/lib/x86_64-linux-gnu/libpython3.10.so
[1.950s] -- Found PythonExtra: .so
[1.982s] -- Found ament_lint_auto: 0.12.14 (/opt/ros/humble/share/ament_lint_auto/cmake)
[2.010s] -- Added test 'lint_cmake' to check CMake code style
[2.012s] -- Added test 'xmllint' to check XML markup files
[2.014s] -- Configuring done (1.9s)
[2.047s] -- Generating done (0.0s)
[2.053s] -- Build files have been written to: /home/arepo/vsss_sim/bullet_ws/build/sim_msgs
[2.059s] Invoked command in '/home/arepo/vsss_sim/bullet_ws/build/sim_msgs' returned '0': CMAKE_PREFIX_PATH=${CMAKE_PREFIX_PATH}:/home/arepo/vsss_sim/bullet_ws/install/sim:/home/arepo/ros2_ws/install/tests_py:/opt/ros/humble /home/arepo/.local/bin/cmake /home/arepo/vsss_sim/bullet_ws/src/sim_msgs -DCMAKE_INSTALL_PREFIX=/home/arepo/vsss_sim/bullet_ws/install/sim_msgs
[2.061s] Invoking command in '/home/arepo/vsss_sim/bullet_ws/build/sim_msgs': CMAKE_PREFIX_PATH=${CMAKE_PREFIX_PATH}:/home/arepo/vsss_sim/bullet_ws/install/sim:/home/arepo/ros2_ws/install/tests_py:/opt/ros/humble /home/arepo/.local/bin/cmake --build /home/arepo/vsss_sim/bullet_ws/build/sim_msgs -- -j16 -l16
[2.135s] [  1%] [1m[34mGenerating C code for ROS interfaces[0m
[2.140s] [  3%] [1m[34mGenerating C++ code for ROS interfaces[0m
[2.142s] [  3%] [0mBuilt target ament_cmake_python_copy_sim_msgs[0m
[2.348s] running egg_info
[2.348s] creating sim_msgs.egg-info
[2.348s] writing sim_msgs.egg-info/PKG-INFO
[2.348s] writing dependency_links to sim_msgs.egg-info/dependency_links.txt
[2.349s] writing top-level names to sim_msgs.egg-info/top_level.txt
[2.349s] writing manifest file 'sim_msgs.egg-info/SOURCES.txt'
[2.351s] reading manifest file 'sim_msgs.egg-info/SOURCES.txt'
[2.351s] writing manifest file 'sim_msgs.egg-info/SOURCES.txt'
[2.370s] [  3%] [0mBuilt target ament_cmake_python_build_sim_msgs_egg[0m
[2.466s] [  3%] [0mBuilt target sim_msgs__cpp[0m
[2.471s] [  7%] [32mBuilding C object CMakeFiles/sim_msgs__rosidl_generator_c.dir/rosidl_generator_c/sim_msgs/msg/detail/low_cmd__functions.c.o[0m
[2.471s] [  7%] [1m[34mGenerating C++ type support dispatch for ROS interfaces[0m
[2.471s] [  7%] [1m[34mGenerating C++ type support for eProsima Fast-RTPS[0m
[2.471s] [  9%] [32mBuilding C object CMakeFiles/sim_msgs__rosidl_generator_c.dir/rosidl_generator_c/sim_msgs/msg/detail/obj_data__functions.c.o[0m
[2.471s] [ 11%] [1m[34mGenerating C++ introspection for ROS interfaces[0m
[2.471s] [ 12%] [32mBuilding C object CMakeFiles/sim_msgs__rosidl_generator_c.dir/rosidl_generator_c/sim_msgs/msg/detail/field_data__functions.c.o[0m
[2.471s] [ 15%] [32mBuilding C object CMakeFiles/sim_msgs__rosidl_generator_c.dir/rosidl_generator_c/sim_msgs/msg/detail/high_cmd__functions.c.o[0m
[2.471s] [ 15%] [32mBuilding C object CMakeFiles/sim_msgs__rosidl_generator_c.dir/rosidl_generator_c/sim_msgs/srv/detail/controller__functions.c.o[0m
[2.518s] [ 17%] [1m[32mLinking C shared library libsim_msgs__rosidl_generator_c.so[0m
[2.547s] [ 17%] [0mBuilt target sim_msgs__rosidl_generator_c[0m
[2.553s] [ 19%] [1m[34mGenerating C introspection for ROS interfaces[0m
[2.553s] [ 20%] [1m[34mGenerating C type support for eProsima Fast-RTPS[0m
[2.554s] [ 22%] [1m[34mGenerating C type support dispatch for ROS interfaces[0m
[2.712s] [ 23%] [32mBuilding CXX object CMakeFiles/sim_msgs__rosidl_typesupport_cpp.dir/rosidl_typesupport_cpp/sim_msgs/msg/low_cmd__type_support.cpp.o[0m
[2.712s] [ 25%] [32mBuilding CXX object CMakeFiles/sim_msgs__rosidl_typesupport_cpp.dir/rosidl_typesupport_cpp/sim_msgs/msg/obj_data__type_support.cpp.o[0m
[2.713s] [ 26%] [32mBuilding CXX object CMakeFiles/sim_msgs__rosidl_typesupport_cpp.dir/rosidl_typesupport_cpp/sim_msgs/msg/field_data__type_support.cpp.o[0m
[2.713s] [ 28%] [32mBuilding CXX object CMakeFiles/sim_msgs__rosidl_typesupport_cpp.dir/rosidl_typesupport_cpp/sim_msgs/msg/high_cmd__type_support.cpp.o[0m
[2.713s] [ 30%] [32mBuilding CXX object CMakeFiles/sim_msgs__rosidl_typesupport_cpp.dir/rosidl_typesupport_cpp/sim_msgs/srv/controller__type_support.cpp.o[0m
[2.757s] [ 34%] [32mBuilding CXX object CMakeFiles/sim_msgs__rosidl_typesupport_introspection_cpp.dir/rosidl_typesupport_introspection_cpp/sim_msgs/msg/detail/high_cmd__type_support.cpp.o[0m
[2.757s] [ 34%] [32mBuilding CXX object CMakeFiles/sim_msgs__rosidl_typesupport_introspection_cpp.dir/rosidl_typesupport_introspection_cpp/sim_msgs/msg/detail/obj_data__type_support.cpp.o[0m
[2.757s] [ 34%] [32mBuilding CXX object CMakeFiles/sim_msgs__rosidl_typesupport_introspection_cpp.dir/rosidl_typesupport_introspection_cpp/sim_msgs/msg/detail/low_cmd__type_support.cpp.o[0m
[2.757s] [ 38%] [32mBuilding CXX object CMakeFiles/sim_msgs__rosidl_typesupport_introspection_cpp.dir/rosidl_typesupport_introspection_cpp/sim_msgs/srv/detail/controller__type_support.cpp.o[0m
[2.757s] [ 38%] [32mBuilding CXX object CMakeFiles/sim_msgs__rosidl_typesupport_introspection_cpp.dir/rosidl_typesupport_introspection_cpp/sim_msgs/msg/detail/field_data__type_support.cpp.o[0m
[2.820s] [ 41%] [32mBuilding CXX object CMakeFiles/sim_msgs__rosidl_typesupport_c.dir/rosidl_typesupport_c/sim_msgs/msg/high_cmd__type_support.cpp.o[0m
[2.820s] [ 41%] [32mBuilding CXX object CMakeFiles/sim_msgs__rosidl_typesupport_c.dir/rosidl_typesupport_c/sim_msgs/msg/low_cmd__type_support.cpp.o[0m
[2.820s] [ 42%] [32mBuilding CXX object CMakeFiles/sim_msgs__rosidl_typesupport_c.dir/rosidl_typesupport_c/sim_msgs/msg/obj_data__type_support.cpp.o[0m
[2.832s] [ 44%] [32mBuilding CXX object CMakeFiles/sim_msgs__rosidl_typesupport_fastrtps_cpp.dir/rosidl_typesupport_fastrtps_cpp/sim_msgs/msg/detail/dds_fastrtps/low_cmd__type_support.cpp.o[0m
[2.857s] [ 46%] [32mBuilding CXX object CMakeFiles/sim_msgs__rosidl_typesupport_c.dir/rosidl_typesupport_c/sim_msgs/msg/field_data__type_support.cpp.o[0m
[2.858s] [ 47%] [32mBuilding CXX object CMakeFiles/sim_msgs__rosidl_typesupport_c.dir/rosidl_typesupport_c/sim_msgs/srv/controller__type_support.cpp.o[0m
[2.858s] [ 49%] [32mBuilding CXX object CMakeFiles/sim_msgs__rosidl_typesupport_fastrtps_cpp.dir/rosidl_typesupport_fastrtps_cpp/sim_msgs/msg/detail/dds_fastrtps/high_cmd__type_support.cpp.o[0m
[2.895s] [ 50%] [32mBuilding CXX object CMakeFiles/sim_msgs__rosidl_typesupport_fastrtps_cpp.dir/rosidl_typesupport_fastrtps_cpp/sim_msgs/msg/detail/dds_fastrtps/obj_data__type_support.cpp.o[0m
[2.895s] [ 52%] [1m[32mLinking CXX shared library libsim_msgs__rosidl_typesupport_c.so[0m
[2.949s] [ 52%] [0mBuilt target sim_msgs__rosidl_typesupport_c[0m
[2.952s] [ 53%] [32mBuilding CXX object CMakeFiles/sim_msgs__rosidl_typesupport_fastrtps_cpp.dir/rosidl_typesupport_fastrtps_cpp/sim_msgs/msg/detail/dds_fastrtps/field_data__type_support.cpp.o[0m
[2.961s] [ 55%] [32mBuilding C object CMakeFiles/sim_msgs__rosidl_typesupport_introspection_c.dir/rosidl_typesupport_introspection_c/sim_msgs/msg/detail/low_cmd__type_support.c.o[0m
[3.003s] [ 57%] [32mBuilding C object CMakeFiles/sim_msgs__rosidl_typesupport_introspection_c.dir/rosidl_typesupport_introspection_c/sim_msgs/msg/detail/high_cmd__type_support.c.o[0m
[3.028s] [ 58%] [32mBuilding CXX object CMakeFiles/sim_msgs__rosidl_typesupport_fastrtps_c.dir/rosidl_typesupport_fastrtps_c/sim_msgs/msg/detail/low_cmd__type_support_c.cpp.o[0m
[3.047s] [ 60%] [32mBuilding C object CMakeFiles/sim_msgs__rosidl_typesupport_introspection_c.dir/rosidl_typesupport_introspection_c/sim_msgs/msg/detail/obj_data__type_support.c.o[0m
[3.067s] [ 66%] [32mBuilding CXX object CMakeFiles/sim_msgs__rosidl_typesupport_fastrtps_c.dir/rosidl_typesupport_fastrtps_c/sim_msgs/msg/detail/high_cmd__type_support_c.cpp.o[0m
[3.068s] [ 66%] [32mBuilding CXX object CMakeFiles/sim_msgs__rosidl_typesupport_fastrtps_cpp.dir/rosidl_typesupport_fastrtps_cpp/sim_msgs/srv/detail/dds_fastrtps/controller__type_support.cpp.o[0m
[3.068s] [ 66%] [1m[32mLinking CXX shared library libsim_msgs__rosidl_typesupport_cpp.so[0m
[3.070s] [ 66%] [32mBuilding C object CMakeFiles/sim_msgs__rosidl_typesupport_introspection_c.dir/rosidl_typesupport_introspection_c/sim_msgs/msg/detail/field_data__type_support.c.o[0m
[3.070s] [ 68%] [32mBuilding C object CMakeFiles/sim_msgs__rosidl_typesupport_introspection_c.dir/rosidl_typesupport_introspection_c/sim_msgs/srv/detail/controller__type_support.c.o[0m
[3.088s] [ 69%] [32mBuilding CXX object CMakeFiles/sim_msgs__rosidl_typesupport_fastrtps_c.dir/rosidl_typesupport_fastrtps_c/sim_msgs/msg/detail/obj_data__type_support_c.cpp.o[0m
[3.110s] [ 71%] [32mBuilding CXX object CMakeFiles/sim_msgs__rosidl_typesupport_fastrtps_c.dir/rosidl_typesupport_fastrtps_c/sim_msgs/msg/detail/field_data__type_support_c.cpp.o[0m
[3.110s] [ 73%] [1m[32mLinking C shared library libsim_msgs__rosidl_typesupport_introspection_c.so[0m
[3.119s] [ 73%] [0mBuilt target sim_msgs__rosidl_typesupport_cpp[0m
[3.123s] [ 74%] [32mBuilding CXX object CMakeFiles/sim_msgs__rosidl_typesupport_fastrtps_c.dir/rosidl_typesupport_fastrtps_c/sim_msgs/srv/detail/controller__type_support_c.cpp.o[0m
[3.144s] [ 74%] [0mBuilt target sim_msgs__rosidl_typesupport_introspection_c[0m
[3.285s] [ 76%] [1m[32mLinking CXX shared library libsim_msgs__rosidl_typesupport_introspection_cpp.so[0m
[3.380s] [ 76%] [0mBuilt target sim_msgs__rosidl_typesupport_introspection_cpp[0m
[3.487s] [ 77%] [1m[32mLinking CXX shared library libsim_msgs__rosidl_typesupport_fastrtps_c.so[0m
[3.490s] [ 79%] [1m[32mLinking CXX shared library libsim_msgs__rosidl_typesupport_fastrtps_cpp.so[0m
[3.554s] [ 79%] [0mBuilt target sim_msgs__rosidl_typesupport_fastrtps_c[0m
[3.555s] [ 79%] [0mBuilt target sim_msgs__rosidl_typesupport_fastrtps_cpp[0m
[3.565s] [ 79%] [0mBuilt target sim_msgs[0m
[3.576s] [ 80%] [1m[34mGenerating Python code for ROS interfaces[0m
[4.058s] [ 80%] [0mBuilt target sim_msgs__py[0m
[4.068s] [ 82%] [32mBuilding C object CMakeFiles/sim_msgs__rosidl_generator_py.dir/rosidl_generator_py/sim_msgs/msg/_low_cmd_s.c.o[0m
[4.069s] [ 84%] [32mBuilding C object CMakeFiles/sim_msgs__rosidl_generator_py.dir/rosidl_generator_py/sim_msgs/msg/_high_cmd_s.c.o[0m
[4.069s] [ 85%] [32mBuilding C object CMakeFiles/sim_msgs__rosidl_generator_py.dir/rosidl_generator_py/sim_msgs/msg/_obj_data_s.c.o[0m
[4.069s] [ 87%] [32mBuilding C object CMakeFiles/sim_msgs__rosidl_generator_py.dir/rosidl_generator_py/sim_msgs/msg/_field_data_s.c.o[0m
[4.070s] [ 88%] [32mBuilding C object CMakeFiles/sim_msgs__rosidl_generator_py.dir/rosidl_generator_py/sim_msgs/srv/_controller_s.c.o[0m
[4.144s] [ 90%] [1m[32mLinking C shared library rosidl_generator_py/sim_msgs/libsim_msgs__rosidl_generator_py.so[0m
[4.171s] [ 90%] [0mBuilt target sim_msgs__rosidl_generator_py[0m
[4.181s] [ 92%] [32mBuilding C object CMakeFiles/sim_msgs__rosidl_typesupport_introspection_c__pyext.dir/rosidl_generator_py/sim_msgs/_sim_msgs_s.ep.rosidl_typesupport_introspection_c.c.o[0m
[4.182s] [ 93%] [32mBuilding C object CMakeFiles/sim_msgs__rosidl_typesupport_c__pyext.dir/rosidl_generator_py/sim_msgs/_sim_msgs_s.ep.rosidl_typesupport_c.c.o[0m
[4.182s] [ 95%] [32mBuilding C object CMakeFiles/sim_msgs__rosidl_typesupport_fastrtps_c__pyext.dir/rosidl_generator_py/sim_msgs/_sim_msgs_s.ep.rosidl_typesupport_fastrtps_c.c.o[0m
[4.256s] [ 98%] [1m[32mLinking C shared library rosidl_generator_py/sim_msgs/sim_msgs_s__rosidl_typesupport_c.cpython-310-x86_64-linux-gnu.so[0m
[4.256s] [ 98%] [1m[32mLinking C shared library rosidl_generator_py/sim_msgs/sim_msgs_s__rosidl_typesupport_introspection_c.cpython-310-x86_64-linux-gnu.so[0m
[4.259s] [100%] [1m[32mLinking C shared library rosidl_generator_py/sim_msgs/sim_msgs_s__rosidl_typesupport_fastrtps_c.cpython-310-x86_64-linux-gnu.so[0m
[4.276s] [100%] [0mBuilt target sim_msgs__rosidl_typesupport_c__pyext[0m
[4.277s] [100%] [0mBuilt target sim_msgs__rosidl_typesupport_introspection_c__pyext[0m
[4.282s] [100%] [0mBuilt target sim_msgs__rosidl_typesupport_fastrtps_c__pyext[0m
[4.290s] Invoked command in '/home/arepo/vsss_sim/bullet_ws/build/sim_msgs' returned '0': CMAKE_PREFIX_PATH=${CMAKE_PREFIX_PATH}:/home/arepo/vsss_sim/bullet_ws/install/sim:/home/arepo/ros2_ws/install/tests_py:/opt/ros/humble /home/arepo/.local/bin/cmake --build /home/arepo/vsss_sim/bullet_ws/build/sim_msgs -- -j16 -l16
[4.348s] Invoking command in '/home/arepo/vsss_sim/bullet_ws/build/sim_msgs': CMAKE_PREFIX_PATH=${CMAKE_PREFIX_PATH}:/home/arepo/vsss_sim/bullet_ws/install/sim:/home/arepo/ros2_ws/install/tests_py:/opt/ros/humble /home/arepo/.local/bin/cmake --install /home/arepo/vsss_sim/bullet_ws/build/sim_msgs
[4.403s] -- Install configuration: ""
[4.403s] -- Installing: /home/arepo/vsss_sim/bullet_ws/install/sim_msgs/share/ament_index/resource_index/rosidl_interfaces/sim_msgs
[4.403s] -- Installing: /home/arepo/vsss_sim/bullet_ws/install/sim_msgs/include/sim_msgs/sim_msgs
[4.403s] -- Installing: /home/arepo/vsss_sim/bullet_ws/install/sim_msgs/include/sim_msgs/sim_msgs/srv
[4.403s] -- Installing: /home/arepo/vsss_sim/bullet_ws/install/sim_msgs/include/sim_msgs/sim_msgs/srv/detail
[4.403s] -- Installing: /home/arepo/vsss_sim/bullet_ws/install/sim_msgs/include/sim_msgs/sim_msgs/srv/detail/controller__functions.c
[4.403s] -- Installing: /home/arepo/vsss_sim/bullet_ws/install/sim_msgs/include/sim_msgs/sim_msgs/srv/detail/controller__functions.h
[4.404s] -- Installing: /home/arepo/vsss_sim/bullet_ws/install/sim_msgs/include/sim_msgs/sim_msgs/srv/detail/controller__type_support.h
[4.404s] -- Installing: /home/arepo/vsss_sim/bullet_ws/install/sim_msgs/include/sim_msgs/sim_msgs/srv/detail/controller__struct.h
[4.404s] -- Installing: /home/arepo/vsss_sim/bullet_ws/install/sim_msgs/include/sim_msgs/sim_msgs/srv/controller.h
[4.404s] -- Installing: /home/arepo/vsss_sim/bullet_ws/install/sim_msgs/include/sim_msgs/sim_msgs/msg
[4.404s] -- Installing: /home/arepo/vsss_sim/bullet_ws/install/sim_msgs/include/sim_msgs/sim_msgs/msg/high_cmd.h
[4.404s] -- Installing: /home/arepo/vsss_sim/bullet_ws/install/sim_msgs/include/sim_msgs/sim_msgs/msg/field_data.h
[4.404s] -- Installing: /home/arepo/vsss_sim/bullet_ws/install/sim_msgs/include/sim_msgs/sim_msgs/msg/low_cmd.h
[4.405s] -- Installing: /home/arepo/vsss_sim/bullet_ws/install/sim_msgs/include/sim_msgs/sim_msgs/msg/detail
[4.405s] -- Installing: /home/arepo/vsss_sim/bullet_ws/install/sim_msgs/include/sim_msgs/sim_msgs/msg/detail/low_cmd__functions.h
[4.405s] -- Installing: /home/arepo/vsss_sim/bullet_ws/install/sim_msgs/include/sim_msgs/sim_msgs/msg/detail/high_cmd__functions.h
[4.405s] -- Installing: /home/arepo/vsss_sim/bullet_ws/install/sim_msgs/include/sim_msgs/sim_msgs/msg/detail/low_cmd__struct.h
[4.405s] -- Installing: /home/arepo/vsss_sim/bullet_ws/install/sim_msgs/include/sim_msgs/sim_msgs/msg/detail/obj_data__functions.h
[4.405s] -- Installing: /home/arepo/vsss_sim/bullet_ws/install/sim_msgs/include/sim_msgs/sim_msgs/msg/detail/low_cmd__type_support.h
[4.405s] -- Installing: /home/arepo/vsss_sim/bullet_ws/install/sim_msgs/include/sim_msgs/sim_msgs/msg/detail/high_cmd__struct.h
[4.406s] -- Installing: /home/arepo/vsss_sim/bullet_ws/install/sim_msgs/include/sim_msgs/sim_msgs/msg/detail/high_cmd__functions.c
[4.406s] -- Installing: /home/arepo/vsss_sim/bullet_ws/install/sim_msgs/include/sim_msgs/sim_msgs/msg/detail/field_data__functions.c
[4.406s] -- Installing: /home/arepo/vsss_sim/bullet_ws/install/sim_msgs/include/sim_msgs/sim_msgs/msg/detail/obj_data__struct.h
[4.406s] -- Installing: /home/arepo/vsss_sim/bullet_ws/install/sim_msgs/include/sim_msgs/sim_msgs/msg/detail/high_cmd__type_support.h
[4.406s] -- Installing: /home/arepo/vsss_sim/bullet_ws/install/sim_msgs/include/sim_msgs/sim_msgs/msg/detail/field_data__type_support.h
[4.406s] -- Installing: /home/arepo/vsss_sim/bullet_ws/install/sim_msgs/include/sim_msgs/sim_msgs/msg/detail/field_data__struct.h
[4.406s] -- Installing: /home/arepo/vsss_sim/bullet_ws/install/sim_msgs/include/sim_msgs/sim_msgs/msg/detail/low_cmd__functions.c
[4.407s] -- Installing: /home/arepo/vsss_sim/bullet_ws/install/sim_msgs/include/sim_msgs/sim_msgs/msg/detail/obj_data__type_support.h
[4.407s] -- Installing: /home/arepo/vsss_sim/bullet_ws/install/sim_msgs/include/sim_msgs/sim_msgs/msg/detail/field_data__functions.h
[4.407s] -- Installing: /home/arepo/vsss_sim/bullet_ws/install/sim_msgs/include/sim_msgs/sim_msgs/msg/detail/obj_data__functions.c
[4.407s] -- Installing: /home/arepo/vsss_sim/bullet_ws/install/sim_msgs/include/sim_msgs/sim_msgs/msg/obj_data.h
[4.407s] -- Installing: /home/arepo/vsss_sim/bullet_ws/install/sim_msgs/include/sim_msgs/sim_msgs/msg/rosidl_generator_c__visibility_control.h
[4.407s] -- Installing: /home/arepo/vsss_sim/bullet_ws/install/sim_msgs/share/sim_msgs/environment/library_path.sh
[4.407s] -- Installing: /home/arepo/vsss_sim/bullet_ws/install/sim_msgs/share/sim_msgs/environment/library_path.dsv
[4.408s] -- Installing: /home/arepo/vsss_sim/bullet_ws/install/sim_msgs/lib/libsim_msgs__rosidl_generator_c.so
[4.408s] -- Set non-toolchain portion of runtime path of "/home/arepo/vsss_sim/bullet_ws/install/sim_msgs/lib/libsim_msgs__rosidl_generator_c.so" to ""
[4.408s] -- Up-to-date: /home/arepo/vsss_sim/bullet_ws/install/sim_msgs/include/sim_msgs/sim_msgs
[4.408s] -- Up-to-date: /home/arepo/vsss_sim/bullet_ws/install/sim_msgs/include/sim_msgs/sim_msgs/srv
[4.408s] -- Up-to-date: /home/arepo/vsss_sim/bullet_ws/install/sim_msgs/include/sim_msgs/sim_msgs/srv/detail
[4.408s] -- Installing: /home/arepo/vsss_sim/bullet_ws/install/sim_msgs/include/sim_msgs/sim_msgs/srv/detail/controller__rosidl_typesupport_fastrtps_c.h
[4.408s] -- Up-to-date: /home/arepo/vsss_sim/bullet_ws/install/sim_msgs/include/sim_msgs/sim_msgs/msg
[4.409s] -- Installing: /home/arepo/vsss_sim/bullet_ws/install/sim_msgs/include/sim_msgs/sim_msgs/msg/rosidl_typesupport_fastrtps_c__visibility_control.h
[4.409s] -- Up-to-date: /home/arepo/vsss_sim/bullet_ws/install/sim_msgs/include/sim_msgs/sim_msgs/msg/detail
[4.409s] -- Installing: /home/arepo/vsss_sim/bullet_ws/install/sim_msgs/include/sim_msgs/sim_msgs/msg/detail/field_data__rosidl_typesupport_fastrtps_c.h
[4.409s] -- Installing: /home/arepo/vsss_sim/bullet_ws/install/sim_msgs/include/sim_msgs/sim_msgs/msg/detail/obj_data__rosidl_typesupport_fastrtps_c.h
[4.409s] -- Installing: /home/arepo/vsss_sim/bullet_ws/install/sim_msgs/include/sim_msgs/sim_msgs/msg/detail/low_cmd__rosidl_typesupport_fastrtps_c.h
[4.409s] -- Installing: /home/arepo/vsss_sim/bullet_ws/install/sim_msgs/include/sim_msgs/sim_msgs/msg/detail/high_cmd__rosidl_typesupport_fastrtps_c.h
[4.409s] -- Installing: /home/arepo/vsss_sim/bullet_ws/install/sim_msgs/lib/libsim_msgs__rosidl_typesupport_fastrtps_c.so
[4.410s] -- Set non-toolchain portion of runtime path of "/home/arepo/vsss_sim/bullet_ws/install/sim_msgs/lib/libsim_msgs__rosidl_typesupport_fastrtps_c.so" to ""
[4.410s] -- Up-to-date: /home/arepo/vsss_sim/bullet_ws/install/sim_msgs/include/sim_msgs/sim_msgs
[4.410s] -- Up-to-date: /home/arepo/vsss_sim/bullet_ws/install/sim_msgs/include/sim_msgs/sim_msgs/srv
[4.410s] -- Up-to-date: /home/arepo/vsss_sim/bullet_ws/install/sim_msgs/include/sim_msgs/sim_msgs/srv/detail
[4.410s] -- Installing: /home/arepo/vsss_sim/bullet_ws/install/sim_msgs/include/sim_msgs/sim_msgs/srv/detail/controller__type_support.c
[4.410s] -- Installing: /home/arepo/vsss_sim/bullet_ws/install/sim_msgs/include/sim_msgs/sim_msgs/srv/detail/controller__rosidl_typesupport_introspection_c.h
[4.410s] -- Up-to-date: /home/arepo/vsss_sim/bullet_ws/install/sim_msgs/include/sim_msgs/sim_msgs/msg
[4.410s] -- Installing: /home/arepo/vsss_sim/bullet_ws/install/sim_msgs/include/sim_msgs/sim_msgs/msg/rosidl_typesupport_introspection_c__visibility_control.h
[4.410s] -- Up-to-date: /home/arepo/vsss_sim/bullet_ws/install/sim_msgs/include/sim_msgs/sim_msgs/msg/detail
[4.410s] -- Installing: /home/arepo/vsss_sim/bullet_ws/install/sim_msgs/include/sim_msgs/sim_msgs/msg/detail/high_cmd__rosidl_typesupport_introspection_c.h
[4.410s] -- Installing: /home/arepo/vsss_sim/bullet_ws/install/sim_msgs/include/sim_msgs/sim_msgs/msg/detail/field_data__type_support.c
[4.411s] -- Installing: /home/arepo/vsss_sim/bullet_ws/install/sim_msgs/include/sim_msgs/sim_msgs/msg/detail/obj_data__type_support.c
[4.411s] -- Installing: /home/arepo/vsss_sim/bullet_ws/install/sim_msgs/include/sim_msgs/sim_msgs/msg/detail/low_cmd__rosidl_typesupport_introspection_c.h
[4.411s] -- Installing: /home/arepo/vsss_sim/bullet_ws/install/sim_msgs/include/sim_msgs/sim_msgs/msg/detail/high_cmd__type_support.c
[4.411s] -- Installing: /home/arepo/vsss_sim/bullet_ws/install/sim_msgs/include/sim_msgs/sim_msgs/msg/detail/field_data__rosidl_typesupport_introspection_c.h
[4.411s] -- Installing: /home/arepo/vsss_sim/bullet_ws/install/sim_msgs/include/sim_msgs/sim_msgs/msg/detail/low_cmd__type_support.c
[4.411s] -- Installing: /home/arepo/vsss_sim/bullet_ws/install/sim_msgs/include/sim_msgs/sim_msgs/msg/detail/obj_data__rosidl_typesupport_introspection_c.h
[4.412s] -- Installing: /home/arepo/vsss_sim/bullet_ws/install/sim_msgs/lib/libsim_msgs__rosidl_typesupport_introspection_c.so
[4.412s] -- Set non-toolchain portion of runtime path of "/home/arepo/vsss_sim/bullet_ws/install/sim_msgs/lib/libsim_msgs__rosidl_typesupport_introspection_c.so" to ""
[4.412s] -- Installing: /home/arepo/vsss_sim/bullet_ws/install/sim_msgs/lib/libsim_msgs__rosidl_typesupport_c.so
[4.412s] -- Set non-toolchain portion of runtime path of "/home/arepo/vsss_sim/bullet_ws/install/sim_msgs/lib/libsim_msgs__rosidl_typesupport_c.so" to ""
[4.412s] -- Up-to-date: /home/arepo/vsss_sim/bullet_ws/install/sim_msgs/include/sim_msgs/sim_msgs
[4.412s] -- Up-to-date: /home/arepo/vsss_sim/bullet_ws/install/sim_msgs/include/sim_msgs/sim_msgs/srv
[4.412s] -- Up-to-date: /home/arepo/vsss_sim/bullet_ws/install/sim_msgs/include/sim_msgs/sim_msgs/srv/detail
[4.412s] -- Installing: /home/arepo/vsss_sim/bullet_ws/install/sim_msgs/include/sim_msgs/sim_msgs/srv/detail/controller__struct.hpp
[4.413s] -- Installing: /home/arepo/vsss_sim/bullet_ws/install/sim_msgs/include/sim_msgs/sim_msgs/srv/detail/controller__traits.hpp
[4.413s] -- Installing: /home/arepo/vsss_sim/bullet_ws/install/sim_msgs/include/sim_msgs/sim_msgs/srv/detail/controller__type_support.hpp
[4.413s] -- Installing: /home/arepo/vsss_sim/bullet_ws/install/sim_msgs/include/sim_msgs/sim_msgs/srv/detail/controller__builder.hpp
[4.413s] -- Installing: /home/arepo/vsss_sim/bullet_ws/install/sim_msgs/include/sim_msgs/sim_msgs/srv/controller.hpp
[4.413s] -- Up-to-date: /home/arepo/vsss_sim/bullet_ws/install/sim_msgs/include/sim_msgs/sim_msgs/msg
[4.413s] -- Installing: /home/arepo/vsss_sim/bullet_ws/install/sim_msgs/include/sim_msgs/sim_msgs/msg/low_cmd.hpp
[4.413s] -- Up-to-date: /home/arepo/vsss_sim/bullet_ws/install/sim_msgs/include/sim_msgs/sim_msgs/msg/detail
[4.413s] -- Installing: /home/arepo/vsss_sim/bullet_ws/install/sim_msgs/include/sim_msgs/sim_msgs/msg/detail/low_cmd__type_support.hpp
[4.413s] -- Installing: /home/arepo/vsss_sim/bullet_ws/install/sim_msgs/include/sim_msgs/sim_msgs/msg/detail/high_cmd__type_support.hpp
[4.414s] -- Installing: /home/arepo/vsss_sim/bullet_ws/install/sim_msgs/include/sim_msgs/sim_msgs/msg/detail/obj_data__traits.hpp
[4.414s] -- Installing: /home/arepo/vsss_sim/bullet_ws/install/sim_msgs/include/sim_msgs/sim_msgs/msg/detail/low_cmd__traits.hpp
[4.414s] -- Installing: /home/arepo/vsss_sim/bullet_ws/install/sim_msgs/include/sim_msgs/sim_msgs/msg/detail/high_cmd__struct.hpp
[4.414s] -- Installing: /home/arepo/vsss_sim/bullet_ws/install/sim_msgs/include/sim_msgs/sim_msgs/msg/detail/field_data__traits.hpp
[4.414s] -- Installing: /home/arepo/vsss_sim/bullet_ws/install/sim_msgs/include/sim_msgs/sim_msgs/msg/detail/low_cmd__builder.hpp
[4.414s] -- Installing: /home/arepo/vsss_sim/bullet_ws/install/sim_msgs/include/sim_msgs/sim_msgs/msg/detail/field_data__type_support.hpp
[4.414s] -- Installing: /home/arepo/vsss_sim/bullet_ws/install/sim_msgs/include/sim_msgs/sim_msgs/msg/detail/obj_data__struct.hpp
[4.415s] -- Installing: /home/arepo/vsss_sim/bullet_ws/install/sim_msgs/include/sim_msgs/sim_msgs/msg/detail/low_cmd__struct.hpp
[4.415s] -- Installing: /home/arepo/vsss_sim/bullet_ws/install/sim_msgs/include/sim_msgs/sim_msgs/msg/detail/obj_data__builder.hpp
[4.415s] -- Installing: /home/arepo/vsss_sim/bullet_ws/install/sim_msgs/include/sim_msgs/sim_msgs/msg/detail/obj_data__type_support.hpp
[4.415s] -- Installing: /home/arepo/vsss_sim/bullet_ws/install/sim_msgs/include/sim_msgs/sim_msgs/msg/detail/field_data__builder.hpp
[4.415s] -- Installing: /home/arepo/vsss_sim/bullet_ws/install/sim_msgs/include/sim_msgs/sim_msgs/msg/detail/high_cmd__traits.hpp
[4.415s] -- Installing: /home/arepo/vsss_sim/bullet_ws/install/sim_msgs/include/sim_msgs/sim_msgs/msg/detail/high_cmd__builder.hpp
[4.415s] -- Installing: /home/arepo/vsss_sim/bullet_ws/install/sim_msgs/include/sim_msgs/sim_msgs/msg/detail/field_data__struct.hpp
[4.416s] -- Installing: /home/arepo/vsss_sim/bullet_ws/install/sim_msgs/include/sim_msgs/sim_msgs/msg/high_cmd.hpp
[4.416s] -- Installing: /home/arepo/vsss_sim/bullet_ws/install/sim_msgs/include/sim_msgs/sim_msgs/msg/rosidl_generator_cpp__visibility_control.hpp
[4.416s] -- Installing: /home/arepo/vsss_sim/bullet_ws/install/sim_msgs/include/sim_msgs/sim_msgs/msg/field_data.hpp
[4.416s] -- Installing: /home/arepo/vsss_sim/bullet_ws/install/sim_msgs/include/sim_msgs/sim_msgs/msg/obj_data.hpp
[4.416s] -- Up-to-date: /home/arepo/vsss_sim/bullet_ws/install/sim_msgs/include/sim_msgs/sim_msgs
[4.416s] -- Up-to-date: /home/arepo/vsss_sim/bullet_ws/install/sim_msgs/include/sim_msgs/sim_msgs/srv
[4.416s] -- Up-to-date: /home/arepo/vsss_sim/bullet_ws/install/sim_msgs/include/sim_msgs/sim_msgs/srv/detail
[4.416s] -- Installing: /home/arepo/vsss_sim/bullet_ws/install/sim_msgs/include/sim_msgs/sim_msgs/srv/detail/dds_fastrtps
[4.416s] -- Installing: /home/arepo/vsss_sim/bullet_ws/install/sim_msgs/include/sim_msgs/sim_msgs/srv/detail/controller__rosidl_typesupport_fastrtps_cpp.hpp
[4.417s] -- Up-to-date: /home/arepo/vsss_sim/bullet_ws/install/sim_msgs/include/sim_msgs/sim_msgs/msg
[4.417s] -- Up-to-date: /home/arepo/vsss_sim/bullet_ws/install/sim_msgs/include/sim_msgs/sim_msgs/msg/detail
[4.417s] -- Installing: /home/arepo/vsss_sim/bullet_ws/install/sim_msgs/include/sim_msgs/sim_msgs/msg/detail/dds_fastrtps
[4.417s] -- Installing: /home/arepo/vsss_sim/bullet_ws/install/sim_msgs/include/sim_msgs/sim_msgs/msg/detail/field_data__rosidl_typesupport_fastrtps_cpp.hpp
[4.417s] -- Installing: /home/arepo/vsss_sim/bullet_ws/install/sim_msgs/include/sim_msgs/sim_msgs/msg/detail/obj_data__rosidl_typesupport_fastrtps_cpp.hpp
[4.417s] -- Installing: /home/arepo/vsss_sim/bullet_ws/install/sim_msgs/include/sim_msgs/sim_msgs/msg/detail/high_cmd__rosidl_typesupport_fastrtps_cpp.hpp
[4.417s] -- Installing: /home/arepo/vsss_sim/bullet_ws/install/sim_msgs/include/sim_msgs/sim_msgs/msg/detail/low_cmd__rosidl_typesupport_fastrtps_cpp.hpp
[4.417s] -- Installing: /home/arepo/vsss_sim/bullet_ws/install/sim_msgs/include/sim_msgs/sim_msgs/msg/rosidl_typesupport_fastrtps_cpp__visibility_control.h
[4.418s] -- Installing: /home/arepo/vsss_sim/bullet_ws/install/sim_msgs/lib/libsim_msgs__rosidl_typesupport_fastrtps_cpp.so
[4.418s] -- Set non-toolchain portion of runtime path of "/home/arepo/vsss_sim/bullet_ws/install/sim_msgs/lib/libsim_msgs__rosidl_typesupport_fastrtps_cpp.so" to ""
[4.418s] -- Up-to-date: /home/arepo/vsss_sim/bullet_ws/install/sim_msgs/include/sim_msgs/sim_msgs
[4.418s] -- Up-to-date: /home/arepo/vsss_sim/bullet_ws/install/sim_msgs/include/sim_msgs/sim_msgs/srv
[4.418s] -- Up-to-date: /home/arepo/vsss_sim/bullet_ws/install/sim_msgs/include/sim_msgs/sim_msgs/srv/detail
[4.418s] -- Installing: /home/arepo/vsss_sim/bullet_ws/install/sim_msgs/include/sim_msgs/sim_msgs/srv/detail/controller__rosidl_typesupport_introspection_cpp.hpp
[4.418s] -- Installing: /home/arepo/vsss_sim/bullet_ws/install/sim_msgs/include/sim_msgs/sim_msgs/srv/detail/controller__type_support.cpp
[4.418s] -- Up-to-date: /home/arepo/vsss_sim/bullet_ws/install/sim_msgs/include/sim_msgs/sim_msgs/msg
[4.418s] -- Up-to-date: /home/arepo/vsss_sim/bullet_ws/install/sim_msgs/include/sim_msgs/sim_msgs/msg/detail
[4.419s] -- Installing: /home/arepo/vsss_sim/bullet_ws/install/sim_msgs/include/sim_msgs/sim_msgs/msg/detail/high_cmd__type_support.cpp
[4.419s] -- Installing: /home/arepo/vsss_sim/bullet_ws/install/sim_msgs/include/sim_msgs/sim_msgs/msg/detail/high_cmd__rosidl_typesupport_introspection_cpp.hpp
[4.419s] -- Installing: /home/arepo/vsss_sim/bullet_ws/install/sim_msgs/include/sim_msgs/sim_msgs/msg/detail/field_data__rosidl_typesupport_introspection_cpp.hpp
[4.419s] -- Installing: /home/arepo/vsss_sim/bullet_ws/install/sim_msgs/include/sim_msgs/sim_msgs/msg/detail/field_data__type_support.cpp
[4.419s] -- Installing: /home/arepo/vsss_sim/bullet_ws/install/sim_msgs/include/sim_msgs/sim_msgs/msg/detail/low_cmd__type_support.cpp
[4.419s] -- Installing: /home/arepo/vsss_sim/bullet_ws/install/sim_msgs/include/sim_msgs/sim_msgs/msg/detail/obj_data__rosidl_typesupport_introspection_cpp.hpp
[4.419s] -- Installing: /home/arepo/vsss_sim/bullet_ws/install/sim_msgs/include/sim_msgs/sim_msgs/msg/detail/low_cmd__rosidl_typesupport_introspection_cpp.hpp
[4.420s] -- Installing: /home/arepo/vsss_sim/bullet_ws/install/sim_msgs/include/sim_msgs/sim_msgs/msg/detail/obj_data__type_support.cpp
[4.420s] -- Installing: /home/arepo/vsss_sim/bullet_ws/install/sim_msgs/lib/libsim_msgs__rosidl_typesupport_introspection_cpp.so
[4.420s] -- Set non-toolchain portion of runtime path of "/home/arepo/vsss_sim/bullet_ws/install/sim_msgs/lib/libsim_msgs__rosidl_typesupport_introspection_cpp.so" to ""
[4.420s] -- Installing: /home/arepo/vsss_sim/bullet_ws/install/sim_msgs/lib/libsim_msgs__rosidl_typesupport_cpp.so
[4.421s] -- Set non-toolchain portion of runtime path of "/home/arepo/vsss_sim/bullet_ws/install/sim_msgs/lib/libsim_msgs__rosidl_typesupport_cpp.so" to ""
[4.421s] -- Installing: /home/arepo/vsss_sim/bullet_ws/install/sim_msgs/share/sim_msgs/environment/pythonpath.sh
[4.421s] -- Installing: /home/arepo/vsss_sim/bullet_ws/install/sim_msgs/share/sim_msgs/environment/pythonpath.dsv
[4.421s] -- Installing: /home/arepo/vsss_sim/bullet_ws/install/sim_msgs/local/lib/python3.10/dist-packages/sim_msgs-0.0.0-py3.10.egg-info
[4.421s] -- Installing: /home/arepo/vsss_sim/bullet_ws/install/sim_msgs/local/lib/python3.10/dist-packages/sim_msgs-0.0.0-py3.10.egg-info/PKG-INFO
[4.421s] -- Installing: /home/arepo/vsss_sim/bullet_ws/install/sim_msgs/local/lib/python3.10/dist-packages/sim_msgs-0.0.0-py3.10.egg-info/dependency_links.txt
[4.421s] -- Installing: /home/arepo/vsss_sim/bullet_ws/install/sim_msgs/local/lib/python3.10/dist-packages/sim_msgs-0.0.0-py3.10.egg-info/top_level.txt
[4.421s] -- Installing: /home/arepo/vsss_sim/bullet_ws/install/sim_msgs/local/lib/python3.10/dist-packages/sim_msgs-0.0.0-py3.10.egg-info/SOURCES.txt
[4.422s] -- Installing: /home/arepo/vsss_sim/bullet_ws/install/sim_msgs/local/lib/python3.10/dist-packages/sim_msgs
[4.422s] -- Installing: /home/arepo/vsss_sim/bullet_ws/install/sim_msgs/local/lib/python3.10/dist-packages/sim_msgs/libsim_msgs__rosidl_generator_py.so
[4.422s] -- Installing: /home/arepo/vsss_sim/bullet_ws/install/sim_msgs/local/lib/python3.10/dist-packages/sim_msgs/srv
[4.422s] -- Installing: /home/arepo/vsss_sim/bullet_ws/install/sim_msgs/local/lib/python3.10/dist-packages/sim_msgs/srv/_controller_s.c
[4.422s] -- Installing: /home/arepo/vsss_sim/bullet_ws/install/sim_msgs/local/lib/python3.10/dist-packages/sim_msgs/srv/__init__.py
[4.422s] -- Installing: /home/arepo/vsss_sim/bullet_ws/install/sim_msgs/local/lib/python3.10/dist-packages/sim_msgs/srv/_controller.py
[4.422s] -- Installing: /home/arepo/vsss_sim/bullet_ws/install/sim_msgs/local/lib/python3.10/dist-packages/sim_msgs/msg
[4.422s] -- Installing: /home/arepo/vsss_sim/bullet_ws/install/sim_msgs/local/lib/python3.10/dist-packages/sim_msgs/msg/_low_cmd.py
[4.423s] -- Installing: /home/arepo/vsss_sim/bullet_ws/install/sim_msgs/local/lib/python3.10/dist-packages/sim_msgs/msg/_obj_data.py
[4.423s] -- Installing: /home/arepo/vsss_sim/bullet_ws/install/sim_msgs/local/lib/python3.10/dist-packages/sim_msgs/msg/_obj_data_s.c
[4.423s] -- Installing: /home/arepo/vsss_sim/bullet_ws/install/sim_msgs/local/lib/python3.10/dist-packages/sim_msgs/msg/__init__.py
[4.423s] -- Installing: /home/arepo/vsss_sim/bullet_ws/install/sim_msgs/local/lib/python3.10/dist-packages/sim_msgs/msg/_low_cmd_s.c
[4.423s] -- Installing: /home/arepo/vsss_sim/bullet_ws/install/sim_msgs/local/lib/python3.10/dist-packages/sim_msgs/msg/_field_data_s.c
[4.423s] -- Installing: /home/arepo/vsss_sim/bullet_ws/install/sim_msgs/local/lib/python3.10/dist-packages/sim_msgs/msg/_high_cmd.py
[4.423s] -- Installing: /home/arepo/vsss_sim/bullet_ws/install/sim_msgs/local/lib/python3.10/dist-packages/sim_msgs/msg/_field_data.py
[4.424s] -- Installing: /home/arepo/vsss_sim/bullet_ws/install/sim_msgs/local/lib/python3.10/dist-packages/sim_msgs/msg/_high_cmd_s.c
[4.424s] -- Installing: /home/arepo/vsss_sim/bullet_ws/install/sim_msgs/local/lib/python3.10/dist-packages/sim_msgs/sim_msgs_s__rosidl_typesupport_c.cpython-310-x86_64-linux-gnu.so
[4.424s] -- Installing: /home/arepo/vsss_sim/bullet_ws/install/sim_msgs/local/lib/python3.10/dist-packages/sim_msgs/_sim_msgs_s.ep.rosidl_typesupport_c.c
[4.424s] -- Installing: /home/arepo/vsss_sim/bullet_ws/install/sim_msgs/local/lib/python3.10/dist-packages/sim_msgs/__init__.py
[4.424s] -- Installing: /home/arepo/vsss_sim/bullet_ws/install/sim_msgs/local/lib/python3.10/dist-packages/sim_msgs/_sim_msgs_s.ep.rosidl_typesupport_fastrtps_c.c
[4.424s] -- Installing: /home/arepo/vsss_sim/bullet_ws/install/sim_msgs/local/lib/python3.10/dist-packages/sim_msgs/sim_msgs_s__rosidl_typesupport_introspection_c.cpython-310-x86_64-linux-gnu.so
[4.425s] -- Installing: /home/arepo/vsss_sim/bullet_ws/install/sim_msgs/local/lib/python3.10/dist-packages/sim_msgs/sim_msgs_s__rosidl_typesupport_fastrtps_c.cpython-310-x86_64-linux-gnu.so
[4.425s] -- Installing: /home/arepo/vsss_sim/bullet_ws/install/sim_msgs/local/lib/python3.10/dist-packages/sim_msgs/_sim_msgs_s.ep.rosidl_typesupport_introspection_c.c
[4.455s] Listing '/home/arepo/vsss_sim/bullet_ws/install/sim_msgs/local/lib/python3.10/dist-packages/sim_msgs'...
[4.455s] Compiling '/home/arepo/vsss_sim/bullet_ws/install/sim_msgs/local/lib/python3.10/dist-packages/sim_msgs/__init__.py'...
[4.455s] Listing '/home/arepo/vsss_sim/bullet_ws/install/sim_msgs/local/lib/python3.10/dist-packages/sim_msgs/msg'...
[4.455s] Compiling '/home/arepo/vsss_sim/bullet_ws/install/sim_msgs/local/lib/python3.10/dist-packages/sim_msgs/msg/__init__.py'...
[4.455s] Compiling '/home/arepo/vsss_sim/bullet_ws/install/sim_msgs/local/lib/python3.10/dist-packages/sim_msgs/msg/_field_data.py'...
[4.455s] Compiling '/home/arepo/vsss_sim/bullet_ws/install/sim_msgs/local/lib/python3.10/dist-packages/sim_msgs/msg/_high_cmd.py'...
[4.455s] Compiling '/home/arepo/vsss_sim/bullet_ws/install/sim_msgs/local/lib/python3.10/dist-packages/sim_msgs/msg/_low_cmd.py'...
[4.455s] Compiling '/home/arepo/vsss_sim/bullet_ws/install/sim_msgs/local/lib/python3.10/dist-packages/sim_msgs/msg/_obj_data.py'...
[4.455s] Listing '/home/arepo/vsss_sim/bullet_ws/install/sim_msgs/local/lib/python3.10/dist-packages/sim_msgs/srv'...
[4.455s] Compiling '/home/arepo/vsss_sim/bullet_ws/install/sim_msgs/local/lib/python3.10/dist-packages/sim_msgs/srv/__init__.py'...
[4.455s] Compiling '/home/arepo/vsss_sim/bullet_ws/install/sim_msgs/local/lib/python3.10/dist-packages/sim_msgs/srv/_controller.py'...
[4.459s] -- Installing: /home/arepo/vsss_sim/bullet_ws/install/sim_msgs/local/lib/python3.10/dist-packages/sim_msgs/sim_msgs_s__rosidl_typesupport_fastrtps_c.cpython-310-x86_64-linux-gnu.so
[4.459s] -- Set non-toolchain portion of runtime path of "/home/arepo/vsss_sim/bullet_ws/install/sim_msgs/local/lib/python3.10/dist-packages/sim_msgs/sim_msgs_s__rosidl_typesupport_fastrtps_c.cpython-310-x86_64-linux-gnu.so" to ""
[4.460s] -- Installing: /home/arepo/vsss_sim/bullet_ws/install/sim_msgs/local/lib/python3.10/dist-packages/sim_msgs/sim_msgs_s__rosidl_typesupport_introspection_c.cpython-310-x86_64-linux-gnu.so
[4.460s] -- Set non-toolchain portion of runtime path of "/home/arepo/vsss_sim/bullet_ws/install/sim_msgs/local/lib/python3.10/dist-packages/sim_msgs/sim_msgs_s__rosidl_typesupport_introspection_c.cpython-310-x86_64-linux-gnu.so" to ""
[4.460s] -- Installing: /home/arepo/vsss_sim/bullet_ws/install/sim_msgs/local/lib/python3.10/dist-packages/sim_msgs/sim_msgs_s__rosidl_typesupport_c.cpython-310-x86_64-linux-gnu.so
[4.460s] -- Set non-toolchain portion of runtime path of "/home/arepo/vsss_sim/bullet_ws/install/sim_msgs/local/lib/python3.10/dist-packages/sim_msgs/sim_msgs_s__rosidl_typesupport_c.cpython-310-x86_64-linux-gnu.so" to ""
[4.460s] -- Installing: /home/arepo/vsss_sim/bullet_ws/install/sim_msgs/lib/libsim_msgs__rosidl_generator_py.so
[4.461s] -- Set non-toolchain portion of runtime path of "/home/arepo/vsss_sim/bullet_ws/install/sim_msgs/lib/libsim_msgs__rosidl_generator_py.so" to ""
[4.461s] -- Installing: /home/arepo/vsss_sim/bullet_ws/install/sim_msgs/share/sim_msgs/msg/LowCmd.idl
[4.461s] -- Installing: /home/arepo/vsss_sim/bullet_ws/install/sim_msgs/share/sim_msgs/msg/HighCmd.idl
[4.461s] -- Installing: /home/arepo/vsss_sim/bullet_ws/install/sim_msgs/share/sim_msgs/msg/ObjData.idl
[4.461s] -- Installing: /home/arepo/vsss_sim/bullet_ws/install/sim_msgs/share/sim_msgs/msg/FieldData.idl
[4.461s] -- Installing: /home/arepo/vsss_sim/bullet_ws/install/sim_msgs/share/sim_msgs/srv/Controller.idl
[4.461s] -- Installing: /home/arepo/vsss_sim/bullet_ws/install/sim_msgs/share/sim_msgs/msg/LowCmd.msg
[4.462s] -- Installing: /home/arepo/vsss_sim/bullet_ws/install/sim_msgs/share/sim_msgs/msg/HighCmd.msg
[4.462s] -- Installing: /home/arepo/vsss_sim/bullet_ws/install/sim_msgs/share/sim_msgs/msg/ObjData.msg
[4.462s] -- Installing: /home/arepo/vsss_sim/bullet_ws/install/sim_msgs/share/sim_msgs/msg/FieldData.msg
[4.462s] -- Installing: /home/arepo/vsss_sim/bullet_ws/install/sim_msgs/share/sim_msgs/srv/Controller.srv
[4.462s] -- Installing: /home/arepo/vsss_sim/bullet_ws/install/sim_msgs/share/sim_msgs/srv/Controller_Request.msg
[4.462s] -- Installing: /home/arepo/vsss_sim/bullet_ws/install/sim_msgs/share/sim_msgs/srv/Controller_Response.msg
[4.462s] -- Installing: /home/arepo/vsss_sim/bullet_ws/install/sim_msgs/share/ament_index/resource_index/package_run_dependencies/sim_msgs
[4.462s] -- Installing: /home/arepo/vsss_sim/bullet_ws/install/sim_msgs/share/ament_index/resource_index/parent_prefix_path/sim_msgs
[4.463s] -- Installing: /home/arepo/vsss_sim/bullet_ws/install/sim_msgs/share/sim_msgs/environment/ament_prefix_path.sh
[4.463s] -- Installing: /home/arepo/vsss_sim/bullet_ws/install/sim_msgs/share/sim_msgs/environment/ament_prefix_path.dsv
[4.463s] -- Installing: /home/arepo/vsss_sim/bullet_ws/install/sim_msgs/share/sim_msgs/environment/path.sh
[4.463s] -- Installing: /home/arepo/vsss_sim/bullet_ws/install/sim_msgs/share/sim_msgs/environment/path.dsv
[4.463s] -- Installing: /home/arepo/vsss_sim/bullet_ws/install/sim_msgs/share/sim_msgs/local_setup.bash
[4.463s] -- Installing: /home/arepo/vsss_sim/bullet_ws/install/sim_msgs/share/sim_msgs/local_setup.sh
[4.463s] -- Installing: /home/arepo/vsss_sim/bullet_ws/install/sim_msgs/share/sim_msgs/local_setup.zsh
[4.463s] -- Installing: /home/arepo/vsss_sim/bullet_ws/install/sim_msgs/share/sim_msgs/local_setup.dsv
[4.464s] -- Installing: /home/arepo/vsss_sim/bullet_ws/install/sim_msgs/share/sim_msgs/package.dsv
[4.464s] -- Installing: /home/arepo/vsss_sim/bullet_ws/install/sim_msgs/share/ament_index/resource_index/packages/sim_msgs
[4.464s] -- Installing: /home/arepo/vsss_sim/bullet_ws/install/sim_msgs/share/sim_msgs/cmake/export_sim_msgs__rosidl_generator_cExport.cmake
[4.464s] -- Installing: /home/arepo/vsss_sim/bullet_ws/install/sim_msgs/share/sim_msgs/cmake/export_sim_msgs__rosidl_generator_cExport-noconfig.cmake
[4.464s] -- Installing: /home/arepo/vsss_sim/bullet_ws/install/sim_msgs/share/sim_msgs/cmake/export_sim_msgs__rosidl_typesupport_fastrtps_cExport.cmake
[4.464s] -- Installing: /home/arepo/vsss_sim/bullet_ws/install/sim_msgs/share/sim_msgs/cmake/export_sim_msgs__rosidl_typesupport_fastrtps_cExport-noconfig.cmake
[4.464s] -- Installing: /home/arepo/vsss_sim/bullet_ws/install/sim_msgs/share/sim_msgs/cmake/sim_msgs__rosidl_typesupport_introspection_cExport.cmake
[4.464s] -- Installing: /home/arepo/vsss_sim/bullet_ws/install/sim_msgs/share/sim_msgs/cmake/sim_msgs__rosidl_typesupport_introspection_cExport-noconfig.cmake
[4.465s] -- Installing: /home/arepo/vsss_sim/bullet_ws/install/sim_msgs/share/sim_msgs/cmake/sim_msgs__rosidl_typesupport_cExport.cmake
[4.465s] -- Installing: /home/arepo/vsss_sim/bullet_ws/install/sim_msgs/share/sim_msgs/cmake/sim_msgs__rosidl_typesupport_cExport-noconfig.cmake
[4.465s] -- Installing: /home/arepo/vsss_sim/bullet_ws/install/sim_msgs/share/sim_msgs/cmake/export_sim_msgs__rosidl_generator_cppExport.cmake
[4.465s] -- Installing: /home/arepo/vsss_sim/bullet_ws/install/sim_msgs/share/sim_msgs/cmake/export_sim_msgs__rosidl_typesupport_fastrtps_cppExport.cmake
[4.465s] -- Installing: /home/arepo/vsss_sim/bullet_ws/install/sim_msgs/share/sim_msgs/cmake/export_sim_msgs__rosidl_typesupport_fastrtps_cppExport-noconfig.cmake
[4.465s] -- Installing: /home/arepo/vsss_sim/bullet_ws/install/sim_msgs/share/sim_msgs/cmake/sim_msgs__rosidl_typesupport_introspection_cppExport.cmake
[4.465s] -- Installing: /home/arepo/vsss_sim/bullet_ws/install/sim_msgs/share/sim_msgs/cmake/sim_msgs__rosidl_typesupport_introspection_cppExport-noconfig.cmake
[4.465s] -- Installing: /home/arepo/vsss_sim/bullet_ws/install/sim_msgs/share/sim_msgs/cmake/sim_msgs__rosidl_typesupport_cppExport.cmake
[4.466s] -- Installing: /home/arepo/vsss_sim/bullet_ws/install/sim_msgs/share/sim_msgs/cmake/sim_msgs__rosidl_typesupport_cppExport-noconfig.cmake
[4.466s] -- Installing: /home/arepo/vsss_sim/bullet_ws/install/sim_msgs/share/sim_msgs/cmake/export_sim_msgs__rosidl_generator_pyExport.cmake
[4.466s] -- Installing: /home/arepo/vsss_sim/bullet_ws/install/sim_msgs/share/sim_msgs/cmake/export_sim_msgs__rosidl_generator_pyExport-noconfig.cmake
[4.466s] -- Installing: /home/arepo/vsss_sim/bullet_ws/install/sim_msgs/share/sim_msgs/cmake/rosidl_cmake-extras.cmake
[4.466s] -- Installing: /home/arepo/vsss_sim/bullet_ws/install/sim_msgs/share/sim_msgs/cmake/ament_cmake_export_include_directories-extras.cmake
[4.466s] -- Installing: /home/arepo/vsss_sim/bullet_ws/install/sim_msgs/share/sim_msgs/cmake/ament_cmake_export_libraries-extras.cmake
[4.466s] -- Installing: /home/arepo/vsss_sim/bullet_ws/install/sim_msgs/share/sim_msgs/cmake/ament_cmake_export_targets-extras.cmake
[4.466s] -- Installing: /home/arepo/vsss_sim/bullet_ws/install/sim_msgs/share/sim_msgs/cmake/rosidl_cmake_export_typesupport_targets-extras.cmake
[4.467s] -- Installing: /home/arepo/vsss_sim/bullet_ws/install/sim_msgs/share/sim_msgs/cmake/ament_cmake_export_dependencies-extras.cmake
[4.467s] -- Installing: /home/arepo/vsss_sim/bullet_ws/install/sim_msgs/share/sim_msgs/cmake/rosidl_cmake_export_typesupport_libraries-extras.cmake
[4.467s] -- Installing: /home/arepo/vsss_sim/bullet_ws/install/sim_msgs/share/sim_msgs/cmake/sim_msgsConfig.cmake
[4.467s] -- Installing: /home/arepo/vsss_sim/bullet_ws/install/sim_msgs/share/sim_msgs/cmake/sim_msgsConfig-version.cmake
[4.467s] -- Installing: /home/arepo/vsss_sim/bullet_ws/install/sim_msgs/share/sim_msgs/package.xml
[4.469s] Invoked command in '/home/arepo/vsss_sim/bullet_ws/build/sim_msgs' returned '0': CMAKE_PREFIX_PATH=${CMAKE_PREFIX_PATH}:/home/arepo/vsss_sim/bullet_ws/install/sim:/home/arepo/ros2_ws/install/tests_py:/opt/ros/humble /home/arepo/.local/bin/cmake --install /home/arepo/vsss_sim/bullet_ws/build/sim_msgs
