[0.540s] Invoking command in '/home/arepo/vsss_sim/bullet_ws/src/sim': PYTHONPATH=/home/arepo/vsss_sim/bullet_ws/build/sim/prefix_override:/usr/lib/python3/dist-packages/colcon_core/task/python/colcon_distutils_commands:/home/arepo/vsss_sim/bullet_ws/install/sim/lib/python3.10/site-packages:${PYTHONPATH} /usr/bin/python3 -W ignore:setup.py install is deprecated -W ignore:easy_install command is deprecated setup.py egg_info --egg-base ../../build/sim build --build-base /home/arepo/vsss_sim/bullet_ws/build/sim/build install --record /home/arepo/vsss_sim/bullet_ws/build/sim/install.log --single-version-externally-managed install_data
[0.738s] running egg_info
[0.739s] writing ../../build/sim/sim.egg-info/PKG-INFO
[0.739s] writing dependency_links to ../../build/sim/sim.egg-info/dependency_links.txt
[0.739s] writing entry points to ../../build/sim/sim.egg-info/entry_points.txt
[0.739s] writing requirements to ../../build/sim/sim.egg-info/requires.txt
[0.739s] writing top-level names to ../../build/sim/sim.egg-info/top_level.txt
[0.741s] reading manifest file '../../build/sim/sim.egg-info/SOURCES.txt'
[0.741s] adding license file 'LICENSE'
[0.742s] writing manifest file '../../build/sim/sim.egg-info/SOURCES.txt'
[0.742s] running build
[0.742s] running build_py
[0.742s] copying sim/tests.py -> /home/arepo/vsss_sim/bullet_ws/build/sim/build/lib/sim
[0.742s] running install
[0.742s] running install_lib
[0.743s] copying /home/arepo/vsss_sim/bullet_ws/build/sim/build/lib/sim/tests.py -> /home/arepo/vsss_sim/bullet_ws/install/sim/lib/python3.10/site-packages/sim
[0.743s] byte-compiling /home/arepo/vsss_sim/bullet_ws/install/sim/lib/python3.10/site-packages/sim/tests.py to tests.cpython-310.pyc
[0.744s] running install_data
[0.745s] running install_egg_info
[0.746s] removing '/home/arepo/vsss_sim/bullet_ws/install/sim/lib/python3.10/site-packages/sim-0.0.0-py3.10.egg-info' (and everything under it)
[0.746s] Copying ../../build/sim/sim.egg-info to /home/arepo/vsss_sim/bullet_ws/install/sim/lib/python3.10/site-packages/sim-0.0.0-py3.10.egg-info
[0.747s] running install_scripts
[0.762s] Installing comms script to /home/arepo/vsss_sim/bullet_ws/install/sim/lib/sim
[0.762s] Installing sim script to /home/arepo/vsss_sim/bullet_ws/install/sim/lib/sim
[0.762s] Installing strat script to /home/arepo/vsss_sim/bullet_ws/install/sim/lib/sim
[0.762s] Installing tests script to /home/arepo/vsss_sim/bullet_ws/install/sim/lib/sim
[0.762s] Installing vision script to /home/arepo/vsss_sim/bullet_ws/install/sim/lib/sim
[0.762s] writing list of installed files to '/home/arepo/vsss_sim/bullet_ws/build/sim/install.log'
[0.783s] Invoked command in '/home/arepo/vsss_sim/bullet_ws/src/sim' returned '0': PYTHONPATH=/home/arepo/vsss_sim/bullet_ws/build/sim/prefix_override:/usr/lib/python3/dist-packages/colcon_core/task/python/colcon_distutils_commands:/home/arepo/vsss_sim/bullet_ws/install/sim/lib/python3.10/site-packages:${PYTHONPATH} /usr/bin/python3 -W ignore:setup.py install is deprecated -W ignore:easy_install command is deprecated setup.py egg_info --egg-base ../../build/sim build --build-base /home/arepo/vsss_sim/bullet_ws/build/sim/build install --record /home/arepo/vsss_sim/bullet_ws/build/sim/install.log --single-version-externally-managed install_data
