[0.679s] Invoking command in '/home/arepo/vsss_sim/bullet_ws/src/sim': PYTHONPATH=/home/arepo/vsss_sim/bullet_ws/build/sim/prefix_override:/usr/lib/python3/dist-packages/colcon_core/task/python/colcon_distutils_commands:/home/arepo/vsss_sim/bullet_ws/install/sim/lib/python3.10/site-packages:${PYTHONPATH} /usr/bin/python3 -W ignore:setup.py install is deprecated -W ignore:easy_install command is deprecated setup.py egg_info --egg-base ../../build/sim build --build-base /home/arepo/vsss_sim/bullet_ws/build/sim/build install --record /home/arepo/vsss_sim/bullet_ws/build/sim/install.log --single-version-externally-managed install_data
[0.869s] running egg_info
[0.882s] writing ../../build/sim/sim.egg-info/PKG-INFO
[0.882s] writing dependency_links to ../../build/sim/sim.egg-info/dependency_links.txt
[0.882s] writing entry points to ../../build/sim/sim.egg-info/entry_points.txt
[0.882s] writing requirements to ../../build/sim/sim.egg-info/requires.txt
[0.883s] writing top-level names to ../../build/sim/sim.egg-info/top_level.txt
[0.910s] reading manifest file '../../build/sim/sim.egg-info/SOURCES.txt'
[0.911s] adding license file 'LICENSE'
[0.911s] writing manifest file '../../build/sim/sim.egg-info/SOURCES.txt'
[0.911s] running build
[0.912s] running build_py
[0.912s] copying sim/tests.py -> /home/arepo/vsss_sim/bullet_ws/build/sim/build/lib/sim
[0.912s] running install
[0.916s] running install_lib
[0.930s] copying /home/arepo/vsss_sim/bullet_ws/build/sim/build/lib/sim/tests.py -> /home/arepo/vsss_sim/bullet_ws/install/sim/lib/python3.10/site-packages/sim
[0.930s] byte-compiling /home/arepo/vsss_sim/bullet_ws/install/sim/lib/python3.10/site-packages/sim/tests.py to tests.cpython-310.pyc
[0.931s] running install_data
[0.932s] running install_egg_info
[0.947s] removing '/home/arepo/vsss_sim/bullet_ws/install/sim/lib/python3.10/site-packages/sim-0.0.0-py3.10.egg-info' (and everything under it)
[0.947s] Copying ../../build/sim/sim.egg-info to /home/arepo/vsss_sim/bullet_ws/install/sim/lib/python3.10/site-packages/sim-0.0.0-py3.10.egg-info
[0.947s] running install_scripts
[1.093s] Installing comms script to /home/arepo/vsss_sim/bullet_ws/install/sim/lib/sim
[1.093s] Installing sim script to /home/arepo/vsss_sim/bullet_ws/install/sim/lib/sim
[1.094s] Installing strat script to /home/arepo/vsss_sim/bullet_ws/install/sim/lib/sim
[1.094s] Installing tests script to /home/arepo/vsss_sim/bullet_ws/install/sim/lib/sim
[1.094s] Installing vision script to /home/arepo/vsss_sim/bullet_ws/install/sim/lib/sim
[1.094s] writing list of installed files to '/home/arepo/vsss_sim/bullet_ws/build/sim/install.log'
[1.115s] Invoked command in '/home/arepo/vsss_sim/bullet_ws/src/sim' returned '0': PYTHONPATH=/home/arepo/vsss_sim/bullet_ws/build/sim/prefix_override:/usr/lib/python3/dist-packages/colcon_core/task/python/colcon_distutils_commands:/home/arepo/vsss_sim/bullet_ws/install/sim/lib/python3.10/site-packages:${PYTHONPATH} /usr/bin/python3 -W ignore:setup.py install is deprecated -W ignore:easy_install command is deprecated setup.py egg_info --egg-base ../../build/sim build --build-base /home/arepo/vsss_sim/bullet_ws/build/sim/build install --record /home/arepo/vsss_sim/bullet_ws/build/sim/install.log --single-version-externally-managed install_data
