[0.772s] Invoking command in '/home/arepo/vsss_sim/bullet_ws/src/sim': PYTHONPATH=/home/arepo/vsss_sim/bullet_ws/build/sim/prefix_override:/usr/lib/python3/dist-packages/colcon_core/task/python/colcon_distutils_commands:/home/arepo/vsss_sim/bullet_ws/install/sim/lib/python3.10/site-packages:${PYTHONPATH} /usr/bin/python3 -W ignore:setup.py install is deprecated -W ignore:easy_install command is deprecated setup.py egg_info --egg-base ../../build/sim build --build-base /home/arepo/vsss_sim/bullet_ws/build/sim/build install --record /home/arepo/vsss_sim/bullet_ws/build/sim/install.log --single-version-externally-managed install_data
[0.961s] running egg_info
[0.974s] writing ../../build/sim/sim.egg-info/PKG-INFO
[0.974s] writing dependency_links to ../../build/sim/sim.egg-info/dependency_links.txt
[0.975s] writing entry points to ../../build/sim/sim.egg-info/entry_points.txt
[0.975s] writing requirements to ../../build/sim/sim.egg-info/requires.txt
[0.975s] writing top-level names to ../../build/sim/sim.egg-info/top_level.txt
[1.002s] reading manifest file '../../build/sim/sim.egg-info/SOURCES.txt'
[1.003s] adding license file 'LICENSE'
[1.003s] writing manifest file '../../build/sim/sim.egg-info/SOURCES.txt'
[1.003s] running build
[1.004s] running build_py
[1.004s] copying sim/sim.py -> /home/arepo/vsss_sim/bullet_ws/build/sim/build/lib/sim
[1.004s] copying sim/strat.py -> /home/arepo/vsss_sim/bullet_ws/build/sim/build/lib/sim
[1.004s] copying sim/gui.py -> /home/arepo/vsss_sim/bullet_ws/build/sim/build/lib/sim
[1.004s] copying sim/vision.py -> /home/arepo/vsss_sim/bullet_ws/build/sim/build/lib/sim
[1.004s] copying sim/comms.py -> /home/arepo/vsss_sim/bullet_ws/build/sim/build/lib/sim
[1.004s] running install
[1.008s] running install_lib
[1.022s] copying /home/arepo/vsss_sim/bullet_ws/build/sim/build/lib/sim/sim.py -> /home/arepo/vsss_sim/bullet_ws/install/sim/lib/python3.10/site-packages/sim
[1.022s] copying /home/arepo/vsss_sim/bullet_ws/build/sim/build/lib/sim/strat.py -> /home/arepo/vsss_sim/bullet_ws/install/sim/lib/python3.10/site-packages/sim
[1.023s] copying /home/arepo/vsss_sim/bullet_ws/build/sim/build/lib/sim/gui.py -> /home/arepo/vsss_sim/bullet_ws/install/sim/lib/python3.10/site-packages/sim
[1.023s] copying /home/arepo/vsss_sim/bullet_ws/build/sim/build/lib/sim/vision.py -> /home/arepo/vsss_sim/bullet_ws/install/sim/lib/python3.10/site-packages/sim
[1.023s] copying /home/arepo/vsss_sim/bullet_ws/build/sim/build/lib/sim/comms.py -> /home/arepo/vsss_sim/bullet_ws/install/sim/lib/python3.10/site-packages/sim
[1.023s] byte-compiling /home/arepo/vsss_sim/bullet_ws/install/sim/lib/python3.10/site-packages/sim/sim.py to sim.cpython-310.pyc
[1.025s] byte-compiling /home/arepo/vsss_sim/bullet_ws/install/sim/lib/python3.10/site-packages/sim/strat.py to strat.cpython-310.pyc
[1.026s] byte-compiling /home/arepo/vsss_sim/bullet_ws/install/sim/lib/python3.10/site-packages/sim/gui.py to gui.cpython-310.pyc
[1.027s] byte-compiling /home/arepo/vsss_sim/bullet_ws/install/sim/lib/python3.10/site-packages/sim/vision.py to vision.cpython-310.pyc
[1.031s] byte-compiling /home/arepo/vsss_sim/bullet_ws/install/sim/lib/python3.10/site-packages/sim/comms.py to comms.cpython-310.pyc
[1.032s] running install_data
[1.033s] running install_egg_info
[1.048s] removing '/home/arepo/vsss_sim/bullet_ws/install/sim/lib/python3.10/site-packages/sim-0.0.0-py3.10.egg-info' (and everything under it)
[1.049s] Copying ../../build/sim/sim.egg-info to /home/arepo/vsss_sim/bullet_ws/install/sim/lib/python3.10/site-packages/sim-0.0.0-py3.10.egg-info
[1.049s] running install_scripts
[1.193s] Installing comms script to /home/arepo/vsss_sim/bullet_ws/install/sim/lib/sim
[1.193s] Installing gui script to /home/arepo/vsss_sim/bullet_ws/install/sim/lib/sim
[1.193s] Installing sim script to /home/arepo/vsss_sim/bullet_ws/install/sim/lib/sim
[1.194s] Installing strat script to /home/arepo/vsss_sim/bullet_ws/install/sim/lib/sim
[1.194s] Installing tests script to /home/arepo/vsss_sim/bullet_ws/install/sim/lib/sim
[1.194s] Installing vision script to /home/arepo/vsss_sim/bullet_ws/install/sim/lib/sim
[1.194s] writing list of installed files to '/home/arepo/vsss_sim/bullet_ws/build/sim/install.log'
[1.214s] Invoked command in '/home/arepo/vsss_sim/bullet_ws/src/sim' returned '0': PYTHONPATH=/home/arepo/vsss_sim/bullet_ws/build/sim/prefix_override:/usr/lib/python3/dist-packages/colcon_core/task/python/colcon_distutils_commands:/home/arepo/vsss_sim/bullet_ws/install/sim/lib/python3.10/site-packages:${PYTHONPATH} /usr/bin/python3 -W ignore:setup.py install is deprecated -W ignore:easy_install command is deprecated setup.py egg_info --egg-base ../../build/sim build --build-base /home/arepo/vsss_sim/bullet_ws/build/sim/build install --record /home/arepo/vsss_sim/bullet_ws/build/sim/install.log --single-version-externally-managed install_data
