[0.757s] Invoking command in '/home/arepo/vsss_sim/bullet_ws/src/sim': AMENT_PREFIX_PATH=/home/arepo/vsss_sim/bullet_ws/install/sim_msgs:${AMENT_PREFIX_PATH} CMAKE_PREFIX_PATH=/home/arepo/vsss_sim/bullet_ws/install/sim_msgs LD_LIBRARY_PATH=/home/arepo/vsss_sim/bullet_ws/install/sim_msgs/lib:${LD_LIBRARY_PATH} PYTHONPATH=/home/arepo/vsss_sim/bullet_ws/build/sim/prefix_override:/usr/lib/python3/dist-packages/colcon_core/task/python/colcon_distutils_commands:/home/arepo/vsss_sim/bullet_ws/install/sim/lib/python3.10/site-packages:/home/arepo/vsss_sim/bullet_ws/install/sim_msgs/local/lib/python3.10/dist-packages:${PYTHONPATH} /usr/bin/python3 -W ignore:setup.py install is deprecated -W ignore:easy_install command is deprecated setup.py egg_info --egg-base ../../build/sim build --build-base /home/arepo/vsss_sim/bullet_ws/build/sim/build install --record /home/arepo/vsss_sim/bullet_ws/build/sim/install.log --single-version-externally-managed install_data
[0.966s] running egg_info
[0.986s] writing ../../build/sim/sim.egg-info/PKG-INFO
[0.986s] writing dependency_links to ../../build/sim/sim.egg-info/dependency_links.txt
[0.987s] writing entry points to ../../build/sim/sim.egg-info/entry_points.txt
[0.987s] writing requirements to ../../build/sim/sim.egg-info/requires.txt
[0.987s] writing top-level names to ../../build/sim/sim.egg-info/top_level.txt
[1.022s] reading manifest file '../../build/sim/sim.egg-info/SOURCES.txt'
[1.023s] adding license file 'LICENSE'
[1.023s] writing manifest file '../../build/sim/sim.egg-info/SOURCES.txt'
[1.023s] running build
[1.024s] running build_py
[1.024s] copying sim/gui.py -> /home/arepo/vsss_sim/bullet_ws/build/sim/build/lib/sim
[1.024s] copying sim/vision.py -> /home/arepo/vsss_sim/bullet_ws/build/sim/build/lib/sim
[1.025s] running install
[1.029s] running install_lib
[1.044s] copying /home/arepo/vsss_sim/bullet_ws/build/sim/build/lib/sim/gui.py -> /home/arepo/vsss_sim/bullet_ws/install/sim/lib/python3.10/site-packages/sim
[1.045s] copying /home/arepo/vsss_sim/bullet_ws/build/sim/build/lib/sim/vision.py -> /home/arepo/vsss_sim/bullet_ws/install/sim/lib/python3.10/site-packages/sim
[1.046s] byte-compiling /home/arepo/vsss_sim/bullet_ws/install/sim/lib/python3.10/site-packages/sim/gui.py to gui.cpython-310.pyc
[1.047s] byte-compiling /home/arepo/vsss_sim/bullet_ws/install/sim/lib/python3.10/site-packages/sim/vision.py to vision.cpython-310.pyc
[1.051s] running install_data
[1.052s] running install_egg_info
[1.069s] removing '/home/arepo/vsss_sim/bullet_ws/install/sim/lib/python3.10/site-packages/sim-0.0.0-py3.10.egg-info' (and everything under it)
[1.069s] Copying ../../build/sim/sim.egg-info to /home/arepo/vsss_sim/bullet_ws/install/sim/lib/python3.10/site-packages/sim-0.0.0-py3.10.egg-info
[1.085s] running install_scripts
[1.244s] Installing comms script to /home/arepo/vsss_sim/bullet_ws/install/sim/lib/sim
[1.244s] Installing gui script to /home/arepo/vsss_sim/bullet_ws/install/sim/lib/sim
[1.244s] Installing sim script to /home/arepo/vsss_sim/bullet_ws/install/sim/lib/sim
[1.244s] Installing strat script to /home/arepo/vsss_sim/bullet_ws/install/sim/lib/sim
[1.245s] Installing tests script to /home/arepo/vsss_sim/bullet_ws/install/sim/lib/sim
[1.245s] Installing vision script to /home/arepo/vsss_sim/bullet_ws/install/sim/lib/sim
[1.245s] writing list of installed files to '/home/arepo/vsss_sim/bullet_ws/build/sim/install.log'
[1.275s] Invoked command in '/home/arepo/vsss_sim/bullet_ws/src/sim' returned '0': AMENT_PREFIX_PATH=/home/arepo/vsss_sim/bullet_ws/install/sim_msgs:${AMENT_PREFIX_PATH} CMAKE_PREFIX_PATH=/home/arepo/vsss_sim/bullet_ws/install/sim_msgs LD_LIBRARY_PATH=/home/arepo/vsss_sim/bullet_ws/install/sim_msgs/lib:${LD_LIBRARY_PATH} PYTHONPATH=/home/arepo/vsss_sim/bullet_ws/build/sim/prefix_override:/usr/lib/python3/dist-packages/colcon_core/task/python/colcon_distutils_commands:/home/arepo/vsss_sim/bullet_ws/install/sim/lib/python3.10/site-packages:/home/arepo/vsss_sim/bullet_ws/install/sim_msgs/local/lib/python3.10/dist-packages:${PYTHONPATH} /usr/bin/python3 -W ignore:setup.py install is deprecated -W ignore:easy_install command is deprecated setup.py egg_info --egg-base ../../build/sim build --build-base /home/arepo/vsss_sim/bullet_ws/build/sim/build install --record /home/arepo/vsss_sim/bullet_ws/build/sim/install.log --single-version-externally-managed install_data
