running egg_info
creating ../../build/sim/sim.egg-info
writing ../../build/sim/sim.egg-info/PKG-INFO
writing dependency_links to ../../build/sim/sim.egg-info/dependency_links.txt
writing entry points to ../../build/sim/sim.egg-info/entry_points.txt
writing requirements to ../../build/sim/sim.egg-info/requires.txt
writing top-level names to ../../build/sim/sim.egg-info/top_level.txt
writing manifest file '../../build/sim/sim.egg-info/SOURCES.txt'
reading manifest file '../../build/sim/sim.egg-info/SOURCES.txt'
adding license file 'LICENSE'
writing manifest file '../../build/sim/sim.egg-info/SOURCES.txt'
running build
running build_py
creating /home/arepo/vsss_sim/bullet_ws/build/sim/build
creating /home/arepo/vsss_sim/bullet_ws/build/sim/build/lib
creating /home/arepo/vsss_sim/bullet_ws/build/sim/build/lib/sim
copying sim/sim.py -> /home/arepo/vsss_sim/bullet_ws/build/sim/build/lib/sim
copying sim/strat.py -> /home/arepo/vsss_sim/bullet_ws/build/sim/build/lib/sim
copying sim/vision.py -> /home/arepo/vsss_sim/bullet_ws/build/sim/build/lib/sim
copying sim/__init__.py -> /home/arepo/vsss_sim/bullet_ws/build/sim/build/lib/sim
copying sim/comms.py -> /home/arepo/vsss_sim/bullet_ws/build/sim/build/lib/sim
running install
running install_lib
creating /home/arepo/vsss_sim/bullet_ws/install/sim/lib/python3.10/site-packages/sim
copying /home/arepo/vsss_sim/bullet_ws/build/sim/build/lib/sim/sim.py -> /home/arepo/vsss_sim/bullet_ws/install/sim/lib/python3.10/site-packages/sim
copying /home/arepo/vsss_sim/bullet_ws/build/sim/build/lib/sim/strat.py -> /home/arepo/vsss_sim/bullet_ws/install/sim/lib/python3.10/site-packages/sim
copying /home/arepo/vsss_sim/bullet_ws/build/sim/build/lib/sim/vision.py -> /home/arepo/vsss_sim/bullet_ws/install/sim/lib/python3.10/site-packages/sim
copying /home/arepo/vsss_sim/bullet_ws/build/sim/build/lib/sim/__init__.py -> /home/arepo/vsss_sim/bullet_ws/install/sim/lib/python3.10/site-packages/sim
copying /home/arepo/vsss_sim/bullet_ws/build/sim/build/lib/sim/comms.py -> /home/arepo/vsss_sim/bullet_ws/install/sim/lib/python3.10/site-packages/sim
byte-compiling /home/arepo/vsss_sim/bullet_ws/install/sim/lib/python3.10/site-packages/sim/sim.py to sim.cpython-310.pyc
byte-compiling /home/arepo/vsss_sim/bullet_ws/install/sim/lib/python3.10/site-packages/sim/strat.py to strat.cpython-310.pyc
byte-compiling /home/arepo/vsss_sim/bullet_ws/install/sim/lib/python3.10/site-packages/sim/vision.py to vision.cpython-310.pyc
byte-compiling /home/arepo/vsss_sim/bullet_ws/install/sim/lib/python3.10/site-packages/sim/__init__.py to __init__.cpython-310.pyc
byte-compiling /home/arepo/vsss_sim/bullet_ws/install/sim/lib/python3.10/site-packages/sim/comms.py to comms.cpython-310.pyc
running install_data
creating /home/arepo/vsss_sim/bullet_ws/install/sim/share/ament_index
creating /home/arepo/vsss_sim/bullet_ws/install/sim/share/ament_index/resource_index
creating /home/arepo/vsss_sim/bullet_ws/install/sim/share/ament_index/resource_index/packages
copying resource/sim -> /home/arepo/vsss_sim/bullet_ws/install/sim/share/ament_index/resource_index/packages
copying package.xml -> /home/arepo/vsss_sim/bullet_ws/install/sim/share/sim
creating /home/arepo/vsss_sim/bullet_ws/install/sim/share/sim/launch
copying launch/launch_strat.launch.py -> /home/arepo/vsss_sim/bullet_ws/install/sim/share/sim/launch
copying launch/launch_all.launch.py -> /home/arepo/vsss_sim/bullet_ws/install/sim/share/sim/launch
copying launch/launch_sim.launch.py -> /home/arepo/vsss_sim/bullet_ws/install/sim/share/sim/launch
creating /home/arepo/vsss_sim/bullet_ws/install/sim/share/sim/urdf
copying urdf/field.urdf -> /home/arepo/vsss_sim/bullet_ws/install/sim/share/sim/urdf
copying urdf/ball.urdf -> /home/arepo/vsss_sim/bullet_ws/install/sim/share/sim/urdf
copying urdf/robot.urdf -> /home/arepo/vsss_sim/bullet_ws/install/sim/share/sim/urdf
creating /home/arepo/vsss_sim/bullet_ws/install/sim/share/sim/meshes
copying meshes/fieldPlane_017.stl -> /home/arepo/vsss_sim/bullet_ws/install/sim/share/sim/meshes
copying meshes/fieldPlane_007.stl -> /home/arepo/vsss_sim/bullet_ws/install/sim/share/sim/meshes
copying meshes/fieldPlane_012.stl -> /home/arepo/vsss_sim/bullet_ws/install/sim/share/sim/meshes
copying meshes/fieldPlane_004.stl -> /home/arepo/vsss_sim/bullet_ws/install/sim/share/sim/meshes
copying meshes/fieldPlane_011.stl -> /home/arepo/vsss_sim/bullet_ws/install/sim/share/sim/meshes
copying meshes/fieldPlane_001.stl -> /home/arepo/vsss_sim/bullet_ws/install/sim/share/sim/meshes
copying meshes/fieldPlane_008.stl -> /home/arepo/vsss_sim/bullet_ws/install/sim/share/sim/meshes
copying meshes/fieldPlane_014.stl -> /home/arepo/vsss_sim/bullet_ws/install/sim/share/sim/meshes
copying meshes/fieldPlane_009.stl -> /home/arepo/vsss_sim/bullet_ws/install/sim/share/sim/meshes
copying meshes/fieldPlane_015.stl -> /home/arepo/vsss_sim/bullet_ws/install/sim/share/sim/meshes
copying meshes/fieldPlane_003.stl -> /home/arepo/vsss_sim/bullet_ws/install/sim/share/sim/meshes
copying meshes/fieldPlane_013.stl -> /home/arepo/vsss_sim/bullet_ws/install/sim/share/sim/meshes
copying meshes/fieldPlane_005.stl -> /home/arepo/vsss_sim/bullet_ws/install/sim/share/sim/meshes
copying meshes/fieldPlane_006.stl -> /home/arepo/vsss_sim/bullet_ws/install/sim/share/sim/meshes
copying meshes/fieldPlane_002.stl -> /home/arepo/vsss_sim/bullet_ws/install/sim/share/sim/meshes
copying meshes/fieldPlane_016.stl -> /home/arepo/vsss_sim/bullet_ws/install/sim/share/sim/meshes
copying meshes/fieldPlane_010.stl -> /home/arepo/vsss_sim/bullet_ws/install/sim/share/sim/meshes
creating /home/arepo/vsss_sim/bullet_ws/install/sim/share/sim/imgs
copying imgs/dst.png -> /home/arepo/vsss_sim/bullet_ws/install/sim/share/sim/imgs
running install_egg_info
Copying ../../build/sim/sim.egg-info to /home/arepo/vsss_sim/bullet_ws/install/sim/lib/python3.10/site-packages/sim-0.0.0-py3.10.egg-info
running install_scripts
Installing comms script to /home/arepo/vsss_sim/bullet_ws/install/sim/lib/sim
Installing sim script to /home/arepo/vsss_sim/bullet_ws/install/sim/lib/sim
Installing strat script to /home/arepo/vsss_sim/bullet_ws/install/sim/lib/sim
Installing vision script to /home/arepo/vsss_sim/bullet_ws/install/sim/lib/sim
writing list of installed files to '/home/arepo/vsss_sim/bullet_ws/build/sim/install.log'
