[0.804s] Invoking command in '/home/arepo/vsss_sim/bullet_ws/src/sim': PYTHONPATH=/home/arepo/vsss_sim/bullet_ws/build/sim/prefix_override:/usr/lib/python3/dist-packages/colcon_core/task/python/colcon_distutils_commands:/home/arepo/vsss_sim/bullet_ws/install/sim/lib/python3.10/site-packages:${PYTHONPATH} /usr/bin/python3 -W ignore:setup.py install is deprecated -W ignore:easy_install command is deprecated setup.py egg_info --egg-base ../../build/sim build --build-base /home/arepo/vsss_sim/bullet_ws/build/sim/build install --record /home/arepo/vsss_sim/bullet_ws/build/sim/install.log --single-version-externally-managed install_data
[1.049s] running egg_info
[1.068s] writing ../../build/sim/sim.egg-info/PKG-INFO
[1.068s] writing dependency_links to ../../build/sim/sim.egg-info/dependency_links.txt
[1.068s] writing entry points to ../../build/sim/sim.egg-info/entry_points.txt
[1.068s] writing requirements to ../../build/sim/sim.egg-info/requires.txt
[1.069s] writing top-level names to ../../build/sim/sim.egg-info/top_level.txt
[1.100s] reading manifest file '../../build/sim/sim.egg-info/SOURCES.txt'
[1.101s] adding license file 'LICENSE'
[1.101s] writing manifest file '../../build/sim/sim.egg-info/SOURCES.txt'
[1.102s] running build
[1.102s] running build_py
[1.102s] copying sim/strat.py -> /home/arepo/vsss_sim/bullet_ws/build/sim/build/lib/sim
[1.102s] running install
[1.106s] running install_lib
[1.122s] copying /home/arepo/vsss_sim/bullet_ws/build/sim/build/lib/sim/strat.py -> /home/arepo/vsss_sim/bullet_ws/install/sim/lib/python3.10/site-packages/sim
[1.123s] byte-compiling /home/arepo/vsss_sim/bullet_ws/install/sim/lib/python3.10/site-packages/sim/strat.py to strat.cpython-310.pyc
[1.124s] running install_data
[1.125s] running install_egg_info
[1.153s] removing '/home/arepo/vsss_sim/bullet_ws/install/sim/lib/python3.10/site-packages/sim-0.0.0-py3.10.egg-info' (and everything under it)
[1.153s] Copying ../../build/sim/sim.egg-info to /home/arepo/vsss_sim/bullet_ws/install/sim/lib/python3.10/site-packages/sim-0.0.0-py3.10.egg-info
[1.154s] running install_scripts
[1.330s] Installing comms script to /home/arepo/vsss_sim/bullet_ws/install/sim/lib/sim
[1.336s] Installing gui script to /home/arepo/vsss_sim/bullet_ws/install/sim/lib/sim
[1.339s] Installing sim script to /home/arepo/vsss_sim/bullet_ws/install/sim/lib/sim
[1.340s] Installing strat script to /home/arepo/vsss_sim/bullet_ws/install/sim/lib/sim
[1.340s] Installing tests script to /home/arepo/vsss_sim/bullet_ws/install/sim/lib/sim
[1.340s] Installing vision script to /home/arepo/vsss_sim/bullet_ws/install/sim/lib/sim
[1.340s] writing list of installed files to '/home/arepo/vsss_sim/bullet_ws/build/sim/install.log'
[1.374s] Invoked command in '/home/arepo/vsss_sim/bullet_ws/src/sim' returned '0': PYTHONPATH=/home/arepo/vsss_sim/bullet_ws/build/sim/prefix_override:/usr/lib/python3/dist-packages/colcon_core/task/python/colcon_distutils_commands:/home/arepo/vsss_sim/bullet_ws/install/sim/lib/python3.10/site-packages:${PYTHONPATH} /usr/bin/python3 -W ignore:setup.py install is deprecated -W ignore:easy_install command is deprecated setup.py egg_info --egg-base ../../build/sim build --build-base /home/arepo/vsss_sim/bullet_ws/build/sim/build install --record /home/arepo/vsss_sim/bullet_ws/build/sim/install.log --single-version-externally-managed install_data
