running egg_info
writing ../../build/sim/sim.egg-info/PKG-INFO
writing dependency_links to ../../build/sim/sim.egg-info/dependency_links.txt
writing entry points to ../../build/sim/sim.egg-info/entry_points.txt
writing requirements to ../../build/sim/sim.egg-info/requires.txt
writing top-level names to ../../build/sim/sim.egg-info/top_level.txt
reading manifest file '../../build/sim/sim.egg-info/SOURCES.txt'
adding license file 'LICENSE'
writing manifest file '../../build/sim/sim.egg-info/SOURCES.txt'
running build
running build_py
running install
running install_lib
running install_data
running install_egg_info
removing '/home/arepo/vsss_sim/bullet_ws/install/sim/lib/python3.10/site-packages/sim-0.0.0-py3.10.egg-info' (and everything under it)
Copying ../../build/sim/sim.egg-info to /home/arepo/vsss_sim/bullet_ws/install/sim/lib/python3.10/site-packages/sim-0.0.0-py3.10.egg-info
running install_scripts
Installing comms script to /home/arepo/vsss_sim/bullet_ws/install/sim/lib/sim
Installing gui script to /home/arepo/vsss_sim/bullet_ws/install/sim/lib/sim
Installing sim script to /home/arepo/vsss_sim/bullet_ws/install/sim/lib/sim
Installing strat script to /home/arepo/vsss_sim/bullet_ws/install/sim/lib/sim
Installing tests script to /home/arepo/vsss_sim/bullet_ws/install/sim/lib/sim
Installing vision script to /home/arepo/vsss_sim/bullet_ws/install/sim/lib/sim
writing list of installed files to '/home/arepo/vsss_sim/bullet_ws/build/sim/install.log'
