[0.874s] Invoking command in '/home/arepo/vsss_sim/bullet_ws/src/sim': PYTHONPATH=/home/arepo/vsss_sim/bullet_ws/build/sim/prefix_override:/usr/lib/python3/dist-packages/colcon_core/task/python/colcon_distutils_commands:/home/arepo/vsss_sim/bullet_ws/install/sim/lib/python3.10/site-packages:${PYTHONPATH} /usr/bin/python3 -W ignore:setup.py install is deprecated -W ignore:easy_install command is deprecated setup.py egg_info --egg-base ../../build/sim build --build-base /home/arepo/vsss_sim/bullet_ws/build/sim/build install --record /home/arepo/vsss_sim/bullet_ws/build/sim/install.log --single-version-externally-managed install_data
[1.064s] running egg_info
[1.078s] writing ../../build/sim/sim.egg-info/PKG-INFO
[1.078s] writing dependency_links to ../../build/sim/sim.egg-info/dependency_links.txt
[1.078s] writing entry points to ../../build/sim/sim.egg-info/entry_points.txt
[1.078s] writing requirements to ../../build/sim/sim.egg-info/requires.txt
[1.079s] writing top-level names to ../../build/sim/sim.egg-info/top_level.txt
[1.106s] reading manifest file '../../build/sim/sim.egg-info/SOURCES.txt'
[1.106s] adding license file 'LICENSE'
[1.107s] writing manifest file '../../build/sim/sim.egg-info/SOURCES.txt'
[1.107s] running build
[1.107s] running build_py
[1.108s] running install
[1.111s] running install_lib
[1.126s] running install_data
[1.126s] running install_egg_info
[1.142s] removing '/home/arepo/vsss_sim/bullet_ws/install/sim/lib/python3.10/site-packages/sim-0.0.0-py3.10.egg-info' (and everything under it)
[1.142s] Copying ../../build/sim/sim.egg-info to /home/arepo/vsss_sim/bullet_ws/install/sim/lib/python3.10/site-packages/sim-0.0.0-py3.10.egg-info
[1.143s] running install_scripts
[1.288s] Installing comms script to /home/arepo/vsss_sim/bullet_ws/install/sim/lib/sim
[1.289s] Installing gui script to /home/arepo/vsss_sim/bullet_ws/install/sim/lib/sim
[1.289s] Installing sim script to /home/arepo/vsss_sim/bullet_ws/install/sim/lib/sim
[1.289s] Installing strat script to /home/arepo/vsss_sim/bullet_ws/install/sim/lib/sim
[1.289s] Installing tests script to /home/arepo/vsss_sim/bullet_ws/install/sim/lib/sim
[1.289s] Installing vision script to /home/arepo/vsss_sim/bullet_ws/install/sim/lib/sim
[1.289s] writing list of installed files to '/home/arepo/vsss_sim/bullet_ws/build/sim/install.log'
[1.309s] Invoked command in '/home/arepo/vsss_sim/bullet_ws/src/sim' returned '0': PYTHONPATH=/home/arepo/vsss_sim/bullet_ws/build/sim/prefix_override:/usr/lib/python3/dist-packages/colcon_core/task/python/colcon_distutils_commands:/home/arepo/vsss_sim/bullet_ws/install/sim/lib/python3.10/site-packages:${PYTHONPATH} /usr/bin/python3 -W ignore:setup.py install is deprecated -W ignore:easy_install command is deprecated setup.py egg_info --egg-base ../../build/sim build --build-base /home/arepo/vsss_sim/bullet_ws/build/sim/build install --record /home/arepo/vsss_sim/bullet_ws/build/sim/install.log --single-version-externally-managed install_data
