[0.666s] Invoking command in '/home/arepo/vsss_sim/bullet_ws/src/sim': AMENT_PREFIX_PATH=/home/arepo/vsss_sim/bullet_ws/install/sim_msgs:${AMENT_PREFIX_PATH} CMAKE_PREFIX_PATH=/home/arepo/vsss_sim/bullet_ws/install/sim_msgs LD_LIBRARY_PATH=/home/arepo/vsss_sim/bullet_ws/install/sim_msgs/lib:${LD_LIBRARY_PATH} PYTHONPATH=/home/arepo/vsss_sim/bullet_ws/build/sim/prefix_override:/usr/lib/python3/dist-packages/colcon_core/task/python/colcon_distutils_commands:/home/arepo/vsss_sim/bullet_ws/install/sim/lib/python3.10/site-packages:/home/arepo/vsss_sim/bullet_ws/install/sim_msgs/local/lib/python3.10/dist-packages:${PYTHONPATH} /usr/bin/python3 -W ignore:setup.py install is deprecated -W ignore:easy_install command is deprecated setup.py egg_info --egg-base ../../build/sim build --build-base /home/arepo/vsss_sim/bullet_ws/build/sim/build install --record /home/arepo/vsss_sim/bullet_ws/build/sim/install.log --single-version-externally-managed install_data
[0.861s] running egg_info
[0.876s] writing ../../build/sim/sim.egg-info/PKG-INFO
[0.876s] writing dependency_links to ../../build/sim/sim.egg-info/dependency_links.txt
[0.877s] writing entry points to ../../build/sim/sim.egg-info/entry_points.txt
[0.877s] writing requirements to ../../build/sim/sim.egg-info/requires.txt
[0.877s] writing top-level names to ../../build/sim/sim.egg-info/top_level.txt
[0.908s] reading manifest file '../../build/sim/sim.egg-info/SOURCES.txt'
[0.908s] adding license file 'LICENSE'
[0.909s] writing manifest file '../../build/sim/sim.egg-info/SOURCES.txt'
[0.909s] running build
[0.909s] running build_py
[0.910s] copying sim/vision.py -> /home/arepo/vsss_sim/bullet_ws/build/sim/build/lib/sim
[0.910s] running install
[0.914s] running install_lib
[0.930s] copying /home/arepo/vsss_sim/bullet_ws/build/sim/build/lib/sim/vision.py -> /home/arepo/vsss_sim/bullet_ws/install/sim/lib/python3.10/site-packages/sim
[0.931s] byte-compiling /home/arepo/vsss_sim/bullet_ws/install/sim/lib/python3.10/site-packages/sim/vision.py to vision.cpython-310.pyc
[0.935s] running install_data
[0.936s] running install_egg_info
[0.953s] removing '/home/arepo/vsss_sim/bullet_ws/install/sim/lib/python3.10/site-packages/sim-0.0.0-py3.10.egg-info' (and everything under it)
[0.953s] Copying ../../build/sim/sim.egg-info to /home/arepo/vsss_sim/bullet_ws/install/sim/lib/python3.10/site-packages/sim-0.0.0-py3.10.egg-info
[0.954s] running install_scripts
[1.108s] Installing comms script to /home/arepo/vsss_sim/bullet_ws/install/sim/lib/sim
[1.109s] Installing gui script to /home/arepo/vsss_sim/bullet_ws/install/sim/lib/sim
[1.109s] Installing sim script to /home/arepo/vsss_sim/bullet_ws/install/sim/lib/sim
[1.109s] Installing strat script to /home/arepo/vsss_sim/bullet_ws/install/sim/lib/sim
[1.109s] Installing tests script to /home/arepo/vsss_sim/bullet_ws/install/sim/lib/sim
[1.109s] Installing vision script to /home/arepo/vsss_sim/bullet_ws/install/sim/lib/sim
[1.110s] writing list of installed files to '/home/arepo/vsss_sim/bullet_ws/build/sim/install.log'
[1.134s] Invoked command in '/home/arepo/vsss_sim/bullet_ws/src/sim' returned '0': AMENT_PREFIX_PATH=/home/arepo/vsss_sim/bullet_ws/install/sim_msgs:${AMENT_PREFIX_PATH} CMAKE_PREFIX_PATH=/home/arepo/vsss_sim/bullet_ws/install/sim_msgs LD_LIBRARY_PATH=/home/arepo/vsss_sim/bullet_ws/install/sim_msgs/lib:${LD_LIBRARY_PATH} PYTHONPATH=/home/arepo/vsss_sim/bullet_ws/build/sim/prefix_override:/usr/lib/python3/dist-packages/colcon_core/task/python/colcon_distutils_commands:/home/arepo/vsss_sim/bullet_ws/install/sim/lib/python3.10/site-packages:/home/arepo/vsss_sim/bullet_ws/install/sim_msgs/local/lib/python3.10/dist-packages:${PYTHONPATH} /usr/bin/python3 -W ignore:setup.py install is deprecated -W ignore:easy_install command is deprecated setup.py egg_info --egg-base ../../build/sim build --build-base /home/arepo/vsss_sim/bullet_ws/build/sim/build install --record /home/arepo/vsss_sim/bullet_ws/build/sim/install.log --single-version-externally-managed install_data
